

================================================================
== Vitis HLS Report for 'lab4_z1'
================================================================
* Date:           Tue Nov  8 10:49:24 2022

* Version:        2021.2 (Build 3367213 on Tue Oct 19 02:48:09 MDT 2021)
* Project:        lab4_z1
* Solution:       solution2 (Vivado IP Flow Target)
* Product family: artix7
* Target device:  xa7a12t-csg325-1Q


================================================================
== Performance Estimates
================================================================
+ Timing: 
    * Summary: 
    +------+----------+----------+------------+
    | Clock|  Target  | Estimated| Uncertainty|
    +------+----------+----------+------------+
    |clk   |  10.00 ns|  4.252 ns|     1.00 ns|
    +------+----------+----------+------------+

+ Latency: 
    * Summary: 
    +---------+---------+----------+----------+-----+-----+---------+
    |  Latency (cycles) |  Latency (absolute) |  Interval | Pipeline|
    |   min   |   max   |    min   |    max   | min | max |   Type  |
    +---------+---------+----------+----------+-----+-----+---------+
    |       53|       53|  0.530 us|  0.530 us|   54|   54|       no|
    +---------+---------+----------+----------+-----+-----+---------+

    + Detail: 
        * Instance: 
        N/A

        * Loop: 
        +----------+---------+---------+----------+-----------+-----------+------+----------+
        |          |  Latency (cycles) | Iteration|  Initiation Interval  | Trip |          |
        | Loop Name|   min   |   max   |  Latency |  achieved |   target  | Count| Pipelined|
        +----------+---------+---------+----------+-----------+-----------+------+----------+
        |- L2      |       52|       52|        13|          -|          -|     4|        no|
        +----------+---------+---------+----------+-----------+-----------+------+----------+

============================================================
+ Verbose Summary: Synthesis Manager
============================================================
InlineROM: 1
ExposeGlobal: 0
============================================================
+ Verbose Summary: CDFG Model
============================================================
IsTopModel: 1
ResetActiveHigh: 1
IsCombinational: 0
IsDatapathOnly: 0
HasWiredReturn: 1
HasMFsm: 0
HasVarLatency: 1
IsPipeline: 0
IsRtlPipelined: 0
IsInstanceOverlapped: 0
IsDontTouch: 0
HasImplIP: 0
IsGatedGlobalClock: 0


============================================================
+ Verbose Summary: Schedule
============================================================
* Number of FSM states : 5
* Pipeline : 0
* Dataflow Pipeline: 0

* FSM state transitions: 
1 --> 2 
2 --> 3 
3 --> 4 
4 --> 5 
5 --> 2 

* FSM state operations: 

State 1 <SV = 0> <Delay = 1.61>
ST_1 : Operation 6 [1/1] (0.00ns)   --->   "%i = alloca i32 1"   --->   Operation 6 'alloca' 'i' <Predicate = true> <Delay = 0.00>
ST_1 : Operation 7 [1/1] (0.00ns)   --->   "%spectopmodule_ln0 = spectopmodule void @_ssdm_op_SpecTopModule, void @empty_1"   --->   Operation 7 'spectopmodule' 'spectopmodule_ln0' <Predicate = true> <Delay = 0.00>
ST_1 : Operation 8 [1/1] (0.00ns)   --->   "%specinterface_ln0 = specinterface void @_ssdm_op_SpecInterface, i16 %firstVector_arr, void @empty, i32 0, i32 0, void @empty_0, i32 4294967295, i32 0, void @empty_0, void @empty_0, void @empty_0, i32 0, i32 0, i32 0, i32 0, void @empty_0, void @empty_0"   --->   Operation 8 'specinterface' 'specinterface_ln0' <Predicate = true> <Delay = 0.00>
ST_1 : Operation 9 [1/1] (0.00ns)   --->   "%specbitsmap_ln0 = specbitsmap void @_ssdm_op_SpecBitsMap, i16 %firstVector_arr"   --->   Operation 9 'specbitsmap' 'specbitsmap_ln0' <Predicate = true> <Delay = 0.00>
ST_1 : Operation 10 [1/1] (0.00ns)   --->   "%specinterface_ln0 = specinterface void @_ssdm_op_SpecInterface, i16 %secondVector_arr, void @empty, i32 0, i32 0, void @empty_0, i32 4294967295, i32 0, void @empty_0, void @empty_0, void @empty_0, i32 0, i32 0, i32 0, i32 0, void @empty_0, void @empty_0"   --->   Operation 10 'specinterface' 'specinterface_ln0' <Predicate = true> <Delay = 0.00>
ST_1 : Operation 11 [1/1] (0.00ns)   --->   "%specbitsmap_ln0 = specbitsmap void @_ssdm_op_SpecBitsMap, i16 %secondVector_arr"   --->   Operation 11 'specbitsmap' 'specbitsmap_ln0' <Predicate = true> <Delay = 0.00>
ST_1 : Operation 12 [1/1] (0.00ns)   --->   "%specinterface_ln0 = specinterface void @_ssdm_op_SpecInterface, i32 %resultVecror_arr, void @empty, i32 0, i32 0, void @empty_0, i32 4294967295, i32 0, void @empty_0, void @empty_0, void @empty_0, i32 0, i32 0, i32 0, i32 0, void @empty_0, void @empty_0"   --->   Operation 12 'specinterface' 'specinterface_ln0' <Predicate = true> <Delay = 0.00>
ST_1 : Operation 13 [1/1] (0.00ns)   --->   "%specbitsmap_ln0 = specbitsmap void @_ssdm_op_SpecBitsMap, i32 %resultVecror_arr"   --->   Operation 13 'specbitsmap' 'specbitsmap_ln0' <Predicate = true> <Delay = 0.00>
ST_1 : Operation 14 [1/1] (1.61ns)   --->   "%store_ln9 = store i3 0, i3 %i" [./source/lab4_z1.c:9]   --->   Operation 14 'store' 'store_ln9' <Predicate = true> <Delay = 1.61>
ST_1 : Operation 15 [1/1] (0.00ns)   --->   "%br_ln9 = br void" [./source/lab4_z1.c:9]   --->   Operation 15 'br' 'br_ln9' <Predicate = true> <Delay = 0.00>

State 2 <SV = 1> <Delay = 3.29>
ST_2 : Operation 16 [1/1] (0.00ns)   --->   "%i_1 = load i3 %i" [./source/lab4_z1.c:6]   --->   Operation 16 'load' 'i_1' <Predicate = true> <Delay = 0.00>
ST_2 : Operation 17 [1/1] (1.18ns)   --->   "%icmp_ln9 = icmp_eq  i3 %i_1, i3 4" [./source/lab4_z1.c:9]   --->   Operation 17 'icmp' 'icmp_ln9' <Predicate = true> <Delay = 1.18> <CoreInst = "Cmp">   --->   Core 9 'Cmp' <Latency = 0> <II = 1> <Delay = 1.18> <FuncUnit> <Opcode : 'icmp'> <InPorts = 2> <OutPorts = 1>
ST_2 : Operation 18 [1/1] (0.00ns)   --->   "%empty = speclooptripcount i32 @_ssdm_op_SpecLoopTripCount, i64 4, i64 4, i64 4"   --->   Operation 18 'speclooptripcount' 'empty' <Predicate = true> <Delay = 0.00>
ST_2 : Operation 19 [1/1] (1.68ns)   --->   "%add_ln9 = add i3 %i_1, i3 1" [./source/lab4_z1.c:9]   --->   Operation 19 'add' 'add_ln9' <Predicate = true> <Delay = 1.68> <CoreInst = "Adder">   --->   Core 1 'Adder' <Latency = 0> <II = 1> <Delay = 1.68> <FuncUnit> <Opcode : 'add' 'sub'> <InPorts = 2> <OutPorts = 1>
ST_2 : Operation 20 [1/1] (0.00ns)   --->   "%br_ln9 = br i1 %icmp_ln9, void %.split2, void" [./source/lab4_z1.c:9]   --->   Operation 20 'br' 'br_ln9' <Predicate = true> <Delay = 0.00>
ST_2 : Operation 21 [1/1] (0.00ns)   --->   "%zext_ln9 = zext i3 %i_1" [./source/lab4_z1.c:9]   --->   Operation 21 'zext' 'zext_ln9' <Predicate = (!icmp_ln9)> <Delay = 0.00>
ST_2 : Operation 22 [1/1] (0.00ns)   --->   "%trunc_ln6 = trunc i3 %i_1" [./source/lab4_z1.c:6]   --->   Operation 22 'trunc' 'trunc_ln6' <Predicate = (!icmp_ln9)> <Delay = 0.00>
ST_2 : Operation 23 [1/1] (0.00ns)   --->   "%secondVector_arr_addr = getelementptr i16 %secondVector_arr, i64 0, i64 %zext_ln9" [./source/lab4_z1.c:9]   --->   Operation 23 'getelementptr' 'secondVector_arr_addr' <Predicate = (!icmp_ln9)> <Delay = 0.00>
ST_2 : Operation 24 [2/2] (2.15ns)   --->   "%secondVector_arr_load = load i2 %secondVector_arr_addr" [./source/lab4_z1.c:9]   --->   Operation 24 'load' 'secondVector_arr_load' <Predicate = (!icmp_ln9)> <Delay = 2.15> <CoreInst = "RAM">   --->   Core 82 'RAM' <Latency = 1> <II = 1> <Delay = 2.15> <Storage> <Opcode : 'load' 'store'> <Ports = 2> <Width = 16> <Depth = 4> <RAM>
ST_2 : Operation 25 [1/1] (0.00ns)   --->   "%resultVecror_arr_addr = getelementptr i32 %resultVecror_arr, i64 0, i64 %zext_ln9" [./source/lab4_z1.c:14]   --->   Operation 25 'getelementptr' 'resultVecror_arr_addr' <Predicate = (!icmp_ln9)> <Delay = 0.00>
ST_2 : Operation 26 [2/2] (2.15ns)   --->   "%resultVecror_arr_load = load i2 %resultVecror_arr_addr" [./source/lab4_z1.c:14]   --->   Operation 26 'load' 'resultVecror_arr_load' <Predicate = (!icmp_ln9)> <Delay = 2.15> <CoreInst = "RAM">   --->   Core 82 'RAM' <Latency = 1> <II = 1> <Delay = 2.15> <Storage> <Opcode : 'load' 'store'> <Ports = 2> <Width = 32> <Depth = 4> <RAM>
ST_2 : Operation 27 [1/1] (1.61ns)   --->   "%store_ln9 = store i3 %add_ln9, i3 %i" [./source/lab4_z1.c:9]   --->   Operation 27 'store' 'store_ln9' <Predicate = (!icmp_ln9)> <Delay = 1.61>
ST_2 : Operation 28 [1/1] (0.00ns)   --->   "%ret_ln17 = ret" [./source/lab4_z1.c:17]   --->   Operation 28 'ret' 'ret_ln17' <Predicate = (icmp_ln9)> <Delay = 0.00>

State 3 <SV = 2> <Delay = 2.15>
ST_3 : Operation 29 [1/2] (2.15ns)   --->   "%secondVector_arr_load = load i2 %secondVector_arr_addr" [./source/lab4_z1.c:9]   --->   Operation 29 'load' 'secondVector_arr_load' <Predicate = true> <Delay = 2.15> <CoreInst = "RAM">   --->   Core 82 'RAM' <Latency = 1> <II = 1> <Delay = 2.15> <Storage> <Opcode : 'load' 'store'> <Ports = 2> <Width = 16> <Depth = 4> <RAM>
ST_3 : Operation 30 [1/2] (2.15ns)   --->   "%resultVecror_arr_load = load i2 %resultVecror_arr_addr" [./source/lab4_z1.c:14]   --->   Operation 30 'load' 'resultVecror_arr_load' <Predicate = true> <Delay = 2.15> <CoreInst = "RAM">   --->   Core 82 'RAM' <Latency = 1> <II = 1> <Delay = 2.15> <Storage> <Opcode : 'load' 'store'> <Ports = 2> <Width = 32> <Depth = 4> <RAM>

State 4 <SV = 3> <Delay = 1.61>
ST_4 : Operation 31 [2/2] (1.61ns)   --->   "%call_ln14 = call void @lab4_z1_Pipeline_L1, i32 %resultVecror_arr_load, i32 %resultVecror_arr, i2 %trunc_ln6, i16 %firstVector_arr, i16 %secondVector_arr_load" [./source/lab4_z1.c:14]   --->   Operation 31 'call' 'call_ln14' <Predicate = true> <Delay = 1.61> <CoreType = "Generic">   --->   Core 0 '' <Latency = 0> <II = 1> <Delay = 1.00> <Generic> <Opcode : >

State 5 <SV = 4> <Delay = 0.00>
ST_5 : Operation 32 [1/1] (0.00ns)   --->   "%specloopname_ln6 = specloopname void @_ssdm_op_SpecLoopName, void @empty_3" [./source/lab4_z1.c:6]   --->   Operation 32 'specloopname' 'specloopname_ln6' <Predicate = true> <Delay = 0.00>
ST_5 : Operation 33 [1/2] (0.00ns)   --->   "%call_ln14 = call void @lab4_z1_Pipeline_L1, i32 %resultVecror_arr_load, i32 %resultVecror_arr, i2 %trunc_ln6, i16 %firstVector_arr, i16 %secondVector_arr_load" [./source/lab4_z1.c:14]   --->   Operation 33 'call' 'call_ln14' <Predicate = true> <Delay = 0.00> <CoreType = "Generic">   --->   Core 0 '' <Latency = 0> <II = 1> <Delay = 1.00> <Generic> <Opcode : >
ST_5 : Operation 34 [1/1] (0.00ns)   --->   "%br_ln0 = br void"   --->   Operation 34 'br' 'br_ln0' <Predicate = true> <Delay = 0.00>


============================================================
+ Verbose Summary: Timing violations
============================================================
Target clock period: 10ns, clock uncertainty: 1ns.

 <State 1>: 1.61ns
The critical path consists of the following:
	'alloca' operation ('i') [4]  (0 ns)
	'store' operation ('store_ln9', ./source/lab4_z1.c:9) of constant 0 on local variable 'i' [12]  (1.61 ns)

 <State 2>: 3.29ns
The critical path consists of the following:
	'load' operation ('i', ./source/lab4_z1.c:6) on local variable 'i' [15]  (0 ns)
	'add' operation ('add_ln9', ./source/lab4_z1.c:9) [18]  (1.68 ns)
	'store' operation ('store_ln9', ./source/lab4_z1.c:9) of variable 'add_ln9', ./source/lab4_z1.c:9 on local variable 'i' [29]  (1.61 ns)

 <State 3>: 2.15ns
The critical path consists of the following:
	'load' operation ('secondVector_arr_load', ./source/lab4_z1.c:9) on array 'secondVector_arr' [25]  (2.15 ns)

 <State 4>: 1.61ns
The critical path consists of the following:
	'call' operation ('call_ln14', ./source/lab4_z1.c:14) to 'lab4_z1_Pipeline_L1' [28]  (1.61 ns)

 <State 5>: 0ns
The critical path consists of the following:


============================================================
+ Verbose Summary: Binding
============================================================
N/A
* FSMD analyzer results:
  - Output states:
 - Input state : 
  - Chain level:
	State 1
	State 2
	State 3
	State 4
	State 5


============================================================
+ Verbose Summary: Datapath Resource usage 
============================================================
N/A
