
****** Vitis HLS - High-Level Synthesis from C, C++ and OpenCL v2021.2 (64-bit)
  **** SW Build 3367213 on Tue Oct 19 02:48:09 MDT 2021
  **** IP Build 3369179 on Thu Oct 21 08:25:16 MDT 2021
    ** Copyright 1986-2021 Xilinx, Inc. All Rights Reserved.

source C:/Programs/Xilinx/Vitis_HLS/2021.2/scripts/vitis_hls/hls.tcl -notrace
INFO: [HLS 200-10] Running 'C:/Programs/Xilinx/Vitis_HLS/2021.2/bin/unwrapped/win64.o/vitis_hls.exe'
INFO: [HLS 200-10] For user 'danil' on host 'desktop-d9bk5m4' (Windows NT_amd64 version 6.2) on Tue Oct 18 15:47:43 +0300 2022
INFO: [HLS 200-10] In directory 'D:/Labs/3sem/FPGA/lab2_z1/lab2_z1'
Sourcing Tcl script 'lab2_z1.tcl'
INFO: [HLS 200-1510] Running: open_project -reset lab2_z1 
INFO: [HLS 200-10] Opening and resetting project 'D:/Labs/3sem/FPGA/lab2_z1/lab2_z1/lab2_z1'.
WARNING: [HLS 200-40] No D:/Labs/3sem/FPGA/lab2_z1/lab2_z1/lab2_z1/ex_sol1/ex_sol1.aps file found.
WARNING: [HLS 200-40] No D:/Labs/3sem/FPGA/lab2_z1/lab2_z1/lab2_z1/ex_sol2/ex_sol2.aps file found.
WARNING: [HLS 200-40] No D:/Labs/3sem/FPGA/lab2_z1/lab2_z1/lab2_z1/ex_sol3/ex_sol3.aps file found.
WARNING: [HLS 200-40] No D:/Labs/3sem/FPGA/lab2_z1/lab2_z1/lab2_z1/ex_sol4/ex_sol4.aps file found.
INFO: [HLS 200-1510] Running: add_files ./source/lab2_z1.c 
INFO: [HLS 200-10] Adding design file './source/lab2_z1.c' to the project
INFO: [HLS 200-1510] Running: set_top lab2_z1 
INFO: [HLS 200-1510] Running: add_files -tb ./source/lab2_z1_test.c 
INFO: [HLS 200-10] Adding test bench file './source/lab2_z1_test.c' to the project
INFO: [HLS 200-1510] Running: open_solution -reset ex_sol1 
INFO: [HLS 200-10] Creating and opening solution 'D:/Labs/3sem/FPGA/lab2_z1/lab2_z1/lab2_z1/ex_sol1'.
INFO: [HLS 200-10] Cleaning up the solution database.
WARNING: [HLS 200-40] No D:/Labs/3sem/FPGA/lab2_z1/lab2_z1/lab2_z1/ex_sol1/ex_sol1.aps file found.
INFO: [HLS 200-1505] Using default flow_target 'vivado'
Resolution: For help on HLS 200-1505 see www.xilinx.com/cgi-bin/docs/rdoc?v=2021.2;t=hls+guidance;d=200-1505.html
INFO: [HLS 200-1510] Running: set_part xa7a12tcsg325-1Q 
INFO: [HLS 200-1611] Setting target device to 'xa7a12t-csg325-1Q'
INFO: [HLS 200-1510] Running: create_clock -period 4 -name clk 
INFO: [SYN 201-201] Setting up clock 'clk' with a period of 4ns.
INFO: [HLS 200-1510] Running: set_clock_uncertainty 1 
INFO: [SYN 201-201] Setting up clock 'clk' with an uncertainty of 1ns.
INFO: [HLS 200-1510] Running: csynth_design 
INFO: [HLS 200-111] Finished File checks and directory preparation: CPU user time: 0 seconds. CPU system time: 0 seconds. Elapsed time: 0.01 seconds; current allocated memory: 763.234 MB.
INFO: [HLS 200-10] Analyzing design file './source/lab2_z1.c' ... 
INFO: [HLS 200-111] Finished Source Code Analysis and Preprocessing: CPU user time: 1 seconds. CPU system time: 0 seconds. Elapsed time: 0.469 seconds; current allocated memory: 1.075 GB.
INFO: [HLS 200-777] Using interface defaults for 'Vivado' flow target.
INFO: [HLS 214-284] Auto array partition mode is set into default.
INFO: [HLS 214-270] Starting automatic array partition analysis...
INFO: [HLS 200-111] Finished Compiling Optimization and Transform: CPU user time: 1 seconds. CPU system time: 0 seconds. Elapsed time: 3.528 seconds; current allocated memory: 1.075 GB.
INFO: [HLS 200-111] Finished Checking Pragmas: CPU user time: 0 seconds. CPU system time: 0 seconds. Elapsed time: 0.001 seconds; current allocated memory: 1.075 GB.
INFO: [HLS 200-10] Starting code transformations ...
INFO: [HLS 200-111] Finished Standard Transforms: CPU user time: 0 seconds. CPU system time: 0 seconds. Elapsed time: 0.011 seconds; current allocated memory: 1.075 GB.
INFO: [HLS 200-10] Checking synthesizability ...
INFO: [HLS 200-111] Finished Checking Synthesizability: CPU user time: 0 seconds. CPU system time: 0 seconds. Elapsed time: 0.012 seconds; current allocated memory: 1.075 GB.
INFO: [HLS 200-111] Finished Loop, function and other optimizations: CPU user time: 0 seconds. CPU system time: 0 seconds. Elapsed time: 0.058 seconds; current allocated memory: 1.075 GB.
INFO: [HLS 200-111] Finished Architecture Synthesis: CPU user time: 0 seconds. CPU system time: 0 seconds. Elapsed time: 0.015 seconds; current allocated memory: 1.075 GB.
INFO: [HLS 200-10] Starting hardware synthesis ...
INFO: [HLS 200-10] Synthesizing 'lab2_z1' ...
INFO: [HLS 200-10] ----------------------------------------------------------------
INFO: [HLS 200-42] -- Implementing module 'lab2_z1' 
INFO: [HLS 200-10] ----------------------------------------------------------------
INFO: [SCHED 204-11] Starting scheduling ...
WARNING: [HLS 200-871] Estimated clock period (3.872ns) exceeds the target (target clock period: 4ns, clock uncertainty: 1ns, effective delay budget: 3ns).
Resolution: For help on HLS 200-871 see www.xilinx.com/cgi-bin/docs/rdoc?v=2021.2;t=hls+guidance;d=200-871.html
WARNING: [HLS 200-1016] The critical path in module 'lab2_z1' consists of the following:	'load' operation ('i', ./source/lab2_z1.c:6) on local variable 'i' [14]  (0 ns)
	'mul' operation ('res', ./source/lab2_z1.c:10) [23]  (3.87 ns)

Resolution: For help on HLS 200-1016 see www.xilinx.com/cgi-bin/docs/rdoc?v=2021.2;t=hls+guidance;d=200-1016.html
INFO: [SCHED 204-11] Finished scheduling.
INFO: [HLS 200-111] Finished Scheduling: CPU user time: 0 seconds. CPU system time: 0 seconds. Elapsed time: 0.108 seconds; current allocated memory: 1.075 GB.
INFO: [BIND 205-100] Starting micro-architecture generation ...
INFO: [BIND 205-101] Performing variable lifetime analysis.
INFO: [BIND 205-101] Exploring resource sharing.
INFO: [BIND 205-101] Binding ...
INFO: [BIND 205-100] Finished micro-architecture generation.
INFO: [HLS 200-111] Finished Binding: CPU user time: 0 seconds. CPU system time: 0 seconds. Elapsed time: 0.049 seconds; current allocated memory: 1.075 GB.
INFO: [HLS 200-10] ----------------------------------------------------------------
INFO: [HLS 200-10] -- Generating RTL for module 'lab2_z1' 
INFO: [HLS 200-10] ----------------------------------------------------------------
INFO: [RTGEN 206-500] Setting interface mode on port 'lab2_z1/in_r' to 'ap_none'.
INFO: [RTGEN 206-500] Setting interface mode on function 'lab2_z1' to 'ap_ctrl_hs'.
INFO: [RTGEN 206-100] Generating core module 'mul_16ns_32s_32_5_1': 1 instance(s).
INFO: [RTGEN 206-100] Finished creating RTL model for 'lab2_z1'.
INFO: [HLS 200-111] Finished Creating RTL model: CPU user time: 0 seconds. CPU system time: 0 seconds. Elapsed time: 0.058 seconds; current allocated memory: 1.075 GB.
INFO: [HLS 200-111] Finished Generating all RTL models: CPU user time: 0 seconds. CPU system time: 0 seconds. Elapsed time: 0.182 seconds; current allocated memory: 1.075 GB.
INFO: [HLS 200-111] Finished Updating report files: CPU user time: 0 seconds. CPU system time: 0 seconds. Elapsed time: 0.145 seconds; current allocated memory: 1.075 GB.
INFO: [VHDL 208-304] Generating VHDL RTL for lab2_z1.
INFO: [VLOG 209-307] Generating Verilog RTL for lab2_z1.
INFO: [HLS 200-790] **** Loop Constraint Status: All loop constraints were satisfied.
INFO: [HLS 200-789] **** Estimated Fmax: 258.26 MHz
INFO: [HLS 200-111] Finished Command csynth_design CPU user time: 2 seconds. CPU system time: 0 seconds. Elapsed time: 4.69 seconds; current allocated memory: 348.027 MB.
INFO: [HLS 200-1510] Running: csim_design -clean 
INFO: [SIM 211-2] *************** CSIM start ***************
INFO: [SIM 211-4] CSIM will launch GCC as the compiler.
   Compiling(apcc) ../../../../source/lab2_z1_test.c in debug mode
INFO: [HLS 200-10] Running 'C:/Programs/Xilinx/Vitis_HLS/2021.2/bin/unwrapped/win64.o/apcc.exe'
INFO: [HLS 200-10] For user 'danil' on host 'desktop-d9bk5m4' (Windows NT_amd64 version 6.2) on Tue Oct 18 15:47:50 +0300 2022
INFO: [HLS 200-10] In directory 'D:/Labs/3sem/FPGA/lab2_z1/lab2_z1/lab2_z1/ex_sol1/csim/build'
INFO: [APCC 202-3] Tmp directory is apcc_db
INFO: [APCC 202-1] APCC is done.
INFO: [HLS 200-112] Total CPU user time: 0 seconds. Total CPU system time: 0 seconds. Total elapsed time: 3.607 seconds; peak allocated memory: 2.609 MB.
   Compiling(apcc) ../../../../source/lab2_z1.c in debug mode
INFO: [HLS 200-10] Running 'C:/Programs/Xilinx/Vitis_HLS/2021.2/bin/unwrapped/win64.o/apcc.exe'
INFO: [HLS 200-10] For user 'danil' on host 'desktop-d9bk5m4' (Windows NT_amd64 version 6.2) on Tue Oct 18 15:47:55 +0300 2022
INFO: [HLS 200-10] In directory 'D:/Labs/3sem/FPGA/lab2_z1/lab2_z1/lab2_z1/ex_sol1/csim/build'
INFO: [APCC 202-3] Tmp directory is apcc_db
INFO: [APCC 202-1] APCC is done.
INFO: [HLS 200-112] Total CPU user time: 0 seconds. Total CPU system time: 0 seconds. Total elapsed time: 3.526 seconds; peak allocated memory: 2.371 MB.
   Generating csim.exe
0: 16, 2004189184, 2004189184 
1: 7, 5040, 5040 
2: 9, 362880, 362880 
----------Pass!------------ 
INFO: [SIM 211-1] CSim done with 0 errors.
INFO: [SIM 211-3] *************** CSIM finish ***************
INFO: [HLS 200-111] Finished Command csim_design CPU user time: 0 seconds. CPU system time: 0 seconds. Elapsed time: 10.703 seconds; current allocated memory: 0.000 MB.
INFO: [HLS 200-1510] Running: open_solution -reset ex_sol2 
INFO: [HLS 200-10] Creating and opening solution 'D:/Labs/3sem/FPGA/lab2_z1/lab2_z1/lab2_z1/ex_sol2'.
INFO: [HLS 200-10] Cleaning up the solution database.
WARNING: [HLS 200-40] No D:/Labs/3sem/FPGA/lab2_z1/lab2_z1/lab2_z1/ex_sol2/ex_sol2.aps file found.
INFO: [HLS 200-1505] Using default flow_target 'vivado'
Resolution: For help on HLS 200-1505 see www.xilinx.com/cgi-bin/docs/rdoc?v=2021.2;t=hls+guidance;d=200-1505.html
INFO: [HLS 200-1510] Running: create_clock -period 8 -name clk 
INFO: [SYN 201-201] Setting up clock 'clk' with a period of 8ns.
INFO: [HLS 200-1510] Running: set_clock_uncertainty 1 
INFO: [SYN 201-201] Setting up clock 'clk' with an uncertainty of 1ns.
INFO: [HLS 200-1510] Running: set_part xa7a12tcsg325-1Q 
INFO: [HLS 200-1510] Running: csynth_design 
INFO: [HLS 200-111] Finished File checks and directory preparation: CPU user time: 0 seconds. CPU system time: 0 seconds. Elapsed time: 0.007 seconds; current allocated memory: 1.075 GB.
INFO: [HLS 200-10] Analyzing design file './source/lab2_z1.c' ... 
INFO: [HLS 200-111] Finished Source Code Analysis and Preprocessing: CPU user time: 0 seconds. CPU system time: 0 seconds. Elapsed time: 0.478 seconds; current allocated memory: 1.075 GB.
INFO: [HLS 200-777] Using interface defaults for 'Vivado' flow target.
INFO: [HLS 214-284] Auto array partition mode is set into default.
INFO: [HLS 214-270] Starting automatic array partition analysis...
INFO: [HLS 200-111] Finished Compiling Optimization and Transform: CPU user time: 0 seconds. CPU system time: 0 seconds. Elapsed time: 3.394 seconds; current allocated memory: 1.075 GB.
INFO: [HLS 200-111] Finished Checking Pragmas: CPU user time: 0 seconds. CPU system time: 0 seconds. Elapsed time: 0.001 seconds; current allocated memory: 1.075 GB.
INFO: [HLS 200-10] Starting code transformations ...
INFO: [HLS 200-111] Finished Standard Transforms: CPU user time: 0 seconds. CPU system time: 0 seconds. Elapsed time: 0.013 seconds; current allocated memory: 1.075 GB.
INFO: [HLS 200-10] Checking synthesizability ...
INFO: [HLS 200-111] Finished Checking Synthesizability: CPU user time: 0 seconds. CPU system time: 0 seconds. Elapsed time: 0.009 seconds; current allocated memory: 1.075 GB.
INFO: [HLS 200-111] Finished Loop, function and other optimizations: CPU user time: 1 seconds. CPU system time: 0 seconds. Elapsed time: 0.03 seconds; current allocated memory: 1.075 GB.
INFO: [HLS 200-111] Finished Architecture Synthesis: CPU user time: 0 seconds. CPU system time: 0 seconds. Elapsed time: 0.016 seconds; current allocated memory: 1.075 GB.
INFO: [HLS 200-10] Starting hardware synthesis ...
INFO: [HLS 200-10] Synthesizing 'lab2_z1' ...
INFO: [HLS 200-10] ----------------------------------------------------------------
INFO: [HLS 200-42] -- Implementing module 'lab2_z1' 
INFO: [HLS 200-10] ----------------------------------------------------------------
INFO: [SCHED 204-11] Starting scheduling ...
INFO: [SCHED 204-11] Finished scheduling.
INFO: [HLS 200-111] Finished Scheduling: CPU user time: 0 seconds. CPU system time: 0 seconds. Elapsed time: 0.083 seconds; current allocated memory: 1.075 GB.
INFO: [BIND 205-100] Starting micro-architecture generation ...
INFO: [BIND 205-101] Performing variable lifetime analysis.
INFO: [BIND 205-101] Exploring resource sharing.
INFO: [BIND 205-101] Binding ...
INFO: [BIND 205-100] Finished micro-architecture generation.
INFO: [HLS 200-111] Finished Binding: CPU user time: 0 seconds. CPU system time: 0 seconds. Elapsed time: 0.041 seconds; current allocated memory: 1.075 GB.
INFO: [HLS 200-10] ----------------------------------------------------------------
INFO: [HLS 200-10] -- Generating RTL for module 'lab2_z1' 
INFO: [HLS 200-10] ----------------------------------------------------------------
INFO: [RTGEN 206-500] Setting interface mode on port 'lab2_z1/in_r' to 'ap_none'.
INFO: [RTGEN 206-500] Setting interface mode on function 'lab2_z1' to 'ap_ctrl_hs'.
INFO: [RTGEN 206-100] Generating core module 'mul_16ns_32s_32_2_1': 1 instance(s).
INFO: [RTGEN 206-100] Finished creating RTL model for 'lab2_z1'.
INFO: [HLS 200-111] Finished Creating RTL model: CPU user time: 0 seconds. CPU system time: 0 seconds. Elapsed time: 0.057 seconds; current allocated memory: 1.075 GB.
INFO: [HLS 200-111] Finished Generating all RTL models: CPU user time: 0 seconds. CPU system time: 0 seconds. Elapsed time: 0.176 seconds; current allocated memory: 1.075 GB.
INFO: [HLS 200-111] Finished Updating report files: CPU user time: 0 seconds. CPU system time: 0 seconds. Elapsed time: 0.22 seconds; current allocated memory: 1.075 GB.
INFO: [VHDL 208-304] Generating VHDL RTL for lab2_z1.
INFO: [VLOG 209-307] Generating Verilog RTL for lab2_z1.
INFO: [HLS 200-790] **** Loop Constraint Status: All loop constraints were satisfied.
INFO: [HLS 200-789] **** Estimated Fmax: 145.77 MHz
INFO: [HLS 200-111] Finished Command csynth_design CPU user time: 1 seconds. CPU system time: 0 seconds. Elapsed time: 4.564 seconds; current allocated memory: 0.000 MB.
INFO: [HLS 200-1510] Running: cosim_design -trace_level all -tool xsim 
INFO: [COSIM 212-47] Using XSIM for RTL simulation.
INFO: [COSIM 212-14] Instrumenting C test bench ...
   Build using "C:/Programs/Xilinx/Vitis_HLS/2021.2/tps/win64/msys64/mingw64/bin/g++"
   Compiling apatb_lab2_z1.cpp
   Compiling (apcc) lab2_z1.c_pre.c.tb.c
INFO: [HLS 200-10] Running 'C:/Programs/Xilinx/Vitis_HLS/2021.2/bin/unwrapped/win64.o/apcc.exe'
INFO: [HLS 200-10] For user 'danil' on host 'desktop-d9bk5m4' (Windows NT_amd64 version 6.2) on Tue Oct 18 15:48:08 +0300 2022
INFO: [HLS 200-10] In directory 'D:/Labs/3sem/FPGA/lab2_z1/lab2_z1/lab2_z1/ex_sol2/sim/wrapc'
clang: warning: argument unused during compilation: '-fno-builtin-isinf'
clang: warning: argument unused during compilation: '-fno-builtin-isnan'
INFO: [APCC 202-3] Tmp directory is apcc_db
INFO: [APCC 202-1] APCC is done.
INFO: [HLS 200-112] Total CPU user time: 0 seconds. Total CPU system time: 0 seconds. Total elapsed time: 2.407 seconds; peak allocated memory: 1.965 MB.
   Compiling (apcc) lab2_z1_test.c_pre.c.tb.c
INFO: [HLS 200-10] Running 'C:/Programs/Xilinx/Vitis_HLS/2021.2/bin/unwrapped/win64.o/apcc.exe'
INFO: [HLS 200-10] For user 'danil' on host 'desktop-d9bk5m4' (Windows NT_amd64 version 6.2) on Tue Oct 18 15:48:12 +0300 2022
INFO: [HLS 200-10] In directory 'D:/Labs/3sem/FPGA/lab2_z1/lab2_z1/lab2_z1/ex_sol2/sim/wrapc'
clang: warning: argument unused during compilation: '-fno-builtin-isinf'
clang: warning: argument unused during compilation: '-fno-builtin-isnan'
INFO: [APCC 202-3] Tmp directory is apcc_db
INFO: [APCC 202-1] APCC is done.
INFO: [HLS 200-112] Total CPU user time: 0 seconds. Total CPU system time: 0 seconds. Total elapsed time: 2.424 seconds; peak allocated memory: 2.375 MB.
   Compiling apatb_lab2_z1_ir.ll
   Generating cosim.tv.exe
INFO: [COSIM 212-302] Starting C TB testing ... 
0: 16, 2004189184, 2004189184 
1: 7, 5040, 5040 
2: 9, 362880, 362880 
----------Pass!------------ 
INFO: [COSIM 212-333] Generating C post check test bench ...
INFO: [COSIM 212-12] Generating RTL test bench ...
INFO: [COSIM 212-1] *** C/RTL co-simulation file generation completed. ***
INFO: [COSIM 212-323] Starting verilog simulation. 
INFO: [COSIM 212-15] Starting XSIM ...

D:\Labs\3sem\FPGA\lab2_z1\lab2_z1\lab2_z1\ex_sol2\sim\verilog>set PATH= 

D:\Labs\3sem\FPGA\lab2_z1\lab2_z1\lab2_z1\ex_sol2\sim\verilog>call C:/Programs/Xilinx/Vivado/2021.2/bin/xelab xil_defaultlib.apatb_lab2_z1_top glbl -Oenable_linking_all_libraries  -prj lab2_z1.prj -L smartconnect_v1_0 -L axi_protocol_checker_v1_1_12 -L axi_protocol_checker_v1_1_13 -L axis_protocol_checker_v1_1_11 -L axis_protocol_checker_v1_1_12 -L xil_defaultlib -L unisims_ver -L xpm  -L floating_point_v7_0_19 -L floating_point_v7_1_13 --lib "ieee_proposed=./ieee_proposed" -s lab2_z1 -debug wave 
Vivado Simulator v2021.2
Copyright 1986-1999, 2001-2021 Xilinx, Inc. All Rights Reserved.
Running: C:/Programs/Xilinx/Vivado/2021.2/bin/unwrapped/win64.o/xelab.exe xil_defaultlib.apatb_lab2_z1_top glbl -Oenable_linking_all_libraries -prj lab2_z1.prj -L smartconnect_v1_0 -L axi_protocol_checker_v1_1_12 -L axi_protocol_checker_v1_1_13 -L axis_protocol_checker_v1_1_11 -L axis_protocol_checker_v1_1_12 -L xil_defaultlib -L unisims_ver -L xpm -L floating_point_v7_0_19 -L floating_point_v7_1_13 --lib ieee_proposed=./ieee_proposed -s lab2_z1 -debug wave 
Multi-threading is on. Using 14 slave threads.
INFO: [VRFC 10-2263] Analyzing SystemVerilog file "D:/Labs/3sem/FPGA/lab2_z1/lab2_z1/lab2_z1/ex_sol2/sim/verilog/glbl.v" into library work
INFO: [VRFC 10-311] analyzing module glbl
INFO: [VRFC 10-2263] Analyzing SystemVerilog file "D:/Labs/3sem/FPGA/lab2_z1/lab2_z1/lab2_z1/ex_sol2/sim/verilog/lab2_z1.autotb.v" into library xil_defaultlib
INFO: [VRFC 10-311] analyzing module apatb_lab2_z1_top
INFO: [VRFC 10-2263] Analyzing SystemVerilog file "D:/Labs/3sem/FPGA/lab2_z1/lab2_z1/lab2_z1/ex_sol2/sim/verilog/lab2_z1.v" into library xil_defaultlib
INFO: [VRFC 10-311] analyzing module lab2_z1
INFO: [VRFC 10-2263] Analyzing SystemVerilog file "D:/Labs/3sem/FPGA/lab2_z1/lab2_z1/lab2_z1/ex_sol2/sim/verilog/lab2_z1_mul_16ns_32s_32_2_1.v" into library xil_defaultlib
INFO: [VRFC 10-311] analyzing module lab2_z1_mul_16ns_32s_32_2_1
INFO: [VRFC 10-2263] Analyzing SystemVerilog file "D:/Labs/3sem/FPGA/lab2_z1/lab2_z1/lab2_z1/ex_sol2/sim/verilog/dataflow_monitor.sv" into library xil_defaultlib
INFO: [VRFC 10-311] analyzing module dataflow_monitor
Starting static elaboration
Pass Through NonSizing Optimizer
Completed static elaboration
Starting simulation data flow analysis
Completed simulation data flow analysis
Time Resolution for simulation is 1ps
Compiling package xil_defaultlib.$unit_dataflow_monitor_sv
Compiling module xil_defaultlib.lab2_z1_mul_16ns_32s_32_2_1(NUM_...
Compiling module xil_defaultlib.lab2_z1
Compiling module xil_defaultlib.nodf_module_intf
Compiling module xil_defaultlib.seq_loop_intf(FSM_WIDTH=4)
Compiling module xil_defaultlib.dataflow_monitor_1
Compiling module xil_defaultlib.apatb_lab2_z1_top
Compiling module work.glbl
Built simulation snapshot lab2_z1

****** xsim v2021.2 (64-bit)
  **** SW Build 3367213 on Tue Oct 19 02:48:09 MDT 2021
  **** IP Build 3369179 on Thu Oct 21 08:25:16 MDT 2021
    ** Copyright 1986-2021 Xilinx, Inc. All Rights Reserved.

source xsim.dir/lab2_z1/xsim_script.tcl
# xsim {lab2_z1} -view {{lab2_z1_dataflow_ana.wcfg}} -tclbatch {lab2_z1.tcl} -protoinst {lab2_z1.protoinst}
INFO: [Wavedata 42-565] Reading protoinst file lab2_z1.protoinst
INFO: [Wavedata 42-564]   Found protocol instance at /apatb_lab2_z1_top/AESL_inst_lab2_z1//AESL_inst_lab2_z1_activity
Time resolution is 1 ps
open_wave_config lab2_z1_dataflow_ana.wcfg
source lab2_z1.tcl
## log_wave -r /
WARNING: [Simtcl 6-197] One or more HDL objects could not be logged because of object type or size limitations.  To see details please rerun the command with -verbose (-v).
## set designtopgroup [add_wave_group "Design Top Signals"]
## set coutputgroup [add_wave_group "C Outputs" -into $designtopgroup]
## set return_group [add_wave_group return(axi_slave) -into $coutputgroup]
## add_wave /apatb_lab2_z1_top/AESL_inst_lab2_z1/ap_return -into $return_group -radix hex
## add_wave /apatb_lab2_z1_top/AESL_inst_lab2_z1/ap_local_deadlock -into $return_group -radix hex
## add_wave /apatb_lab2_z1_top/AESL_inst_lab2_z1/ap_local_block -into $return_group -radix hex
## set cinputgroup [add_wave_group "C Inputs" -into $designtopgroup]
## set return_group [add_wave_group return(wire) -into $cinputgroup]
## add_wave /apatb_lab2_z1_top/AESL_inst_lab2_z1/in_r -into $return_group -radix hex
## set blocksiggroup [add_wave_group "Block-level IO Handshake" -into $designtopgroup]
## add_wave /apatb_lab2_z1_top/AESL_inst_lab2_z1/ap_start -into $blocksiggroup
## add_wave /apatb_lab2_z1_top/AESL_inst_lab2_z1/ap_done -into $blocksiggroup
## add_wave /apatb_lab2_z1_top/AESL_inst_lab2_z1/ap_idle -into $blocksiggroup
## add_wave /apatb_lab2_z1_top/AESL_inst_lab2_z1/ap_ready -into $blocksiggroup
## set resetgroup [add_wave_group "Reset" -into $designtopgroup]
## add_wave /apatb_lab2_z1_top/AESL_inst_lab2_z1/ap_rst -into $resetgroup
## set clockgroup [add_wave_group "Clock" -into $designtopgroup]
## add_wave /apatb_lab2_z1_top/AESL_inst_lab2_z1/ap_clk -into $clockgroup
## set testbenchgroup [add_wave_group "Test Bench Signals"]
## set tbinternalsiggroup [add_wave_group "Internal Signals" -into $testbenchgroup]
## set tb_simstatus_group [add_wave_group "Simulation Status" -into $tbinternalsiggroup]
## set tb_portdepth_group [add_wave_group "Port Depth" -into $tbinternalsiggroup]
## add_wave /apatb_lab2_z1_top/AUTOTB_TRANSACTION_NUM -into $tb_simstatus_group -radix hex
## add_wave /apatb_lab2_z1_top/ready_cnt -into $tb_simstatus_group -radix hex
## add_wave /apatb_lab2_z1_top/done_cnt -into $tb_simstatus_group -radix hex
## add_wave /apatb_lab2_z1_top/LENGTH_in_r -into $tb_portdepth_group -radix hex
## add_wave /apatb_lab2_z1_top/LENGTH_ap_return -into $tb_portdepth_group -radix hex
## set tbcoutputgroup [add_wave_group "C Outputs" -into $testbenchgroup]
## set tb_return_group [add_wave_group return(axi_slave) -into $tbcoutputgroup]
## add_wave /apatb_lab2_z1_top/ap_return -into $tb_return_group -radix hex
## add_wave /apatb_lab2_z1_top/ap_local_deadlock -into $tb_return_group -radix hex
## add_wave /apatb_lab2_z1_top/ap_local_block -into $tb_return_group -radix hex
## set tbcinputgroup [add_wave_group "C Inputs" -into $testbenchgroup]
## set tb_return_group [add_wave_group return(wire) -into $tbcinputgroup]
## add_wave /apatb_lab2_z1_top/in_r -into $tb_return_group -radix hex
## save_wave_config lab2_z1.wcfg
## run all
////////////////////////////////////////////////////////////////////////////////////
// Inter-Transaction Progress: Completed Transaction / Total Transaction
// Intra-Transaction Progress: Measured Latency / Latency Estimation * 100%
//
// RTL Simulation : "Inter-Transaction Progress" ["Intra-Transaction Progress"] @ "Simulation Time"
////////////////////////////////////////////////////////////////////////////////////
// RTL Simulation : 0 / 3 [0.00%] @ "116000"
// RTL Simulation : 1 / 3 [100.00%] @ "524000"
// RTL Simulation : 2 / 3 [100.00%] @ "708000"
// RTL Simulation : 3 / 3 [100.00%] @ "940000"
////////////////////////////////////////////////////////////////////////////////////
$finish called at time : 988 ns : File "D:/Labs/3sem/FPGA/lab2_z1/lab2_z1/lab2_z1/ex_sol2/sim/verilog/lab2_z1.autotb.v" Line 263
## quit
INFO: [Common 17-206] Exiting xsim at Tue Oct 18 15:48:21 2022...
INFO: [COSIM 212-316] Starting C post checking ...
0: 16, 2004189184, 2004189184 
1: 7, 5040, 5040 
2: 9, 362880, 362880 
----------Pass!------------ 
INFO: [COSIM 212-1000] *** C/RTL co-simulation finished: PASS ***
INFO: [HLS 200-111] Finished Command cosim_design CPU user time: 0 seconds. CPU system time: 0 seconds. Elapsed time: 17.582 seconds; current allocated memory: 0.000 MB.
INFO: [HLS 200-1510] Running: open_solution -reset ex_sol3 
INFO: [HLS 200-10] Creating and opening solution 'D:/Labs/3sem/FPGA/lab2_z1/lab2_z1/lab2_z1/ex_sol3'.
INFO: [HLS 200-10] Cleaning up the solution database.
WARNING: [HLS 200-40] No D:/Labs/3sem/FPGA/lab2_z1/lab2_z1/lab2_z1/ex_sol3/ex_sol3.aps file found.
INFO: [HLS 200-1505] Using default flow_target 'vivado'
Resolution: For help on HLS 200-1505 see www.xilinx.com/cgi-bin/docs/rdoc?v=2021.2;t=hls+guidance;d=200-1505.html
INFO: [HLS 200-1510] Running: create_clock -period 12 -name clk 
INFO: [SYN 201-201] Setting up clock 'clk' with a period of 12ns.
INFO: [HLS 200-1510] Running: set_clock_uncertainty 1 
INFO: [SYN 201-201] Setting up clock 'clk' with an uncertainty of 1ns.
INFO: [HLS 200-1510] Running: set_part xa7a12tcsg325-1Q 
INFO: [HLS 200-1510] Running: csynth_design 
INFO: [HLS 200-111] Finished File checks and directory preparation: CPU user time: 0 seconds. CPU system time: 0 seconds. Elapsed time: 0.018 seconds; current allocated memory: 1.075 GB.
INFO: [HLS 200-10] Analyzing design file './source/lab2_z1.c' ... 
INFO: [HLS 200-111] Finished Source Code Analysis and Preprocessing: CPU user time: 0 seconds. CPU system time: 0 seconds. Elapsed time: 0.487 seconds; current allocated memory: 1.075 GB.
INFO: [HLS 200-777] Using interface defaults for 'Vivado' flow target.
INFO: [HLS 214-284] Auto array partition mode is set into default.
INFO: [HLS 214-270] Starting automatic array partition analysis...
INFO: [HLS 200-111] Finished Compiling Optimization and Transform: CPU user time: 0 seconds. CPU system time: 1 seconds. Elapsed time: 3.394 seconds; current allocated memory: 1.075 GB.
INFO: [HLS 200-111] Finished Checking Pragmas: CPU user time: 0 seconds. CPU system time: 0 seconds. Elapsed time: 0.001 seconds; current allocated memory: 1.075 GB.
INFO: [HLS 200-10] Starting code transformations ...
INFO: [HLS 200-111] Finished Standard Transforms: CPU user time: 0 seconds. CPU system time: 0 seconds. Elapsed time: 0.015 seconds; current allocated memory: 1.075 GB.
INFO: [HLS 200-10] Checking synthesizability ...
INFO: [HLS 200-111] Finished Checking Synthesizability: CPU user time: 0 seconds. CPU system time: 0 seconds. Elapsed time: 0.013 seconds; current allocated memory: 1.075 GB.
INFO: [HLS 200-111] Finished Loop, function and other optimizations: CPU user time: 0 seconds. CPU system time: 0 seconds. Elapsed time: 0.033 seconds; current allocated memory: 1.075 GB.
INFO: [HLS 200-111] Finished Architecture Synthesis: CPU user time: 0 seconds. CPU system time: 0 seconds. Elapsed time: 0.018 seconds; current allocated memory: 1.075 GB.
INFO: [HLS 200-10] Starting hardware synthesis ...
INFO: [HLS 200-10] Synthesizing 'lab2_z1' ...
INFO: [HLS 200-10] ----------------------------------------------------------------
INFO: [HLS 200-42] -- Implementing module 'lab2_z1' 
INFO: [HLS 200-10] ----------------------------------------------------------------
INFO: [SCHED 204-11] Starting scheduling ...
INFO: [SCHED 204-11] Finished scheduling.
INFO: [HLS 200-111] Finished Scheduling: CPU user time: 0 seconds. CPU system time: 0 seconds. Elapsed time: 0.094 seconds; current allocated memory: 1.075 GB.
INFO: [BIND 205-100] Starting micro-architecture generation ...
INFO: [BIND 205-101] Performing variable lifetime analysis.
INFO: [BIND 205-101] Exploring resource sharing.
INFO: [BIND 205-101] Binding ...
INFO: [BIND 205-100] Finished micro-architecture generation.
INFO: [HLS 200-111] Finished Binding: CPU user time: 0 seconds. CPU system time: 0 seconds. Elapsed time: 0.034 seconds; current allocated memory: 1.075 GB.
INFO: [HLS 200-10] ----------------------------------------------------------------
INFO: [HLS 200-10] -- Generating RTL for module 'lab2_z1' 
INFO: [HLS 200-10] ----------------------------------------------------------------
INFO: [RTGEN 206-500] Setting interface mode on port 'lab2_z1/in_r' to 'ap_none'.
INFO: [RTGEN 206-500] Setting interface mode on function 'lab2_z1' to 'ap_ctrl_hs'.
INFO: [RTGEN 206-100] Generating core module 'mul_16ns_32s_32_1_1': 1 instance(s).
INFO: [RTGEN 206-100] Finished creating RTL model for 'lab2_z1'.
INFO: [HLS 200-111] Finished Creating RTL model: CPU user time: 0 seconds. CPU system time: 0 seconds. Elapsed time: 0.056 seconds; current allocated memory: 1.075 GB.
INFO: [HLS 200-111] Finished Generating all RTL models: CPU user time: 0 seconds. CPU system time: 0 seconds. Elapsed time: 0.229 seconds; current allocated memory: 1.075 GB.
INFO: [HLS 200-111] Finished Updating report files: CPU user time: 0 seconds. CPU system time: 0 seconds. Elapsed time: 0.212 seconds; current allocated memory: 1.075 GB.
INFO: [VHDL 208-304] Generating VHDL RTL for lab2_z1.
INFO: [VLOG 209-307] Generating Verilog RTL for lab2_z1.
INFO: [HLS 200-790] **** Loop Constraint Status: All loop constraints were satisfied.
INFO: [HLS 200-789] **** Estimated Fmax: 99.21 MHz
INFO: [HLS 200-111] Finished Command csynth_design CPU user time: 0 seconds. CPU system time: 1 seconds. Elapsed time: 4.645 seconds; current allocated memory: 0.000 MB.
INFO: [HLS 200-1510] Running: cosim_design -trace_level all -tool xsim 
INFO: [COSIM 212-47] Using XSIM for RTL simulation.
INFO: [COSIM 212-14] Instrumenting C test bench ...
   Build using "C:/Programs/Xilinx/Vitis_HLS/2021.2/tps/win64/msys64/mingw64/bin/g++"
   Compiling apatb_lab2_z1.cpp
   Compiling (apcc) lab2_z1.c_pre.c.tb.c
INFO: [HLS 200-10] Running 'C:/Programs/Xilinx/Vitis_HLS/2021.2/bin/unwrapped/win64.o/apcc.exe'
INFO: [HLS 200-10] For user 'danil' on host 'desktop-d9bk5m4' (Windows NT_amd64 version 6.2) on Tue Oct 18 15:48:30 +0300 2022
INFO: [HLS 200-10] In directory 'D:/Labs/3sem/FPGA/lab2_z1/lab2_z1/lab2_z1/ex_sol3/sim/wrapc'
clang: warning: argument unused during compilation: '-fno-builtin-isinf'
clang: warning: argument unused during compilation: '-fno-builtin-isnan'
INFO: [APCC 202-3] Tmp directory is apcc_db
INFO: [APCC 202-1] APCC is done.
INFO: [HLS 200-112] Total CPU user time: 0 seconds. Total CPU system time: 0 seconds. Total elapsed time: 2.388 seconds; peak allocated memory: 2.637 MB.
   Compiling (apcc) lab2_z1_test.c_pre.c.tb.c
INFO: [HLS 200-10] Running 'C:/Programs/Xilinx/Vitis_HLS/2021.2/bin/unwrapped/win64.o/apcc.exe'
INFO: [HLS 200-10] For user 'danil' on host 'desktop-d9bk5m4' (Windows NT_amd64 version 6.2) on Tue Oct 18 15:48:34 +0300 2022
INFO: [HLS 200-10] In directory 'D:/Labs/3sem/FPGA/lab2_z1/lab2_z1/lab2_z1/ex_sol3/sim/wrapc'
clang: warning: argument unused during compilation: '-fno-builtin-isinf'
clang: warning: argument unused during compilation: '-fno-builtin-isnan'
INFO: [APCC 202-3] Tmp directory is apcc_db
INFO: [APCC 202-1] APCC is done.
INFO: [HLS 200-112] Total CPU user time: 0 seconds. Total CPU system time: 0 seconds. Total elapsed time: 2.457 seconds; peak allocated memory: 2.426 MB.
   Compiling apatb_lab2_z1_ir.ll
   Generating cosim.tv.exe
INFO: [COSIM 212-302] Starting C TB testing ... 
0: 16, 2004189184, 2004189184 
1: 7, 5040, 5040 
2: 9, 362880, 362880 
----------Pass!------------ 
INFO: [COSIM 212-333] Generating C post check test bench ...
INFO: [COSIM 212-12] Generating RTL test bench ...
INFO: [COSIM 212-1] *** C/RTL co-simulation file generation completed. ***
INFO: [COSIM 212-323] Starting verilog simulation. 
INFO: [COSIM 212-15] Starting XSIM ...

D:\Labs\3sem\FPGA\lab2_z1\lab2_z1\lab2_z1\ex_sol3\sim\verilog>set PATH= 

D:\Labs\3sem\FPGA\lab2_z1\lab2_z1\lab2_z1\ex_sol3\sim\verilog>call C:/Programs/Xilinx/Vivado/2021.2/bin/xelab xil_defaultlib.apatb_lab2_z1_top glbl -Oenable_linking_all_libraries  -prj lab2_z1.prj -L smartconnect_v1_0 -L axi_protocol_checker_v1_1_12 -L axi_protocol_checker_v1_1_13 -L axis_protocol_checker_v1_1_11 -L axis_protocol_checker_v1_1_12 -L xil_defaultlib -L unisims_ver -L xpm  -L floating_point_v7_0_19 -L floating_point_v7_1_13 --lib "ieee_proposed=./ieee_proposed" -s lab2_z1 -debug wave 
Vivado Simulator v2021.2
Copyright 1986-1999, 2001-2021 Xilinx, Inc. All Rights Reserved.
Running: C:/Programs/Xilinx/Vivado/2021.2/bin/unwrapped/win64.o/xelab.exe xil_defaultlib.apatb_lab2_z1_top glbl -Oenable_linking_all_libraries -prj lab2_z1.prj -L smartconnect_v1_0 -L axi_protocol_checker_v1_1_12 -L axi_protocol_checker_v1_1_13 -L axis_protocol_checker_v1_1_11 -L axis_protocol_checker_v1_1_12 -L xil_defaultlib -L unisims_ver -L xpm -L floating_point_v7_0_19 -L floating_point_v7_1_13 --lib ieee_proposed=./ieee_proposed -s lab2_z1 -debug wave 
Multi-threading is on. Using 14 slave threads.
INFO: [VRFC 10-2263] Analyzing SystemVerilog file "D:/Labs/3sem/FPGA/lab2_z1/lab2_z1/lab2_z1/ex_sol3/sim/verilog/glbl.v" into library work
INFO: [VRFC 10-311] analyzing module glbl
INFO: [VRFC 10-2263] Analyzing SystemVerilog file "D:/Labs/3sem/FPGA/lab2_z1/lab2_z1/lab2_z1/ex_sol3/sim/verilog/lab2_z1.autotb.v" into library xil_defaultlib
INFO: [VRFC 10-311] analyzing module apatb_lab2_z1_top
INFO: [VRFC 10-2263] Analyzing SystemVerilog file "D:/Labs/3sem/FPGA/lab2_z1/lab2_z1/lab2_z1/ex_sol3/sim/verilog/lab2_z1.v" into library xil_defaultlib
INFO: [VRFC 10-311] analyzing module lab2_z1
INFO: [VRFC 10-2263] Analyzing SystemVerilog file "D:/Labs/3sem/FPGA/lab2_z1/lab2_z1/lab2_z1/ex_sol3/sim/verilog/lab2_z1_mul_16ns_32s_32_1_1.v" into library xil_defaultlib
INFO: [VRFC 10-311] analyzing module lab2_z1_mul_16ns_32s_32_1_1
INFO: [VRFC 10-2263] Analyzing SystemVerilog file "D:/Labs/3sem/FPGA/lab2_z1/lab2_z1/lab2_z1/ex_sol3/sim/verilog/dataflow_monitor.sv" into library xil_defaultlib
INFO: [VRFC 10-311] analyzing module dataflow_monitor
Starting static elaboration
Pass Through NonSizing Optimizer
Completed static elaboration
Starting simulation data flow analysis
Completed simulation data flow analysis
Time Resolution for simulation is 1ps
Compiling package xil_defaultlib.$unit_dataflow_monitor_sv
Compiling module xil_defaultlib.lab2_z1_mul_16ns_32s_32_1_1(NUM_...
Compiling module xil_defaultlib.lab2_z1
Compiling module xil_defaultlib.nodf_module_intf
Compiling module xil_defaultlib.seq_loop_intf
Compiling module xil_defaultlib.dataflow_monitor_1
Compiling module xil_defaultlib.apatb_lab2_z1_top
Compiling module work.glbl
Built simulation snapshot lab2_z1

****** xsim v2021.2 (64-bit)
  **** SW Build 3367213 on Tue Oct 19 02:48:09 MDT 2021
  **** IP Build 3369179 on Thu Oct 21 08:25:16 MDT 2021
    ** Copyright 1986-2021 Xilinx, Inc. All Rights Reserved.

source xsim.dir/lab2_z1/xsim_script.tcl
# xsim {lab2_z1} -view {{lab2_z1_dataflow_ana.wcfg}} -tclbatch {lab2_z1.tcl} -protoinst {lab2_z1.protoinst}
INFO: [Wavedata 42-565] Reading protoinst file lab2_z1.protoinst
INFO: [Wavedata 42-564]   Found protocol instance at /apatb_lab2_z1_top/AESL_inst_lab2_z1//AESL_inst_lab2_z1_activity
Time resolution is 1 ps
open_wave_config lab2_z1_dataflow_ana.wcfg
source lab2_z1.tcl
## log_wave -r /
WARNING: [Simtcl 6-197] One or more HDL objects could not be logged because of object type or size limitations.  To see details please rerun the command with -verbose (-v).
## set designtopgroup [add_wave_group "Design Top Signals"]
## set coutputgroup [add_wave_group "C Outputs" -into $designtopgroup]
## set return_group [add_wave_group return(axi_slave) -into $coutputgroup]
## add_wave /apatb_lab2_z1_top/AESL_inst_lab2_z1/ap_return -into $return_group -radix hex
## add_wave /apatb_lab2_z1_top/AESL_inst_lab2_z1/ap_local_deadlock -into $return_group -radix hex
## add_wave /apatb_lab2_z1_top/AESL_inst_lab2_z1/ap_local_block -into $return_group -radix hex
## set cinputgroup [add_wave_group "C Inputs" -into $designtopgroup]
## set return_group [add_wave_group return(wire) -into $cinputgroup]
## add_wave /apatb_lab2_z1_top/AESL_inst_lab2_z1/in_r -into $return_group -radix hex
## set blocksiggroup [add_wave_group "Block-level IO Handshake" -into $designtopgroup]
## add_wave /apatb_lab2_z1_top/AESL_inst_lab2_z1/ap_start -into $blocksiggroup
## add_wave /apatb_lab2_z1_top/AESL_inst_lab2_z1/ap_done -into $blocksiggroup
## add_wave /apatb_lab2_z1_top/AESL_inst_lab2_z1/ap_idle -into $blocksiggroup
## add_wave /apatb_lab2_z1_top/AESL_inst_lab2_z1/ap_ready -into $blocksiggroup
## set resetgroup [add_wave_group "Reset" -into $designtopgroup]
## add_wave /apatb_lab2_z1_top/AESL_inst_lab2_z1/ap_rst -into $resetgroup
## set clockgroup [add_wave_group "Clock" -into $designtopgroup]
## add_wave /apatb_lab2_z1_top/AESL_inst_lab2_z1/ap_clk -into $clockgroup
## set testbenchgroup [add_wave_group "Test Bench Signals"]
## set tbinternalsiggroup [add_wave_group "Internal Signals" -into $testbenchgroup]
## set tb_simstatus_group [add_wave_group "Simulation Status" -into $tbinternalsiggroup]
## set tb_portdepth_group [add_wave_group "Port Depth" -into $tbinternalsiggroup]
## add_wave /apatb_lab2_z1_top/AUTOTB_TRANSACTION_NUM -into $tb_simstatus_group -radix hex
## add_wave /apatb_lab2_z1_top/ready_cnt -into $tb_simstatus_group -radix hex
## add_wave /apatb_lab2_z1_top/done_cnt -into $tb_simstatus_group -radix hex
## add_wave /apatb_lab2_z1_top/LENGTH_in_r -into $tb_portdepth_group -radix hex
## add_wave /apatb_lab2_z1_top/LENGTH_ap_return -into $tb_portdepth_group -radix hex
## set tbcoutputgroup [add_wave_group "C Outputs" -into $testbenchgroup]
## set tb_return_group [add_wave_group return(axi_slave) -into $tbcoutputgroup]
## add_wave /apatb_lab2_z1_top/ap_return -into $tb_return_group -radix hex
## add_wave /apatb_lab2_z1_top/ap_local_deadlock -into $tb_return_group -radix hex
## add_wave /apatb_lab2_z1_top/ap_local_block -into $tb_return_group -radix hex
## set tbcinputgroup [add_wave_group "C Inputs" -into $testbenchgroup]
## set tb_return_group [add_wave_group return(wire) -into $tbcinputgroup]
## add_wave /apatb_lab2_z1_top/in_r -into $tb_return_group -radix hex
## save_wave_config lab2_z1.wcfg
## run all
////////////////////////////////////////////////////////////////////////////////////
// Inter-Transaction Progress: Completed Transaction / Total Transaction
// Intra-Transaction Progress: Measured Latency / Latency Estimation * 100%
//
// RTL Simulation : "Inter-Transaction Progress" ["Intra-Transaction Progress"] @ "Simulation Time"
////////////////////////////////////////////////////////////////////////////////////
// RTL Simulation : 0 / 3 [0.00%] @ "126000"
// RTL Simulation : 1 / 3 [100.00%] @ "354000"
// RTL Simulation : 2 / 3 [100.00%] @ "462000"
// RTL Simulation : 3 / 3 [100.00%] @ "594000"
////////////////////////////////////////////////////////////////////////////////////
$finish called at time : 666 ns : File "D:/Labs/3sem/FPGA/lab2_z1/lab2_z1/lab2_z1/ex_sol3/sim/verilog/lab2_z1.autotb.v" Line 263
## quit
INFO: [Common 17-206] Exiting xsim at Tue Oct 18 15:48:43 2022...
INFO: [COSIM 212-316] Starting C post checking ...
0: 16, 2004189184, 2004189184 
1: 7, 5040, 5040 
2: 9, 362880, 362880 
----------Pass!------------ 
INFO: [COSIM 212-1000] *** C/RTL co-simulation finished: PASS ***
INFO: [HLS 200-111] Finished Command cosim_design CPU user time: 1 seconds. CPU system time: 0 seconds. Elapsed time: 17.455 seconds; current allocated memory: 0.000 MB.
INFO: [HLS 200-1510] Running: open_solution -reset ex_sol4 
INFO: [HLS 200-10] Creating and opening solution 'D:/Labs/3sem/FPGA/lab2_z1/lab2_z1/lab2_z1/ex_sol4'.
INFO: [HLS 200-10] Cleaning up the solution database.
WARNING: [HLS 200-40] No D:/Labs/3sem/FPGA/lab2_z1/lab2_z1/lab2_z1/ex_sol4/ex_sol4.aps file found.
INFO: [HLS 200-1505] Using default flow_target 'vivado'
Resolution: For help on HLS 200-1505 see www.xilinx.com/cgi-bin/docs/rdoc?v=2021.2;t=hls+guidance;d=200-1505.html
INFO: [HLS 200-1510] Running: create_clock -period 40 -name clk 
INFO: [SYN 201-201] Setting up clock 'clk' with a period of 40ns.
INFO: [HLS 200-1510] Running: set_clock_uncertainty 1 
INFO: [SYN 201-201] Setting up clock 'clk' with an uncertainty of 1ns.
INFO: [HLS 200-1510] Running: set_part xa7a12tcsg325-1Q 
INFO: [HLS 200-1510] Running: csynth_design 
INFO: [HLS 200-111] Finished File checks and directory preparation: CPU user time: 0 seconds. CPU system time: 0 seconds. Elapsed time: 0.012 seconds; current allocated memory: 1.075 GB.
INFO: [HLS 200-10] Analyzing design file './source/lab2_z1.c' ... 
INFO: [HLS 200-111] Finished Source Code Analysis and Preprocessing: CPU user time: 0 seconds. CPU system time: 0 seconds. Elapsed time: 0.501 seconds; current allocated memory: 1.075 GB.
INFO: [HLS 200-777] Using interface defaults for 'Vivado' flow target.
INFO: [HLS 214-284] Auto array partition mode is set into default.
INFO: [HLS 214-270] Starting automatic array partition analysis...
INFO: [HLS 200-111] Finished Compiling Optimization and Transform: CPU user time: 0 seconds. CPU system time: 0 seconds. Elapsed time: 3.328 seconds; current allocated memory: 1.075 GB.
INFO: [HLS 200-111] Finished Checking Pragmas: CPU user time: 0 seconds. CPU system time: 0 seconds. Elapsed time: 0.001 seconds; current allocated memory: 1.075 GB.
INFO: [HLS 200-10] Starting code transformations ...
INFO: [HLS 200-111] Finished Standard Transforms: CPU user time: 0 seconds. CPU system time: 0 seconds. Elapsed time: 0.015 seconds; current allocated memory: 1.075 GB.
INFO: [HLS 200-10] Checking synthesizability ...
INFO: [HLS 200-111] Finished Checking Synthesizability: CPU user time: 0 seconds. CPU system time: 0 seconds. Elapsed time: 0.018 seconds; current allocated memory: 1.075 GB.
INFO: [HLS 200-111] Finished Loop, function and other optimizations: CPU user time: 0 seconds. CPU system time: 0 seconds. Elapsed time: 0.03 seconds; current allocated memory: 1.075 GB.
INFO: [HLS 200-111] Finished Architecture Synthesis: CPU user time: 0 seconds. CPU system time: 0 seconds. Elapsed time: 0.013 seconds; current allocated memory: 1.075 GB.
INFO: [HLS 200-10] Starting hardware synthesis ...
INFO: [HLS 200-10] Synthesizing 'lab2_z1' ...
INFO: [HLS 200-10] ----------------------------------------------------------------
INFO: [HLS 200-42] -- Implementing module 'lab2_z1' 
INFO: [HLS 200-10] ----------------------------------------------------------------
INFO: [SCHED 204-11] Starting scheduling ...
INFO: [SCHED 204-11] Finished scheduling.
INFO: [HLS 200-111] Finished Scheduling: CPU user time: 0 seconds. CPU system time: 0 seconds. Elapsed time: 0.091 seconds; current allocated memory: 1.075 GB.
INFO: [BIND 205-100] Starting micro-architecture generation ...
INFO: [BIND 205-101] Performing variable lifetime analysis.
INFO: [BIND 205-101] Exploring resource sharing.
INFO: [BIND 205-101] Binding ...
INFO: [BIND 205-100] Finished micro-architecture generation.
INFO: [HLS 200-111] Finished Binding: CPU user time: 0 seconds. CPU system time: 0 seconds. Elapsed time: 0.034 seconds; current allocated memory: 1.075 GB.
INFO: [HLS 200-10] ----------------------------------------------------------------
INFO: [HLS 200-10] -- Generating RTL for module 'lab2_z1' 
INFO: [HLS 200-10] ----------------------------------------------------------------
INFO: [RTGEN 206-500] Setting interface mode on port 'lab2_z1/in_r' to 'ap_none'.
INFO: [RTGEN 206-500] Setting interface mode on function 'lab2_z1' to 'ap_ctrl_hs'.
INFO: [RTGEN 206-100] Generating core module 'mul_16ns_32s_32_1_1': 1 instance(s).
INFO: [RTGEN 206-100] Finished creating RTL model for 'lab2_z1'.
INFO: [HLS 200-111] Finished Creating RTL model: CPU user time: 0 seconds. CPU system time: 0 seconds. Elapsed time: 0.052 seconds; current allocated memory: 1.075 GB.
INFO: [HLS 200-111] Finished Generating all RTL models: CPU user time: 0 seconds. CPU system time: 0 seconds. Elapsed time: 0.187 seconds; current allocated memory: 1.075 GB.
INFO: [HLS 200-111] Finished Updating report files: CPU user time: 0 seconds. CPU system time: 0 seconds. Elapsed time: 0.174 seconds; current allocated memory: 1.075 GB.
INFO: [VHDL 208-304] Generating VHDL RTL for lab2_z1.
INFO: [VLOG 209-307] Generating Verilog RTL for lab2_z1.
INFO: [HLS 200-790] **** Loop Constraint Status: All loop constraints were satisfied.
INFO: [HLS 200-789] **** Estimated Fmax: 99.21 MHz
INFO: [HLS 200-111] Finished Command csynth_design CPU user time: 0 seconds. CPU system time: 0 seconds. Elapsed time: 4.504 seconds; current allocated memory: 0.000 MB.
INFO: [HLS 200-1510] Running: cosim_design -trace_level all -tool xsim 
INFO: [COSIM 212-47] Using XSIM for RTL simulation.
INFO: [COSIM 212-14] Instrumenting C test bench ...
   Build using "C:/Programs/Xilinx/Vitis_HLS/2021.2/tps/win64/msys64/mingw64/bin/g++"
   Compiling apatb_lab2_z1.cpp
   Compiling (apcc) lab2_z1.c_pre.c.tb.c
INFO: [HLS 200-10] Running 'C:/Programs/Xilinx/Vitis_HLS/2021.2/bin/unwrapped/win64.o/apcc.exe'
INFO: [HLS 200-10] For user 'danil' on host 'desktop-d9bk5m4' (Windows NT_amd64 version 6.2) on Tue Oct 18 15:48:52 +0300 2022
INFO: [HLS 200-10] In directory 'D:/Labs/3sem/FPGA/lab2_z1/lab2_z1/lab2_z1/ex_sol4/sim/wrapc'
clang: warning: argument unused during compilation: '-fno-builtin-isinf'
clang: warning: argument unused during compilation: '-fno-builtin-isnan'
INFO: [APCC 202-3] Tmp directory is apcc_db
INFO: [APCC 202-1] APCC is done.
INFO: [HLS 200-112] Total CPU user time: 0 seconds. Total CPU system time: 0 seconds. Total elapsed time: 2.41 seconds; peak allocated memory: 2.039 MB.
   Compiling (apcc) lab2_z1_test.c_pre.c.tb.c
INFO: [HLS 200-10] Running 'C:/Programs/Xilinx/Vitis_HLS/2021.2/bin/unwrapped/win64.o/apcc.exe'
INFO: [HLS 200-10] For user 'danil' on host 'desktop-d9bk5m4' (Windows NT_amd64 version 6.2) on Tue Oct 18 15:48:56 +0300 2022
INFO: [HLS 200-10] In directory 'D:/Labs/3sem/FPGA/lab2_z1/lab2_z1/lab2_z1/ex_sol4/sim/wrapc'
clang: warning: argument unused during compilation: '-fno-builtin-isinf'
clang: warning: argument unused during compilation: '-fno-builtin-isnan'
INFO: [APCC 202-3] Tmp directory is apcc_db
INFO: [APCC 202-1] APCC is done.
INFO: [HLS 200-112] Total CPU user time: 0 seconds. Total CPU system time: 0 seconds. Total elapsed time: 2.428 seconds; peak allocated memory: 2.578 MB.
   Compiling apatb_lab2_z1_ir.ll
   Generating cosim.tv.exe
INFO: [COSIM 212-302] Starting C TB testing ... 
0: 16, 2004189184, 2004189184 
1: 7, 5040, 5040 
2: 9, 362880, 362880 
----------Pass!------------ 
INFO: [COSIM 212-333] Generating C post check test bench ...
INFO: [COSIM 212-12] Generating RTL test bench ...
INFO: [COSIM 212-1] *** C/RTL co-simulation file generation completed. ***
INFO: [COSIM 212-323] Starting verilog simulation. 
INFO: [COSIM 212-15] Starting XSIM ...

D:\Labs\3sem\FPGA\lab2_z1\lab2_z1\lab2_z1\ex_sol4\sim\verilog>set PATH= 

D:\Labs\3sem\FPGA\lab2_z1\lab2_z1\lab2_z1\ex_sol4\sim\verilog>call C:/Programs/Xilinx/Vivado/2021.2/bin/xelab xil_defaultlib.apatb_lab2_z1_top glbl -Oenable_linking_all_libraries  -prj lab2_z1.prj -L smartconnect_v1_0 -L axi_protocol_checker_v1_1_12 -L axi_protocol_checker_v1_1_13 -L axis_protocol_checker_v1_1_11 -L axis_protocol_checker_v1_1_12 -L xil_defaultlib -L unisims_ver -L xpm  -L floating_point_v7_0_19 -L floating_point_v7_1_13 --lib "ieee_proposed=./ieee_proposed" -s lab2_z1 -debug wave 
Vivado Simulator v2021.2
Copyright 1986-1999, 2001-2021 Xilinx, Inc. All Rights Reserved.
Running: C:/Programs/Xilinx/Vivado/2021.2/bin/unwrapped/win64.o/xelab.exe xil_defaultlib.apatb_lab2_z1_top glbl -Oenable_linking_all_libraries -prj lab2_z1.prj -L smartconnect_v1_0 -L axi_protocol_checker_v1_1_12 -L axi_protocol_checker_v1_1_13 -L axis_protocol_checker_v1_1_11 -L axis_protocol_checker_v1_1_12 -L xil_defaultlib -L unisims_ver -L xpm -L floating_point_v7_0_19 -L floating_point_v7_1_13 --lib ieee_proposed=./ieee_proposed -s lab2_z1 -debug wave 
Multi-threading is on. Using 14 slave threads.
INFO: [VRFC 10-2263] Analyzing SystemVerilog file "D:/Labs/3sem/FPGA/lab2_z1/lab2_z1/lab2_z1/ex_sol4/sim/verilog/glbl.v" into library work
INFO: [VRFC 10-311] analyzing module glbl
INFO: [VRFC 10-2263] Analyzing SystemVerilog file "D:/Labs/3sem/FPGA/lab2_z1/lab2_z1/lab2_z1/ex_sol4/sim/verilog/lab2_z1.autotb.v" into library xil_defaultlib
INFO: [VRFC 10-311] analyzing module apatb_lab2_z1_top
INFO: [VRFC 10-2263] Analyzing SystemVerilog file "D:/Labs/3sem/FPGA/lab2_z1/lab2_z1/lab2_z1/ex_sol4/sim/verilog/lab2_z1.v" into library xil_defaultlib
INFO: [VRFC 10-311] analyzing module lab2_z1
INFO: [VRFC 10-2263] Analyzing SystemVerilog file "D:/Labs/3sem/FPGA/lab2_z1/lab2_z1/lab2_z1/ex_sol4/sim/verilog/lab2_z1_mul_16ns_32s_32_1_1.v" into library xil_defaultlib
INFO: [VRFC 10-311] analyzing module lab2_z1_mul_16ns_32s_32_1_1
INFO: [VRFC 10-2263] Analyzing SystemVerilog file "D:/Labs/3sem/FPGA/lab2_z1/lab2_z1/lab2_z1/ex_sol4/sim/verilog/dataflow_monitor.sv" into library xil_defaultlib
INFO: [VRFC 10-311] analyzing module dataflow_monitor
Starting static elaboration
Pass Through NonSizing Optimizer
Completed static elaboration
Starting simulation data flow analysis
Completed simulation data flow analysis
Time Resolution for simulation is 1ps
Compiling package xil_defaultlib.$unit_dataflow_monitor_sv
Compiling module xil_defaultlib.lab2_z1_mul_16ns_32s_32_1_1(NUM_...
Compiling module xil_defaultlib.lab2_z1
Compiling module xil_defaultlib.nodf_module_intf
Compiling module xil_defaultlib.seq_loop_intf
Compiling module xil_defaultlib.dataflow_monitor_1
Compiling module xil_defaultlib.apatb_lab2_z1_top
Compiling module work.glbl
Built simulation snapshot lab2_z1

****** xsim v2021.2 (64-bit)
  **** SW Build 3367213 on Tue Oct 19 02:48:09 MDT 2021
  **** IP Build 3369179 on Thu Oct 21 08:25:16 MDT 2021
    ** Copyright 1986-2021 Xilinx, Inc. All Rights Reserved.

source xsim.dir/lab2_z1/xsim_script.tcl
# xsim {lab2_z1} -view {{lab2_z1_dataflow_ana.wcfg}} -tclbatch {lab2_z1.tcl} -protoinst {lab2_z1.protoinst}
INFO: [Wavedata 42-565] Reading protoinst file lab2_z1.protoinst
INFO: [Wavedata 42-564]   Found protocol instance at /apatb_lab2_z1_top/AESL_inst_lab2_z1//AESL_inst_lab2_z1_activity
Time resolution is 1 ps
open_wave_config lab2_z1_dataflow_ana.wcfg
source lab2_z1.tcl
## log_wave -r /
WARNING: [Simtcl 6-197] One or more HDL objects could not be logged because of object type or size limitations.  To see details please rerun the command with -verbose (-v).
## set designtopgroup [add_wave_group "Design Top Signals"]
## set coutputgroup [add_wave_group "C Outputs" -into $designtopgroup]
## set return_group [add_wave_group return(axi_slave) -into $coutputgroup]
## add_wave /apatb_lab2_z1_top/AESL_inst_lab2_z1/ap_return -into $return_group -radix hex
## add_wave /apatb_lab2_z1_top/AESL_inst_lab2_z1/ap_local_deadlock -into $return_group -radix hex
## add_wave /apatb_lab2_z1_top/AESL_inst_lab2_z1/ap_local_block -into $return_group -radix hex
## set cinputgroup [add_wave_group "C Inputs" -into $designtopgroup]
## set return_group [add_wave_group return(wire) -into $cinputgroup]
## add_wave /apatb_lab2_z1_top/AESL_inst_lab2_z1/in_r -into $return_group -radix hex
## set blocksiggroup [add_wave_group "Block-level IO Handshake" -into $designtopgroup]
## add_wave /apatb_lab2_z1_top/AESL_inst_lab2_z1/ap_start -into $blocksiggroup
## add_wave /apatb_lab2_z1_top/AESL_inst_lab2_z1/ap_done -into $blocksiggroup
## add_wave /apatb_lab2_z1_top/AESL_inst_lab2_z1/ap_idle -into $blocksiggroup
## add_wave /apatb_lab2_z1_top/AESL_inst_lab2_z1/ap_ready -into $blocksiggroup
## set resetgroup [add_wave_group "Reset" -into $designtopgroup]
## add_wave /apatb_lab2_z1_top/AESL_inst_lab2_z1/ap_rst -into $resetgroup
## set clockgroup [add_wave_group "Clock" -into $designtopgroup]
## add_wave /apatb_lab2_z1_top/AESL_inst_lab2_z1/ap_clk -into $clockgroup
## set testbenchgroup [add_wave_group "Test Bench Signals"]
## set tbinternalsiggroup [add_wave_group "Internal Signals" -into $testbenchgroup]
## set tb_simstatus_group [add_wave_group "Simulation Status" -into $tbinternalsiggroup]
## set tb_portdepth_group [add_wave_group "Port Depth" -into $tbinternalsiggroup]
## add_wave /apatb_lab2_z1_top/AUTOTB_TRANSACTION_NUM -into $tb_simstatus_group -radix hex
## add_wave /apatb_lab2_z1_top/ready_cnt -into $tb_simstatus_group -radix hex
## add_wave /apatb_lab2_z1_top/done_cnt -into $tb_simstatus_group -radix hex
## add_wave /apatb_lab2_z1_top/LENGTH_in_r -into $tb_portdepth_group -radix hex
## add_wave /apatb_lab2_z1_top/LENGTH_ap_return -into $tb_portdepth_group -radix hex
## set tbcoutputgroup [add_wave_group "C Outputs" -into $testbenchgroup]
## set tb_return_group [add_wave_group return(axi_slave) -into $tbcoutputgroup]
## add_wave /apatb_lab2_z1_top/ap_return -into $tb_return_group -radix hex
## add_wave /apatb_lab2_z1_top/ap_local_deadlock -into $tb_return_group -radix hex
## add_wave /apatb_lab2_z1_top/ap_local_block -into $tb_return_group -radix hex
## set tbcinputgroup [add_wave_group "C Inputs" -into $testbenchgroup]
## set tb_return_group [add_wave_group return(wire) -into $tbcinputgroup]
## add_wave /apatb_lab2_z1_top/in_r -into $tb_return_group -radix hex
## save_wave_config lab2_z1.wcfg
## run all
////////////////////////////////////////////////////////////////////////////////////
// Inter-Transaction Progress: Completed Transaction / Total Transaction
// Intra-Transaction Progress: Measured Latency / Latency Estimation * 100%
//
// RTL Simulation : "Inter-Transaction Progress" ["Intra-Transaction Progress"] @ "Simulation Time"
////////////////////////////////////////////////////////////////////////////////////
// RTL Simulation : 0 / 3 [0.00%] @ "180000"
// RTL Simulation : 1 / 3 [100.00%] @ "940000"
// RTL Simulation : 2 / 3 [100.00%] @ "1300000"
// RTL Simulation : 3 / 3 [100.00%] @ "1740000"
////////////////////////////////////////////////////////////////////////////////////
$finish called at time : 1980 ns : File "D:/Labs/3sem/FPGA/lab2_z1/lab2_z1/lab2_z1/ex_sol4/sim/verilog/lab2_z1.autotb.v" Line 263
## quit
INFO: [Common 17-206] Exiting xsim at Tue Oct 18 15:49:05 2022...
INFO: [COSIM 212-316] Starting C post checking ...
0: 16, 2004189184, 2004189184 
1: 7, 5040, 5040 
2: 9, 362880, 362880 
----------Pass!------------ 
INFO: [COSIM 212-1000] *** C/RTL co-simulation finished: PASS ***
INFO: [HLS 200-111] Finished Command cosim_design CPU user time: 1 seconds. CPU system time: 0 seconds. Elapsed time: 17.544 seconds; current allocated memory: 0.000 MB.
[2Kvitis_hls> [11C[2Kvitis_hls> [12C[2Kvitis_hls> [13C[2Kvitis_hls> [14C[2Kvitis_hls> [15C[2Kvitis_hls> [14C[2Kvitis_hls> [13C[2Kvitis_hls> [12C[2Kvitis_hls> [11C[2Kvitis_hls> [11C[2Kvitis_hls> [11C[2Kvitis_hls> e[12C[2Kvitis_hls> ex[13C[2Kvitis_hls> exi[14C[2Kvitis_hls> exit[15C
INFO: [HLS 200-112] Total CPU user time: 6 seconds. Total CPU system time: 2 seconds. Total elapsed time: 126.217 seconds; peak allocated memory: 1.075 GB.
INFO: [Common 17-206] Exiting vitis_hls at Tue Oct 18 15:49:49 2022...
