

================================================================
== Vitis HLS Report for 'lab4_z1'
================================================================
* Date:           Tue Nov  8 10:00:58 2022

* Version:        2021.2 (Build 3367213 on Tue Oct 19 02:48:09 MDT 2021)
* Project:        lab4_z1
* Solution:       solution1 (Vivado IP Flow Target)
* Product family: artix7
* Target device:  xa7a12t-csg325-1Q


================================================================
== Performance Estimates
================================================================
+ Timing: 
    * Summary: 
    +------+----------+----------+------------+
    | Clock|  Target  | Estimated| Uncertainty|
    +------+----------+----------+------------+
    |clk   |  10.00 ns|  3.602 ns|     1.00 ns|
    +------+----------+----------+------------+

+ Latency: 
    * Summary: 
    +---------+---------+----------+----------+-----+-----+---------+
    |  Latency (cycles) |  Latency (absolute) |  Interval | Pipeline|
    |   min   |   max   |    min   |    max   | min | max |   Type  |
    +---------+---------+----------+----------+-----+-----+---------+
    |       93|       93|  0.930 us|  0.930 us|   94|   94|       no|
    +---------+---------+----------+----------+-----+-----+---------+

    + Detail: 
        * Instance: 
        N/A

        * Loop: 
        +----------+---------+---------+----------+-----------+-----------+------+----------+
        |          |  Latency (cycles) | Iteration|  Initiation Interval  | Trip |          |
        | Loop Name|   min   |   max   |  Latency |  achieved |   target  | Count| Pipelined|
        +----------+---------+---------+----------+-----------+-----------+------+----------+
        |- L2      |       92|       92|        23|          -|          -|     4|        no|
        | + L1     |       20|       20|         5|          -|          -|     4|        no|
        +----------+---------+---------+----------+-----------+-----------+------+----------+

============================================================
+ Verbose Summary: Synthesis Manager
============================================================
InlineROM: 1
ExposeGlobal: 0
============================================================
+ Verbose Summary: CDFG Model
============================================================
IsTopModel: 1
ResetActiveHigh: 1
IsCombinational: 0
IsDatapathOnly: 0
HasWiredReturn: 1
HasMFsm: 0
HasVarLatency: 1
IsPipeline: 0
IsRtlPipelined: 0
IsInstanceOverlapped: 0
IsDontTouch: 0
HasImplIP: 0
IsGatedGlobalClock: 0


============================================================
+ Verbose Summary: Schedule
============================================================
* Number of FSM states : 8
* Pipeline : 0
* Dataflow Pipeline: 0

* FSM state transitions: 
1 --> 2 
2 --> 3 
3 --> 4 
4 --> 5 2 
5 --> 6 
6 --> 7 
7 --> 8 
8 --> 4 

* FSM state operations: 

State 1 <SV = 0> <Delay = 1.61>
ST_1 : Operation 9 [1/1] (0.00ns)   --->   "%i = alloca i32 1"   --->   Operation 9 'alloca' 'i' <Predicate = true> <Delay = 0.00>
ST_1 : Operation 10 [1/1] (0.00ns)   --->   "%spectopmodule_ln0 = spectopmodule void @_ssdm_op_SpecTopModule, void @empty_1"   --->   Operation 10 'spectopmodule' 'spectopmodule_ln0' <Predicate = true> <Delay = 0.00>
ST_1 : Operation 11 [1/1] (0.00ns)   --->   "%specinterface_ln0 = specinterface void @_ssdm_op_SpecInterface, i16 %firstVector_arr, void @empty, i32 0, i32 0, void @empty_0, i32 4294967295, i32 0, void @empty_0, void @empty_0, void @empty_0, i32 0, i32 0, i32 0, i32 0, void @empty_0, void @empty_0"   --->   Operation 11 'specinterface' 'specinterface_ln0' <Predicate = true> <Delay = 0.00>
ST_1 : Operation 12 [1/1] (0.00ns)   --->   "%specbitsmap_ln0 = specbitsmap void @_ssdm_op_SpecBitsMap, i16 %firstVector_arr"   --->   Operation 12 'specbitsmap' 'specbitsmap_ln0' <Predicate = true> <Delay = 0.00>
ST_1 : Operation 13 [1/1] (0.00ns)   --->   "%specinterface_ln0 = specinterface void @_ssdm_op_SpecInterface, i16 %secondVector_arr, void @empty, i32 0, i32 0, void @empty_0, i32 4294967295, i32 0, void @empty_0, void @empty_0, void @empty_0, i32 0, i32 0, i32 0, i32 0, void @empty_0, void @empty_0"   --->   Operation 13 'specinterface' 'specinterface_ln0' <Predicate = true> <Delay = 0.00>
ST_1 : Operation 14 [1/1] (0.00ns)   --->   "%specbitsmap_ln0 = specbitsmap void @_ssdm_op_SpecBitsMap, i16 %secondVector_arr"   --->   Operation 14 'specbitsmap' 'specbitsmap_ln0' <Predicate = true> <Delay = 0.00>
ST_1 : Operation 15 [1/1] (0.00ns)   --->   "%specinterface_ln0 = specinterface void @_ssdm_op_SpecInterface, i32 %resultVecror_arr, void @empty, i32 0, i32 0, void @empty_0, i32 4294967295, i32 0, void @empty_0, void @empty_0, void @empty_0, i32 0, i32 0, i32 0, i32 0, void @empty_0, void @empty_0"   --->   Operation 15 'specinterface' 'specinterface_ln0' <Predicate = true> <Delay = 0.00>
ST_1 : Operation 16 [1/1] (0.00ns)   --->   "%specbitsmap_ln0 = specbitsmap void @_ssdm_op_SpecBitsMap, i32 %resultVecror_arr"   --->   Operation 16 'specbitsmap' 'specbitsmap_ln0' <Predicate = true> <Delay = 0.00>
ST_1 : Operation 17 [1/1] (1.61ns)   --->   "%store_ln9 = store i3 0, i3 %i" [./source/lab4_z1.c:9]   --->   Operation 17 'store' 'store_ln9' <Predicate = true> <Delay = 1.61>
ST_1 : Operation 18 [1/1] (0.00ns)   --->   "%br_ln9 = br void" [./source/lab4_z1.c:9]   --->   Operation 18 'br' 'br_ln9' <Predicate = true> <Delay = 0.00>

State 2 <SV = 1> <Delay = 2.15>
ST_2 : Operation 19 [1/1] (0.00ns)   --->   "%i_1 = load i3 %i" [./source/lab4_z1.c:9]   --->   Operation 19 'load' 'i_1' <Predicate = true> <Delay = 0.00>
ST_2 : Operation 20 [1/1] (0.00ns)   --->   "%zext_ln9 = zext i3 %i_1" [./source/lab4_z1.c:9]   --->   Operation 20 'zext' 'zext_ln9' <Predicate = true> <Delay = 0.00>
ST_2 : Operation 21 [1/1] (1.18ns)   --->   "%icmp_ln9 = icmp_eq  i3 %i_1, i3 4" [./source/lab4_z1.c:9]   --->   Operation 21 'icmp' 'icmp_ln9' <Predicate = true> <Delay = 1.18> <CoreInst = "Cmp">   --->   Core 9 'Cmp' <Latency = 0> <II = 1> <Delay = 1.18> <FuncUnit> <Opcode : 'icmp'> <InPorts = 2> <OutPorts = 1>
ST_2 : Operation 22 [1/1] (0.00ns)   --->   "%empty = speclooptripcount i32 @_ssdm_op_SpecLoopTripCount, i64 4, i64 4, i64 4"   --->   Operation 22 'speclooptripcount' 'empty' <Predicate = true> <Delay = 0.00>
ST_2 : Operation 23 [1/1] (1.68ns)   --->   "%add_ln9 = add i3 %i_1, i3 1" [./source/lab4_z1.c:9]   --->   Operation 23 'add' 'add_ln9' <Predicate = true> <Delay = 1.68> <CoreInst = "Adder">   --->   Core 1 'Adder' <Latency = 0> <II = 1> <Delay = 1.68> <FuncUnit> <Opcode : 'add' 'sub'> <InPorts = 2> <OutPorts = 1>
ST_2 : Operation 24 [1/1] (0.00ns)   --->   "%br_ln9 = br i1 %icmp_ln9, void %.split2, void" [./source/lab4_z1.c:9]   --->   Operation 24 'br' 'br_ln9' <Predicate = true> <Delay = 0.00>
ST_2 : Operation 25 [1/1] (0.00ns)   --->   "%secondVector_arr_addr = getelementptr i16 %secondVector_arr, i64 0, i64 %zext_ln9" [./source/lab4_z1.c:9]   --->   Operation 25 'getelementptr' 'secondVector_arr_addr' <Predicate = (!icmp_ln9)> <Delay = 0.00>
ST_2 : Operation 26 [2/2] (2.15ns)   --->   "%secondVector_arr_load = load i2 %secondVector_arr_addr" [./source/lab4_z1.c:9]   --->   Operation 26 'load' 'secondVector_arr_load' <Predicate = (!icmp_ln9)> <Delay = 2.15> <CoreInst = "RAM">   --->   Core 82 'RAM' <Latency = 1> <II = 1> <Delay = 2.15> <Storage> <Opcode : 'load' 'store'> <Ports = 2> <Width = 16> <Depth = 4> <RAM>
ST_2 : Operation 27 [1/1] (0.00ns)   --->   "%resultVecror_arr_addr = getelementptr i32 %resultVecror_arr, i64 0, i64 %zext_ln9" [./source/lab4_z1.c:14]   --->   Operation 27 'getelementptr' 'resultVecror_arr_addr' <Predicate = (!icmp_ln9)> <Delay = 0.00>
ST_2 : Operation 28 [2/2] (2.15ns)   --->   "%resultVecror_arr_load = load i2 %resultVecror_arr_addr" [./source/lab4_z1.c:14]   --->   Operation 28 'load' 'resultVecror_arr_load' <Predicate = (!icmp_ln9)> <Delay = 2.15> <CoreInst = "RAM">   --->   Core 82 'RAM' <Latency = 1> <II = 1> <Delay = 2.15> <Storage> <Opcode : 'load' 'store'> <Ports = 2> <Width = 32> <Depth = 4> <RAM>
ST_2 : Operation 29 [1/1] (0.00ns)   --->   "%ret_ln17 = ret" [./source/lab4_z1.c:17]   --->   Operation 29 'ret' 'ret_ln17' <Predicate = (icmp_ln9)> <Delay = 0.00>

State 3 <SV = 2> <Delay = 2.15>
ST_3 : Operation 30 [1/1] (0.00ns)   --->   "%specloopname_ln6 = specloopname void @_ssdm_op_SpecLoopName, void @empty_3" [./source/lab4_z1.c:6]   --->   Operation 30 'specloopname' 'specloopname_ln6' <Predicate = true> <Delay = 0.00>
ST_3 : Operation 31 [1/2] (2.15ns)   --->   "%secondVector_arr_load = load i2 %secondVector_arr_addr" [./source/lab4_z1.c:9]   --->   Operation 31 'load' 'secondVector_arr_load' <Predicate = true> <Delay = 2.15> <CoreInst = "RAM">   --->   Core 82 'RAM' <Latency = 1> <II = 1> <Delay = 2.15> <Storage> <Opcode : 'load' 'store'> <Ports = 2> <Width = 16> <Depth = 4> <RAM>
ST_3 : Operation 32 [1/1] (0.00ns)   --->   "%conv4 = sext i16 %secondVector_arr_load" [./source/lab4_z1.c:9]   --->   Operation 32 'sext' 'conv4' <Predicate = true> <Delay = 0.00>
ST_3 : Operation 33 [1/2] (2.15ns)   --->   "%resultVecror_arr_load = load i2 %resultVecror_arr_addr" [./source/lab4_z1.c:14]   --->   Operation 33 'load' 'resultVecror_arr_load' <Predicate = true> <Delay = 2.15> <CoreInst = "RAM">   --->   Core 82 'RAM' <Latency = 1> <II = 1> <Delay = 2.15> <Storage> <Opcode : 'load' 'store'> <Ports = 2> <Width = 32> <Depth = 4> <RAM>
ST_3 : Operation 34 [1/1] (1.61ns)   --->   "%br_ln12 = br void" [./source/lab4_z1.c:12]   --->   Operation 34 'br' 'br_ln12' <Predicate = true> <Delay = 1.61>

State 4 <SV = 3> <Delay = 3.34>
ST_4 : Operation 35 [1/1] (0.00ns)   --->   "%j = phi i3 %add_ln12, void %.split, i3 0, void %.split2" [./source/lab4_z1.c:12]   --->   Operation 35 'phi' 'j' <Predicate = true> <Delay = 0.00>
ST_4 : Operation 36 [1/1] (0.00ns)   --->   "%add3 = phi i32 %add_ln14, void %.split, i32 %resultVecror_arr_load, void %.split2" [./source/lab4_z1.c:14]   --->   Operation 36 'phi' 'add3' <Predicate = true> <Delay = 0.00>
ST_4 : Operation 37 [1/1] (0.00ns)   --->   "%zext_ln12 = zext i3 %j" [./source/lab4_z1.c:12]   --->   Operation 37 'zext' 'zext_ln12' <Predicate = true> <Delay = 0.00>
ST_4 : Operation 38 [1/1] (1.18ns)   --->   "%icmp_ln12 = icmp_eq  i3 %j, i3 4" [./source/lab4_z1.c:12]   --->   Operation 38 'icmp' 'icmp_ln12' <Predicate = true> <Delay = 1.18> <CoreInst = "Cmp">   --->   Core 9 'Cmp' <Latency = 0> <II = 1> <Delay = 1.18> <FuncUnit> <Opcode : 'icmp'> <InPorts = 2> <OutPorts = 1>
ST_4 : Operation 39 [1/1] (0.00ns)   --->   "%empty_7 = speclooptripcount i32 @_ssdm_op_SpecLoopTripCount, i64 4, i64 4, i64 4"   --->   Operation 39 'speclooptripcount' 'empty_7' <Predicate = true> <Delay = 0.00>
ST_4 : Operation 40 [1/1] (1.68ns)   --->   "%add_ln12 = add i3 %j, i3 1" [./source/lab4_z1.c:12]   --->   Operation 40 'add' 'add_ln12' <Predicate = true> <Delay = 1.68> <CoreInst = "Adder">   --->   Core 1 'Adder' <Latency = 0> <II = 1> <Delay = 1.68> <FuncUnit> <Opcode : 'add' 'sub'> <InPorts = 2> <OutPorts = 1>
ST_4 : Operation 41 [1/1] (0.00ns)   --->   "%br_ln12 = br i1 %icmp_ln12, void %.split, void" [./source/lab4_z1.c:12]   --->   Operation 41 'br' 'br_ln12' <Predicate = true> <Delay = 0.00>
ST_4 : Operation 42 [1/1] (0.00ns)   --->   "%firstVector_arr_addr = getelementptr i16 %firstVector_arr, i64 0, i64 %zext_ln12" [./source/lab4_z1.c:14]   --->   Operation 42 'getelementptr' 'firstVector_arr_addr' <Predicate = (!icmp_ln12)> <Delay = 0.00>
ST_4 : Operation 43 [2/2] (2.15ns)   --->   "%firstVector_arr_load = load i2 %firstVector_arr_addr" [./source/lab4_z1.c:14]   --->   Operation 43 'load' 'firstVector_arr_load' <Predicate = (!icmp_ln12)> <Delay = 2.15> <CoreInst = "RAM">   --->   Core 82 'RAM' <Latency = 1> <II = 1> <Delay = 2.15> <Storage> <Opcode : 'load' 'store'> <Ports = 2> <Width = 16> <Depth = 4> <RAM>
ST_4 : Operation 44 [1/1] (2.15ns)   --->   "%store_ln14 = store i32 %add3, i2 %resultVecror_arr_addr" [./source/lab4_z1.c:14]   --->   Operation 44 'store' 'store_ln14' <Predicate = (icmp_ln12)> <Delay = 2.15> <CoreInst = "RAM">   --->   Core 82 'RAM' <Latency = 1> <II = 1> <Delay = 2.15> <Storage> <Opcode : 'load' 'store'> <Ports = 2> <Width = 32> <Depth = 4> <RAM>
ST_4 : Operation 45 [1/1] (1.61ns)   --->   "%store_ln9 = store i3 %add_ln9, i3 %i" [./source/lab4_z1.c:9]   --->   Operation 45 'store' 'store_ln9' <Predicate = (icmp_ln12)> <Delay = 1.61>
ST_4 : Operation 46 [1/1] (0.00ns)   --->   "%br_ln0 = br void"   --->   Operation 46 'br' 'br_ln0' <Predicate = (icmp_ln12)> <Delay = 0.00>

State 5 <SV = 4> <Delay = 3.60>
ST_5 : Operation 47 [1/2] (2.15ns)   --->   "%firstVector_arr_load = load i2 %firstVector_arr_addr" [./source/lab4_z1.c:14]   --->   Operation 47 'load' 'firstVector_arr_load' <Predicate = true> <Delay = 2.15> <CoreInst = "RAM">   --->   Core 82 'RAM' <Latency = 1> <II = 1> <Delay = 2.15> <Storage> <Opcode : 'load' 'store'> <Ports = 2> <Width = 16> <Depth = 4> <RAM>
ST_5 : Operation 48 [1/1] (0.00ns)   --->   "%sext_ln14 = sext i16 %firstVector_arr_load" [./source/lab4_z1.c:14]   --->   Operation 48 'sext' 'sext_ln14' <Predicate = true> <Delay = 0.00>
ST_5 : Operation 49 [3/3] (1.45ns) (grouped into DSP with root node add_ln14)   --->   "%mul_ln14 = mul i32 %sext_ln14, i32 %conv4" [./source/lab4_z1.c:14]   --->   Operation 49 'mul' 'mul_ln14' <Predicate = true> <Delay = 1.45> <CoreInst = "DSP48">   --->   Core 119 'DSP48' <Latency = 3> <II = 1> <Delay = 2.15> <IPBlock> <Opcode : 'mul' 'add' 'sub' 'select'> <InPorts = 0> <OutPorts = 1> <Sync> <CReg>

State 6 <SV = 5> <Delay = 1.45>
ST_6 : Operation 50 [2/3] (1.45ns) (grouped into DSP with root node add_ln14)   --->   "%mul_ln14 = mul i32 %sext_ln14, i32 %conv4" [./source/lab4_z1.c:14]   --->   Operation 50 'mul' 'mul_ln14' <Predicate = true> <Delay = 1.45> <CoreInst = "DSP48">   --->   Core 119 'DSP48' <Latency = 3> <II = 1> <Delay = 2.15> <IPBlock> <Opcode : 'mul' 'add' 'sub' 'select'> <InPorts = 0> <OutPorts = 1> <Sync> <CReg>

State 7 <SV = 6> <Delay = 2.10>
ST_7 : Operation 51 [1/3] (0.00ns) (grouped into DSP with root node add_ln14)   --->   "%mul_ln14 = mul i32 %sext_ln14, i32 %conv4" [./source/lab4_z1.c:14]   --->   Operation 51 'mul' 'mul_ln14' <Predicate = true> <Delay = 0.00> <CoreInst = "DSP48">   --->   Core 119 'DSP48' <Latency = 3> <II = 1> <Delay = 2.15> <IPBlock> <Opcode : 'mul' 'add' 'sub' 'select'> <InPorts = 0> <OutPorts = 1> <Sync> <CReg>
ST_7 : Operation 52 [2/2] (2.10ns) (root node of the DSP)   --->   "%add_ln14 = add i32 %mul_ln14, i32 %add3" [./source/lab4_z1.c:14]   --->   Operation 52 'add' 'add_ln14' <Predicate = true> <Delay = 2.10> <CoreInst = "DSP48">   --->   Core 119 'DSP48' <Latency = 3> <II = 1> <Delay = 2.15> <IPBlock> <Opcode : 'mul' 'add' 'sub' 'select'> <InPorts = 0> <OutPorts = 1> <Sync> <CReg>

State 8 <SV = 7> <Delay = 2.10>
ST_8 : Operation 53 [1/1] (0.00ns)   --->   "%specloopname_ln6 = specloopname void @_ssdm_op_SpecLoopName, void @empty_2" [./source/lab4_z1.c:6]   --->   Operation 53 'specloopname' 'specloopname_ln6' <Predicate = true> <Delay = 0.00>
ST_8 : Operation 54 [1/2] (2.10ns) (root node of the DSP)   --->   "%add_ln14 = add i32 %mul_ln14, i32 %add3" [./source/lab4_z1.c:14]   --->   Operation 54 'add' 'add_ln14' <Predicate = true> <Delay = 2.10> <CoreInst = "DSP48">   --->   Core 119 'DSP48' <Latency = 3> <II = 1> <Delay = 2.15> <IPBlock> <Opcode : 'mul' 'add' 'sub' 'select'> <InPorts = 0> <OutPorts = 1> <Sync> <CReg>
ST_8 : Operation 55 [1/1] (0.00ns)   --->   "%br_ln0 = br void"   --->   Operation 55 'br' 'br_ln0' <Predicate = true> <Delay = 0.00>


============================================================
+ Verbose Summary: Timing violations
============================================================
Target clock period: 10ns, clock uncertainty: 1ns.

 <State 1>: 1.61ns
The critical path consists of the following:
	'alloca' operation ('i') [4]  (0 ns)
	'store' operation ('store_ln9', ./source/lab4_z1.c:9) of constant 0 on local variable 'i' [12]  (1.61 ns)

 <State 2>: 2.15ns
The critical path consists of the following:
	'load' operation ('i', ./source/lab4_z1.c:9) on local variable 'i' [15]  (0 ns)
	'getelementptr' operation ('secondVector_arr_addr', ./source/lab4_z1.c:9) [23]  (0 ns)
	'load' operation ('secondVector_arr_load', ./source/lab4_z1.c:9) on array 'secondVector_arr' [24]  (2.15 ns)

 <State 3>: 2.15ns
The critical path consists of the following:
	'load' operation ('secondVector_arr_load', ./source/lab4_z1.c:9) on array 'secondVector_arr' [24]  (2.15 ns)

 <State 4>: 3.34ns
The critical path consists of the following:
	'phi' operation ('add3', ./source/lab4_z1.c:14) with incoming values : ('resultVecror_arr_load', ./source/lab4_z1.c:14) ('add_ln14', ./source/lab4_z1.c:14) [31]  (0 ns)
	'store' operation ('store_ln14', ./source/lab4_z1.c:14) of variable 'add3', ./source/lab4_z1.c:14 on array 'resultVecror_arr' [46]  (2.15 ns)
	blocking operation 1.19 ns on control path)

 <State 5>: 3.6ns
The critical path consists of the following:
	'load' operation ('firstVector_arr_load', ./source/lab4_z1.c:14) on array 'firstVector_arr' [40]  (2.15 ns)
	'mul' operation of DSP[43] ('mul_ln14', ./source/lab4_z1.c:14) [42]  (1.45 ns)

 <State 6>: 1.45ns
The critical path consists of the following:
	'mul' operation of DSP[43] ('mul_ln14', ./source/lab4_z1.c:14) [42]  (1.45 ns)

 <State 7>: 2.1ns
The critical path consists of the following:
	'mul' operation of DSP[43] ('mul_ln14', ./source/lab4_z1.c:14) [42]  (0 ns)
	'add' operation of DSP[43] ('add_ln14', ./source/lab4_z1.c:14) [43]  (2.1 ns)

 <State 8>: 2.1ns
The critical path consists of the following:
	'add' operation of DSP[43] ('add_ln14', ./source/lab4_z1.c:14) [43]  (2.1 ns)


============================================================
+ Verbose Summary: Binding
============================================================
N/A
* FSMD analyzer results:
  - Output states:
 - Input state : 
  - Chain level:
	State 1
	State 2
	State 3
	State 4
	State 5
	State 6
	State 7
	State 8


============================================================
+ Verbose Summary: Datapath Resource usage 
============================================================
N/A
