INFO: [SIM 2] *************** CSIM start ***************
INFO: [SIM 4] CSIM will launch GCC as the compiler.
   Compiling(apcc) ../../../../source/dct_test.c in debug mode
INFO: [HLS 200-10] Running 'C:/Programs/Xilinx/Vitis_HLS/2021.2/bin/unwrapped/win64.o/apcc.exe'
INFO: [HLS 200-10] For user 'danil' on host 'desktop-d9bk5m4' (Windows NT_amd64 version 6.2) on Thu Sep 22 15:59:59 +0300 2022
INFO: [HLS 200-10] In directory 'D:/Labs/3sem/FPGA/lab1_z0/dct_prj/solution1/csim/build'
INFO: [APCC 202-3] Tmp directory is apcc_db
INFO: [APCC 202-1] APCC is done.
INFO: [HLS 200-112] Total CPU user time: 0 seconds. Total CPU system time: 0 seconds. Total elapsed time: 4.59 seconds; peak allocated memory: 2.469 MB.
   Compiling(apcc) ../../../../source/dct.c in debug mode
INFO: [HLS 200-10] Running 'C:/Programs/Xilinx/Vitis_HLS/2021.2/bin/unwrapped/win64.o/apcc.exe'
INFO: [HLS 200-10] For user 'danil' on host 'desktop-d9bk5m4' (Windows NT_amd64 version 6.2) on Thu Sep 22 16:00:05 +0300 2022
INFO: [HLS 200-10] In directory 'D:/Labs/3sem/FPGA/lab1_z0/dct_prj/solution1/csim/build'
INFO: [APCC 202-3] Tmp directory is apcc_db
INFO: [APCC 202-1] APCC is done.
INFO: [HLS 200-112] Total CPU user time: 0 seconds. Total CPU system time: 0 seconds. Total elapsed time: 3.632 seconds; peak allocated memory: 2.531 MB.
   Generating csim.exe
    *** *** *** *** 
    Results are good 
    *** *** *** *** 
INFO: [SIM 1] CSim done with 0 errors.
INFO: [SIM 3] *************** CSIM finish ***************
