

================================================================
== Vitis HLS Report for 'Loop_Loop1_proc'
================================================================
* Date:           Sun Dec 11 11:12:53 2022

* Version:        2021.2 (Build 3367213 on Tue Oct 19 02:48:09 MDT 2021)
* Project:        lab5_z1
* Solution:       sol4_fifo (Vivado IP Flow Target)
* Product family: artix7
* Target device:  xa7a12t-csg325-1Q


================================================================
== Performance Estimates
================================================================
+ Timing: 
    * Summary: 
    +------+----------+----------+------------+
    | Clock|  Target  | Estimated| Uncertainty|
    +------+----------+----------+------------+
    |clk   |  10.00 ns|  8.470 ns|     1.00 ns|
    +------+----------+----------+------------+

+ Latency: 
    * Summary: 
    +---------+---------+----------+----------+-------+-------+---------+
    |  Latency (cycles) |  Latency (absolute) |    Interval   | Pipeline|
    |   min   |   max   |    min   |    max   |  min  |  max  |   Type  |
    +---------+---------+----------+----------+-------+-------+---------+
    |    65537|    65537|  0.655 ms|  0.655 ms|  65537|  65537|       no|
    +---------+---------+----------+----------+-------+-------+---------+

    + Detail: 
        * Instance: 
        N/A

        * Loop: 
        +----------+---------+---------+----------+-----------+-----------+-------+----------+
        |          |  Latency (cycles) | Iteration|  Initiation Interval  |  Trip |          |
        | Loop Name|   min   |   max   |  Latency |  achieved |   target  | Count | Pipelined|
        +----------+---------+---------+----------+-----------+-----------+-------+----------+
        |- Loop1   |    65536|    65536|         4|          -|          -|  16384|        no|
        +----------+---------+---------+----------+-----------+-----------+-------+----------+



================================================================
== Utilization Estimates
================================================================
* Summary: 
+-----------------+---------+----+-------+------+-----+
|       Name      | BRAM_18K| DSP|   FF  |  LUT | URAM|
+-----------------+---------+----+-------+------+-----+
|DSP              |        -|   -|      -|     -|    -|
|Expression       |        -|   -|      0|    37|    -|
|FIFO             |        -|   -|      -|     -|    -|
|Instance         |        -|   3|      0|    21|    -|
|Memory           |        -|   -|      -|     -|    -|
|Multiplexer      |        -|   -|      -|    61|    -|
|Register         |        -|   -|     86|     -|    -|
+-----------------+---------+----+-------+------+-----+
|Total            |        0|   3|     86|   119|    0|
+-----------------+---------+----+-------+------+-----+
|Available        |       40|  40|  16000|  8000|    0|
+-----------------+---------+----+-------+------+-----+
|Utilization (%)  |        0|   7|     ~0|     1|    0|
+-----------------+---------+----+-------+------+-----+

+ Detail: 
    * Instance: 
    +-----------------------+--------------------+---------+----+---+----+-----+
    |        Instance       |       Module       | BRAM_18K| DSP| FF| LUT| URAM|
    +-----------------------+--------------------+---------+----+---+----+-----+
    |mul_32s_32s_32_1_1_U1  |mul_32s_32s_32_1_1  |        0|   3|  0|  21|    0|
    +-----------------------+--------------------+---------+----+---+----+-----+
    |Total                  |                    |        0|   3|  0|  21|    0|
    +-----------------------+--------------------+---------+----+---+----+-----+

    * DSP: 
    N/A

    * Memory: 
    N/A

    * FIFO: 
    N/A

    * Expression: 
    +--------------------+----------+----+---+----+------------+------------+
    |    Variable Name   | Operation| DSP| FF| LUT| Bitwidth P0| Bitwidth P1|
    +--------------------+----------+----+---+----+------------+------------+
    |add_ln21_fu_95_p2   |         +|   0|  0|  22|          15|           1|
    |icmp_ln21_fu_89_p2  |      icmp|   0|  0|  13|          15|          16|
    |ap_block_state1     |        or|   0|  0|   2|           1|           1|
    +--------------------+----------+----+---+----+------------+------------+
    |Total               |          |   0|  0|  37|          31|          18|
    +--------------------+----------+----+---+----+------------+------------+

    * Multiplexer: 
    +-------------+----+-----------+-----+-----------+
    |     Name    | LUT| Input Size| Bits| Total Bits|
    +-------------+----+-----------+-----+-----------+
    |ap_NS_fsm    |  25|          6|    1|          6|
    |ap_done      |   9|          2|    1|          2|
    |i_fu_46      |   9|          2|   15|         30|
    |real_start   |   9|          2|    1|          2|
    |temp1_blk_n  |   9|          2|    1|          2|
    +-------------+----+-----------+-----+-----------+
    |Total        |  61|         14|   19|         42|
    +-------------+----+-----------+-----+-----------+

    * Register: 
    +----------------------+----+----+-----+-----------+
    |         Name         | FF | LUT| Bits| Const Bits|
    +----------------------+----+----+-----+-----------+
    |ap_CS_fsm             |   5|   0|    5|          0|
    |ap_done_reg           |   1|   0|    1|          0|
    |data_in_load_reg_130  |  32|   0|   32|          0|
    |i_fu_46               |  15|   0|   15|          0|
    |mul_ln24_reg_135      |  32|   0|   32|          0|
    |start_once_reg        |   1|   0|    1|          0|
    +----------------------+----+----+-----+-----------+
    |Total                 |  86|   0|   86|          0|
    +----------------------+----+----+-----+-----------+



================================================================
== Interface
================================================================
* Summary: 
+------------------+-----+-----+------------+-----------------+--------------+
|     RTL Ports    | Dir | Bits|  Protocol  |  Source Object  |    C Type    |
+------------------+-----+-----+------------+-----------------+--------------+
|ap_clk            |   in|    1|  ap_ctrl_hs|  Loop_Loop1_proc|  return value|
|ap_rst            |   in|    1|  ap_ctrl_hs|  Loop_Loop1_proc|  return value|
|ap_start          |   in|    1|  ap_ctrl_hs|  Loop_Loop1_proc|  return value|
|start_full_n      |   in|    1|  ap_ctrl_hs|  Loop_Loop1_proc|  return value|
|ap_done           |  out|    1|  ap_ctrl_hs|  Loop_Loop1_proc|  return value|
|ap_continue       |   in|    1|  ap_ctrl_hs|  Loop_Loop1_proc|  return value|
|ap_idle           |  out|    1|  ap_ctrl_hs|  Loop_Loop1_proc|  return value|
|ap_ready          |  out|    1|  ap_ctrl_hs|  Loop_Loop1_proc|  return value|
|start_out         |  out|    1|  ap_ctrl_hs|  Loop_Loop1_proc|  return value|
|start_write       |  out|    1|  ap_ctrl_hs|  Loop_Loop1_proc|  return value|
|data_in_address0  |  out|   14|   ap_memory|          data_in|         array|
|data_in_ce0       |  out|    1|   ap_memory|          data_in|         array|
|data_in_q0        |   in|   32|   ap_memory|          data_in|         array|
|scale             |   in|   32|     ap_none|            scale|        scalar|
|temp1_din         |  out|   32|     ap_fifo|            temp1|       pointer|
|temp1_full_n      |   in|    1|     ap_fifo|            temp1|       pointer|
|temp1_write       |  out|    1|     ap_fifo|            temp1|       pointer|
+------------------+-----+-----+------------+-----------------+--------------+

============================================================
+ Verbose Summary: Synthesis Manager
============================================================
InlineROM: 1
ExposeGlobal: 0
============================================================
+ Verbose Summary: CDFG Model
============================================================
IsTopModel: 0
ResetActiveHigh: 1
IsCombinational: 2
IsDatapathOnly: 0
HasWiredReturn: 1
HasMFsm: 0
HasVarLatency: 1
IsPipeline: 0
IsRtlPipelined: 0
IsInstanceOverlapped: 0
IsDontTouch: 0
HasImplIP: 0
IsGatedGlobalClock: 0


============================================================
+ Verbose Summary: Schedule
============================================================
* Number of FSM states : 5
* Pipeline : 0
* Dataflow Pipeline: 0

* FSM state transitions: 
1 --> 2 
2 --> 3 
3 --> 4 
4 --> 5 
5 --> 2 

* FSM state operations: 

State 1 <SV = 0> <Delay = 1.61>
ST_1 : Operation 6 [1/1] (0.00ns)   --->   "%i = alloca i32 1"   --->   Operation 6 'alloca' 'i' <Predicate = true> <Delay = 0.00>
ST_1 : Operation 7 [1/1] (0.00ns)   --->   "%specinterface_ln0 = specinterface void @_ssdm_op_SpecInterface, i32 %temp1, void @ap_fifo_str, i32 0, i32 0, void @p_str, i32 0, i32 0, void @p_str, void @p_str, void @p_str, i32 2, i32 2, i32 16, i32 16, void @p_str, void @p_str"   --->   Operation 7 'specinterface' 'specinterface_ln0' <Predicate = true> <Delay = 0.00>
ST_1 : Operation 8 [1/1] (0.00ns)   --->   "%specinterface_ln0 = specinterface void @_ssdm_op_SpecInterface, i32 %data_in, void @empty, i32 0, i32 0, void @empty_0, i32 4294967295, i32 0, void @empty_0, void @empty_0, void @empty_0, i32 0, i32 0, i32 0, i32 0, void @empty_0, void @empty_0"   --->   Operation 8 'specinterface' 'specinterface_ln0' <Predicate = true> <Delay = 0.00>
ST_1 : Operation 9 [1/1] (0.00ns)   --->   "%scale_read = read i32 @_ssdm_op_Read.ap_auto.i32, i32 %scale"   --->   Operation 9 'read' 'scale_read' <Predicate = true> <Delay = 0.00>
ST_1 : Operation 10 [1/1] (1.61ns)   --->   "%store_ln0 = store i15 0, i15 %i"   --->   Operation 10 'store' 'store_ln0' <Predicate = true> <Delay = 1.61>
ST_1 : Operation 11 [1/1] (0.00ns)   --->   "%br_ln0 = br void"   --->   Operation 11 'br' 'br_ln0' <Predicate = true> <Delay = 0.00>

State 2 <SV = 1> <Delay = 3.87>
ST_2 : Operation 12 [1/1] (0.00ns)   --->   "%i_2 = load i15 %i" [./source/lab5_z1.c:21]   --->   Operation 12 'load' 'i_2' <Predicate = true> <Delay = 0.00>
ST_2 : Operation 13 [1/1] (0.00ns)   --->   "%zext_ln21 = zext i15 %i_2" [./source/lab5_z1.c:21]   --->   Operation 13 'zext' 'zext_ln21' <Predicate = true> <Delay = 0.00>
ST_2 : Operation 14 [1/1] (2.26ns)   --->   "%icmp_ln21 = icmp_eq  i15 %i_2, i15 16384" [./source/lab5_z1.c:21]   --->   Operation 14 'icmp' 'icmp_ln21' <Predicate = true> <Delay = 2.26> <CoreInst = "Cmp">   --->   Core 9 'Cmp' <Latency = 0> <II = 1> <Delay = 2.38> <FuncUnit> <Opcode : 'icmp'> <InPorts = 2> <OutPorts = 1>
ST_2 : Operation 15 [1/1] (0.00ns)   --->   "%empty = speclooptripcount i32 @_ssdm_op_SpecLoopTripCount, i64 16384, i64 16384, i64 16384"   --->   Operation 15 'speclooptripcount' 'empty' <Predicate = true> <Delay = 0.00>
ST_2 : Operation 16 [1/1] (2.14ns)   --->   "%add_ln21 = add i15 %i_2, i15 1" [./source/lab5_z1.c:21]   --->   Operation 16 'add' 'add_ln21' <Predicate = true> <Delay = 2.14> <CoreInst = "Adder">   --->   Core 1 'Adder' <Latency = 0> <II = 1> <Delay = 2.14> <FuncUnit> <Opcode : 'add' 'sub'> <InPorts = 2> <OutPorts = 1>
ST_2 : Operation 17 [1/1] (0.00ns)   --->   "%br_ln21 = br i1 %icmp_ln21, void, void %foo_m_.exit.exitStub" [./source/lab5_z1.c:21]   --->   Operation 17 'br' 'br_ln21' <Predicate = true> <Delay = 0.00>
ST_2 : Operation 18 [1/1] (0.00ns)   --->   "%data_in_addr = getelementptr i32 %data_in, i64 0, i64 %zext_ln21" [./source/lab5_z1.c:24]   --->   Operation 18 'getelementptr' 'data_in_addr' <Predicate = (!icmp_ln21)> <Delay = 0.00>
ST_2 : Operation 19 [2/2] (3.25ns)   --->   "%data_in_load = load i14 %data_in_addr" [./source/lab5_z1.c:24]   --->   Operation 19 'load' 'data_in_load' <Predicate = (!icmp_ln21)> <Delay = 3.25> <CoreInst = "RAM">   --->   Core 82 'RAM' <Latency = 1> <II = 1> <Delay = 3.25> <Storage> <Opcode : 'load' 'store'> <Ports = 2> <Width = 32> <Depth = 16384> <RAM>
ST_2 : Operation 20 [1/1] (1.61ns)   --->   "%store_ln21 = store i15 %add_ln21, i15 %i" [./source/lab5_z1.c:21]   --->   Operation 20 'store' 'store_ln21' <Predicate = (!icmp_ln21)> <Delay = 1.61>
ST_2 : Operation 21 [1/1] (0.00ns)   --->   "%ret_ln0 = ret"   --->   Operation 21 'ret' 'ret_ln0' <Predicate = (icmp_ln21)> <Delay = 0.00>

State 3 <SV = 2> <Delay = 3.25>
ST_3 : Operation 22 [1/2] (3.25ns)   --->   "%data_in_load = load i14 %data_in_addr" [./source/lab5_z1.c:24]   --->   Operation 22 'load' 'data_in_load' <Predicate = true> <Delay = 3.25> <CoreInst = "RAM">   --->   Core 82 'RAM' <Latency = 1> <II = 1> <Delay = 3.25> <Storage> <Opcode : 'load' 'store'> <Ports = 2> <Width = 32> <Depth = 16384> <RAM>

State 4 <SV = 3> <Delay = 8.47>
ST_4 : Operation 23 [1/1] (8.47ns)   --->   "%mul_ln24 = mul i32 %data_in_load, i32 %scale_read" [./source/lab5_z1.c:24]   --->   Operation 23 'mul' 'mul_ln24' <Predicate = true> <Delay = 8.47> <CoreInst = "Multiplier">   --->   Core 3 'Multiplier' <Latency = 0> <II = 1> <Delay = 8.47> <FuncUnit> <Opcode : 'mul'> <InPorts = 2> <OutPorts = 1>

State 5 <SV = 4> <Delay = 3.50>
ST_5 : Operation 24 [1/1] (0.00ns)   --->   "%specloopname_ln24 = specloopname void @_ssdm_op_SpecLoopName, void @empty_6" [./source/lab5_z1.c:24]   --->   Operation 24 'specloopname' 'specloopname_ln24' <Predicate = true> <Delay = 0.00>
ST_5 : Operation 25 [1/1] (3.50ns)   --->   "%write_ln24 = write void @_ssdm_op_Write.ap_fifo.volatile.i32P0A, i32 %temp1, i32 %mul_ln24" [./source/lab5_z1.c:24]   --->   Operation 25 'write' 'write_ln24' <Predicate = true> <Delay = 3.50> <CoreInst = "FIFO">   --->   Core 78 'FIFO' <Latency = 0> <II = 1> <Delay = 3.50> <Storage> <Opcode : 'read' 'write' 'nbread' 'nbwrite'> <Ports = 0> <Width = 32> <Depth = 16384> <FIFO>
ST_5 : Operation 26 [1/1] (0.00ns)   --->   "%br_ln21 = br void" [./source/lab5_z1.c:21]   --->   Operation 26 'br' 'br_ln21' <Predicate = true> <Delay = 0.00>


============================================================
+ Verbose Summary: Binding
============================================================
STG Binding: 
---------------- STG Properties BEGIN ----------------
- Is combinational: 0
- Is one-state seq: 0
- Is datapath-only: 0
- Is pipelined: 0
- Is top level: 0
Port [ Return ] is wired: 1; IO mode=ap_ctrl_hs:ce=0
Port [ data_in]:  wired=1; compound=1; hidden=0; nouse=0; global=0; static=0; extern=0; dir=0; type=1; pingpong=0; private_global=0; MemPort=[13]; IO mode=ap_memory:ce=0
Port [ scale]:  wired=1; compound=0; hidden=0; nouse=0; global=0; static=0; extern=0; dir=0; type=0; pingpong=0; private_global=0; IO mode=ap_none:ce=0
Port [ temp1]:  wired=1; compound=1; hidden=0; nouse=0; global=0; static=0; extern=0; dir=1; type=3; pingpong=0; private_global=0; IO mode=ap_fifo:ce=0
---------------- STG Properties END ------------------

---------------- Datapath Model BEGIN ----------------

<LifeTime>
<method=bitvector/>
i                 (alloca           ) [ 011111]
specinterface_ln0 (specinterface    ) [ 000000]
specinterface_ln0 (specinterface    ) [ 000000]
scale_read        (read             ) [ 001111]
store_ln0         (store            ) [ 000000]
br_ln0            (br               ) [ 000000]
i_2               (load             ) [ 000000]
zext_ln21         (zext             ) [ 000000]
icmp_ln21         (icmp             ) [ 001111]
empty             (speclooptripcount) [ 000000]
add_ln21          (add              ) [ 000000]
br_ln21           (br               ) [ 000000]
data_in_addr      (getelementptr    ) [ 000100]
store_ln21        (store            ) [ 000000]
ret_ln0           (ret              ) [ 000000]
data_in_load      (load             ) [ 000010]
mul_ln24          (mul              ) [ 000001]
specloopname_ln24 (specloopname     ) [ 000000]
write_ln24        (write            ) [ 000000]
br_ln21           (br               ) [ 000000]
</LifeTime>

<model>

<comp_list>
<comp id="0" class="1000" name="data_in">
<pin_list>
<pin id="1" dir="1" index="0" bw="1" slack="0"/>
</pin_list>
<bind>
<StgValue><ssdm name="data_in"/><MemPortTyVec>1 3 </MemPortTyVec>
</StgValue>
</bind>
</comp>

<comp id="2" class="1000" name="scale">
<pin_list>
<pin id="3" dir="1" index="0" bw="1" slack="0"/>
</pin_list>
<bind>
<StgValue><ssdm name="scale"/></StgValue>
</bind>
</comp>

<comp id="4" class="1000" name="temp1">
<pin_list>
<pin id="5" dir="1" index="0" bw="1" slack="0"/>
</pin_list>
<bind>
<StgValue><ssdm name="temp1"/></StgValue>
</bind>
</comp>

<comp id="6" class="1001" name="const_6">
<pin_list>
<pin id="7" dir="1" index="0" bw="1" slack="0"/>
</pin_list>
<bind>
<StgValue><ssdm name=""/></StgValue>
</bind>
</comp>

<comp id="8" class="1001" name="const_8">
<pin_list>
<pin id="9" dir="1" index="0" bw="1" slack="2147483647"/>
</pin_list>
<bind>
<StgValue><ssdm name="_ssdm_op_SpecInterface"/></StgValue>
</bind>
</comp>

<comp id="10" class="1001" name="const_10">
<pin_list>
<pin id="11" dir="1" index="0" bw="1" slack="2147483647"/>
</pin_list>
<bind>
<StgValue><ssdm name="ap_fifo_str"/></StgValue>
</bind>
</comp>

<comp id="12" class="1001" name="const_12">
<pin_list>
<pin id="13" dir="1" index="0" bw="1" slack="2147483647"/>
</pin_list>
<bind>
<StgValue><ssdm name=""/></StgValue>
</bind>
</comp>

<comp id="14" class="1001" name="const_14">
<pin_list>
<pin id="15" dir="1" index="0" bw="1" slack="2147483647"/>
</pin_list>
<bind>
<StgValue><ssdm name="p_str"/></StgValue>
</bind>
</comp>

<comp id="16" class="1001" name="const_16">
<pin_list>
<pin id="17" dir="1" index="0" bw="1" slack="2147483647"/>
</pin_list>
<bind>
<StgValue><ssdm name=""/></StgValue>
</bind>
</comp>

<comp id="18" class="1001" name="const_18">
<pin_list>
<pin id="19" dir="1" index="0" bw="1" slack="2147483647"/>
</pin_list>
<bind>
<StgValue><ssdm name=""/></StgValue>
</bind>
</comp>

<comp id="20" class="1001" name="const_20">
<pin_list>
<pin id="21" dir="1" index="0" bw="1" slack="2147483647"/>
</pin_list>
<bind>
<StgValue><ssdm name="empty"/></StgValue>
</bind>
</comp>

<comp id="22" class="1001" name="const_22">
<pin_list>
<pin id="23" dir="1" index="0" bw="1" slack="2147483647"/>
</pin_list>
<bind>
<StgValue><ssdm name="empty_0"/></StgValue>
</bind>
</comp>

<comp id="24" class="1001" name="const_24">
<pin_list>
<pin id="25" dir="1" index="0" bw="1" slack="2147483647"/>
</pin_list>
<bind>
<StgValue><ssdm name=""/></StgValue>
</bind>
</comp>

<comp id="26" class="1001" name="const_26">
<pin_list>
<pin id="27" dir="1" index="0" bw="1" slack="0"/>
</pin_list>
<bind>
<StgValue><ssdm name="_ssdm_op_Read.ap_auto.i32"/></StgValue>
</bind>
</comp>

<comp id="28" class="1001" name="const_28">
<pin_list>
<pin id="29" dir="1" index="0" bw="1" slack="0"/>
</pin_list>
<bind>
<StgValue><ssdm name=""/></StgValue>
</bind>
</comp>

<comp id="30" class="1001" name="const_30">
<pin_list>
<pin id="31" dir="1" index="0" bw="1" slack="0"/>
</pin_list>
<bind>
<StgValue><ssdm name=""/></StgValue>
</bind>
</comp>

<comp id="32" class="1001" name="const_32">
<pin_list>
<pin id="33" dir="1" index="0" bw="1" slack="2147483647"/>
</pin_list>
<bind>
<StgValue><ssdm name="_ssdm_op_SpecLoopTripCount"/></StgValue>
</bind>
</comp>

<comp id="34" class="1001" name="const_34">
<pin_list>
<pin id="35" dir="1" index="0" bw="1" slack="2147483647"/>
</pin_list>
<bind>
<StgValue><ssdm name=""/></StgValue>
</bind>
</comp>

<comp id="36" class="1001" name="const_36">
<pin_list>
<pin id="37" dir="1" index="0" bw="1" slack="0"/>
</pin_list>
<bind>
<StgValue><ssdm name=""/></StgValue>
</bind>
</comp>

<comp id="38" class="1001" name="const_38">
<pin_list>
<pin id="39" dir="1" index="0" bw="1" slack="0"/>
</pin_list>
<bind>
<StgValue><ssdm name=""/></StgValue>
</bind>
</comp>

<comp id="40" class="1001" name="const_40">
<pin_list>
<pin id="41" dir="1" index="0" bw="1" slack="2147483647"/>
</pin_list>
<bind>
<StgValue><ssdm name="_ssdm_op_SpecLoopName"/></StgValue>
</bind>
</comp>

<comp id="42" class="1001" name="const_42">
<pin_list>
<pin id="43" dir="1" index="0" bw="1" slack="2147483647"/>
</pin_list>
<bind>
<StgValue><ssdm name="empty_6"/></StgValue>
</bind>
</comp>

<comp id="44" class="1001" name="const_44">
<pin_list>
<pin id="45" dir="1" index="0" bw="1" slack="0"/>
</pin_list>
<bind>
<StgValue><ssdm name="_ssdm_op_Write.ap_fifo.volatile.i32P0A"/></StgValue>
</bind>
</comp>

<comp id="46" class="1004" name="i_fu_46">
<pin_list>
<pin id="47" dir="0" index="0" bw="1" slack="0"/>
<pin id="48" dir="1" index="1" bw="15" slack="0"/>
</pin_list>
<bind>
<opcode="alloca(26) " fcode="alloca"/>
<opset="i/1 "/>
</bind>
</comp>

<comp id="50" class="1004" name="scale_read_read_fu_50">
<pin_list>
<pin id="51" dir="0" index="0" bw="32" slack="0"/>
<pin id="52" dir="0" index="1" bw="32" slack="0"/>
<pin id="53" dir="1" index="2" bw="32" slack="3"/>
</pin_list>
<bind>
<opcode="read(1150) " fcode="read"/>
<opset="scale_read/1 "/>
</bind>
</comp>

<comp id="56" class="1004" name="write_ln24_write_fu_56">
<pin_list>
<pin id="57" dir="0" index="0" bw="0" slack="0"/>
<pin id="58" dir="0" index="1" bw="32" slack="0"/>
<pin id="59" dir="0" index="2" bw="32" slack="1"/>
<pin id="60" dir="1" index="3" bw="0" slack="2147483647"/>
</pin_list>
<bind>
<opcode="write(1151) " fcode="write"/>
<opset="write_ln24/5 "/>
</bind>
</comp>

<comp id="63" class="1004" name="data_in_addr_gep_fu_63">
<pin_list>
<pin id="64" dir="0" index="0" bw="32" slack="0"/>
<pin id="65" dir="0" index="1" bw="1" slack="0"/>
<pin id="66" dir="0" index="2" bw="15" slack="0"/>
<pin id="67" dir="1" index="3" bw="14" slack="0"/>
</pin_list>
<bind>
<opcode="getelementptr(29) " fcode="getelementptr"/>
<opset="data_in_addr/2 "/>
</bind>
</comp>

<comp id="70" class="1004" name="grp_access_fu_70">
<pin_list>
<pin id="71" dir="0" index="0" bw="14" slack="0"/>
<pin id="72" dir="0" index="1" bw="32" slack="2147483647"/>
<pin id="73" dir="0" index="2" bw="0" slack="2147483647"/>
<pin id="74" dir="1" index="3" bw="32" slack="1"/>
</pin_list>
<bind>
<opcode="load(27) " fcode="load"/>
<opset="data_in_load/2 "/>
</bind>
</comp>

<comp id="76" class="1004" name="store_ln0_store_fu_76">
<pin_list>
<pin id="77" dir="0" index="0" bw="1" slack="0"/>
<pin id="78" dir="0" index="1" bw="15" slack="0"/>
<pin id="79" dir="1" index="2" bw="0" slack="2147483647"/>
</pin_list>
<bind>
<opcode="store(28) " fcode="store"/>
<opset="store_ln0/1 "/>
</bind>
</comp>

<comp id="81" class="1004" name="i_2_load_fu_81">
<pin_list>
<pin id="82" dir="0" index="0" bw="15" slack="1"/>
<pin id="83" dir="1" index="1" bw="15" slack="0"/>
</pin_list>
<bind>
<opcode="load(27) " fcode="load"/>
<opset="i_2/2 "/>
</bind>
</comp>

<comp id="84" class="1004" name="zext_ln21_fu_84">
<pin_list>
<pin id="85" dir="0" index="0" bw="15" slack="0"/>
<pin id="86" dir="1" index="1" bw="64" slack="0"/>
</pin_list>
<bind>
<opcode="zext(34) " fcode="zext"/>
<opset="zext_ln21/2 "/>
</bind>
</comp>

<comp id="89" class="1004" name="icmp_ln21_fu_89">
<pin_list>
<pin id="90" dir="0" index="0" bw="15" slack="0"/>
<pin id="91" dir="0" index="1" bw="15" slack="0"/>
<pin id="92" dir="1" index="2" bw="1" slack="2147483647"/>
</pin_list>
<bind>
<opcode="icmp(45) " fcode="icmp"/>
<opset="icmp_ln21/2 "/>
</bind>
</comp>

<comp id="95" class="1004" name="add_ln21_fu_95">
<pin_list>
<pin id="96" dir="0" index="0" bw="15" slack="0"/>
<pin id="97" dir="0" index="1" bw="1" slack="0"/>
<pin id="98" dir="1" index="2" bw="15" slack="0"/>
</pin_list>
<bind>
<opcode="add(8) " fcode="add"/>
<opset="add_ln21/2 "/>
</bind>
</comp>

<comp id="101" class="1004" name="store_ln21_store_fu_101">
<pin_list>
<pin id="102" dir="0" index="0" bw="15" slack="0"/>
<pin id="103" dir="0" index="1" bw="15" slack="1"/>
<pin id="104" dir="1" index="2" bw="0" slack="2147483647"/>
</pin_list>
<bind>
<opcode="store(28) " fcode="store"/>
<opset="store_ln21/2 "/>
</bind>
</comp>

<comp id="106" class="1004" name="mul_ln24_fu_106">
<pin_list>
<pin id="107" dir="0" index="0" bw="32" slack="1"/>
<pin id="108" dir="0" index="1" bw="32" slack="3"/>
<pin id="109" dir="1" index="2" bw="32" slack="1"/>
</pin_list>
<bind>
<opcode="mul(12) " fcode="mul"/>
<opset="mul_ln24/4 "/>
</bind>
</comp>

<comp id="110" class="1005" name="i_reg_110">
<pin_list>
<pin id="111" dir="0" index="0" bw="15" slack="0"/>
<pin id="112" dir="1" index="1" bw="15" slack="0"/>
</pin_list>
<bind>
<opset="i "/>
</bind>
</comp>

<comp id="117" class="1005" name="scale_read_reg_117">
<pin_list>
<pin id="118" dir="0" index="0" bw="32" slack="3"/>
<pin id="119" dir="1" index="1" bw="32" slack="3"/>
</pin_list>
<bind>
<opset="scale_read "/>
</bind>
</comp>

<comp id="125" class="1005" name="data_in_addr_reg_125">
<pin_list>
<pin id="126" dir="0" index="0" bw="14" slack="1"/>
<pin id="127" dir="1" index="1" bw="14" slack="1"/>
</pin_list>
<bind>
<opset="data_in_addr "/>
</bind>
</comp>

<comp id="130" class="1005" name="data_in_load_reg_130">
<pin_list>
<pin id="131" dir="0" index="0" bw="32" slack="1"/>
<pin id="132" dir="1" index="1" bw="32" slack="1"/>
</pin_list>
<bind>
<opset="data_in_load "/>
</bind>
</comp>

<comp id="135" class="1005" name="mul_ln24_reg_135">
<pin_list>
<pin id="136" dir="0" index="0" bw="32" slack="1"/>
<pin id="137" dir="1" index="1" bw="32" slack="1"/>
</pin_list>
<bind>
<opset="mul_ln24 "/>
</bind>
</comp>

</comp_list>

<net_list>
<net id="49"><net_src comp="6" pin="0"/><net_sink comp="46" pin=0"/></net>

<net id="54"><net_src comp="26" pin="0"/><net_sink comp="50" pin=0"/></net>

<net id="55"><net_src comp="2" pin="0"/><net_sink comp="50" pin=1"/></net>

<net id="61"><net_src comp="44" pin="0"/><net_sink comp="56" pin=0"/></net>

<net id="62"><net_src comp="4" pin="0"/><net_sink comp="56" pin=1"/></net>

<net id="68"><net_src comp="0" pin="0"/><net_sink comp="63" pin=0"/></net>

<net id="69"><net_src comp="38" pin="0"/><net_sink comp="63" pin=1"/></net>

<net id="75"><net_src comp="63" pin="3"/><net_sink comp="70" pin=0"/></net>

<net id="80"><net_src comp="28" pin="0"/><net_sink comp="76" pin=0"/></net>

<net id="87"><net_src comp="81" pin="1"/><net_sink comp="84" pin=0"/></net>

<net id="88"><net_src comp="84" pin="1"/><net_sink comp="63" pin=2"/></net>

<net id="93"><net_src comp="81" pin="1"/><net_sink comp="89" pin=0"/></net>

<net id="94"><net_src comp="30" pin="0"/><net_sink comp="89" pin=1"/></net>

<net id="99"><net_src comp="81" pin="1"/><net_sink comp="95" pin=0"/></net>

<net id="100"><net_src comp="36" pin="0"/><net_sink comp="95" pin=1"/></net>

<net id="105"><net_src comp="95" pin="2"/><net_sink comp="101" pin=0"/></net>

<net id="113"><net_src comp="46" pin="1"/><net_sink comp="110" pin=0"/></net>

<net id="114"><net_src comp="110" pin="1"/><net_sink comp="76" pin=1"/></net>

<net id="115"><net_src comp="110" pin="1"/><net_sink comp="81" pin=0"/></net>

<net id="116"><net_src comp="110" pin="1"/><net_sink comp="101" pin=1"/></net>

<net id="120"><net_src comp="50" pin="2"/><net_sink comp="117" pin=0"/></net>

<net id="121"><net_src comp="117" pin="1"/><net_sink comp="106" pin=1"/></net>

<net id="128"><net_src comp="63" pin="3"/><net_sink comp="125" pin=0"/></net>

<net id="129"><net_src comp="125" pin="1"/><net_sink comp="70" pin=0"/></net>

<net id="133"><net_src comp="70" pin="3"/><net_sink comp="130" pin=0"/></net>

<net id="134"><net_src comp="130" pin="1"/><net_sink comp="106" pin=0"/></net>

<net id="138"><net_src comp="106" pin="2"/><net_sink comp="135" pin=0"/></net>

<net id="139"><net_src comp="135" pin="1"/><net_sink comp="56" pin=2"/></net>

</net_list>

</model> 
---------------- Datapath Model END ------------------

* FSMD analyzer results:
  - Output states:
	Port: data_in | {}
	Port: temp1 | {5 }
 - Input state : 
	Port: Loop_Loop1_proc : data_in | {2 3 }
	Port: Loop_Loop1_proc : scale | {1 }
  - Chain level:
	State 1
		store_ln0 : 1
	State 2
		zext_ln21 : 1
		icmp_ln21 : 1
		add_ln21 : 1
		br_ln21 : 2
		data_in_addr : 2
		data_in_load : 3
		store_ln21 : 2
	State 3
	State 4
	State 5


============================================================
+ Verbose Summary: Datapath Resource usage 
============================================================

* Functional unit list:
|----------|------------------------|---------|---------|---------|
| Operation|     Functional Unit    |   DSP   |    FF   |   LUT   |
|----------|------------------------|---------|---------|---------|
|    mul   |     mul_ln24_fu_106    |    3    |    0    |    21   |
|----------|------------------------|---------|---------|---------|
|    add   |     add_ln21_fu_95     |    0    |    0    |    22   |
|----------|------------------------|---------|---------|---------|
|   icmp   |     icmp_ln21_fu_89    |    0    |    0    |    12   |
|----------|------------------------|---------|---------|---------|
|   read   |  scale_read_read_fu_50 |    0    |    0    |    0    |
|----------|------------------------|---------|---------|---------|
|   write  | write_ln24_write_fu_56 |    0    |    0    |    0    |
|----------|------------------------|---------|---------|---------|
|   zext   |     zext_ln21_fu_84    |    0    |    0    |    0    |
|----------|------------------------|---------|---------|---------|
|   Total  |                        |    3    |    0    |    55   |
|----------|------------------------|---------|---------|---------|

Memories:
N/A

* Register list:
+--------------------+--------+
|                    |   FF   |
+--------------------+--------+
|data_in_addr_reg_125|   14   |
|data_in_load_reg_130|   32   |
|      i_reg_110     |   15   |
|  mul_ln24_reg_135  |   32   |
| scale_read_reg_117 |   32   |
+--------------------+--------+
|        Total       |   125  |
+--------------------+--------+

* Multiplexer (MUX) list: 
|------------------|------|------|------|--------||---------||---------|
|       Comp       |  Pin | Size |  BW  | S x BW ||  Delay  ||   LUT   |
|------------------|------|------|------|--------||---------||---------|
| grp_access_fu_70 |  p0  |   2  |  14  |   28   ||    9    |
|------------------|------|------|------|--------||---------||---------|
|       Total      |      |      |      |   28   ||   1.61  ||    9    |
|------------------|------|------|------|--------||---------||---------|



* Summary:
+-----------+--------+--------+--------+--------+
|           |   DSP  |  Delay |   FF   |   LUT  |
+-----------+--------+--------+--------+--------+
|  Function |    3   |    -   |    0   |   55   |
|   Memory  |    -   |    -   |    -   |    -   |
|Multiplexer|    -   |    1   |    -   |    9   |
|  Register |    -   |    -   |   125  |    -   |
+-----------+--------+--------+--------+--------+
|   Total   |    3   |    1   |   125  |   64   |
+-----------+--------+--------+--------+--------+
