   Build using "C:/Programs/Xilinx/Vitis_HLS/2021.2/tps/win64/msys64/mingw64/bin/g++"
   Compiling apatb_lab1_z1.cpp
   Compiling (apcc) lab1_z1_test.c_pre.c.tb.c
INFO: [HLS 200-10] Running 'C:/Programs/Xilinx/Vitis_HLS/2021.2/bin/unwrapped/win64.o/apcc.exe'
INFO: [HLS 200-10] For user 'danil' on host 'desktop-d9bk5m4' (Windows NT_amd64 version 6.2) on Thu Oct 06 21:18:56 +0300 2022
INFO: [HLS 200-10] In directory 'D:/Labs/3sem/FPGA/lab1_z1/lab1_z1/lab1_z1/solution1/sim/wrapc'
clang: warning: argument unused during compilation: '-fno-builtin-isinf'
clang: warning: argument unused during compilation: '-fno-builtin-isnan'
INFO: [APCC 202-3] Tmp directory is apcc_db
INFO: [APCC 202-1] APCC is done.
INFO: [HLS 200-112] Total CPU user time: 0 seconds. Total CPU system time: 0 seconds. Total elapsed time: 2.552 seconds; peak allocated memory: 2.895 MB.
   Compiling (apcc) lab1_z1.c_pre.c.tb.c
INFO: [HLS 200-10] Running 'C:/Programs/Xilinx/Vitis_HLS/2021.2/bin/unwrapped/win64.o/apcc.exe'
INFO: [HLS 200-10] For user 'danil' on host 'desktop-d9bk5m4' (Windows NT_amd64 version 6.2) on Thu Oct 06 21:19:00 +0300 2022
INFO: [HLS 200-10] In directory 'D:/Labs/3sem/FPGA/lab1_z1/lab1_z1/lab1_z1/solution1/sim/wrapc'
clang: warning: argument unused during compilation: '-fno-builtin-isinf'
clang: warning: argument unused during compilation: '-fno-builtin-isnan'
INFO: [APCC 202-3] Tmp directory is apcc_db
INFO: [APCC 202-1] APCC is done.
INFO: [HLS 200-112] Total CPU user time: 0 seconds. Total CPU system time: 0 seconds. Total elapsed time: 2.521 seconds; peak allocated memory: 2.246 MB.
   Compiling apatb_lab1_z1_ir.ll
   Generating cosim.tv.exe
