

================================================================
== Vitis HLS Report for 'lab2_z1'
================================================================
* Date:           Tue Oct 18 14:07:08 2022

* Version:        2021.2 (Build 3367213 on Tue Oct 19 02:48:09 MDT 2021)
* Project:        lab2_z1
* Solution:       solution1 (Vivado IP Flow Target)
* Product family: artix7
* Target device:  xa7a12t-csg325-1Q


================================================================
== Performance Estimates
================================================================
+ Timing: 
    * Summary: 
    +--------+---------+----------+------------+
    |  Clock |  Target | Estimated| Uncertainty|
    +--------+---------+----------+------------+
    |ap_clk  |  5.00 ns|  3.990 ns|     1.00 ns|
    +--------+---------+----------+------------+

+ Latency: 
    * Summary: 
    +---------+---------+-----------+----------+-----+--------+---------+
    |  Latency (cycles) |  Latency (absolute)  |   Interval   | Pipeline|
    |   min   |   max   |    min    |    max   | min |   max  |   Type  |
    +---------+---------+-----------+----------+-----+--------+---------+
    |        2|   163837|  10.000 ns|  0.819 ms|    3|  163838|       no|
    +---------+---------+-----------+----------+-----+--------+---------+

    + Detail: 
        * Instance: 
        N/A

        * Loop: 
        +------------------+---------+---------+----------+-----------+-----------+-----------+----------+
        |                  |  Latency (cycles) | Iteration|  Initiation Interval  |    Trip   |          |
        |     Loop Name    |   min   |   max   |  Latency |  achieved |   target  |   Count   | Pipelined|
        +------------------+---------+---------+----------+-----------+-----------+-----------+----------+
        |- VITIS_LOOP_6_1  |        0|   163835|         6|          5|          1|  0 ~ 32767|       yes|
        +------------------+---------+---------+----------+-----------+-----------+-----------+----------+



================================================================
== Utilization Estimates
================================================================
* Summary: 
+-----------------+---------+----+-------+------+-----+
|       Name      | BRAM_18K| DSP|   FF  |  LUT | URAM|
+-----------------+---------+----+-------+------+-----+
|DSP              |        -|   -|      -|     -|    -|
|Expression       |        -|   -|      0|    40|    -|
|FIFO             |        -|   -|      -|     -|    -|
|Instance         |        -|   2|    215|     1|    -|
|Memory           |        -|   -|      -|     -|    -|
|Multiplexer      |        -|   -|      -|   114|    -|
|Register         |        -|   -|     89|     -|    -|
+-----------------+---------+----+-------+------+-----+
|Total            |        0|   2|    304|   155|    0|
+-----------------+---------+----+-------+------+-----+
|Available        |       40|  40|  16000|  8000|    0|
+-----------------+---------+----+-------+------+-----+
|Utilization (%)  |        0|   5|      1|     1|    0|
+-----------------+---------+----+-------+------+-----+

+ Detail: 
    * Instance: 
    +------------------------+---------------------+---------+----+-----+----+-----+
    |        Instance        |        Module       | BRAM_18K| DSP|  FF | LUT| URAM|
    +------------------------+---------------------+---------+----+-----+----+-----+
    |mul_16ns_32s_32_5_1_U1  |mul_16ns_32s_32_5_1  |        0|   2|  215|   1|    0|
    +------------------------+---------------------+---------+----+-----+----+-----+
    |Total                   |                     |        0|   2|  215|   1|    0|
    +------------------------+---------------------+---------+----+-----+----+-----+

    * DSP: 
    N/A

    * Memory: 
    N/A

    * FIFO: 
    N/A

    * Expression: 
    +-------------------+----------+----+---+----+------------+------------+
    |   Variable Name   | Operation| DSP| FF| LUT| Bitwidth P0| Bitwidth P1|
    +-------------------+----------+----+---+----+------------+------------+
    |i_3_fu_92_p2       |         +|   0|  0|  23|          16|           1|
    |ap_condition_103   |       and|   0|  0|   2|           1|           1|
    |icmp_ln6_fu_73_p2  |      icmp|   0|  0|  13|          17|          17|
    |ap_enable_pp0      |       xor|   0|  0|   2|           1|           2|
    +-------------------+----------+----+---+----+------------+------------+
    |Total              |          |   0|  0|  40|          35|          21|
    +-------------------+----------+----+---+----+------------+------------+

    * Multiplexer: 
    +-----------------------------+----+-----------+-----+-----------+
    |             Name            | LUT| Input Size| Bits| Total Bits|
    +-----------------------------+----+-----------+-----+-----------+
    |ap_NS_fsm                    |  25|          6|    1|          6|
    |ap_done_int                  |   9|          2|    1|          2|
    |ap_enable_reg_pp0_iter0      |   9|          2|    1|          2|
    |ap_enable_reg_pp0_iter0_reg  |   9|          2|    1|          2|
    |ap_enable_reg_pp0_iter1      |   9|          2|    1|          2|
    |ap_sig_allocacmp_i_2         |   9|          2|   16|         32|
    |ap_sig_allocacmp_res_load    |  13|          3|   32|         96|
    |ap_sig_allocacmp_res_load_1  |  13|          3|   32|         96|
    |i_fu_42                      |   9|          2|   16|         32|
    |res_fu_38                    |   9|          2|   32|         64|
    +-----------------------------+----+-----------+-----+-----------+
    |Total                        | 114|         26|  133|        334|
    +-----------------------------+----+-----------+-----+-----------+

    * Register: 
    +-----------------------------+----+----+-----+-----------+
    |             Name            | FF | LUT| Bits| Const Bits|
    +-----------------------------+----+----+-----+-----------+
    |ap_CS_fsm                    |   5|   0|    5|          0|
    |ap_done_reg                  |   1|   0|    1|          0|
    |ap_enable_reg_pp0_iter0_reg  |   1|   0|    1|          0|
    |ap_enable_reg_pp0_iter1      |   1|   0|    1|          0|
    |i_fu_42                      |  16|   0|   16|          0|
    |icmp_ln6_reg_125             |   1|   0|    1|          0|
    |res_1_reg_139                |  32|   0|   32|          0|
    |res_fu_38                    |  32|   0|   32|          0|
    +-----------------------------+----+----+-----+-----------+
    |Total                        |  89|   0|   89|          0|
    +-----------------------------+----+----+-----+-----------+



================================================================
== Interface
================================================================
* Summary: 
+-------------------+-----+-----+------------+--------------+--------------+
|     RTL Ports     | Dir | Bits|  Protocol  | Source Object|    C Type    |
+-------------------+-----+-----+------------+--------------+--------------+
|ap_local_block     |  out|    1|  ap_ctrl_hs|       lab2_z1|  return value|
|ap_local_deadlock  |  out|    1|  ap_ctrl_hs|       lab2_z1|  return value|
|ap_clk             |   in|    1|  ap_ctrl_hs|       lab2_z1|  return value|
|ap_rst             |   in|    1|  ap_ctrl_hs|       lab2_z1|  return value|
|ap_start           |   in|    1|  ap_ctrl_hs|       lab2_z1|  return value|
|ap_done            |  out|    1|  ap_ctrl_hs|       lab2_z1|  return value|
|ap_idle            |  out|    1|  ap_ctrl_hs|       lab2_z1|  return value|
|ap_ready           |  out|    1|  ap_ctrl_hs|       lab2_z1|  return value|
|ap_return          |  out|   32|  ap_ctrl_hs|       lab2_z1|  return value|
|in_r               |   in|   16|     ap_none|          in_r|        scalar|
+-------------------+-----+-----+------------+--------------+--------------+

