   Build using "E:/Xilinx/Vitis_HLS/2021.2/tps/win64/msys64/mingw64/bin/g++"
   Compiling apatb_lab4_z1.cpp
   Compiling (apcc) lab4_z1.c_pre.c.tb.c
INFO: [HLS 200-10] Running 'E:/Xilinx/Vitis_HLS/2021.2/bin/unwrapped/win64.o/apcc.exe'
INFO: [HLS 200-10] For user 'Natalie' on host 'molnevia-nat' (Windows NT_amd64 version 6.2) on Tue Nov 08 10:49:41 +0300 2022
INFO: [HLS 200-10] In directory 'E:/Xilinx_trn/lab4_z1/lab4_z1/solution2/sim/wrapc'
clang: warning: argument unused during compilation: '-fno-builtin-isinf'
clang: warning: argument unused during compilation: '-fno-builtin-isnan'
INFO: [APCC 202-3] Tmp directory is apcc_db
INFO: [APCC 202-1] APCC is done.
INFO: [HLS 200-112] Total CPU user time: 0 seconds. Total CPU system time: 0 seconds. Total elapsed time: 2.994 seconds; peak allocated memory: 2.238 MB.
   Compiling (apcc) lab4_z1_test.c_pre.c.tb.c
INFO: [HLS 200-10] Running 'E:/Xilinx/Vitis_HLS/2021.2/bin/unwrapped/win64.o/apcc.exe'
INFO: [HLS 200-10] For user 'Natalie' on host 'molnevia-nat' (Windows NT_amd64 version 6.2) on Tue Nov 08 10:49:46 +0300 2022
INFO: [HLS 200-10] In directory 'E:/Xilinx_trn/lab4_z1/lab4_z1/solution2/sim/wrapc'
clang: warning: argument unused during compilation: '-fno-builtin-isinf'
clang: warning: argument unused during compilation: '-fno-builtin-isnan'
INFO: [APCC 202-3] Tmp directory is apcc_db
INFO: [APCC 202-1] APCC is done.
INFO: [HLS 200-112] Total CPU user time: 0 seconds. Total CPU system time: 0 seconds. Total elapsed time: 3.051 seconds; peak allocated memory: 2.465 MB.
   Compiling apatb_lab4_z1_ir.ll
   Generating cosim.tv.exe
