Analysis & Synthesis report for mips_8_v1
Thu Jun 03 17:31:30 2021
Quartus Prime Version 20.1.1 Build 720 11/11/2020 SJ Lite Edition


---------------------
; Table of Contents ;
---------------------
  1. Legal Notice
  2. Analysis & Synthesis Summary
  3. Analysis & Synthesis Settings
  4. Parallel Compilation
  5. Analysis & Synthesis Source Files Read
  6. Analysis & Synthesis Resource Usage Summary
  7. Analysis & Synthesis Resource Utilization by Entity
  8. Analysis & Synthesis RAM Summary
  9. Analysis & Synthesis IP Cores Summary
 10. Registers Removed During Synthesis
 11. General Register Statistics
 12. Multiplexer Restructuring Statistics (Restructuring Performed)
 13. Source assignments for inctructions:im|altsyncram:altsyncram_component|altsyncram_2mv1:auto_generated
 14. Source assignments for cpu:cpu|reg_file_ram:rfr|port_ram1:r1|altsyncram:altsyncram_component|altsyncram_4502:auto_generated
 15. Source assignments for cpu:cpu|reg_file_ram:rfr|port_ram1:r2|altsyncram:altsyncram_component|altsyncram_4502:auto_generated
 16. Source assignments for data:dm|altsyncram:altsyncram_component|altsyncram_dev1:auto_generated
 17. Parameter Settings for User Entity Instance: inctructions:im|altsyncram:altsyncram_component
 18. Parameter Settings for User Entity Instance: cpu:cpu|reg_file_ram:rfr|port_ram1:r1|altsyncram:altsyncram_component
 19. Parameter Settings for User Entity Instance: cpu:cpu|reg_file_ram:rfr|port_ram1:r2|altsyncram:altsyncram_component
 20. Parameter Settings for User Entity Instance: data:dm|altsyncram:altsyncram_component
 21. altsyncram Parameter Settings by Entity Instance
 22. Port Connectivity Checks: "cpu:cpu|reg_file_ram:rfr"
 23. Port Connectivity Checks: "cpu:cpu"
 24. Post-Synthesis Netlist Statistics for Top Partition
 25. Elapsed Time Per Partition
 26. Analysis & Synthesis Messages



----------------
; Legal Notice ;
----------------
Copyright (C) 2020  Intel Corporation. All rights reserved.
Your use of Intel Corporation's design tools, logic functions 
and other software and tools, and any partner logic 
functions, and any output files from any of the foregoing 
(including device programming or simulation files), and any 
associated documentation or information are expressly subject 
to the terms and conditions of the Intel Program License 
Subscription Agreement, the Intel Quartus Prime License Agreement,
the Intel FPGA IP License Agreement, or other applicable license
agreement, including, without limitation, that your use is for
the sole purpose of programming logic devices manufactured by
Intel and sold by Intel or its authorized distributors.  Please
refer to the applicable agreement for further details, at
https://fpgasoftware.intel.com/eula.



+----------------------------------------------------------------------------------+
; Analysis & Synthesis Summary                                                     ;
+------------------------------------+---------------------------------------------+
; Analysis & Synthesis Status        ; Successful - Thu Jun 03 17:31:30 2021       ;
; Quartus Prime Version              ; 20.1.1 Build 720 11/11/2020 SJ Lite Edition ;
; Revision Name                      ; mips_8_v1                                   ;
; Top-level Entity Name              ; mips_8_v1                                   ;
; Family                             ; Cyclone IV E                                ;
; Total logic elements               ; 233                                         ;
;     Total combinational functions  ; 193                                         ;
;     Dedicated logic registers      ; 124                                         ;
; Total registers                    ; 124                                         ;
; Total pins                         ; 33                                          ;
; Total virtual pins                 ; 0                                           ;
; Total memory bits                  ; 10,496                                      ;
; Embedded Multiplier 9-bit elements ; 0                                           ;
; Total PLLs                         ; 0                                           ;
+------------------------------------+---------------------------------------------+


+------------------------------------------------------------------------------------------------------------+
; Analysis & Synthesis Settings                                                                              ;
+------------------------------------------------------------------+--------------------+--------------------+
; Option                                                           ; Setting            ; Default Value      ;
+------------------------------------------------------------------+--------------------+--------------------+
; Device                                                           ; EP4CE6E22C8        ;                    ;
; Top-level entity name                                            ; mips_8_v1          ; mips_8_v1          ;
; Family name                                                      ; Cyclone IV E       ; Cyclone V          ;
; Maximum processors allowed for parallel compilation              ; 4                  ;                    ;
; Use smart compilation                                            ; Off                ; Off                ;
; Enable parallel Assembler and Timing Analyzer during compilation ; On                 ; On                 ;
; Enable compact report table                                      ; Off                ; Off                ;
; Restructure Multiplexers                                         ; Auto               ; Auto               ;
; Create Debugging Nodes for IP Cores                              ; Off                ; Off                ;
; Preserve fewer node names                                        ; On                 ; On                 ;
; Intel FPGA IP Evaluation Mode                                    ; Enable             ; Enable             ;
; Verilog Version                                                  ; Verilog_2001       ; Verilog_2001       ;
; VHDL Version                                                     ; VHDL_1993          ; VHDL_1993          ;
; State Machine Processing                                         ; Auto               ; Auto               ;
; Safe State Machine                                               ; Off                ; Off                ;
; Extract Verilog State Machines                                   ; On                 ; On                 ;
; Extract VHDL State Machines                                      ; On                 ; On                 ;
; Ignore Verilog initial constructs                                ; Off                ; Off                ;
; Iteration limit for constant Verilog loops                       ; 5000               ; 5000               ;
; Iteration limit for non-constant Verilog loops                   ; 250                ; 250                ;
; Add Pass-Through Logic to Inferred RAMs                          ; On                 ; On                 ;
; Infer RAMs from Raw Logic                                        ; On                 ; On                 ;
; Parallel Synthesis                                               ; On                 ; On                 ;
; DSP Block Balancing                                              ; Auto               ; Auto               ;
; NOT Gate Push-Back                                               ; On                 ; On                 ;
; Power-Up Don't Care                                              ; On                 ; On                 ;
; Remove Redundant Logic Cells                                     ; Off                ; Off                ;
; Remove Duplicate Registers                                       ; On                 ; On                 ;
; Ignore CARRY Buffers                                             ; Off                ; Off                ;
; Ignore CASCADE Buffers                                           ; Off                ; Off                ;
; Ignore GLOBAL Buffers                                            ; Off                ; Off                ;
; Ignore ROW GLOBAL Buffers                                        ; Off                ; Off                ;
; Ignore LCELL Buffers                                             ; Off                ; Off                ;
; Ignore SOFT Buffers                                              ; On                 ; On                 ;
; Limit AHDL Integers to 32 Bits                                   ; Off                ; Off                ;
; Optimization Technique                                           ; Balanced           ; Balanced           ;
; Carry Chain Length                                               ; 70                 ; 70                 ;
; Auto Carry Chains                                                ; On                 ; On                 ;
; Auto Open-Drain Pins                                             ; On                 ; On                 ;
; Perform WYSIWYG Primitive Resynthesis                            ; Off                ; Off                ;
; Auto ROM Replacement                                             ; On                 ; On                 ;
; Auto RAM Replacement                                             ; On                 ; On                 ;
; Auto DSP Block Replacement                                       ; On                 ; On                 ;
; Auto Shift Register Replacement                                  ; Auto               ; Auto               ;
; Allow Shift Register Merging across Hierarchies                  ; Auto               ; Auto               ;
; Auto Clock Enable Replacement                                    ; On                 ; On                 ;
; Strict RAM Replacement                                           ; Off                ; Off                ;
; Allow Synchronous Control Signals                                ; On                 ; On                 ;
; Force Use of Synchronous Clear Signals                           ; Off                ; Off                ;
; Auto RAM Block Balancing                                         ; On                 ; On                 ;
; Auto RAM to Logic Cell Conversion                                ; Off                ; Off                ;
; Auto Resource Sharing                                            ; Off                ; Off                ;
; Allow Any RAM Size For Recognition                               ; Off                ; Off                ;
; Allow Any ROM Size For Recognition                               ; Off                ; Off                ;
; Allow Any Shift Register Size For Recognition                    ; Off                ; Off                ;
; Use LogicLock Constraints during Resource Balancing              ; On                 ; On                 ;
; Ignore translate_off and synthesis_off directives                ; Off                ; Off                ;
; Timing-Driven Synthesis                                          ; On                 ; On                 ;
; Report Parameter Settings                                        ; On                 ; On                 ;
; Report Source Assignments                                        ; On                 ; On                 ;
; Report Connectivity Checks                                       ; On                 ; On                 ;
; Ignore Maximum Fan-Out Assignments                               ; Off                ; Off                ;
; Synchronization Register Chain Length                            ; 2                  ; 2                  ;
; Power Optimization During Synthesis                              ; Normal compilation ; Normal compilation ;
; HDL message level                                                ; Level2             ; Level2             ;
; Suppress Register Optimization Related Messages                  ; Off                ; Off                ;
; Number of Removed Registers Reported in Synthesis Report         ; 5000               ; 5000               ;
; Number of Swept Nodes Reported in Synthesis Report               ; 5000               ; 5000               ;
; Number of Inverted Registers Reported in Synthesis Report        ; 100                ; 100                ;
; Clock MUX Protection                                             ; On                 ; On                 ;
; Auto Gated Clock Conversion                                      ; Off                ; Off                ;
; Block Design Naming                                              ; Auto               ; Auto               ;
; SDC constraint protection                                        ; Off                ; Off                ;
; Synthesis Effort                                                 ; Auto               ; Auto               ;
; Shift Register Replacement - Allow Asynchronous Clear Signal     ; On                 ; On                 ;
; Pre-Mapping Resynthesis Optimization                             ; Off                ; Off                ;
; Analysis & Synthesis Message Level                               ; Medium             ; Medium             ;
; Disable Register Merging Across Hierarchies                      ; Auto               ; Auto               ;
; Resource Aware Inference For Block RAM                           ; On                 ; On                 ;
+------------------------------------------------------------------+--------------------+--------------------+


+------------------------------------------+
; Parallel Compilation                     ;
+----------------------------+-------------+
; Processors                 ; Number      ;
+----------------------------+-------------+
; Number detected on machine ; 4           ;
; Maximum allowed            ; 4           ;
;                            ;             ;
; Average used               ; 1.00        ;
; Maximum used               ; 4           ;
;                            ;             ;
; Usage by Processor         ; % Time Used ;
;     Processor 1            ; 100.0%      ;
;     Processor 2            ;   0.0%      ;
;     Processors 3-4         ;   0.0%      ;
+----------------------------+-------------+


+---------------------------------------------------------------------------------------------------------------------------------------------------------------------------------------------+
; Analysis & Synthesis Source Files Read                                                                                                                                                      ;
+----------------------------------+-----------------+---------------------------------------+--------------------------------------------------------------------------------------+---------+
; File Name with User-Entered Path ; Used in Netlist ; File Type                             ; File Name with Absolute Path                                                         ; Library ;
+----------------------------------+-----------------+---------------------------------------+--------------------------------------------------------------------------------------+---------+
; reg_file_ram.v                   ; yes             ; User Verilog HDL File                 ; D:/QuartusProject/mips_32/mips_32/reg_file_ram.v                                     ;         ;
; mips_8_v1.v                      ; yes             ; User Verilog HDL File                 ; D:/QuartusProject/mips_32/mips_32/mips_8_v1.v                                        ;         ;
; instructions.mif                 ; yes             ; User Memory Initialization File       ; D:/QuartusProject/mips_32/mips_32/instructions.mif                                   ;         ;
; inctructions.v                   ; yes             ; User Wizard-Generated File            ; D:/QuartusProject/mips_32/mips_32/inctructions.v                                     ;         ;
; data.v                           ; yes             ; User Wizard-Generated File            ; D:/QuartusProject/mips_32/mips_32/data.v                                             ;         ;
; data.mif                         ; yes             ; User Memory Initialization File       ; D:/QuartusProject/mips_32/mips_32/data.mif                                           ;         ;
; cpu.v                            ; yes             ; User Verilog HDL File                 ; D:/QuartusProject/mips_32/mips_32/cpu.v                                              ;         ;
; reg_file_ram.hex                 ; yes             ; User Hexadecimal (Intel-Format) File  ; D:/QuartusProject/mips_32/mips_32/reg_file_ram.hex                                   ;         ;
; port_ram1.v                      ; yes             ; User Wizard-Generated File            ; D:/QuartusProject/mips_32/mips_32/port_ram1.v                                        ;         ;
; altsyncram.tdf                   ; yes             ; Megafunction                          ; d:/program/intelfpga_lite/20.1/quartus/libraries/megafunctions/altsyncram.tdf        ;         ;
; stratix_ram_block.inc            ; yes             ; Megafunction                          ; d:/program/intelfpga_lite/20.1/quartus/libraries/megafunctions/stratix_ram_block.inc ;         ;
; lpm_mux.inc                      ; yes             ; Megafunction                          ; d:/program/intelfpga_lite/20.1/quartus/libraries/megafunctions/lpm_mux.inc           ;         ;
; lpm_decode.inc                   ; yes             ; Megafunction                          ; d:/program/intelfpga_lite/20.1/quartus/libraries/megafunctions/lpm_decode.inc        ;         ;
; aglobal201.inc                   ; yes             ; Megafunction                          ; d:/program/intelfpga_lite/20.1/quartus/libraries/megafunctions/aglobal201.inc        ;         ;
; a_rdenreg.inc                    ; yes             ; Megafunction                          ; d:/program/intelfpga_lite/20.1/quartus/libraries/megafunctions/a_rdenreg.inc         ;         ;
; altrom.inc                       ; yes             ; Megafunction                          ; d:/program/intelfpga_lite/20.1/quartus/libraries/megafunctions/altrom.inc            ;         ;
; altram.inc                       ; yes             ; Megafunction                          ; d:/program/intelfpga_lite/20.1/quartus/libraries/megafunctions/altram.inc            ;         ;
; altdpram.inc                     ; yes             ; Megafunction                          ; d:/program/intelfpga_lite/20.1/quartus/libraries/megafunctions/altdpram.inc          ;         ;
; db/altsyncram_2mv1.tdf           ; yes             ; Auto-Generated Megafunction           ; D:/QuartusProject/mips_32/mips_32/db/altsyncram_2mv1.tdf                             ;         ;
; db/altsyncram_4502.tdf           ; yes             ; Auto-Generated Megafunction           ; D:/QuartusProject/mips_32/mips_32/db/altsyncram_4502.tdf                             ;         ;
; db/altsyncram_dev1.tdf           ; yes             ; Auto-Generated Megafunction           ; D:/QuartusProject/mips_32/mips_32/db/altsyncram_dev1.tdf                             ;         ;
+----------------------------------+-----------------+---------------------------------------+--------------------------------------------------------------------------------------+---------+


+---------------------------------------------------------+
; Analysis & Synthesis Resource Usage Summary             ;
+---------------------------------------------+-----------+
; Resource                                    ; Usage     ;
+---------------------------------------------+-----------+
; Estimated Total logic elements              ; 233       ;
;                                             ;           ;
; Total combinational functions               ; 193       ;
; Logic element usage by number of LUT inputs ;           ;
;     -- 4 input functions                    ; 115       ;
;     -- 3 input functions                    ; 52        ;
;     -- <=2 input functions                  ; 26        ;
;                                             ;           ;
; Logic elements by mode                      ;           ;
;     -- normal mode                          ; 165       ;
;     -- arithmetic mode                      ; 28        ;
;                                             ;           ;
; Total registers                             ; 124       ;
;     -- Dedicated logic registers            ; 124       ;
;     -- I/O registers                        ; 0         ;
;                                             ;           ;
; I/O pins                                    ; 33        ;
; Total memory bits                           ; 10496     ;
;                                             ;           ;
; Embedded Multiplier 9-bit elements          ; 0         ;
;                                             ;           ;
; Maximum fan-out node                        ; clk~input ;
; Maximum fan-out                             ; 180       ;
; Total fan-out                               ; 1658      ;
; Average fan-out                             ; 3.78      ;
+---------------------------------------------+-----------+


+-------------------------------------------------------------------------------------------------------------------------------------------------------------------------------------------------------------------------------------------------------------------------------------------------------------------------------+
; Analysis & Synthesis Resource Utilization by Entity                                                                                                                                                                                                                                                                           ;
+-------------------------------------------------+---------------------+---------------------------+-------------+--------------+---------+-----------+------+--------------+-----------------------------------------------------------------------------------------------------------------+-----------------+--------------+
; Compilation Hierarchy Node                      ; Combinational ALUTs ; Dedicated Logic Registers ; Memory Bits ; DSP Elements ; DSP 9x9 ; DSP 18x18 ; Pins ; Virtual Pins ; Full Hierarchy Name                                                                                             ; Entity Name     ; Library Name ;
+-------------------------------------------------+---------------------+---------------------------+-------------+--------------+---------+-----------+------+--------------+-----------------------------------------------------------------------------------------------------------------+-----------------+--------------+
; |mips_8_v1                                      ; 193 (1)             ; 124 (0)                   ; 10496       ; 0            ; 0       ; 0         ; 33   ; 0            ; |mips_8_v1                                                                                                      ; mips_8_v1       ; work         ;
;    |cpu:cpu|                                    ; 192 (192)           ; 124 (124)                 ; 256         ; 0            ; 0       ; 0         ; 0    ; 0            ; |mips_8_v1|cpu:cpu                                                                                              ; cpu             ; work         ;
;       |reg_file_ram:rfr|                        ; 0 (0)               ; 0 (0)                     ; 256         ; 0            ; 0       ; 0         ; 0    ; 0            ; |mips_8_v1|cpu:cpu|reg_file_ram:rfr                                                                             ; reg_file_ram    ; work         ;
;          |port_ram1:r1|                         ; 0 (0)               ; 0 (0)                     ; 128         ; 0            ; 0       ; 0         ; 0    ; 0            ; |mips_8_v1|cpu:cpu|reg_file_ram:rfr|port_ram1:r1                                                                ; port_ram1       ; work         ;
;             |altsyncram:altsyncram_component|   ; 0 (0)               ; 0 (0)                     ; 128         ; 0            ; 0       ; 0         ; 0    ; 0            ; |mips_8_v1|cpu:cpu|reg_file_ram:rfr|port_ram1:r1|altsyncram:altsyncram_component                                ; altsyncram      ; work         ;
;                |altsyncram_4502:auto_generated| ; 0 (0)               ; 0 (0)                     ; 128         ; 0            ; 0       ; 0         ; 0    ; 0            ; |mips_8_v1|cpu:cpu|reg_file_ram:rfr|port_ram1:r1|altsyncram:altsyncram_component|altsyncram_4502:auto_generated ; altsyncram_4502 ; work         ;
;          |port_ram1:r2|                         ; 0 (0)               ; 0 (0)                     ; 128         ; 0            ; 0       ; 0         ; 0    ; 0            ; |mips_8_v1|cpu:cpu|reg_file_ram:rfr|port_ram1:r2                                                                ; port_ram1       ; work         ;
;             |altsyncram:altsyncram_component|   ; 0 (0)               ; 0 (0)                     ; 128         ; 0            ; 0       ; 0         ; 0    ; 0            ; |mips_8_v1|cpu:cpu|reg_file_ram:rfr|port_ram1:r2|altsyncram:altsyncram_component                                ; altsyncram      ; work         ;
;                |altsyncram_4502:auto_generated| ; 0 (0)               ; 0 (0)                     ; 128         ; 0            ; 0       ; 0         ; 0    ; 0            ; |mips_8_v1|cpu:cpu|reg_file_ram:rfr|port_ram1:r2|altsyncram:altsyncram_component|altsyncram_4502:auto_generated ; altsyncram_4502 ; work         ;
;    |data:dm|                                    ; 0 (0)               ; 0 (0)                     ; 2048        ; 0            ; 0       ; 0         ; 0    ; 0            ; |mips_8_v1|data:dm                                                                                              ; data            ; work         ;
;       |altsyncram:altsyncram_component|         ; 0 (0)               ; 0 (0)                     ; 2048        ; 0            ; 0       ; 0         ; 0    ; 0            ; |mips_8_v1|data:dm|altsyncram:altsyncram_component                                                              ; altsyncram      ; work         ;
;          |altsyncram_dev1:auto_generated|       ; 0 (0)               ; 0 (0)                     ; 2048        ; 0            ; 0       ; 0         ; 0    ; 0            ; |mips_8_v1|data:dm|altsyncram:altsyncram_component|altsyncram_dev1:auto_generated                               ; altsyncram_dev1 ; work         ;
;    |inctructions:im|                            ; 0 (0)               ; 0 (0)                     ; 8192        ; 0            ; 0       ; 0         ; 0    ; 0            ; |mips_8_v1|inctructions:im                                                                                      ; inctructions    ; work         ;
;       |altsyncram:altsyncram_component|         ; 0 (0)               ; 0 (0)                     ; 8192        ; 0            ; 0       ; 0         ; 0    ; 0            ; |mips_8_v1|inctructions:im|altsyncram:altsyncram_component                                                      ; altsyncram      ; work         ;
;          |altsyncram_2mv1:auto_generated|       ; 0 (0)               ; 0 (0)                     ; 8192        ; 0            ; 0       ; 0         ; 0    ; 0            ; |mips_8_v1|inctructions:im|altsyncram:altsyncram_component|altsyncram_2mv1:auto_generated                       ; altsyncram_2mv1 ; work         ;
+-------------------------------------------------+---------------------+---------------------------+-------------+--------------+---------+-----------+------+--------------+-----------------------------------------------------------------------------------------------------------------+-----------------+--------------+
Note: For table entries with two numbers listed, the numbers in parentheses indicate the number of resources of the given type used by the specific entity alone. The numbers listed outside of parentheses indicate the total resources of the given type used by the specific entity and all of its sub-entities in the hierarchy.


+---------------------------------------------------------------------------------------------------------------------------------------------------------------------------------------------------------------------------------+
; Analysis & Synthesis RAM Summary                                                                                                                                                                                                ;
+-----------------------------------------------------------------------------------------------------------------+------+------------------+--------------+--------------+--------------+--------------+------+------------------+
; Name                                                                                                            ; Type ; Mode             ; Port A Depth ; Port A Width ; Port B Depth ; Port B Width ; Size ; MIF              ;
+-----------------------------------------------------------------------------------------------------------------+------+------------------+--------------+--------------+--------------+--------------+------+------------------+
; cpu:cpu|reg_file_ram:rfr|port_ram1:r1|altsyncram:altsyncram_component|altsyncram_4502:auto_generated|ALTSYNCRAM ; M9K  ; Simple Dual Port ; 16           ; 8            ; 16           ; 8            ; 128  ; reg_file_ram.hex ;
; cpu:cpu|reg_file_ram:rfr|port_ram1:r2|altsyncram:altsyncram_component|altsyncram_4502:auto_generated|ALTSYNCRAM ; M9K  ; Simple Dual Port ; 16           ; 8            ; 16           ; 8            ; 128  ; reg_file_ram.hex ;
; data:dm|altsyncram:altsyncram_component|altsyncram_dev1:auto_generated|ALTSYNCRAM                               ; M9K  ; Simple Dual Port ; 256          ; 8            ; 256          ; 8            ; 2048 ; data.mif         ;
; inctructions:im|altsyncram:altsyncram_component|altsyncram_2mv1:auto_generated|ALTSYNCRAM                       ; M9K  ; Simple Dual Port ; 256          ; 32           ; 256          ; 32           ; 8192 ; instructions.mif ;
+-----------------------------------------------------------------------------------------------------------------+------+------------------+--------------+--------------+--------------+--------------+------+------------------+


+------------------------------------------------------------------------------------------------------------------------------------+
; Analysis & Synthesis IP Cores Summary                                                                                              ;
+--------+--------------+---------+--------------+--------------+--------------------------------------------------+-----------------+
; Vendor ; IP Core Name ; Version ; Release Date ; License Type ; Entity Instance                                  ; IP Include File ;
+--------+--------------+---------+--------------+--------------+--------------------------------------------------+-----------------+
; Altera ; RAM: 2-PORT  ; 20.1    ; N/A          ; N/A          ; |mips_8_v1|cpu:cpu|reg_file_ram:rfr|port_ram1:r1 ; port_ram1.v     ;
; Altera ; RAM: 2-PORT  ; 20.1    ; N/A          ; N/A          ; |mips_8_v1|cpu:cpu|reg_file_ram:rfr|port_ram1:r2 ; port_ram1.v     ;
; Altera ; RAM: 2-PORT  ; 20.1    ; N/A          ; N/A          ; |mips_8_v1|data:dm                               ; data.v          ;
; Altera ; RAM: 2-PORT  ; 20.1    ; N/A          ; N/A          ; |mips_8_v1|inctructions:im                       ; inctructions.v  ;
+--------+--------------+---------+--------------+--------------+--------------------------------------------------+-----------------+


+--------------------------------------------------------------------------------+
; Registers Removed During Synthesis                                             ;
+---------------------------------------+----------------------------------------+
; Register name                         ; Reason for Removal                     ;
+---------------------------------------+----------------------------------------+
; cpu:cpu|rf_read_addr_1_D[4..7]        ; Stuck at GND due to stuck port data_in ;
; cpu:cpu|rf_read_addr_2_D[4..7]        ; Stuck at GND due to stuck port data_in ;
; Total Number of Removed Registers = 8 ;                                        ;
+---------------------------------------+----------------------------------------+


+------------------------------------------------------+
; General Register Statistics                          ;
+----------------------------------------------+-------+
; Statistic                                    ; Value ;
+----------------------------------------------+-------+
; Total registers                              ; 124   ;
; Number of registers using Synchronous Clear  ; 0     ;
; Number of registers using Synchronous Load   ; 8     ;
; Number of registers using Asynchronous Clear ; 0     ;
; Number of registers using Asynchronous Load  ; 0     ;
; Number of registers using Clock Enable       ; 0     ;
; Number of registers using Preset             ; 0     ;
+----------------------------------------------+-------+


+---------------------------------------------------------------------------------------------------------------------------------------------------------+
; Multiplexer Restructuring Statistics (Restructuring Performed)                                                                                          ;
+--------------------+-----------+---------------+----------------------+------------------------+------------+-------------------------------------------+
; Multiplexer Inputs ; Bus Width ; Baseline Area ; Area if Restructured ; Saving if Restructured ; Registered ; Example Multiplexer Output                ;
+--------------------+-----------+---------------+----------------------+------------------------+------------+-------------------------------------------+
; 3:1                ; 8 bits    ; 16 LEs        ; 16 LEs               ; 0 LEs                  ; Yes        ; |mips_8_v1|cpu:cpu|ip[4]                  ;
; 3:1                ; 8 bits    ; 16 LEs        ; 16 LEs               ; 0 LEs                  ; Yes        ; |mips_8_v1|cpu:cpu|reg_write_data_dm_W[6] ;
; 3:1                ; 4 bits    ; 8 LEs         ; 8 LEs                ; 0 LEs                  ; No         ; |mips_8_v1|cpu:cpu|rf_read_addr_1[3]      ;
; 3:1                ; 8 bits    ; 16 LEs        ; 16 LEs               ; 0 LEs                  ; No         ; |mips_8_v1|cpu:cpu|alu_result[0]          ;
; 3:1                ; 16 bits   ; 32 LEs        ; 16 LEs               ; 16 LEs                 ; No         ; |mips_8_v1|cpu:cpu|write_data_dm[7]       ;
; 4:1                ; 8 bits    ; 16 LEs        ; 16 LEs               ; 0 LEs                  ; No         ; |mips_8_v1|cpu:cpu|rf_data_1[5]           ;
; 4:1                ; 8 bits    ; 16 LEs        ; 16 LEs               ; 0 LEs                  ; No         ; |mips_8_v1|cpu:cpu|rf_data_2[0]           ;
+--------------------+-----------+---------------+----------------------+------------------------+------------+-------------------------------------------+


+-------------------------------------------------------------------------------------------------------+
; Source assignments for inctructions:im|altsyncram:altsyncram_component|altsyncram_2mv1:auto_generated ;
+---------------------------------+--------------------+------+-----------------------------------------+
; Assignment                      ; Value              ; From ; To                                      ;
+---------------------------------+--------------------+------+-----------------------------------------+
; OPTIMIZE_POWER_DURING_SYNTHESIS ; NORMAL_COMPILATION ; -    ; -                                       ;
+---------------------------------+--------------------+------+-----------------------------------------+


+-----------------------------------------------------------------------------------------------------------------------------+
; Source assignments for cpu:cpu|reg_file_ram:rfr|port_ram1:r1|altsyncram:altsyncram_component|altsyncram_4502:auto_generated ;
+---------------------------------+--------------------+------+---------------------------------------------------------------+
; Assignment                      ; Value              ; From ; To                                                            ;
+---------------------------------+--------------------+------+---------------------------------------------------------------+
; OPTIMIZE_POWER_DURING_SYNTHESIS ; NORMAL_COMPILATION ; -    ; -                                                             ;
+---------------------------------+--------------------+------+---------------------------------------------------------------+


+-----------------------------------------------------------------------------------------------------------------------------+
; Source assignments for cpu:cpu|reg_file_ram:rfr|port_ram1:r2|altsyncram:altsyncram_component|altsyncram_4502:auto_generated ;
+---------------------------------+--------------------+------+---------------------------------------------------------------+
; Assignment                      ; Value              ; From ; To                                                            ;
+---------------------------------+--------------------+------+---------------------------------------------------------------+
; OPTIMIZE_POWER_DURING_SYNTHESIS ; NORMAL_COMPILATION ; -    ; -                                                             ;
+---------------------------------+--------------------+------+---------------------------------------------------------------+


+-----------------------------------------------------------------------------------------------+
; Source assignments for data:dm|altsyncram:altsyncram_component|altsyncram_dev1:auto_generated ;
+---------------------------------+--------------------+------+---------------------------------+
; Assignment                      ; Value              ; From ; To                              ;
+---------------------------------+--------------------+------+---------------------------------+
; OPTIMIZE_POWER_DURING_SYNTHESIS ; NORMAL_COMPILATION ; -    ; -                               ;
+---------------------------------+--------------------+------+---------------------------------+


+----------------------------------------------------------------------------------------------+
; Parameter Settings for User Entity Instance: inctructions:im|altsyncram:altsyncram_component ;
+------------------------------------+----------------------+----------------------------------+
; Parameter Name                     ; Value                ; Type                             ;
+------------------------------------+----------------------+----------------------------------+
; BYTE_SIZE_BLOCK                    ; 8                    ; Untyped                          ;
; AUTO_CARRY_CHAINS                  ; ON                   ; AUTO_CARRY                       ;
; IGNORE_CARRY_BUFFERS               ; OFF                  ; IGNORE_CARRY                     ;
; AUTO_CASCADE_CHAINS                ; ON                   ; AUTO_CASCADE                     ;
; IGNORE_CASCADE_BUFFERS             ; OFF                  ; IGNORE_CASCADE                   ;
; WIDTH_BYTEENA                      ; 1                    ; Untyped                          ;
; OPERATION_MODE                     ; DUAL_PORT            ; Untyped                          ;
; WIDTH_A                            ; 32                   ; Signed Integer                   ;
; WIDTHAD_A                          ; 8                    ; Signed Integer                   ;
; NUMWORDS_A                         ; 256                  ; Signed Integer                   ;
; OUTDATA_REG_A                      ; UNREGISTERED         ; Untyped                          ;
; ADDRESS_ACLR_A                     ; NONE                 ; Untyped                          ;
; OUTDATA_ACLR_A                     ; NONE                 ; Untyped                          ;
; WRCONTROL_ACLR_A                   ; NONE                 ; Untyped                          ;
; INDATA_ACLR_A                      ; NONE                 ; Untyped                          ;
; BYTEENA_ACLR_A                     ; NONE                 ; Untyped                          ;
; WIDTH_B                            ; 32                   ; Signed Integer                   ;
; WIDTHAD_B                          ; 8                    ; Signed Integer                   ;
; NUMWORDS_B                         ; 256                  ; Signed Integer                   ;
; INDATA_REG_B                       ; CLOCK1               ; Untyped                          ;
; WRCONTROL_WRADDRESS_REG_B          ; CLOCK1               ; Untyped                          ;
; RDCONTROL_REG_B                    ; CLOCK0               ; Untyped                          ;
; ADDRESS_REG_B                      ; CLOCK0               ; Untyped                          ;
; OUTDATA_REG_B                      ; UNREGISTERED         ; Untyped                          ;
; BYTEENA_REG_B                      ; CLOCK1               ; Untyped                          ;
; INDATA_ACLR_B                      ; NONE                 ; Untyped                          ;
; WRCONTROL_ACLR_B                   ; NONE                 ; Untyped                          ;
; ADDRESS_ACLR_B                     ; NONE                 ; Untyped                          ;
; OUTDATA_ACLR_B                     ; NONE                 ; Untyped                          ;
; RDCONTROL_ACLR_B                   ; NONE                 ; Untyped                          ;
; BYTEENA_ACLR_B                     ; NONE                 ; Untyped                          ;
; WIDTH_BYTEENA_A                    ; 1                    ; Signed Integer                   ;
; WIDTH_BYTEENA_B                    ; 1                    ; Untyped                          ;
; RAM_BLOCK_TYPE                     ; M9K                  ; Untyped                          ;
; BYTE_SIZE                          ; 8                    ; Untyped                          ;
; READ_DURING_WRITE_MODE_MIXED_PORTS ; OLD_DATA             ; Untyped                          ;
; READ_DURING_WRITE_MODE_PORT_A      ; NEW_DATA_NO_NBE_READ ; Untyped                          ;
; READ_DURING_WRITE_MODE_PORT_B      ; NEW_DATA_NO_NBE_READ ; Untyped                          ;
; INIT_FILE                          ; instructions.mif     ; Untyped                          ;
; INIT_FILE_LAYOUT                   ; PORT_A               ; Untyped                          ;
; MAXIMUM_DEPTH                      ; 0                    ; Untyped                          ;
; CLOCK_ENABLE_INPUT_A               ; BYPASS               ; Untyped                          ;
; CLOCK_ENABLE_INPUT_B               ; BYPASS               ; Untyped                          ;
; CLOCK_ENABLE_OUTPUT_A              ; NORMAL               ; Untyped                          ;
; CLOCK_ENABLE_OUTPUT_B              ; BYPASS               ; Untyped                          ;
; CLOCK_ENABLE_CORE_A                ; USE_INPUT_CLKEN      ; Untyped                          ;
; CLOCK_ENABLE_CORE_B                ; USE_INPUT_CLKEN      ; Untyped                          ;
; ENABLE_ECC                         ; FALSE                ; Untyped                          ;
; ECC_PIPELINE_STAGE_ENABLED         ; FALSE                ; Untyped                          ;
; WIDTH_ECCSTATUS                    ; 3                    ; Untyped                          ;
; DEVICE_FAMILY                      ; Cyclone IV E         ; Untyped                          ;
; CBXI_PARAMETER                     ; altsyncram_2mv1      ; Untyped                          ;
+------------------------------------+----------------------+----------------------------------+
Note: In order to hide this table in the UI and the text report file, please set the "Show Parameter Settings in Synthesis Report" option in "Analysis and Synthesis Settings -> More Settings" to "Off".


+--------------------------------------------------------------------------------------------------------------------+
; Parameter Settings for User Entity Instance: cpu:cpu|reg_file_ram:rfr|port_ram1:r1|altsyncram:altsyncram_component ;
+------------------------------------+----------------------+--------------------------------------------------------+
; Parameter Name                     ; Value                ; Type                                                   ;
+------------------------------------+----------------------+--------------------------------------------------------+
; BYTE_SIZE_BLOCK                    ; 8                    ; Untyped                                                ;
; AUTO_CARRY_CHAINS                  ; ON                   ; AUTO_CARRY                                             ;
; IGNORE_CARRY_BUFFERS               ; OFF                  ; IGNORE_CARRY                                           ;
; AUTO_CASCADE_CHAINS                ; ON                   ; AUTO_CASCADE                                           ;
; IGNORE_CASCADE_BUFFERS             ; OFF                  ; IGNORE_CASCADE                                         ;
; WIDTH_BYTEENA                      ; 1                    ; Untyped                                                ;
; OPERATION_MODE                     ; DUAL_PORT            ; Untyped                                                ;
; WIDTH_A                            ; 8                    ; Signed Integer                                         ;
; WIDTHAD_A                          ; 4                    ; Signed Integer                                         ;
; NUMWORDS_A                         ; 16                   ; Signed Integer                                         ;
; OUTDATA_REG_A                      ; UNREGISTERED         ; Untyped                                                ;
; ADDRESS_ACLR_A                     ; NONE                 ; Untyped                                                ;
; OUTDATA_ACLR_A                     ; NONE                 ; Untyped                                                ;
; WRCONTROL_ACLR_A                   ; NONE                 ; Untyped                                                ;
; INDATA_ACLR_A                      ; NONE                 ; Untyped                                                ;
; BYTEENA_ACLR_A                     ; NONE                 ; Untyped                                                ;
; WIDTH_B                            ; 8                    ; Signed Integer                                         ;
; WIDTHAD_B                          ; 4                    ; Signed Integer                                         ;
; NUMWORDS_B                         ; 16                   ; Signed Integer                                         ;
; INDATA_REG_B                       ; CLOCK1               ; Untyped                                                ;
; WRCONTROL_WRADDRESS_REG_B          ; CLOCK1               ; Untyped                                                ;
; RDCONTROL_REG_B                    ; CLOCK0               ; Untyped                                                ;
; ADDRESS_REG_B                      ; CLOCK0               ; Untyped                                                ;
; OUTDATA_REG_B                      ; UNREGISTERED         ; Untyped                                                ;
; BYTEENA_REG_B                      ; CLOCK1               ; Untyped                                                ;
; INDATA_ACLR_B                      ; NONE                 ; Untyped                                                ;
; WRCONTROL_ACLR_B                   ; NONE                 ; Untyped                                                ;
; ADDRESS_ACLR_B                     ; CLEAR0               ; Untyped                                                ;
; OUTDATA_ACLR_B                     ; CLEAR0               ; Untyped                                                ;
; RDCONTROL_ACLR_B                   ; NONE                 ; Untyped                                                ;
; BYTEENA_ACLR_B                     ; NONE                 ; Untyped                                                ;
; WIDTH_BYTEENA_A                    ; 1                    ; Signed Integer                                         ;
; WIDTH_BYTEENA_B                    ; 1                    ; Untyped                                                ;
; RAM_BLOCK_TYPE                     ; M9K                  ; Untyped                                                ;
; BYTE_SIZE                          ; 8                    ; Untyped                                                ;
; READ_DURING_WRITE_MODE_MIXED_PORTS ; OLD_DATA             ; Untyped                                                ;
; READ_DURING_WRITE_MODE_PORT_A      ; NEW_DATA_NO_NBE_READ ; Untyped                                                ;
; READ_DURING_WRITE_MODE_PORT_B      ; NEW_DATA_NO_NBE_READ ; Untyped                                                ;
; INIT_FILE                          ; reg_file_ram.hex     ; Untyped                                                ;
; INIT_FILE_LAYOUT                   ; PORT_A               ; Untyped                                                ;
; MAXIMUM_DEPTH                      ; 0                    ; Untyped                                                ;
; CLOCK_ENABLE_INPUT_A               ; BYPASS               ; Untyped                                                ;
; CLOCK_ENABLE_INPUT_B               ; BYPASS               ; Untyped                                                ;
; CLOCK_ENABLE_OUTPUT_A              ; NORMAL               ; Untyped                                                ;
; CLOCK_ENABLE_OUTPUT_B              ; BYPASS               ; Untyped                                                ;
; CLOCK_ENABLE_CORE_A                ; USE_INPUT_CLKEN      ; Untyped                                                ;
; CLOCK_ENABLE_CORE_B                ; USE_INPUT_CLKEN      ; Untyped                                                ;
; ENABLE_ECC                         ; FALSE                ; Untyped                                                ;
; ECC_PIPELINE_STAGE_ENABLED         ; FALSE                ; Untyped                                                ;
; WIDTH_ECCSTATUS                    ; 3                    ; Untyped                                                ;
; DEVICE_FAMILY                      ; Cyclone IV E         ; Untyped                                                ;
; CBXI_PARAMETER                     ; altsyncram_4502      ; Untyped                                                ;
+------------------------------------+----------------------+--------------------------------------------------------+
Note: In order to hide this table in the UI and the text report file, please set the "Show Parameter Settings in Synthesis Report" option in "Analysis and Synthesis Settings -> More Settings" to "Off".


+--------------------------------------------------------------------------------------------------------------------+
; Parameter Settings for User Entity Instance: cpu:cpu|reg_file_ram:rfr|port_ram1:r2|altsyncram:altsyncram_component ;
+------------------------------------+----------------------+--------------------------------------------------------+
; Parameter Name                     ; Value                ; Type                                                   ;
+------------------------------------+----------------------+--------------------------------------------------------+
; BYTE_SIZE_BLOCK                    ; 8                    ; Untyped                                                ;
; AUTO_CARRY_CHAINS                  ; ON                   ; AUTO_CARRY                                             ;
; IGNORE_CARRY_BUFFERS               ; OFF                  ; IGNORE_CARRY                                           ;
; AUTO_CASCADE_CHAINS                ; ON                   ; AUTO_CASCADE                                           ;
; IGNORE_CASCADE_BUFFERS             ; OFF                  ; IGNORE_CASCADE                                         ;
; WIDTH_BYTEENA                      ; 1                    ; Untyped                                                ;
; OPERATION_MODE                     ; DUAL_PORT            ; Untyped                                                ;
; WIDTH_A                            ; 8                    ; Signed Integer                                         ;
; WIDTHAD_A                          ; 4                    ; Signed Integer                                         ;
; NUMWORDS_A                         ; 16                   ; Signed Integer                                         ;
; OUTDATA_REG_A                      ; UNREGISTERED         ; Untyped                                                ;
; ADDRESS_ACLR_A                     ; NONE                 ; Untyped                                                ;
; OUTDATA_ACLR_A                     ; NONE                 ; Untyped                                                ;
; WRCONTROL_ACLR_A                   ; NONE                 ; Untyped                                                ;
; INDATA_ACLR_A                      ; NONE                 ; Untyped                                                ;
; BYTEENA_ACLR_A                     ; NONE                 ; Untyped                                                ;
; WIDTH_B                            ; 8                    ; Signed Integer                                         ;
; WIDTHAD_B                          ; 4                    ; Signed Integer                                         ;
; NUMWORDS_B                         ; 16                   ; Signed Integer                                         ;
; INDATA_REG_B                       ; CLOCK1               ; Untyped                                                ;
; WRCONTROL_WRADDRESS_REG_B          ; CLOCK1               ; Untyped                                                ;
; RDCONTROL_REG_B                    ; CLOCK0               ; Untyped                                                ;
; ADDRESS_REG_B                      ; CLOCK0               ; Untyped                                                ;
; OUTDATA_REG_B                      ; UNREGISTERED         ; Untyped                                                ;
; BYTEENA_REG_B                      ; CLOCK1               ; Untyped                                                ;
; INDATA_ACLR_B                      ; NONE                 ; Untyped                                                ;
; WRCONTROL_ACLR_B                   ; NONE                 ; Untyped                                                ;
; ADDRESS_ACLR_B                     ; CLEAR0               ; Untyped                                                ;
; OUTDATA_ACLR_B                     ; CLEAR0               ; Untyped                                                ;
; RDCONTROL_ACLR_B                   ; NONE                 ; Untyped                                                ;
; BYTEENA_ACLR_B                     ; NONE                 ; Untyped                                                ;
; WIDTH_BYTEENA_A                    ; 1                    ; Signed Integer                                         ;
; WIDTH_BYTEENA_B                    ; 1                    ; Untyped                                                ;
; RAM_BLOCK_TYPE                     ; M9K                  ; Untyped                                                ;
; BYTE_SIZE                          ; 8                    ; Untyped                                                ;
; READ_DURING_WRITE_MODE_MIXED_PORTS ; OLD_DATA             ; Untyped                                                ;
; READ_DURING_WRITE_MODE_PORT_A      ; NEW_DATA_NO_NBE_READ ; Untyped                                                ;
; READ_DURING_WRITE_MODE_PORT_B      ; NEW_DATA_NO_NBE_READ ; Untyped                                                ;
; INIT_FILE                          ; reg_file_ram.hex     ; Untyped                                                ;
; INIT_FILE_LAYOUT                   ; PORT_A               ; Untyped                                                ;
; MAXIMUM_DEPTH                      ; 0                    ; Untyped                                                ;
; CLOCK_ENABLE_INPUT_A               ; BYPASS               ; Untyped                                                ;
; CLOCK_ENABLE_INPUT_B               ; BYPASS               ; Untyped                                                ;
; CLOCK_ENABLE_OUTPUT_A              ; NORMAL               ; Untyped                                                ;
; CLOCK_ENABLE_OUTPUT_B              ; BYPASS               ; Untyped                                                ;
; CLOCK_ENABLE_CORE_A                ; USE_INPUT_CLKEN      ; Untyped                                                ;
; CLOCK_ENABLE_CORE_B                ; USE_INPUT_CLKEN      ; Untyped                                                ;
; ENABLE_ECC                         ; FALSE                ; Untyped                                                ;
; ECC_PIPELINE_STAGE_ENABLED         ; FALSE                ; Untyped                                                ;
; WIDTH_ECCSTATUS                    ; 3                    ; Untyped                                                ;
; DEVICE_FAMILY                      ; Cyclone IV E         ; Untyped                                                ;
; CBXI_PARAMETER                     ; altsyncram_4502      ; Untyped                                                ;
+------------------------------------+----------------------+--------------------------------------------------------+
Note: In order to hide this table in the UI and the text report file, please set the "Show Parameter Settings in Synthesis Report" option in "Analysis and Synthesis Settings -> More Settings" to "Off".


+--------------------------------------------------------------------------------------+
; Parameter Settings for User Entity Instance: data:dm|altsyncram:altsyncram_component ;
+------------------------------------+----------------------+--------------------------+
; Parameter Name                     ; Value                ; Type                     ;
+------------------------------------+----------------------+--------------------------+
; BYTE_SIZE_BLOCK                    ; 8                    ; Untyped                  ;
; AUTO_CARRY_CHAINS                  ; ON                   ; AUTO_CARRY               ;
; IGNORE_CARRY_BUFFERS               ; OFF                  ; IGNORE_CARRY             ;
; AUTO_CASCADE_CHAINS                ; ON                   ; AUTO_CASCADE             ;
; IGNORE_CASCADE_BUFFERS             ; OFF                  ; IGNORE_CASCADE           ;
; WIDTH_BYTEENA                      ; 1                    ; Untyped                  ;
; OPERATION_MODE                     ; DUAL_PORT            ; Untyped                  ;
; WIDTH_A                            ; 8                    ; Signed Integer           ;
; WIDTHAD_A                          ; 8                    ; Signed Integer           ;
; NUMWORDS_A                         ; 256                  ; Signed Integer           ;
; OUTDATA_REG_A                      ; UNREGISTERED         ; Untyped                  ;
; ADDRESS_ACLR_A                     ; NONE                 ; Untyped                  ;
; OUTDATA_ACLR_A                     ; NONE                 ; Untyped                  ;
; WRCONTROL_ACLR_A                   ; NONE                 ; Untyped                  ;
; INDATA_ACLR_A                      ; NONE                 ; Untyped                  ;
; BYTEENA_ACLR_A                     ; NONE                 ; Untyped                  ;
; WIDTH_B                            ; 8                    ; Signed Integer           ;
; WIDTHAD_B                          ; 8                    ; Signed Integer           ;
; NUMWORDS_B                         ; 256                  ; Signed Integer           ;
; INDATA_REG_B                       ; CLOCK1               ; Untyped                  ;
; WRCONTROL_WRADDRESS_REG_B          ; CLOCK1               ; Untyped                  ;
; RDCONTROL_REG_B                    ; CLOCK0               ; Untyped                  ;
; ADDRESS_REG_B                      ; CLOCK0               ; Untyped                  ;
; OUTDATA_REG_B                      ; UNREGISTERED         ; Untyped                  ;
; BYTEENA_REG_B                      ; CLOCK1               ; Untyped                  ;
; INDATA_ACLR_B                      ; NONE                 ; Untyped                  ;
; WRCONTROL_ACLR_B                   ; NONE                 ; Untyped                  ;
; ADDRESS_ACLR_B                     ; CLEAR0               ; Untyped                  ;
; OUTDATA_ACLR_B                     ; CLEAR0               ; Untyped                  ;
; RDCONTROL_ACLR_B                   ; NONE                 ; Untyped                  ;
; BYTEENA_ACLR_B                     ; NONE                 ; Untyped                  ;
; WIDTH_BYTEENA_A                    ; 1                    ; Signed Integer           ;
; WIDTH_BYTEENA_B                    ; 1                    ; Untyped                  ;
; RAM_BLOCK_TYPE                     ; M9K                  ; Untyped                  ;
; BYTE_SIZE                          ; 8                    ; Untyped                  ;
; READ_DURING_WRITE_MODE_MIXED_PORTS ; OLD_DATA             ; Untyped                  ;
; READ_DURING_WRITE_MODE_PORT_A      ; NEW_DATA_NO_NBE_READ ; Untyped                  ;
; READ_DURING_WRITE_MODE_PORT_B      ; NEW_DATA_NO_NBE_READ ; Untyped                  ;
; INIT_FILE                          ; data.mif             ; Untyped                  ;
; INIT_FILE_LAYOUT                   ; PORT_A               ; Untyped                  ;
; MAXIMUM_DEPTH                      ; 0                    ; Untyped                  ;
; CLOCK_ENABLE_INPUT_A               ; BYPASS               ; Untyped                  ;
; CLOCK_ENABLE_INPUT_B               ; BYPASS               ; Untyped                  ;
; CLOCK_ENABLE_OUTPUT_A              ; NORMAL               ; Untyped                  ;
; CLOCK_ENABLE_OUTPUT_B              ; BYPASS               ; Untyped                  ;
; CLOCK_ENABLE_CORE_A                ; USE_INPUT_CLKEN      ; Untyped                  ;
; CLOCK_ENABLE_CORE_B                ; USE_INPUT_CLKEN      ; Untyped                  ;
; ENABLE_ECC                         ; FALSE                ; Untyped                  ;
; ECC_PIPELINE_STAGE_ENABLED         ; FALSE                ; Untyped                  ;
; WIDTH_ECCSTATUS                    ; 3                    ; Untyped                  ;
; DEVICE_FAMILY                      ; Cyclone IV E         ; Untyped                  ;
; CBXI_PARAMETER                     ; altsyncram_dev1      ; Untyped                  ;
+------------------------------------+----------------------+--------------------------+
Note: In order to hide this table in the UI and the text report file, please set the "Show Parameter Settings in Synthesis Report" option in "Analysis and Synthesis Settings -> More Settings" to "Off".


+-------------------------------------------------------------------------------------------------------------------+
; altsyncram Parameter Settings by Entity Instance                                                                  ;
+-------------------------------------------+-----------------------------------------------------------------------+
; Name                                      ; Value                                                                 ;
+-------------------------------------------+-----------------------------------------------------------------------+
; Number of entity instances                ; 4                                                                     ;
; Entity Instance                           ; inctructions:im|altsyncram:altsyncram_component                       ;
;     -- OPERATION_MODE                     ; DUAL_PORT                                                             ;
;     -- WIDTH_A                            ; 32                                                                    ;
;     -- NUMWORDS_A                         ; 256                                                                   ;
;     -- OUTDATA_REG_A                      ; UNREGISTERED                                                          ;
;     -- WIDTH_B                            ; 32                                                                    ;
;     -- NUMWORDS_B                         ; 256                                                                   ;
;     -- ADDRESS_REG_B                      ; CLOCK0                                                                ;
;     -- OUTDATA_REG_B                      ; UNREGISTERED                                                          ;
;     -- RAM_BLOCK_TYPE                     ; M9K                                                                   ;
;     -- READ_DURING_WRITE_MODE_MIXED_PORTS ; OLD_DATA                                                              ;
; Entity Instance                           ; cpu:cpu|reg_file_ram:rfr|port_ram1:r1|altsyncram:altsyncram_component ;
;     -- OPERATION_MODE                     ; DUAL_PORT                                                             ;
;     -- WIDTH_A                            ; 8                                                                     ;
;     -- NUMWORDS_A                         ; 16                                                                    ;
;     -- OUTDATA_REG_A                      ; UNREGISTERED                                                          ;
;     -- WIDTH_B                            ; 8                                                                     ;
;     -- NUMWORDS_B                         ; 16                                                                    ;
;     -- ADDRESS_REG_B                      ; CLOCK0                                                                ;
;     -- OUTDATA_REG_B                      ; UNREGISTERED                                                          ;
;     -- RAM_BLOCK_TYPE                     ; M9K                                                                   ;
;     -- READ_DURING_WRITE_MODE_MIXED_PORTS ; OLD_DATA                                                              ;
; Entity Instance                           ; cpu:cpu|reg_file_ram:rfr|port_ram1:r2|altsyncram:altsyncram_component ;
;     -- OPERATION_MODE                     ; DUAL_PORT                                                             ;
;     -- WIDTH_A                            ; 8                                                                     ;
;     -- NUMWORDS_A                         ; 16                                                                    ;
;     -- OUTDATA_REG_A                      ; UNREGISTERED                                                          ;
;     -- WIDTH_B                            ; 8                                                                     ;
;     -- NUMWORDS_B                         ; 16                                                                    ;
;     -- ADDRESS_REG_B                      ; CLOCK0                                                                ;
;     -- OUTDATA_REG_B                      ; UNREGISTERED                                                          ;
;     -- RAM_BLOCK_TYPE                     ; M9K                                                                   ;
;     -- READ_DURING_WRITE_MODE_MIXED_PORTS ; OLD_DATA                                                              ;
; Entity Instance                           ; data:dm|altsyncram:altsyncram_component                               ;
;     -- OPERATION_MODE                     ; DUAL_PORT                                                             ;
;     -- WIDTH_A                            ; 8                                                                     ;
;     -- NUMWORDS_A                         ; 256                                                                   ;
;     -- OUTDATA_REG_A                      ; UNREGISTERED                                                          ;
;     -- WIDTH_B                            ; 8                                                                     ;
;     -- NUMWORDS_B                         ; 256                                                                   ;
;     -- ADDRESS_REG_B                      ; CLOCK0                                                                ;
;     -- OUTDATA_REG_B                      ; UNREGISTERED                                                          ;
;     -- RAM_BLOCK_TYPE                     ; M9K                                                                   ;
;     -- READ_DURING_WRITE_MODE_MIXED_PORTS ; OLD_DATA                                                              ;
+-------------------------------------------+-----------------------------------------------------------------------+


+------------------------------------------------------+
; Port Connectivity Checks: "cpu:cpu|reg_file_ram:rfr" ;
+--------+-------+----------+--------------------------+
; Port   ; Type  ; Severity ; Details                  ;
+--------+-------+----------+--------------------------+
; rden_2 ; Input ; Info     ; Stuck at VCC             ;
+--------+-------+----------+--------------------------+


+-----------------------------------------+
; Port Connectivity Checks: "cpu:cpu"     ;
+-------+-------+----------+--------------+
; Port  ; Type  ; Severity ; Details      ;
+-------+-------+----------+--------------+
; reset ; Input ; Info     ; Stuck at GND ;
+-------+-------+----------+--------------+


+-----------------------------------------------------+
; Post-Synthesis Netlist Statistics for Top Partition ;
+-----------------------+-----------------------------+
; Type                  ; Count                       ;
+-----------------------+-----------------------------+
; boundary_port         ; 33                          ;
; cycloneiii_ff         ; 124                         ;
;     SLD               ; 8                           ;
;     plain             ; 116                         ;
; cycloneiii_lcell_comb ; 193                         ;
;     arith             ; 28                          ;
;         2 data inputs ; 7                           ;
;         3 data inputs ; 21                          ;
;     normal            ; 165                         ;
;         0 data inputs ; 1                           ;
;         1 data inputs ; 1                           ;
;         2 data inputs ; 17                          ;
;         3 data inputs ; 31                          ;
;         4 data inputs ; 115                         ;
; cycloneiii_ram_block  ; 56                          ;
;                       ;                             ;
; Max LUT depth         ; 8.00                        ;
; Average LUT depth     ; 4.78                        ;
+-----------------------+-----------------------------+


+-------------------------------+
; Elapsed Time Per Partition    ;
+----------------+--------------+
; Partition Name ; Elapsed Time ;
+----------------+--------------+
; Top            ; 00:00:02     ;
+----------------+--------------+


+-------------------------------+
; Analysis & Synthesis Messages ;
+-------------------------------+
Info: *******************************************************************
Info: Running Quartus Prime Analysis & Synthesis
    Info: Version 20.1.1 Build 720 11/11/2020 SJ Lite Edition
    Info: Processing started: Thu Jun 03 17:30:52 2021
Info: Command: quartus_map --read_settings_files=on --write_settings_files=off mips_8_v1 -c mips_8_v1
Info (20032): Parallel compilation is enabled and will use up to 4 processors
Info (12021): Found 1 design units, including 1 entities, in source file reg_file_ram.v
    Info (12023): Found entity 1: reg_file_ram File: D:/QuartusProject/mips_32/mips_32/reg_file_ram.v Line: 1
Info (12021): Found 1 design units, including 1 entities, in source file mips_8_v1.v
    Info (12023): Found entity 1: mips_8_v1 File: D:/QuartusProject/mips_32/mips_32/mips_8_v1.v Line: 1
Info (12021): Found 1 design units, including 1 entities, in source file inctructions.v
    Info (12023): Found entity 1: inctructions File: D:/QuartusProject/mips_32/mips_32/inctructions.v Line: 40
Info (12021): Found 1 design units, including 1 entities, in source file data.v
    Info (12023): Found entity 1: data File: D:/QuartusProject/mips_32/mips_32/data.v Line: 40
Info (12021): Found 1 design units, including 1 entities, in source file cpu.v
    Info (12023): Found entity 1: cpu File: D:/QuartusProject/mips_32/mips_32/cpu.v Line: 1
Info (12021): Found 1 design units, including 1 entities, in source file port_ram1.v
    Info (12023): Found entity 1: port_ram1 File: D:/QuartusProject/mips_32/mips_32/port_ram1.v Line: 40
Info (12021): Found 1 design units, including 1 entities, in source file tb_ram_file.v
    Info (12023): Found entity 1: tb_ram_file File: D:/QuartusProject/mips_32/mips_32/tb_ram_file.v Line: 2
Info (12127): Elaborating entity "mips_8_v1" for the top level hierarchy
Info (12128): Elaborating entity "inctructions" for hierarchy "inctructions:im" File: D:/QuartusProject/mips_32/mips_32/mips_8_v1.v Line: 32
Info (12128): Elaborating entity "altsyncram" for hierarchy "inctructions:im|altsyncram:altsyncram_component" File: D:/QuartusProject/mips_32/mips_32/inctructions.v Line: 92
Info (12130): Elaborated megafunction instantiation "inctructions:im|altsyncram:altsyncram_component" File: D:/QuartusProject/mips_32/mips_32/inctructions.v Line: 92
Info (12133): Instantiated megafunction "inctructions:im|altsyncram:altsyncram_component" with the following parameter: File: D:/QuartusProject/mips_32/mips_32/inctructions.v Line: 92
    Info (12134): Parameter "address_aclr_b" = "NONE"
    Info (12134): Parameter "address_reg_b" = "CLOCK0"
    Info (12134): Parameter "clock_enable_input_a" = "BYPASS"
    Info (12134): Parameter "clock_enable_input_b" = "BYPASS"
    Info (12134): Parameter "clock_enable_output_b" = "BYPASS"
    Info (12134): Parameter "init_file" = "instructions.mif"
    Info (12134): Parameter "intended_device_family" = "Cyclone IV E"
    Info (12134): Parameter "lpm_type" = "altsyncram"
    Info (12134): Parameter "numwords_a" = "256"
    Info (12134): Parameter "numwords_b" = "256"
    Info (12134): Parameter "operation_mode" = "DUAL_PORT"
    Info (12134): Parameter "outdata_aclr_b" = "NONE"
    Info (12134): Parameter "outdata_reg_b" = "UNREGISTERED"
    Info (12134): Parameter "power_up_uninitialized" = "FALSE"
    Info (12134): Parameter "ram_block_type" = "M9K"
    Info (12134): Parameter "rdcontrol_reg_b" = "CLOCK0"
    Info (12134): Parameter "read_during_write_mode_mixed_ports" = "OLD_DATA"
    Info (12134): Parameter "widthad_a" = "8"
    Info (12134): Parameter "widthad_b" = "8"
    Info (12134): Parameter "width_a" = "32"
    Info (12134): Parameter "width_b" = "32"
    Info (12134): Parameter "width_byteena_a" = "1"
Info (12021): Found 1 design units, including 1 entities, in source file db/altsyncram_2mv1.tdf
    Info (12023): Found entity 1: altsyncram_2mv1 File: D:/QuartusProject/mips_32/mips_32/db/altsyncram_2mv1.tdf Line: 28
Info (12128): Elaborating entity "altsyncram_2mv1" for hierarchy "inctructions:im|altsyncram:altsyncram_component|altsyncram_2mv1:auto_generated" File: d:/program/intelfpga_lite/20.1/quartus/libraries/megafunctions/altsyncram.tdf Line: 792
Info (12128): Elaborating entity "cpu" for hierarchy "cpu:cpu" File: D:/QuartusProject/mips_32/mips_32/mips_8_v1.v Line: 49
Warning (10230): Verilog HDL assignment warning at cpu.v(118): truncated value with size 8 to match size of target (4) File: D:/QuartusProject/mips_32/mips_32/cpu.v Line: 118
Info (12128): Elaborating entity "reg_file_ram" for hierarchy "cpu:cpu|reg_file_ram:rfr" File: D:/QuartusProject/mips_32/mips_32/cpu.v Line: 202
Info (12128): Elaborating entity "port_ram1" for hierarchy "cpu:cpu|reg_file_ram:rfr|port_ram1:r1" File: D:/QuartusProject/mips_32/mips_32/reg_file_ram.v Line: 22
Info (12128): Elaborating entity "altsyncram" for hierarchy "cpu:cpu|reg_file_ram:rfr|port_ram1:r1|altsyncram:altsyncram_component" File: D:/QuartusProject/mips_32/mips_32/port_ram1.v Line: 95
Info (12130): Elaborated megafunction instantiation "cpu:cpu|reg_file_ram:rfr|port_ram1:r1|altsyncram:altsyncram_component" File: D:/QuartusProject/mips_32/mips_32/port_ram1.v Line: 95
Info (12133): Instantiated megafunction "cpu:cpu|reg_file_ram:rfr|port_ram1:r1|altsyncram:altsyncram_component" with the following parameter: File: D:/QuartusProject/mips_32/mips_32/port_ram1.v Line: 95
    Info (12134): Parameter "address_aclr_b" = "CLEAR0"
    Info (12134): Parameter "address_reg_b" = "CLOCK0"
    Info (12134): Parameter "clock_enable_input_a" = "BYPASS"
    Info (12134): Parameter "clock_enable_input_b" = "BYPASS"
    Info (12134): Parameter "clock_enable_output_b" = "BYPASS"
    Info (12134): Parameter "init_file" = "reg_file_ram.hex"
    Info (12134): Parameter "intended_device_family" = "Cyclone IV E"
    Info (12134): Parameter "lpm_type" = "altsyncram"
    Info (12134): Parameter "numwords_a" = "16"
    Info (12134): Parameter "numwords_b" = "16"
    Info (12134): Parameter "operation_mode" = "DUAL_PORT"
    Info (12134): Parameter "outdata_aclr_b" = "CLEAR0"
    Info (12134): Parameter "outdata_reg_b" = "UNREGISTERED"
    Info (12134): Parameter "power_up_uninitialized" = "FALSE"
    Info (12134): Parameter "ram_block_type" = "M9K"
    Info (12134): Parameter "rdcontrol_reg_b" = "CLOCK0"
    Info (12134): Parameter "read_during_write_mode_mixed_ports" = "OLD_DATA"
    Info (12134): Parameter "widthad_a" = "4"
    Info (12134): Parameter "widthad_b" = "4"
    Info (12134): Parameter "width_a" = "8"
    Info (12134): Parameter "width_b" = "8"
    Info (12134): Parameter "width_byteena_a" = "1"
Info (12021): Found 1 design units, including 1 entities, in source file db/altsyncram_4502.tdf
    Info (12023): Found entity 1: altsyncram_4502 File: D:/QuartusProject/mips_32/mips_32/db/altsyncram_4502.tdf Line: 28
Info (12128): Elaborating entity "altsyncram_4502" for hierarchy "cpu:cpu|reg_file_ram:rfr|port_ram1:r1|altsyncram:altsyncram_component|altsyncram_4502:auto_generated" File: d:/program/intelfpga_lite/20.1/quartus/libraries/megafunctions/altsyncram.tdf Line: 792
Info (12128): Elaborating entity "data" for hierarchy "data:dm" File: D:/QuartusProject/mips_32/mips_32/mips_8_v1.v Line: 62
Info (12128): Elaborating entity "altsyncram" for hierarchy "data:dm|altsyncram:altsyncram_component" File: D:/QuartusProject/mips_32/mips_32/data.v Line: 95
Info (12130): Elaborated megafunction instantiation "data:dm|altsyncram:altsyncram_component" File: D:/QuartusProject/mips_32/mips_32/data.v Line: 95
Info (12133): Instantiated megafunction "data:dm|altsyncram:altsyncram_component" with the following parameter: File: D:/QuartusProject/mips_32/mips_32/data.v Line: 95
    Info (12134): Parameter "address_aclr_b" = "CLEAR0"
    Info (12134): Parameter "address_reg_b" = "CLOCK0"
    Info (12134): Parameter "clock_enable_input_a" = "BYPASS"
    Info (12134): Parameter "clock_enable_input_b" = "BYPASS"
    Info (12134): Parameter "clock_enable_output_b" = "BYPASS"
    Info (12134): Parameter "init_file" = "data.mif"
    Info (12134): Parameter "intended_device_family" = "Cyclone IV E"
    Info (12134): Parameter "lpm_type" = "altsyncram"
    Info (12134): Parameter "numwords_a" = "256"
    Info (12134): Parameter "numwords_b" = "256"
    Info (12134): Parameter "operation_mode" = "DUAL_PORT"
    Info (12134): Parameter "outdata_aclr_b" = "CLEAR0"
    Info (12134): Parameter "outdata_reg_b" = "UNREGISTERED"
    Info (12134): Parameter "power_up_uninitialized" = "FALSE"
    Info (12134): Parameter "ram_block_type" = "M9K"
    Info (12134): Parameter "rdcontrol_reg_b" = "CLOCK0"
    Info (12134): Parameter "read_during_write_mode_mixed_ports" = "OLD_DATA"
    Info (12134): Parameter "widthad_a" = "8"
    Info (12134): Parameter "widthad_b" = "8"
    Info (12134): Parameter "width_a" = "8"
    Info (12134): Parameter "width_b" = "8"
    Info (12134): Parameter "width_byteena_a" = "1"
Info (12021): Found 1 design units, including 1 entities, in source file db/altsyncram_dev1.tdf
    Info (12023): Found entity 1: altsyncram_dev1 File: D:/QuartusProject/mips_32/mips_32/db/altsyncram_dev1.tdf Line: 28
Info (12128): Elaborating entity "altsyncram_dev1" for hierarchy "data:dm|altsyncram:altsyncram_component|altsyncram_dev1:auto_generated" File: d:/program/intelfpga_lite/20.1/quartus/libraries/megafunctions/altsyncram.tdf Line: 792
Info (286030): Timing-Driven Synthesis is running
Info (16010): Generating hard_block partition "hard_block:auto_generated_inst"
    Info (16011): Adding 0 node(s), including 0 DDIO, 0 PLL, 0 transceiver and 0 LCELL
Info (21057): Implemented 350 device resources after synthesis - the final resource count might be different
    Info (21058): Implemented 1 input pins
    Info (21059): Implemented 32 output pins
    Info (21061): Implemented 261 logic cells
    Info (21064): Implemented 56 RAM segments
Info: Quartus Prime Analysis & Synthesis was successful. 0 errors, 1 warning
    Info: Peak virtual memory: 4806 megabytes
    Info: Processing ended: Thu Jun 03 17:31:30 2021
    Info: Elapsed time: 00:00:38
    Info: Total CPU time (on all processors): 00:01:24


