

================================================================
== Synthesis Summary Report of 'lab3_z2'
================================================================
+ General Information: 
    * Date:           Wed Nov 23 07:32:22 2022
    * Version:        2021.2 (Build 3367213 on Tue Oct 19 02:48:09 MDT 2021)
    * Project:        lab3_z2
    * Solution:       ex_sol3 (Vivado IP Flow Target)
    * Product family: artix7
    * Target device:  xa7a12t-csg325-1Q
    

+ Performance & Resource Estimates: 
    
    PS: '+' for module; 'o' for loop; '*' for dataflow
    +-------------------+------+------+---------+-----------+----------+---------+------+----------+------+----+----------+----------+-----+
    |      Modules      | Issue|      | Latency |  Latency  | Iteration|         | Trip |          |      |    |          |          |     |
    |      & Loops      | Type | Slack| (cycles)|    (ns)   |  Latency | Interval| Count| Pipelined| BRAM | DSP|    FF    |    LUT   | URAM|
    +-------------------+------+------+---------+-----------+----------+---------+------+----------+------+----+----------+----------+-----+
    |+ lab3_z2          |     -|  0.49|    32769|  2.622e+05|         -|    32770|     -|        no|     -|   -|  48 (~0%)|  103 (1%)|    -|
    | o VITIS_LOOP_7_1  |     -|  7.00|    32768|  2.621e+05|         4|        -|  8192|        no|     -|   -|         -|         -|    -|
    +-------------------+------+------+---------+-----------+----------+---------+------+----------+------+----+----------+----------+-----+


================================================================
== HW Interfaces
================================================================
* AP_MEMORY
+-----------------+----------+
| Interface       | Bitwidth |
+-----------------+----------+
| inA_ar_address0 | 13       |
| inA_ar_q0       | 16       |
| out_ar_address0 | 13       |
| out_ar_d0       | 16       |
| out_ar_q0       | 16       |
+-----------------+----------+

* TOP LEVEL CONTROL
+-----------+------------+-----------------------------------+
| Interface | Type       | Ports                             |
+-----------+------------+-----------------------------------+
| ap_clk    | clock      | ap_clk                            |
| ap_rst    | reset      | ap_rst                            |
| ap_ctrl   | ap_ctrl_hs | ap_done ap_idle ap_ready ap_start |
+-----------+------------+-----------------------------------+


================================================================
== SW I/O Information
================================================================
* Top Function Arguments
+----------+-----------+----------+
| Argument | Direction | Datatype |
+----------+-----------+----------+
| inA_ar   | in        | short*   |
| out_ar   | inout     | short*   |
+----------+-----------+----------+

* SW-to-HW Mapping
+----------+-----------------+---------+----------+
| Argument | HW Interface    | HW Type | HW Usage |
+----------+-----------------+---------+----------+
| inA_ar   | inA_ar_address0 | port    | offset   |
| inA_ar   | inA_ar_ce0      | port    |          |
| inA_ar   | inA_ar_q0       | port    |          |
| out_ar   | out_ar_address0 | port    | offset   |
| out_ar   | out_ar_ce0      | port    |          |
| out_ar   | out_ar_we0      | port    |          |
| out_ar   | out_ar_d0       | port    |          |
| out_ar   | out_ar_q0       | port    |          |
+----------+-----------------+---------+----------+


================================================================
== Bind Op Report
================================================================
+--------------------+-----+--------+----------+-----+--------+---------+
| Name               | DSP | Pragma | Variable | Op  | Impl   | Latency |
+--------------------+-----+--------+----------+-----+--------+---------+
| + lab3_z2          | 0   |        |          |     |        |         |
|   add_ln7_fu_89_p2 | -   |        | add_ln7  | add | fabric | 0       |
|   out_ar_d0        | -   |        | add_ln11 | add | fabric | 0       |
+--------------------+-----+--------+----------+-----+--------+---------+


================================================================
== Bind Storage Report
================================================================
  No bind storage info in design

================================================================
== User Pragma Report
================================================================
* Valid Pragma Syntax
+----------+---------+-----------------------------------------+
| Type     | Options | Location                                |
+----------+---------+-----------------------------------------+
| pipeline | off     | ./lab3_z2/source/lab3_z2.c:9 in lab3_z2 |
| pipeline | off     | DIRECTIVE in lab3_z2                    |
+----------+---------+-----------------------------------------+


