

================================================================
== Vitis HLS Report for 'Loop_Loop3_proc'
================================================================
* Date:           Sun Dec 11 11:12:53 2022

* Version:        2021.2 (Build 3367213 on Tue Oct 19 02:48:09 MDT 2021)
* Project:        lab5_z1
* Solution:       sol4_fifo (Vivado IP Flow Target)
* Product family: artix7
* Target device:  xa7a12t-csg325-1Q


================================================================
== Performance Estimates
================================================================
+ Timing: 
    * Summary: 
    +------+----------+----------+------------+
    | Clock|  Target  | Estimated| Uncertainty|
    +------+----------+----------+------------+
    |clk   |  10.00 ns|  5.959 ns|     1.00 ns|
    +------+----------+----------+------------+

+ Latency: 
    * Summary: 
    +---------+---------+----------+----------+-------+-------+---------+
    |  Latency (cycles) |  Latency (absolute) |    Interval   | Pipeline|
    |   min   |   max   |    min   |    max   |  min  |  max  |   Type  |
    +---------+---------+----------+----------+-------+-------+---------+
    |    32769|    32769|  0.328 ms|  0.328 ms|  32769|  32769|       no|
    +---------+---------+----------+----------+-------+-------+---------+

    + Detail: 
        * Instance: 
        N/A

        * Loop: 
        +----------+---------+---------+----------+-----------+-----------+-------+----------+
        |          |  Latency (cycles) | Iteration|  Initiation Interval  |  Trip |          |
        | Loop Name|   min   |   max   |  Latency |  achieved |   target  | Count | Pipelined|
        +----------+---------+---------+----------+-----------+-----------+-------+----------+
        |- Loop3   |    32768|    32768|         2|          -|          -|  16384|        no|
        +----------+---------+---------+----------+-----------+-----------+-------+----------+



================================================================
== Utilization Estimates
================================================================
* Summary: 
+-----------------+---------+----+-------+------+-----+
|       Name      | BRAM_18K| DSP|   FF  |  LUT | URAM|
+-----------------+---------+----+-------+------+-----+
|DSP              |        -|   -|      -|     -|    -|
|Expression       |        -|   -|      0|    78|    -|
|FIFO             |        -|   -|      -|     -|    -|
|Instance         |        -|   -|      -|     -|    -|
|Memory           |        -|   -|      -|     -|    -|
|Multiplexer      |        -|   -|      -|    44|    -|
|Register         |        -|   -|     66|     -|    -|
+-----------------+---------+----+-------+------+-----+
|Total            |        0|   0|     66|   122|    0|
+-----------------+---------+----+-------+------+-----+
|Available        |       40|  40|  16000|  8000|    0|
+-----------------+---------+----+-------+------+-----+
|Utilization (%)  |        0|   0|     ~0|     1|    0|
+-----------------+---------+----+-------+------+-----+

+ Detail: 
    * Instance: 
    N/A

    * DSP: 
    N/A

    * Memory: 
    N/A

    * FIFO: 
    N/A

    * Expression: 
    +--------------------+----------+----+---+----+------------+------------+
    |    Variable Name   | Operation| DSP| FF| LUT| Bitwidth P0| Bitwidth P1|
    +--------------------+----------+----+---+----+------------+------------+
    |add_ln38_fu_85_p2   |         +|   0|  0|  22|          15|           1|
    |data_out2_d0        |         +|   0|  0|  39|          32|          32|
    |ap_block_state2     |       and|   0|  0|   2|           1|           1|
    |icmp_ln38_fu_79_p2  |      icmp|   0|  0|  13|          15|          16|
    |ap_block_state1     |        or|   0|  0|   2|           1|           1|
    +--------------------+----------+----+---+----+------------+------------+
    |Total               |          |   0|  0|  78|          64|          51|
    +--------------------+----------+----+---+----+------------+------------+

    * Multiplexer: 
    +-------------+----+-----------+-----+-----------+
    |     Name    | LUT| Input Size| Bits| Total Bits|
    +-------------+----+-----------+-----+-----------+
    |ap_NS_fsm    |  17|          4|    1|          4|
    |ap_done      |   9|          2|    1|          2|
    |k_fu_44      |   9|          2|   15|         30|
    |temp3_blk_n  |   9|          2|    1|          2|
    +-------------+----+-----------+-----+-----------+
    |Total        |  44|         10|   18|         38|
    +-------------+----+-----------+-----+-----------+

    * Register: 
    +--------------------+----+----+-----+-----------+
    |        Name        | FF | LUT| Bits| Const Bits|
    +--------------------+----+----+-----+-----------+
    |ap_CS_fsm           |   3|   0|    3|          0|
    |ap_done_reg         |   1|   0|    1|          0|
    |k_fu_44             |  15|   0|   15|          0|
    |temp3_read_reg_122  |  32|   0|   32|          0|
    |zext_ln38_reg_114   |  15|   0|   64|         49|
    +--------------------+----+----+-----+-----------+
    |Total               |  66|   0|  115|         49|
    +--------------------+----+----+-----+-----------+



================================================================
== Interface
================================================================
* Summary: 
+--------------------+-----+-----+------------+-----------------+--------------+
|      RTL Ports     | Dir | Bits|  Protocol  |  Source Object  |    C Type    |
+--------------------+-----+-----+------------+-----------------+--------------+
|ap_clk              |   in|    1|  ap_ctrl_hs|  Loop_Loop3_proc|  return value|
|ap_rst              |   in|    1|  ap_ctrl_hs|  Loop_Loop3_proc|  return value|
|ap_start            |   in|    1|  ap_ctrl_hs|  Loop_Loop3_proc|  return value|
|ap_done             |  out|    1|  ap_ctrl_hs|  Loop_Loop3_proc|  return value|
|ap_continue         |   in|    1|  ap_ctrl_hs|  Loop_Loop3_proc|  return value|
|ap_idle             |  out|    1|  ap_ctrl_hs|  Loop_Loop3_proc|  return value|
|ap_ready            |  out|    1|  ap_ctrl_hs|  Loop_Loop3_proc|  return value|
|temp3_dout          |   in|   32|     ap_fifo|            temp3|       pointer|
|temp3_empty_n       |   in|    1|     ap_fifo|            temp3|       pointer|
|temp3_read          |  out|    1|     ap_fifo|            temp3|       pointer|
|data_out2_address0  |  out|   14|   ap_memory|        data_out2|         array|
|data_out2_ce0       |  out|    1|   ap_memory|        data_out2|         array|
|data_out2_we0       |  out|    1|   ap_memory|        data_out2|         array|
|data_out2_d0        |  out|   32|   ap_memory|        data_out2|         array|
+--------------------+-----+-----+------------+-----------------+--------------+

