

================================================================
== Vitis HLS Report for 'Loop_Loop1_proc'
================================================================
* Date:           Sun Dec 11 11:13:37 2022

* Version:        2021.2 (Build 3367213 on Tue Oct 19 02:48:09 MDT 2021)
* Project:        lab5_z1
* Solution:       sol5_pingpong (Vivado IP Flow Target)
* Product family: artix7
* Target device:  xa7a12t-csg325-1Q


================================================================
== Performance Estimates
================================================================
+ Timing: 
    * Summary: 
    +------+----------+----------+------------+
    | Clock|  Target  | Estimated| Uncertainty|
    +------+----------+----------+------------+
    |clk   |  10.00 ns|  8.470 ns|     1.00 ns|
    +------+----------+----------+------------+

+ Latency: 
    * Summary: 
    +---------+---------+----------+----------+-------+-------+---------+
    |  Latency (cycles) |  Latency (absolute) |    Interval   | Pipeline|
    |   min   |   max   |    min   |    max   |  min  |  max  |   Type  |
    +---------+---------+----------+----------+-------+-------+---------+
    |    65537|    65537|  0.655 ms|  0.655 ms|  65537|  65537|       no|
    +---------+---------+----------+----------+-------+-------+---------+

    + Detail: 
        * Instance: 
        N/A

        * Loop: 
        +----------+---------+---------+----------+-----------+-----------+-------+----------+
        |          |  Latency (cycles) | Iteration|  Initiation Interval  |  Trip |          |
        | Loop Name|   min   |   max   |  Latency |  achieved |   target  | Count | Pipelined|
        +----------+---------+---------+----------+-----------+-----------+-------+----------+
        |- Loop1   |    65536|    65536|         4|          -|          -|  16384|        no|
        +----------+---------+---------+----------+-----------+-----------+-------+----------+



================================================================
== Utilization Estimates
================================================================
* Summary: 
+-----------------+---------+----+-------+------+-----+
|       Name      | BRAM_18K| DSP|   FF  |  LUT | URAM|
+-----------------+---------+----+-------+------+-----+
|DSP              |        -|   -|      -|     -|    -|
|Expression       |        -|   -|      0|    37|    -|
|FIFO             |        -|   -|      -|     -|    -|
|Instance         |        -|   3|      0|    21|    -|
|Memory           |        -|   -|      -|     -|    -|
|Multiplexer      |        -|   -|      -|    43|    -|
|Register         |        -|   -|    100|     -|    -|
+-----------------+---------+----+-------+------+-----+
|Total            |        0|   3|    100|   101|    0|
+-----------------+---------+----+-------+------+-----+
|Available        |       40|  40|  16000|  8000|    0|
+-----------------+---------+----+-------+------+-----+
|Utilization (%)  |        0|   7|     ~0|     1|    0|
+-----------------+---------+----+-------+------+-----+

+ Detail: 
    * Instance: 
    +-----------------------+--------------------+---------+----+---+----+-----+
    |        Instance       |       Module       | BRAM_18K| DSP| FF| LUT| URAM|
    +-----------------------+--------------------+---------+----+---+----+-----+
    |mul_32s_32s_32_1_1_U1  |mul_32s_32s_32_1_1  |        0|   3|  0|  21|    0|
    +-----------------------+--------------------+---------+----+---+----+-----+
    |Total                  |                    |        0|   3|  0|  21|    0|
    +-----------------------+--------------------+---------+----+---+----+-----+

    * DSP: 
    N/A

    * Memory: 
    N/A

    * FIFO: 
    N/A

    * Expression: 
    +--------------------+----------+----+---+----+------------+------------+
    |    Variable Name   | Operation| DSP| FF| LUT| Bitwidth P0| Bitwidth P1|
    +--------------------+----------+----+---+----+------------+------------+
    |add_ln21_fu_91_p2   |         +|   0|  0|  22|          15|           1|
    |icmp_ln21_fu_85_p2  |      icmp|   0|  0|  13|          15|          16|
    |ap_block_state1     |        or|   0|  0|   2|           1|           1|
    +--------------------+----------+----+---+----+------------+------------+
    |Total               |          |   0|  0|  37|          31|          18|
    +--------------------+----------+----+---+----+------------+------------+

    * Multiplexer: 
    +-----------+----+-----------+-----+-----------+
    |    Name   | LUT| Input Size| Bits| Total Bits|
    +-----------+----+-----------+-----+-----------+
    |ap_NS_fsm  |  25|          6|    1|          6|
    |ap_done    |   9|          2|    1|          2|
    |i_fu_36    |   9|          2|   15|         30|
    +-----------+----+-----------+-----+-----------+
    |Total      |  43|         10|   17|         38|
    +-----------+----+-----------+-----+-----------+

    * Register: 
    +----------------------+----+----+-----+-----------+
    |         Name         | FF | LUT| Bits| Const Bits|
    +----------------------+----+----+-----+-----------+
    |ap_CS_fsm             |   5|   0|    5|          0|
    |ap_done_reg           |   1|   0|    1|          0|
    |data_in_load_reg_131  |  32|   0|   32|          0|
    |i_fu_36               |  15|   0|   15|          0|
    |mul_ln24_reg_136      |  32|   0|   32|          0|
    |zext_ln21_reg_118     |  15|   0|   64|         49|
    +----------------------+----+----+-----+-----------+
    |Total                 | 100|   0|  149|         49|
    +----------------------+----+----+-----+-----------+



================================================================
== Interface
================================================================
* Summary: 
+------------------+-----+-----+------------+-----------------+--------------+
|     RTL Ports    | Dir | Bits|  Protocol  |  Source Object  |    C Type    |
+------------------+-----+-----+------------+-----------------+--------------+
|ap_clk            |   in|    1|  ap_ctrl_hs|  Loop_Loop1_proc|  return value|
|ap_rst            |   in|    1|  ap_ctrl_hs|  Loop_Loop1_proc|  return value|
|ap_start          |   in|    1|  ap_ctrl_hs|  Loop_Loop1_proc|  return value|
|ap_done           |  out|    1|  ap_ctrl_hs|  Loop_Loop1_proc|  return value|
|ap_continue       |   in|    1|  ap_ctrl_hs|  Loop_Loop1_proc|  return value|
|ap_idle           |  out|    1|  ap_ctrl_hs|  Loop_Loop1_proc|  return value|
|ap_ready          |  out|    1|  ap_ctrl_hs|  Loop_Loop1_proc|  return value|
|data_in_address0  |  out|   14|   ap_memory|          data_in|         array|
|data_in_ce0       |  out|    1|   ap_memory|          data_in|         array|
|data_in_q0        |   in|   32|   ap_memory|          data_in|         array|
|scale             |   in|   32|     ap_none|            scale|        scalar|
|temp1_address0    |  out|   14|   ap_memory|            temp1|         array|
|temp1_ce0         |  out|    1|   ap_memory|            temp1|         array|
|temp1_we0         |  out|    1|   ap_memory|            temp1|         array|
|temp1_d0          |  out|   32|   ap_memory|            temp1|         array|
+------------------+-----+-----+------------+-----------------+--------------+

============================================================
+ Verbose Summary: Synthesis Manager
============================================================
InlineROM: 1
ExposeGlobal: 0
============================================================
+ Verbose Summary: CDFG Model
============================================================
IsTopModel: 0
ResetActiveHigh: 1
IsCombinational: 2
IsDatapathOnly: 0
HasWiredReturn: 1
HasMFsm: 0
HasVarLatency: 1
IsPipeline: 0
IsRtlPipelined: 0
IsInstanceOverlapped: 0
IsDontTouch: 0
HasImplIP: 0
IsGatedGlobalClock: 0


============================================================
+ Verbose Summary: Schedule
============================================================
* Number of FSM states : 5
* Pipeline : 0
* Dataflow Pipeline: 0

* FSM state transitions: 
1 --> 2 
2 --> 3 
3 --> 4 
4 --> 5 
5 --> 2 

* FSM state operations: 

State 1 <SV = 0> <Delay = 1.61>
ST_1 : Operation 6 [1/1] (0.00ns)   --->   "%i = alloca i32 1"   --->   Operation 6 'alloca' 'i' <Predicate = true> <Delay = 0.00>
ST_1 : Operation 7 [1/1] (0.00ns)   --->   "%specinterface_ln0 = specinterface void @_ssdm_op_SpecInterface, i32 %data_in, void @empty, i32 0, i32 0, void @empty_0, i32 4294967295, i32 0, void @empty_0, void @empty_0, void @empty_0, i32 0, i32 0, i32 0, i32 0, void @empty_0, void @empty_0"   --->   Operation 7 'specinterface' 'specinterface_ln0' <Predicate = true> <Delay = 0.00>
ST_1 : Operation 8 [1/1] (0.00ns)   --->   "%scale_read = read i32 @_ssdm_op_Read.ap_auto.i32, i32 %scale"   --->   Operation 8 'read' 'scale_read' <Predicate = true> <Delay = 0.00>
ST_1 : Operation 9 [1/1] (1.61ns)   --->   "%store_ln0 = store i15 0, i15 %i"   --->   Operation 9 'store' 'store_ln0' <Predicate = true> <Delay = 1.61>
ST_1 : Operation 10 [1/1] (0.00ns)   --->   "%br_ln0 = br void"   --->   Operation 10 'br' 'br_ln0' <Predicate = true> <Delay = 0.00>

State 2 <SV = 1> <Delay = 3.87>
ST_2 : Operation 11 [1/1] (0.00ns)   --->   "%i_2 = load i15 %i" [./source/lab5_z1.c:21]   --->   Operation 11 'load' 'i_2' <Predicate = true> <Delay = 0.00>
ST_2 : Operation 12 [1/1] (0.00ns)   --->   "%zext_ln21 = zext i15 %i_2" [./source/lab5_z1.c:21]   --->   Operation 12 'zext' 'zext_ln21' <Predicate = true> <Delay = 0.00>
ST_2 : Operation 13 [1/1] (2.26ns)   --->   "%icmp_ln21 = icmp_eq  i15 %i_2, i15 16384" [./source/lab5_z1.c:21]   --->   Operation 13 'icmp' 'icmp_ln21' <Predicate = true> <Delay = 2.26> <CoreInst = "Cmp">   --->   Core 9 'Cmp' <Latency = 0> <II = 1> <Delay = 2.38> <FuncUnit> <Opcode : 'icmp'> <InPorts = 2> <OutPorts = 1>
ST_2 : Operation 14 [1/1] (0.00ns)   --->   "%empty = speclooptripcount i32 @_ssdm_op_SpecLoopTripCount, i64 16384, i64 16384, i64 16384"   --->   Operation 14 'speclooptripcount' 'empty' <Predicate = true> <Delay = 0.00>
ST_2 : Operation 15 [1/1] (2.14ns)   --->   "%add_ln21 = add i15 %i_2, i15 1" [./source/lab5_z1.c:21]   --->   Operation 15 'add' 'add_ln21' <Predicate = true> <Delay = 2.14> <CoreInst = "Adder">   --->   Core 1 'Adder' <Latency = 0> <II = 1> <Delay = 2.14> <FuncUnit> <Opcode : 'add' 'sub'> <InPorts = 2> <OutPorts = 1>
ST_2 : Operation 16 [1/1] (0.00ns)   --->   "%br_ln21 = br i1 %icmp_ln21, void, void %foo_m_.exit.exitStub" [./source/lab5_z1.c:21]   --->   Operation 16 'br' 'br_ln21' <Predicate = true> <Delay = 0.00>
ST_2 : Operation 17 [1/1] (0.00ns)   --->   "%data_in_addr = getelementptr i32 %data_in, i64 0, i64 %zext_ln21" [./source/lab5_z1.c:24]   --->   Operation 17 'getelementptr' 'data_in_addr' <Predicate = (!icmp_ln21)> <Delay = 0.00>
ST_2 : Operation 18 [2/2] (3.25ns)   --->   "%data_in_load = load i14 %data_in_addr" [./source/lab5_z1.c:24]   --->   Operation 18 'load' 'data_in_load' <Predicate = (!icmp_ln21)> <Delay = 3.25> <CoreInst = "RAM">   --->   Core 82 'RAM' <Latency = 1> <II = 1> <Delay = 3.25> <Storage> <Opcode : 'load' 'store'> <Ports = 2> <Width = 32> <Depth = 16384> <RAM>
ST_2 : Operation 19 [1/1] (1.61ns)   --->   "%store_ln21 = store i15 %add_ln21, i15 %i" [./source/lab5_z1.c:21]   --->   Operation 19 'store' 'store_ln21' <Predicate = (!icmp_ln21)> <Delay = 1.61>
ST_2 : Operation 20 [1/1] (0.00ns)   --->   "%ret_ln0 = ret"   --->   Operation 20 'ret' 'ret_ln0' <Predicate = (icmp_ln21)> <Delay = 0.00>

State 3 <SV = 2> <Delay = 3.25>
ST_3 : Operation 21 [1/2] (3.25ns)   --->   "%data_in_load = load i14 %data_in_addr" [./source/lab5_z1.c:24]   --->   Operation 21 'load' 'data_in_load' <Predicate = true> <Delay = 3.25> <CoreInst = "RAM">   --->   Core 82 'RAM' <Latency = 1> <II = 1> <Delay = 3.25> <Storage> <Opcode : 'load' 'store'> <Ports = 2> <Width = 32> <Depth = 16384> <RAM>

State 4 <SV = 3> <Delay = 8.47>
ST_4 : Operation 22 [1/1] (8.47ns)   --->   "%mul_ln24 = mul i32 %data_in_load, i32 %scale_read" [./source/lab5_z1.c:24]   --->   Operation 22 'mul' 'mul_ln24' <Predicate = true> <Delay = 8.47> <CoreInst = "Multiplier">   --->   Core 3 'Multiplier' <Latency = 0> <II = 1> <Delay = 8.47> <FuncUnit> <Opcode : 'mul'> <InPorts = 2> <OutPorts = 1>

State 5 <SV = 4> <Delay = 3.25>
ST_5 : Operation 23 [1/1] (0.00ns)   --->   "%specloopname_ln24 = specloopname void @_ssdm_op_SpecLoopName, void @empty_6" [./source/lab5_z1.c:24]   --->   Operation 23 'specloopname' 'specloopname_ln24' <Predicate = true> <Delay = 0.00>
ST_5 : Operation 24 [1/1] (0.00ns)   --->   "%temp1_addr = getelementptr i32 %temp1, i64 0, i64 %zext_ln21" [./source/lab5_z1.c:24]   --->   Operation 24 'getelementptr' 'temp1_addr' <Predicate = true> <Delay = 0.00>
ST_5 : Operation 25 [1/1] (3.25ns)   --->   "%store_ln24 = store i32 %mul_ln24, i14 %temp1_addr" [./source/lab5_z1.c:24]   --->   Operation 25 'store' 'store_ln24' <Predicate = true> <Delay = 3.25> <CoreInst = "RAM">   --->   Core 82 'RAM' <Latency = 1> <II = 1> <Delay = 3.25> <Storage> <Opcode : 'load' 'store'> <Ports = 2> <Width = 32> <Depth = 16384> <RAM>
ST_5 : Operation 26 [1/1] (0.00ns)   --->   "%br_ln21 = br void" [./source/lab5_z1.c:21]   --->   Operation 26 'br' 'br_ln21' <Predicate = true> <Delay = 0.00>


============================================================
+ Verbose Summary: Binding
============================================================
STG Binding: 
---------------- STG Properties BEGIN ----------------
- Is combinational: 0
- Is one-state seq: 0
- Is datapath-only: 0
- Is pipelined: 0
- Is top level: 0
Port [ Return ] is wired: 1; IO mode=ap_ctrl_hs:ce=0
Port [ data_in]:  wired=1; compound=1; hidden=0; nouse=0; global=0; static=0; extern=0; dir=0; type=1; pingpong=0; private_global=0; MemPort=[13]; IO mode=ap_memory:ce=0
Port [ scale]:  wired=1; compound=0; hidden=0; nouse=0; global=0; static=0; extern=0; dir=0; type=0; pingpong=0; private_global=0; IO mode=ap_none:ce=0
Port [ temp1]:  wired=1; compound=1; hidden=0; nouse=0; global=0; static=0; extern=0; dir=1; type=1; pingpong=1; private_global=0; MemPort=[03]; IO mode=ap_memory:ce=0
---------------- STG Properties END ------------------

---------------- Datapath Model BEGIN ----------------

<LifeTime>
<method=bitvector/>
i                 (alloca           ) [ 011111]
specinterface_ln0 (specinterface    ) [ 000000]
scale_read        (read             ) [ 001111]
store_ln0         (store            ) [ 000000]
br_ln0            (br               ) [ 000000]
i_2               (load             ) [ 000000]
zext_ln21         (zext             ) [ 000111]
icmp_ln21         (icmp             ) [ 001111]
empty             (speclooptripcount) [ 000000]
add_ln21          (add              ) [ 000000]
br_ln21           (br               ) [ 000000]
data_in_addr      (getelementptr    ) [ 000100]
store_ln21        (store            ) [ 000000]
ret_ln0           (ret              ) [ 000000]
data_in_load      (load             ) [ 000010]
mul_ln24          (mul              ) [ 000001]
specloopname_ln24 (specloopname     ) [ 000000]
temp1_addr        (getelementptr    ) [ 000000]
store_ln24        (store            ) [ 000000]
br_ln21           (br               ) [ 000000]
</LifeTime>

<model>

<comp_list>
<comp id="0" class="1000" name="data_in">
<pin_list>
<pin id="1" dir="1" index="0" bw="1" slack="0"/>
</pin_list>
<bind>
<StgValue><ssdm name="data_in"/><MemPortTyVec>1 3 </MemPortTyVec>
</StgValue>
</bind>
</comp>

<comp id="2" class="1000" name="scale">
<pin_list>
<pin id="3" dir="1" index="0" bw="1" slack="0"/>
</pin_list>
<bind>
<StgValue><ssdm name="scale"/></StgValue>
</bind>
</comp>

<comp id="4" class="1000" name="temp1">
<pin_list>
<pin id="5" dir="1" index="0" bw="1" slack="0"/>
</pin_list>
<bind>
<StgValue><ssdm name="temp1"/><MemPortTyVec>0 3 </MemPortTyVec>
</StgValue>
</bind>
</comp>

<comp id="6" class="1001" name="const_6">
<pin_list>
<pin id="7" dir="1" index="0" bw="1" slack="0"/>
</pin_list>
<bind>
<StgValue><ssdm name=""/></StgValue>
</bind>
</comp>

<comp id="8" class="1001" name="const_8">
<pin_list>
<pin id="9" dir="1" index="0" bw="1" slack="2147483647"/>
</pin_list>
<bind>
<StgValue><ssdm name="_ssdm_op_SpecInterface"/></StgValue>
</bind>
</comp>

<comp id="10" class="1001" name="const_10">
<pin_list>
<pin id="11" dir="1" index="0" bw="1" slack="2147483647"/>
</pin_list>
<bind>
<StgValue><ssdm name="empty"/></StgValue>
</bind>
</comp>

<comp id="12" class="1001" name="const_12">
<pin_list>
<pin id="13" dir="1" index="0" bw="1" slack="2147483647"/>
</pin_list>
<bind>
<StgValue><ssdm name=""/></StgValue>
</bind>
</comp>

<comp id="14" class="1001" name="const_14">
<pin_list>
<pin id="15" dir="1" index="0" bw="1" slack="2147483647"/>
</pin_list>
<bind>
<StgValue><ssdm name="empty_0"/></StgValue>
</bind>
</comp>

<comp id="16" class="1001" name="const_16">
<pin_list>
<pin id="17" dir="1" index="0" bw="1" slack="2147483647"/>
</pin_list>
<bind>
<StgValue><ssdm name=""/></StgValue>
</bind>
</comp>

<comp id="18" class="1001" name="const_18">
<pin_list>
<pin id="19" dir="1" index="0" bw="1" slack="0"/>
</pin_list>
<bind>
<StgValue><ssdm name="_ssdm_op_Read.ap_auto.i32"/></StgValue>
</bind>
</comp>

<comp id="20" class="1001" name="const_20">
<pin_list>
<pin id="21" dir="1" index="0" bw="1" slack="0"/>
</pin_list>
<bind>
<StgValue><ssdm name=""/></StgValue>
</bind>
</comp>

<comp id="22" class="1001" name="const_22">
<pin_list>
<pin id="23" dir="1" index="0" bw="1" slack="0"/>
</pin_list>
<bind>
<StgValue><ssdm name=""/></StgValue>
</bind>
</comp>

<comp id="24" class="1001" name="const_24">
<pin_list>
<pin id="25" dir="1" index="0" bw="1" slack="2147483647"/>
</pin_list>
<bind>
<StgValue><ssdm name="_ssdm_op_SpecLoopTripCount"/></StgValue>
</bind>
</comp>

<comp id="26" class="1001" name="const_26">
<pin_list>
<pin id="27" dir="1" index="0" bw="1" slack="2147483647"/>
</pin_list>
<bind>
<StgValue><ssdm name=""/></StgValue>
</bind>
</comp>

<comp id="28" class="1001" name="const_28">
<pin_list>
<pin id="29" dir="1" index="0" bw="1" slack="0"/>
</pin_list>
<bind>
<StgValue><ssdm name=""/></StgValue>
</bind>
</comp>

<comp id="30" class="1001" name="const_30">
<pin_list>
<pin id="31" dir="1" index="0" bw="1" slack="0"/>
</pin_list>
<bind>
<StgValue><ssdm name=""/></StgValue>
</bind>
</comp>

<comp id="32" class="1001" name="const_32">
<pin_list>
<pin id="33" dir="1" index="0" bw="1" slack="2147483647"/>
</pin_list>
<bind>
<StgValue><ssdm name="_ssdm_op_SpecLoopName"/></StgValue>
</bind>
</comp>

<comp id="34" class="1001" name="const_34">
<pin_list>
<pin id="35" dir="1" index="0" bw="1" slack="2147483647"/>
</pin_list>
<bind>
<StgValue><ssdm name="empty_6"/></StgValue>
</bind>
</comp>

<comp id="36" class="1004" name="i_fu_36">
<pin_list>
<pin id="37" dir="0" index="0" bw="1" slack="0"/>
<pin id="38" dir="1" index="1" bw="15" slack="0"/>
</pin_list>
<bind>
<opcode="alloca(26) " fcode="alloca"/>
<opset="i/1 "/>
</bind>
</comp>

<comp id="40" class="1004" name="scale_read_read_fu_40">
<pin_list>
<pin id="41" dir="0" index="0" bw="32" slack="0"/>
<pin id="42" dir="0" index="1" bw="32" slack="0"/>
<pin id="43" dir="1" index="2" bw="32" slack="3"/>
</pin_list>
<bind>
<opcode="read(1150) " fcode="read"/>
<opset="scale_read/1 "/>
</bind>
</comp>

<comp id="46" class="1004" name="data_in_addr_gep_fu_46">
<pin_list>
<pin id="47" dir="0" index="0" bw="32" slack="0"/>
<pin id="48" dir="0" index="1" bw="1" slack="0"/>
<pin id="49" dir="0" index="2" bw="15" slack="0"/>
<pin id="50" dir="1" index="3" bw="14" slack="0"/>
</pin_list>
<bind>
<opcode="getelementptr(29) " fcode="getelementptr"/>
<opset="data_in_addr/2 "/>
</bind>
</comp>

<comp id="53" class="1004" name="grp_access_fu_53">
<pin_list>
<pin id="54" dir="0" index="0" bw="14" slack="0"/>
<pin id="55" dir="0" index="1" bw="32" slack="2147483647"/>
<pin id="56" dir="0" index="2" bw="0" slack="2147483647"/>
<pin id="57" dir="1" index="3" bw="32" slack="1"/>
</pin_list>
<bind>
<opcode="load(27) " fcode="load"/>
<opset="data_in_load/2 "/>
</bind>
</comp>

<comp id="59" class="1004" name="temp1_addr_gep_fu_59">
<pin_list>
<pin id="60" dir="0" index="0" bw="32" slack="0"/>
<pin id="61" dir="0" index="1" bw="1" slack="0"/>
<pin id="62" dir="0" index="2" bw="15" slack="3"/>
<pin id="63" dir="1" index="3" bw="14" slack="0"/>
</pin_list>
<bind>
<opcode="getelementptr(29) " fcode="getelementptr"/>
<opset="temp1_addr/5 "/>
</bind>
</comp>

<comp id="66" class="1004" name="store_ln24_access_fu_66">
<pin_list>
<pin id="67" dir="0" index="0" bw="14" slack="0"/>
<pin id="68" dir="0" index="1" bw="32" slack="1"/>
<pin id="69" dir="0" index="2" bw="0" slack="2147483647"/>
<pin id="70" dir="1" index="3" bw="32" slack="2147483647"/>
</pin_list>
<bind>
<opcode="store(28) " fcode="store"/>
<opset="store_ln24/5 "/>
</bind>
</comp>

<comp id="72" class="1004" name="store_ln0_store_fu_72">
<pin_list>
<pin id="73" dir="0" index="0" bw="1" slack="0"/>
<pin id="74" dir="0" index="1" bw="15" slack="0"/>
<pin id="75" dir="1" index="2" bw="0" slack="2147483647"/>
</pin_list>
<bind>
<opcode="store(28) " fcode="store"/>
<opset="store_ln0/1 "/>
</bind>
</comp>

<comp id="77" class="1004" name="i_2_load_fu_77">
<pin_list>
<pin id="78" dir="0" index="0" bw="15" slack="1"/>
<pin id="79" dir="1" index="1" bw="15" slack="0"/>
</pin_list>
<bind>
<opcode="load(27) " fcode="load"/>
<opset="i_2/2 "/>
</bind>
</comp>

<comp id="80" class="1004" name="zext_ln21_fu_80">
<pin_list>
<pin id="81" dir="0" index="0" bw="15" slack="0"/>
<pin id="82" dir="1" index="1" bw="64" slack="0"/>
</pin_list>
<bind>
<opcode="zext(34) " fcode="zext"/>
<opset="zext_ln21/2 "/>
</bind>
</comp>

<comp id="85" class="1004" name="icmp_ln21_fu_85">
<pin_list>
<pin id="86" dir="0" index="0" bw="15" slack="0"/>
<pin id="87" dir="0" index="1" bw="15" slack="0"/>
<pin id="88" dir="1" index="2" bw="1" slack="2147483647"/>
</pin_list>
<bind>
<opcode="icmp(45) " fcode="icmp"/>
<opset="icmp_ln21/2 "/>
</bind>
</comp>

<comp id="91" class="1004" name="add_ln21_fu_91">
<pin_list>
<pin id="92" dir="0" index="0" bw="15" slack="0"/>
<pin id="93" dir="0" index="1" bw="1" slack="0"/>
<pin id="94" dir="1" index="2" bw="15" slack="0"/>
</pin_list>
<bind>
<opcode="add(8) " fcode="add"/>
<opset="add_ln21/2 "/>
</bind>
</comp>

<comp id="97" class="1004" name="store_ln21_store_fu_97">
<pin_list>
<pin id="98" dir="0" index="0" bw="15" slack="0"/>
<pin id="99" dir="0" index="1" bw="15" slack="1"/>
<pin id="100" dir="1" index="2" bw="0" slack="2147483647"/>
</pin_list>
<bind>
<opcode="store(28) " fcode="store"/>
<opset="store_ln21/2 "/>
</bind>
</comp>

<comp id="102" class="1004" name="mul_ln24_fu_102">
<pin_list>
<pin id="103" dir="0" index="0" bw="32" slack="1"/>
<pin id="104" dir="0" index="1" bw="32" slack="3"/>
<pin id="105" dir="1" index="2" bw="32" slack="1"/>
</pin_list>
<bind>
<opcode="mul(12) " fcode="mul"/>
<opset="mul_ln24/4 "/>
</bind>
</comp>

<comp id="106" class="1005" name="i_reg_106">
<pin_list>
<pin id="107" dir="0" index="0" bw="15" slack="0"/>
<pin id="108" dir="1" index="1" bw="15" slack="0"/>
</pin_list>
<bind>
<opset="i "/>
</bind>
</comp>

<comp id="113" class="1005" name="scale_read_reg_113">
<pin_list>
<pin id="114" dir="0" index="0" bw="32" slack="3"/>
<pin id="115" dir="1" index="1" bw="32" slack="3"/>
</pin_list>
<bind>
<opset="scale_read "/>
</bind>
</comp>

<comp id="118" class="1005" name="zext_ln21_reg_118">
<pin_list>
<pin id="119" dir="0" index="0" bw="64" slack="3"/>
<pin id="120" dir="1" index="1" bw="64" slack="3"/>
</pin_list>
<bind>
<opset="zext_ln21 "/>
</bind>
</comp>

<comp id="126" class="1005" name="data_in_addr_reg_126">
<pin_list>
<pin id="127" dir="0" index="0" bw="14" slack="1"/>
<pin id="128" dir="1" index="1" bw="14" slack="1"/>
</pin_list>
<bind>
<opset="data_in_addr "/>
</bind>
</comp>

<comp id="131" class="1005" name="data_in_load_reg_131">
<pin_list>
<pin id="132" dir="0" index="0" bw="32" slack="1"/>
<pin id="133" dir="1" index="1" bw="32" slack="1"/>
</pin_list>
<bind>
<opset="data_in_load "/>
</bind>
</comp>

<comp id="136" class="1005" name="mul_ln24_reg_136">
<pin_list>
<pin id="137" dir="0" index="0" bw="32" slack="1"/>
<pin id="138" dir="1" index="1" bw="32" slack="1"/>
</pin_list>
<bind>
<opset="mul_ln24 "/>
</bind>
</comp>

</comp_list>

<net_list>
<net id="39"><net_src comp="6" pin="0"/><net_sink comp="36" pin=0"/></net>

<net id="44"><net_src comp="18" pin="0"/><net_sink comp="40" pin=0"/></net>

<net id="45"><net_src comp="2" pin="0"/><net_sink comp="40" pin=1"/></net>

<net id="51"><net_src comp="0" pin="0"/><net_sink comp="46" pin=0"/></net>

<net id="52"><net_src comp="30" pin="0"/><net_sink comp="46" pin=1"/></net>

<net id="58"><net_src comp="46" pin="3"/><net_sink comp="53" pin=0"/></net>

<net id="64"><net_src comp="4" pin="0"/><net_sink comp="59" pin=0"/></net>

<net id="65"><net_src comp="30" pin="0"/><net_sink comp="59" pin=1"/></net>

<net id="71"><net_src comp="59" pin="3"/><net_sink comp="66" pin=0"/></net>

<net id="76"><net_src comp="20" pin="0"/><net_sink comp="72" pin=0"/></net>

<net id="83"><net_src comp="77" pin="1"/><net_sink comp="80" pin=0"/></net>

<net id="84"><net_src comp="80" pin="1"/><net_sink comp="46" pin=2"/></net>

<net id="89"><net_src comp="77" pin="1"/><net_sink comp="85" pin=0"/></net>

<net id="90"><net_src comp="22" pin="0"/><net_sink comp="85" pin=1"/></net>

<net id="95"><net_src comp="77" pin="1"/><net_sink comp="91" pin=0"/></net>

<net id="96"><net_src comp="28" pin="0"/><net_sink comp="91" pin=1"/></net>

<net id="101"><net_src comp="91" pin="2"/><net_sink comp="97" pin=0"/></net>

<net id="109"><net_src comp="36" pin="1"/><net_sink comp="106" pin=0"/></net>

<net id="110"><net_src comp="106" pin="1"/><net_sink comp="72" pin=1"/></net>

<net id="111"><net_src comp="106" pin="1"/><net_sink comp="77" pin=0"/></net>

<net id="112"><net_src comp="106" pin="1"/><net_sink comp="97" pin=1"/></net>

<net id="116"><net_src comp="40" pin="2"/><net_sink comp="113" pin=0"/></net>

<net id="117"><net_src comp="113" pin="1"/><net_sink comp="102" pin=1"/></net>

<net id="121"><net_src comp="80" pin="1"/><net_sink comp="118" pin=0"/></net>

<net id="122"><net_src comp="118" pin="1"/><net_sink comp="59" pin=2"/></net>

<net id="129"><net_src comp="46" pin="3"/><net_sink comp="126" pin=0"/></net>

<net id="130"><net_src comp="126" pin="1"/><net_sink comp="53" pin=0"/></net>

<net id="134"><net_src comp="53" pin="3"/><net_sink comp="131" pin=0"/></net>

<net id="135"><net_src comp="131" pin="1"/><net_sink comp="102" pin=0"/></net>

<net id="139"><net_src comp="102" pin="2"/><net_sink comp="136" pin=0"/></net>

<net id="140"><net_src comp="136" pin="1"/><net_sink comp="66" pin=1"/></net>

</net_list>

</model> 
---------------- Datapath Model END ------------------

* FSMD analyzer results:
  - Output states:
	Port: data_in | {}
	Port: temp1 | {5 }
 - Input state : 
	Port: Loop_Loop1_proc : data_in | {2 3 }
	Port: Loop_Loop1_proc : scale | {1 }
  - Chain level:
	State 1
		store_ln0 : 1
	State 2
		zext_ln21 : 1
		icmp_ln21 : 1
		add_ln21 : 1
		br_ln21 : 2
		data_in_addr : 2
		data_in_load : 3
		store_ln21 : 2
	State 3
	State 4
	State 5
		store_ln24 : 1


============================================================
+ Verbose Summary: Datapath Resource usage 
============================================================

* Functional unit list:
|----------|-----------------------|---------|---------|---------|
| Operation|    Functional Unit    |   DSP   |    FF   |   LUT   |
|----------|-----------------------|---------|---------|---------|
|    mul   |    mul_ln24_fu_102    |    3    |    0    |    21   |
|----------|-----------------------|---------|---------|---------|
|    add   |     add_ln21_fu_91    |    0    |    0    |    22   |
|----------|-----------------------|---------|---------|---------|
|   icmp   |    icmp_ln21_fu_85    |    0    |    0    |    12   |
|----------|-----------------------|---------|---------|---------|
|   read   | scale_read_read_fu_40 |    0    |    0    |    0    |
|----------|-----------------------|---------|---------|---------|
|   zext   |    zext_ln21_fu_80    |    0    |    0    |    0    |
|----------|-----------------------|---------|---------|---------|
|   Total  |                       |    3    |    0    |    55   |
|----------|-----------------------|---------|---------|---------|

Memories:
N/A

* Register list:
+--------------------+--------+
|                    |   FF   |
+--------------------+--------+
|data_in_addr_reg_126|   14   |
|data_in_load_reg_131|   32   |
|      i_reg_106     |   15   |
|  mul_ln24_reg_136  |   32   |
| scale_read_reg_113 |   32   |
|  zext_ln21_reg_118 |   64   |
+--------------------+--------+
|        Total       |   189  |
+--------------------+--------+

* Multiplexer (MUX) list: 
|------------------|------|------|------|--------||---------||---------|
|       Comp       |  Pin | Size |  BW  | S x BW ||  Delay  ||   LUT   |
|------------------|------|------|------|--------||---------||---------|
| grp_access_fu_53 |  p0  |   2  |  14  |   28   ||    9    |
|------------------|------|------|------|--------||---------||---------|
|       Total      |      |      |      |   28   ||   1.61  ||    9    |
|------------------|------|------|------|--------||---------||---------|



* Summary:
+-----------+--------+--------+--------+--------+
|           |   DSP  |  Delay |   FF   |   LUT  |
+-----------+--------+--------+--------+--------+
|  Function |    3   |    -   |    0   |   55   |
|   Memory  |    -   |    -   |    -   |    -   |
|Multiplexer|    -   |    1   |    -   |    9   |
|  Register |    -   |    -   |   189  |    -   |
+-----------+--------+--------+--------+--------+
|   Total   |    3   |    1   |   189  |   64   |
+-----------+--------+--------+--------+--------+
