

================================================================
== Vitis HLS Report for 'dct_Pipeline_Xpose_Col_Outer_Loop_Xpose_Col_Inner_Loop'
================================================================
* Date:           Thu Sep 22 16:03:30 2022

* Version:        2021.2 (Build 3367213 on Tue Oct 19 02:48:09 MDT 2021)
* Project:        dct_prj
* Solution:       solution1 (Vivado IP Flow Target)
* Product family: zynquplus
* Target device:  xczu7ev-ffvc1156-2-e


================================================================
== Performance Estimates
================================================================
+ Timing: 
    * Summary: 
    +--------+----------+----------+------------+
    |  Clock |  Target  | Estimated| Uncertainty|
    +--------+----------+----------+------------+
    |ap_clk  |  10.00 ns|  3.206 ns|     2.70 ns|
    +--------+----------+----------+------------+

+ Latency: 
    * Summary: 
    +---------+---------+----------+----------+-----+-----+---------+
    |  Latency (cycles) |  Latency (absolute) |  Interval | Pipeline|
    |   min   |   max   |    min   |    max   | min | max |   Type  |
    +---------+---------+----------+----------+-----+-----+---------+
    |       66|       66|  0.660 us|  0.660 us|   66|   66|       no|
    +---------+---------+----------+----------+-----+-----+---------+

    + Detail: 
        * Instance: 
        N/A

        * Loop: 
        +---------------------------------------------+---------+---------+----------+-----------+-----------+------+----------+
        |                                             |  Latency (cycles) | Iteration|  Initiation Interval  | Trip |          |
        |                  Loop Name                  |   min   |   max   |  Latency |  achieved |   target  | Count| Pipelined|
        +---------------------------------------------+---------+---------+----------+-----------+-----------+------+----------+
        |- Xpose_Col_Outer_Loop_Xpose_Col_Inner_Loop  |       64|       64|         2|          1|          1|    64|       yes|
        +---------------------------------------------+---------+---------+----------+-----------+-----------+------+----------+



================================================================
== Utilization Estimates
================================================================
* Summary: 
+-----------------+---------+------+--------+--------+-----+
|       Name      | BRAM_18K|  DSP |   FF   |   LUT  | URAM|
+-----------------+---------+------+--------+--------+-----+
|DSP              |        -|     -|       -|       -|    -|
|Expression       |        -|     -|       0|      94|    -|
|FIFO             |        -|     -|       -|       -|    -|
|Instance         |        -|     -|       -|       -|    -|
|Memory           |        -|     -|       -|       -|    -|
|Multiplexer      |        -|     -|       -|      72|    -|
|Register         |        -|     -|      24|       -|    -|
+-----------------+---------+------+--------+--------+-----+
|Total            |        0|     0|      24|     166|    0|
+-----------------+---------+------+--------+--------+-----+
|Available        |      624|  1728|  460800|  230400|   96|
+-----------------+---------+------+--------+--------+-----+
|Utilization (%)  |        0|     0|      ~0|      ~0|    0|
+-----------------+---------+------+--------+--------+-----+

+ Detail: 
    * Instance: 
    N/A

    * DSP: 
    N/A

    * Memory: 
    N/A

    * FIFO: 
    N/A

    * Expression: 
    +-------------------------+----------+----+---+----+------------+------------+
    |      Variable Name      | Operation| DSP| FF| LUT| Bitwidth P0| Bitwidth P1|
    +-------------------------+----------+----+---+----+------------+------------+
    |add_ln48_1_fu_105_p2     |         +|   0|  0|  14|           7|           1|
    |add_ln48_fu_117_p2       |         +|   0|  0|  12|           4|           1|
    |add_ln50_fu_194_p2       |         +|   0|  0|  12|           4|           1|
    |add_ln51_1_fu_188_p2     |         +|   0|  0|  13|           6|           6|
    |add_ln51_fu_177_p2       |         +|   0|  0|  13|           6|           6|
    |icmp_ln48_fu_99_p2       |      icmp|   0|  0|  11|           7|           8|
    |icmp_ln50_fu_123_p2      |      icmp|   0|  0|   9|           4|           5|
    |select_ln48_1_fu_137_p3  |    select|   0|  0|   4|           1|           4|
    |select_ln48_fu_129_p3    |    select|   0|  0|   4|           1|           1|
    |ap_enable_pp0            |       xor|   0|  0|   2|           1|           2|
    +-------------------------+----------+----+---+----+------------+------------+
    |Total                    |          |   0|  0|  94|          41|          35|
    +-------------------------+----------+----+---+----+------------+------------+

    * Multiplexer: 
    +----------------------------------------+----+-----------+-----+-----------+
    |                  Name                  | LUT| Input Size| Bits| Total Bits|
    +----------------------------------------+----+-----------+-----+-----------+
    |ap_done_int                             |   9|          2|    1|          2|
    |ap_enable_reg_pp0_iter1                 |   9|          2|    1|          2|
    |ap_sig_allocacmp_i_load                 |   9|          2|    4|          8|
    |ap_sig_allocacmp_indvar_flatten47_load  |   9|          2|    7|         14|
    |ap_sig_allocacmp_j_load                 |   9|          2|    4|          8|
    |i_fu_42                                 |   9|          2|    4|          8|
    |indvar_flatten47_fu_50                  |   9|          2|    7|         14|
    |j_fu_46                                 |   9|          2|    4|          8|
    +----------------------------------------+----+-----------+-----+-----------+
    |Total                                   |  72|         16|   32|         64|
    +----------------------------------------+----+-----------+-----+-----------+

    * Register: 
    +-------------------------+---+----+-----+-----------+
    |           Name          | FF| LUT| Bits| Const Bits|
    +-------------------------+---+----+-----+-----------+
    |add_ln51_1_reg_248       |  6|   0|    6|          0|
    |ap_CS_fsm                |  1|   0|    1|          0|
    |ap_done_reg              |  1|   0|    1|          0|
    |ap_enable_reg_pp0_iter1  |  1|   0|    1|          0|
    |i_fu_42                  |  4|   0|    4|          0|
    |indvar_flatten47_fu_50   |  7|   0|    7|          0|
    |j_fu_46                  |  4|   0|    4|          0|
    +-------------------------+---+----+-----+-----------+
    |Total                    | 24|   0|   24|          0|
    +-------------------------+---+----+-----+-----------+



================================================================
== Interface
================================================================
* Summary: 
+---------------------+-----+-----+------------+--------------------------------------------------------+--------------+
|      RTL Ports      | Dir | Bits|  Protocol  |                      Source Object                     |    C Type    |
+---------------------+-----+-----+------------+--------------------------------------------------------+--------------+
|ap_clk               |   in|    1|  ap_ctrl_hs|  dct_Pipeline_Xpose_Col_Outer_Loop_Xpose_Col_Inner_Loop|  return value|
|ap_rst               |   in|    1|  ap_ctrl_hs|  dct_Pipeline_Xpose_Col_Outer_Loop_Xpose_Col_Inner_Loop|  return value|
|ap_start             |   in|    1|  ap_ctrl_hs|  dct_Pipeline_Xpose_Col_Outer_Loop_Xpose_Col_Inner_Loop|  return value|
|ap_done              |  out|    1|  ap_ctrl_hs|  dct_Pipeline_Xpose_Col_Outer_Loop_Xpose_Col_Inner_Loop|  return value|
|ap_idle              |  out|    1|  ap_ctrl_hs|  dct_Pipeline_Xpose_Col_Outer_Loop_Xpose_Col_Inner_Loop|  return value|
|ap_ready             |  out|    1|  ap_ctrl_hs|  dct_Pipeline_Xpose_Col_Outer_Loop_Xpose_Col_Inner_Loop|  return value|
|col_outbuf_address0  |  out|    6|   ap_memory|                                              col_outbuf|         array|
|col_outbuf_ce0       |  out|    1|   ap_memory|                                              col_outbuf|         array|
|col_outbuf_q0        |   in|   16|   ap_memory|                                              col_outbuf|         array|
|buf_2d_out_address0  |  out|    6|   ap_memory|                                              buf_2d_out|         array|
|buf_2d_out_ce0       |  out|    1|   ap_memory|                                              buf_2d_out|         array|
|buf_2d_out_we0       |  out|    1|   ap_memory|                                              buf_2d_out|         array|
|buf_2d_out_d0        |  out|   16|   ap_memory|                                              buf_2d_out|         array|
+---------------------+-----+-----+------------+--------------------------------------------------------+--------------+

