

================================================================
== Vitis HLS Report for 'Loop_Loop3_proc'
================================================================
* Date:           Sun Dec 11 11:12:52 2022

* Version:        2021.2 (Build 3367213 on Tue Oct 19 02:48:09 MDT 2021)
* Project:        lab5_z1
* Solution:       sol4_fifo (Vivado IP Flow Target)
* Product family: artix7
* Target device:  xa7a12t-csg325-1Q


================================================================
== Performance Estimates
================================================================
+ Timing: 
    * Summary: 
    +------+----------+----------+------------+
    | Clock|  Target  | Estimated| Uncertainty|
    +------+----------+----------+------------+
    |clk   |  10.00 ns|  5.959 ns|     1.00 ns|
    +------+----------+----------+------------+

+ Latency: 
    * Summary: 
    +---------+---------+----------+----------+-------+-------+---------+
    |  Latency (cycles) |  Latency (absolute) |    Interval   | Pipeline|
    |   min   |   max   |    min   |    max   |  min  |  max  |   Type  |
    +---------+---------+----------+----------+-------+-------+---------+
    |    32769|    32769|  0.328 ms|  0.328 ms|  32769|  32769|       no|
    +---------+---------+----------+----------+-------+-------+---------+

    + Detail: 
        * Instance: 
        N/A

        * Loop: 
        +----------+---------+---------+----------+-----------+-----------+-------+----------+
        |          |  Latency (cycles) | Iteration|  Initiation Interval  |  Trip |          |
        | Loop Name|   min   |   max   |  Latency |  achieved |   target  | Count | Pipelined|
        +----------+---------+---------+----------+-----------+-----------+-------+----------+
        |- Loop3   |    32768|    32768|         2|          -|          -|  16384|        no|
        +----------+---------+---------+----------+-----------+-----------+-------+----------+

============================================================
+ Verbose Summary: Synthesis Manager
============================================================
InlineROM: 1
ExposeGlobal: 0
============================================================
+ Verbose Summary: CDFG Model
============================================================
IsTopModel: 0
ResetActiveHigh: 1
IsCombinational: 2
IsDatapathOnly: 0
HasWiredReturn: 1
HasMFsm: 0
HasVarLatency: 1
IsPipeline: 0
IsRtlPipelined: 0
IsInstanceOverlapped: 0
IsDontTouch: 0
HasImplIP: 0
IsGatedGlobalClock: 0


============================================================
+ Verbose Summary: Schedule
============================================================
* Number of FSM states : 3
* Pipeline : 0
* Dataflow Pipeline: 0

* FSM state transitions: 
1 --> 2 
2 --> 3 
3 --> 2 

* FSM state operations: 

State 1 <SV = 0> <Delay = 1.61>
ST_1 : Operation 4 [1/1] (0.00ns)   --->   "%k = alloca i32 1"   --->   Operation 4 'alloca' 'k' <Predicate = true> <Delay = 0.00>
ST_1 : Operation 5 [1/1] (0.00ns)   --->   "%specinterface_ln0 = specinterface void @_ssdm_op_SpecInterface, i32 %temp3, void @ap_fifo_str, i32 0, i32 0, void @p_str, i32 0, i32 0, void @p_str, void @p_str, void @p_str, i32 2, i32 2, i32 16, i32 16, void @p_str, void @p_str"   --->   Operation 5 'specinterface' 'specinterface_ln0' <Predicate = true> <Delay = 0.00>
ST_1 : Operation 6 [1/1] (0.00ns)   --->   "%specinterface_ln0 = specinterface void @_ssdm_op_SpecInterface, i32 %data_out2, void @empty, i32 0, i32 0, void @empty_0, i32 4294967295, i32 0, void @empty_0, void @empty_0, void @empty_0, i32 0, i32 0, i32 0, i32 0, void @empty_0, void @empty_0"   --->   Operation 6 'specinterface' 'specinterface_ln0' <Predicate = true> <Delay = 0.00>
ST_1 : Operation 7 [1/1] (1.61ns)   --->   "%store_ln0 = store i15 0, i15 %k"   --->   Operation 7 'store' 'store_ln0' <Predicate = true> <Delay = 1.61>
ST_1 : Operation 8 [1/1] (0.00ns)   --->   "%br_ln0 = br void %.split2"   --->   Operation 8 'br' 'br_ln0' <Predicate = true> <Delay = 0.00>

State 2 <SV = 1> <Delay = 5.77>
ST_2 : Operation 9 [1/1] (0.00ns)   --->   "%k_1 = load i15 %k" [./source/lab5_z1.c:38]   --->   Operation 9 'load' 'k_1' <Predicate = true> <Delay = 0.00>
ST_2 : Operation 10 [1/1] (0.00ns)   --->   "%zext_ln38 = zext i15 %k_1" [./source/lab5_z1.c:38]   --->   Operation 10 'zext' 'zext_ln38' <Predicate = true> <Delay = 0.00>
ST_2 : Operation 11 [1/1] (2.26ns)   --->   "%icmp_ln38 = icmp_eq  i15 %k_1, i15 16384" [./source/lab5_z1.c:38]   --->   Operation 11 'icmp' 'icmp_ln38' <Predicate = true> <Delay = 2.26> <CoreInst = "Cmp">   --->   Core 9 'Cmp' <Latency = 0> <II = 1> <Delay = 2.26> <FuncUnit> <Opcode : 'icmp'> <InPorts = 2> <OutPorts = 1>
ST_2 : Operation 12 [1/1] (0.00ns)   --->   "%empty = speclooptripcount i32 @_ssdm_op_SpecLoopTripCount, i64 16384, i64 16384, i64 16384"   --->   Operation 12 'speclooptripcount' 'empty' <Predicate = true> <Delay = 0.00>
ST_2 : Operation 13 [1/1] (2.14ns)   --->   "%add_ln38 = add i15 %k_1, i15 1" [./source/lab5_z1.c:38]   --->   Operation 13 'add' 'add_ln38' <Predicate = true> <Delay = 2.14> <CoreInst = "Adder">   --->   Core 1 'Adder' <Latency = 0> <II = 1> <Delay = 2.70> <FuncUnit> <Opcode : 'add' 'sub'> <InPorts = 2> <OutPorts = 1>
ST_2 : Operation 14 [1/1] (0.00ns)   --->   "%br_ln38 = br i1 %icmp_ln38, void, void %.split3.exitStub" [./source/lab5_z1.c:38]   --->   Operation 14 'br' 'br_ln38' <Predicate = true> <Delay = 0.00>
ST_2 : Operation 15 [1/1] (3.50ns)   --->   "%temp3_read = read i32 @_ssdm_op_Read.ap_fifo.volatile.i32P0A, i32 %temp3" [./source/lab5_z1.c:41]   --->   Operation 15 'read' 'temp3_read' <Predicate = (!icmp_ln38)> <Delay = 3.50> <CoreInst = "FIFO">   --->   Core 78 'FIFO' <Latency = 0> <II = 1> <Delay = 3.50> <Storage> <Opcode : 'read' 'write' 'nbread' 'nbwrite'> <Ports = 0> <Width = 32> <Depth = 16384> <FIFO>
ST_2 : Operation 16 [1/1] (1.61ns)   --->   "%store_ln38 = store i15 %add_ln38, i15 %k" [./source/lab5_z1.c:38]   --->   Operation 16 'store' 'store_ln38' <Predicate = (!icmp_ln38)> <Delay = 1.61>
ST_2 : Operation 17 [1/1] (0.00ns)   --->   "%ret_ln0 = ret"   --->   Operation 17 'ret' 'ret_ln0' <Predicate = (icmp_ln38)> <Delay = 0.00>

State 3 <SV = 2> <Delay = 5.95>
ST_3 : Operation 18 [1/1] (0.00ns)   --->   "%specloopname_ln41 = specloopname void @_ssdm_op_SpecLoopName, void @empty_4" [./source/lab5_z1.c:41]   --->   Operation 18 'specloopname' 'specloopname_ln41' <Predicate = true> <Delay = 0.00>
ST_3 : Operation 19 [1/1] (0.00ns) (grouped into LUT with out node add_ln41)   --->   "%shl_ln41 = shl i32 %temp3_read, i32 5" [./source/lab5_z1.c:41]   --->   Operation 19 'shl' 'shl_ln41' <Predicate = true> <Delay = 0.00>
ST_3 : Operation 20 [1/1] (2.70ns) (out node of the LUT)   --->   "%add_ln41 = add i32 %temp3_read, i32 %shl_ln41" [./source/lab5_z1.c:41]   --->   Operation 20 'add' 'add_ln41' <Predicate = true> <Delay = 2.70> <CoreInst = "Adder">   --->   Core 1 'Adder' <Latency = 0> <II = 1> <Delay = 2.70> <FuncUnit> <Opcode : 'add' 'sub'> <InPorts = 2> <OutPorts = 1>
ST_3 : Operation 21 [1/1] (0.00ns)   --->   "%data_out2_addr = getelementptr i32 %data_out2, i64 0, i64 %zext_ln38" [./source/lab5_z1.c:41]   --->   Operation 21 'getelementptr' 'data_out2_addr' <Predicate = true> <Delay = 0.00>
ST_3 : Operation 22 [1/1] (3.25ns)   --->   "%store_ln41 = store i32 %add_ln41, i14 %data_out2_addr" [./source/lab5_z1.c:41]   --->   Operation 22 'store' 'store_ln41' <Predicate = true> <Delay = 3.25> <CoreInst = "RAM">   --->   Core 82 'RAM' <Latency = 1> <II = 1> <Delay = 3.25> <Storage> <Opcode : 'load' 'store'> <Ports = 2> <Width = 32> <Depth = 16384> <RAM>
ST_3 : Operation 23 [1/1] (0.00ns)   --->   "%br_ln38 = br void %.split2" [./source/lab5_z1.c:38]   --->   Operation 23 'br' 'br_ln38' <Predicate = true> <Delay = 0.00>


============================================================
+ Verbose Summary: Binding
============================================================
STG Binding: 
---------------- STG Properties BEGIN ----------------
- Is combinational: 0
- Is one-state seq: 0
- Is datapath-only: 0
- Is pipelined: 0
- Is top level: 0
Port [ Return ] is wired: 1; IO mode=ap_ctrl_hs:ce=0
Port [ temp3]:  wired=1; compound=1; hidden=0; nouse=0; global=0; static=0; extern=0; dir=0; type=3; pingpong=0; private_global=0; IO mode=ap_fifo:ce=0
Port [ data_out2]:  wired=1; compound=1; hidden=0; nouse=0; global=0; static=0; extern=0; dir=1; type=1; pingpong=0; private_global=0; MemPort=[03]; IO mode=ap_memory:ce=0
---------------- STG Properties END ------------------

---------------- Datapath Model BEGIN ----------------

<LifeTime>
<method=bitvector/>
k                 (alloca           ) [ 0111]
specinterface_ln0 (specinterface    ) [ 0000]
specinterface_ln0 (specinterface    ) [ 0000]
store_ln0         (store            ) [ 0000]
br_ln0            (br               ) [ 0000]
k_1               (load             ) [ 0000]
zext_ln38         (zext             ) [ 0001]
icmp_ln38         (icmp             ) [ 0011]
empty             (speclooptripcount) [ 0000]
add_ln38          (add              ) [ 0000]
br_ln38           (br               ) [ 0000]
temp3_read        (read             ) [ 0001]
store_ln38        (store            ) [ 0000]
ret_ln0           (ret              ) [ 0000]
specloopname_ln41 (specloopname     ) [ 0000]
shl_ln41          (shl              ) [ 0000]
add_ln41          (add              ) [ 0000]
data_out2_addr    (getelementptr    ) [ 0000]
store_ln41        (store            ) [ 0000]
br_ln38           (br               ) [ 0000]
</LifeTime>

<model>

<comp_list>
<comp id="0" class="1000" name="temp3">
<pin_list>
<pin id="1" dir="1" index="0" bw="1" slack="0"/>
</pin_list>
<bind>
<StgValue><ssdm name="temp3"/></StgValue>
</bind>
</comp>

<comp id="2" class="1000" name="data_out2">
<pin_list>
<pin id="3" dir="1" index="0" bw="1" slack="0"/>
</pin_list>
<bind>
<StgValue><ssdm name="data_out2"/><MemPortTyVec>0 3 </MemPortTyVec>
</StgValue>
</bind>
</comp>

<comp id="4" class="1001" name="const_4">
<pin_list>
<pin id="5" dir="1" index="0" bw="1" slack="0"/>
</pin_list>
<bind>
<StgValue><ssdm name=""/></StgValue>
</bind>
</comp>

<comp id="6" class="1001" name="const_6">
<pin_list>
<pin id="7" dir="1" index="0" bw="1" slack="2147483647"/>
</pin_list>
<bind>
<StgValue><ssdm name="_ssdm_op_SpecInterface"/></StgValue>
</bind>
</comp>

<comp id="8" class="1001" name="const_8">
<pin_list>
<pin id="9" dir="1" index="0" bw="1" slack="2147483647"/>
</pin_list>
<bind>
<StgValue><ssdm name="ap_fifo_str"/></StgValue>
</bind>
</comp>

<comp id="10" class="1001" name="const_10">
<pin_list>
<pin id="11" dir="1" index="0" bw="1" slack="2147483647"/>
</pin_list>
<bind>
<StgValue><ssdm name=""/></StgValue>
</bind>
</comp>

<comp id="12" class="1001" name="const_12">
<pin_list>
<pin id="13" dir="1" index="0" bw="1" slack="2147483647"/>
</pin_list>
<bind>
<StgValue><ssdm name="p_str"/></StgValue>
</bind>
</comp>

<comp id="14" class="1001" name="const_14">
<pin_list>
<pin id="15" dir="1" index="0" bw="1" slack="2147483647"/>
</pin_list>
<bind>
<StgValue><ssdm name=""/></StgValue>
</bind>
</comp>

<comp id="16" class="1001" name="const_16">
<pin_list>
<pin id="17" dir="1" index="0" bw="1" slack="2147483647"/>
</pin_list>
<bind>
<StgValue><ssdm name=""/></StgValue>
</bind>
</comp>

<comp id="18" class="1001" name="const_18">
<pin_list>
<pin id="19" dir="1" index="0" bw="1" slack="2147483647"/>
</pin_list>
<bind>
<StgValue><ssdm name="empty"/></StgValue>
</bind>
</comp>

<comp id="20" class="1001" name="const_20">
<pin_list>
<pin id="21" dir="1" index="0" bw="1" slack="2147483647"/>
</pin_list>
<bind>
<StgValue><ssdm name="empty_0"/></StgValue>
</bind>
</comp>

<comp id="22" class="1001" name="const_22">
<pin_list>
<pin id="23" dir="1" index="0" bw="1" slack="2147483647"/>
</pin_list>
<bind>
<StgValue><ssdm name=""/></StgValue>
</bind>
</comp>

<comp id="24" class="1001" name="const_24">
<pin_list>
<pin id="25" dir="1" index="0" bw="1" slack="0"/>
</pin_list>
<bind>
<StgValue><ssdm name=""/></StgValue>
</bind>
</comp>

<comp id="26" class="1001" name="const_26">
<pin_list>
<pin id="27" dir="1" index="0" bw="1" slack="0"/>
</pin_list>
<bind>
<StgValue><ssdm name=""/></StgValue>
</bind>
</comp>

<comp id="28" class="1001" name="const_28">
<pin_list>
<pin id="29" dir="1" index="0" bw="1" slack="2147483647"/>
</pin_list>
<bind>
<StgValue><ssdm name="_ssdm_op_SpecLoopTripCount"/></StgValue>
</bind>
</comp>

<comp id="30" class="1001" name="const_30">
<pin_list>
<pin id="31" dir="1" index="0" bw="1" slack="2147483647"/>
</pin_list>
<bind>
<StgValue><ssdm name=""/></StgValue>
</bind>
</comp>

<comp id="32" class="1001" name="const_32">
<pin_list>
<pin id="33" dir="1" index="0" bw="1" slack="0"/>
</pin_list>
<bind>
<StgValue><ssdm name=""/></StgValue>
</bind>
</comp>

<comp id="34" class="1001" name="const_34">
<pin_list>
<pin id="35" dir="1" index="0" bw="1" slack="0"/>
</pin_list>
<bind>
<StgValue><ssdm name="_ssdm_op_Read.ap_fifo.volatile.i32P0A"/></StgValue>
</bind>
</comp>

<comp id="36" class="1001" name="const_36">
<pin_list>
<pin id="37" dir="1" index="0" bw="1" slack="2147483647"/>
</pin_list>
<bind>
<StgValue><ssdm name="_ssdm_op_SpecLoopName"/></StgValue>
</bind>
</comp>

<comp id="38" class="1001" name="const_38">
<pin_list>
<pin id="39" dir="1" index="0" bw="1" slack="2147483647"/>
</pin_list>
<bind>
<StgValue><ssdm name="empty_4"/></StgValue>
</bind>
</comp>

<comp id="40" class="1001" name="const_40">
<pin_list>
<pin id="41" dir="1" index="0" bw="1" slack="0"/>
</pin_list>
<bind>
<StgValue><ssdm name=""/></StgValue>
</bind>
</comp>

<comp id="42" class="1001" name="const_42">
<pin_list>
<pin id="43" dir="1" index="0" bw="1" slack="0"/>
</pin_list>
<bind>
<StgValue><ssdm name=""/></StgValue>
</bind>
</comp>

<comp id="44" class="1004" name="k_fu_44">
<pin_list>
<pin id="45" dir="0" index="0" bw="1" slack="0"/>
<pin id="46" dir="1" index="1" bw="15" slack="0"/>
</pin_list>
<bind>
<opcode="alloca(26) " fcode="alloca"/>
<opset="k/1 "/>
</bind>
</comp>

<comp id="48" class="1004" name="temp3_read_read_fu_48">
<pin_list>
<pin id="49" dir="0" index="0" bw="32" slack="0"/>
<pin id="50" dir="0" index="1" bw="32" slack="0"/>
<pin id="51" dir="1" index="2" bw="32" slack="1"/>
</pin_list>
<bind>
<opcode="read(1150) " fcode="read"/>
<opset="temp3_read/2 "/>
</bind>
</comp>

<comp id="54" class="1004" name="data_out2_addr_gep_fu_54">
<pin_list>
<pin id="55" dir="0" index="0" bw="32" slack="0"/>
<pin id="56" dir="0" index="1" bw="1" slack="0"/>
<pin id="57" dir="0" index="2" bw="15" slack="1"/>
<pin id="58" dir="1" index="3" bw="14" slack="0"/>
</pin_list>
<bind>
<opcode="getelementptr(29) " fcode="getelementptr"/>
<opset="data_out2_addr/3 "/>
</bind>
</comp>

<comp id="61" class="1004" name="store_ln41_access_fu_61">
<pin_list>
<pin id="62" dir="0" index="0" bw="14" slack="0"/>
<pin id="63" dir="0" index="1" bw="32" slack="0"/>
<pin id="64" dir="0" index="2" bw="0" slack="2147483647"/>
<pin id="65" dir="1" index="3" bw="32" slack="2147483647"/>
</pin_list>
<bind>
<opcode="store(28) " fcode="store"/>
<opset="store_ln41/3 "/>
</bind>
</comp>

<comp id="67" class="1004" name="store_ln0_store_fu_67">
<pin_list>
<pin id="68" dir="0" index="0" bw="1" slack="0"/>
<pin id="69" dir="0" index="1" bw="15" slack="0"/>
<pin id="70" dir="1" index="2" bw="0" slack="2147483647"/>
</pin_list>
<bind>
<opcode="store(28) " fcode="store"/>
<opset="store_ln0/1 "/>
</bind>
</comp>

<comp id="72" class="1004" name="k_1_load_fu_72">
<pin_list>
<pin id="73" dir="0" index="0" bw="15" slack="1"/>
<pin id="74" dir="1" index="1" bw="15" slack="0"/>
</pin_list>
<bind>
<opcode="load(27) " fcode="load"/>
<opset="k_1/2 "/>
</bind>
</comp>

<comp id="75" class="1004" name="zext_ln38_fu_75">
<pin_list>
<pin id="76" dir="0" index="0" bw="15" slack="0"/>
<pin id="77" dir="1" index="1" bw="64" slack="1"/>
</pin_list>
<bind>
<opcode="zext(34) " fcode="zext"/>
<opset="zext_ln38/2 "/>
</bind>
</comp>

<comp id="79" class="1004" name="icmp_ln38_fu_79">
<pin_list>
<pin id="80" dir="0" index="0" bw="15" slack="0"/>
<pin id="81" dir="0" index="1" bw="15" slack="0"/>
<pin id="82" dir="1" index="2" bw="1" slack="2147483647"/>
</pin_list>
<bind>
<opcode="icmp(45) " fcode="icmp"/>
<opset="icmp_ln38/2 "/>
</bind>
</comp>

<comp id="85" class="1004" name="add_ln38_fu_85">
<pin_list>
<pin id="86" dir="0" index="0" bw="15" slack="0"/>
<pin id="87" dir="0" index="1" bw="1" slack="0"/>
<pin id="88" dir="1" index="2" bw="15" slack="0"/>
</pin_list>
<bind>
<opcode="add(8) " fcode="add"/>
<opset="add_ln38/2 "/>
</bind>
</comp>

<comp id="91" class="1004" name="store_ln38_store_fu_91">
<pin_list>
<pin id="92" dir="0" index="0" bw="15" slack="0"/>
<pin id="93" dir="0" index="1" bw="15" slack="1"/>
<pin id="94" dir="1" index="2" bw="0" slack="2147483647"/>
</pin_list>
<bind>
<opcode="store(28) " fcode="store"/>
<opset="store_ln38/2 "/>
</bind>
</comp>

<comp id="96" class="1004" name="shl_ln41_fu_96">
<pin_list>
<pin id="97" dir="0" index="0" bw="32" slack="1"/>
<pin id="98" dir="0" index="1" bw="4" slack="0"/>
<pin id="99" dir="1" index="2" bw="32" slack="0"/>
</pin_list>
<bind>
<opcode="shl(20) " fcode="shl"/>
<opset="shl_ln41/3 "/>
</bind>
</comp>

<comp id="101" class="1004" name="add_ln41_fu_101">
<pin_list>
<pin id="102" dir="0" index="0" bw="32" slack="1"/>
<pin id="103" dir="0" index="1" bw="32" slack="0"/>
<pin id="104" dir="1" index="2" bw="32" slack="0"/>
</pin_list>
<bind>
<opcode="add(8) " fcode="add"/>
<opset="add_ln41/3 "/>
</bind>
</comp>

<comp id="107" class="1005" name="k_reg_107">
<pin_list>
<pin id="108" dir="0" index="0" bw="15" slack="0"/>
<pin id="109" dir="1" index="1" bw="15" slack="0"/>
</pin_list>
<bind>
<opset="k "/>
</bind>
</comp>

<comp id="114" class="1005" name="zext_ln38_reg_114">
<pin_list>
<pin id="115" dir="0" index="0" bw="64" slack="1"/>
<pin id="116" dir="1" index="1" bw="64" slack="1"/>
</pin_list>
<bind>
<opset="zext_ln38 "/>
</bind>
</comp>

<comp id="122" class="1005" name="temp3_read_reg_122">
<pin_list>
<pin id="123" dir="0" index="0" bw="32" slack="1"/>
<pin id="124" dir="1" index="1" bw="32" slack="1"/>
</pin_list>
<bind>
<opset="temp3_read "/>
</bind>
</comp>

</comp_list>

<net_list>
<net id="47"><net_src comp="4" pin="0"/><net_sink comp="44" pin=0"/></net>

<net id="52"><net_src comp="34" pin="0"/><net_sink comp="48" pin=0"/></net>

<net id="53"><net_src comp="0" pin="0"/><net_sink comp="48" pin=1"/></net>

<net id="59"><net_src comp="2" pin="0"/><net_sink comp="54" pin=0"/></net>

<net id="60"><net_src comp="42" pin="0"/><net_sink comp="54" pin=1"/></net>

<net id="66"><net_src comp="54" pin="3"/><net_sink comp="61" pin=0"/></net>

<net id="71"><net_src comp="24" pin="0"/><net_sink comp="67" pin=0"/></net>

<net id="78"><net_src comp="72" pin="1"/><net_sink comp="75" pin=0"/></net>

<net id="83"><net_src comp="72" pin="1"/><net_sink comp="79" pin=0"/></net>

<net id="84"><net_src comp="26" pin="0"/><net_sink comp="79" pin=1"/></net>

<net id="89"><net_src comp="72" pin="1"/><net_sink comp="85" pin=0"/></net>

<net id="90"><net_src comp="32" pin="0"/><net_sink comp="85" pin=1"/></net>

<net id="95"><net_src comp="85" pin="2"/><net_sink comp="91" pin=0"/></net>

<net id="100"><net_src comp="40" pin="0"/><net_sink comp="96" pin=1"/></net>

<net id="105"><net_src comp="96" pin="2"/><net_sink comp="101" pin=1"/></net>

<net id="106"><net_src comp="101" pin="2"/><net_sink comp="61" pin=1"/></net>

<net id="110"><net_src comp="44" pin="1"/><net_sink comp="107" pin=0"/></net>

<net id="111"><net_src comp="107" pin="1"/><net_sink comp="67" pin=1"/></net>

<net id="112"><net_src comp="107" pin="1"/><net_sink comp="72" pin=0"/></net>

<net id="113"><net_src comp="107" pin="1"/><net_sink comp="91" pin=1"/></net>

<net id="117"><net_src comp="75" pin="1"/><net_sink comp="114" pin=0"/></net>

<net id="118"><net_src comp="114" pin="1"/><net_sink comp="54" pin=2"/></net>

<net id="125"><net_src comp="48" pin="2"/><net_sink comp="122" pin=0"/></net>

<net id="126"><net_src comp="122" pin="1"/><net_sink comp="96" pin=0"/></net>

<net id="127"><net_src comp="122" pin="1"/><net_sink comp="101" pin=0"/></net>

</net_list>

</model> 
---------------- Datapath Model END ------------------

* FSMD analyzer results:
  - Output states:
	Port: data_out2 | {3 }
 - Input state : 
	Port: Loop_Loop3_proc : temp3 | {2 }
  - Chain level:
	State 1
		store_ln0 : 1
	State 2
		zext_ln38 : 1
		icmp_ln38 : 1
		add_ln38 : 1
		br_ln38 : 2
		store_ln38 : 2
	State 3
		store_ln41 : 1


============================================================
+ Verbose Summary: Datapath Resource usage 
============================================================

* Functional unit list:
|----------|-----------------------|---------|---------|
| Operation|    Functional Unit    |    FF   |   LUT   |
|----------|-----------------------|---------|---------|
|    add   |     add_ln38_fu_85    |    0    |    22   |
|          |    add_ln41_fu_101    |    0    |    39   |
|----------|-----------------------|---------|---------|
|   icmp   |    icmp_ln38_fu_79    |    0    |    12   |
|----------|-----------------------|---------|---------|
|   read   | temp3_read_read_fu_48 |    0    |    0    |
|----------|-----------------------|---------|---------|
|   zext   |    zext_ln38_fu_75    |    0    |    0    |
|----------|-----------------------|---------|---------|
|    shl   |     shl_ln41_fu_96    |    0    |    0    |
|----------|-----------------------|---------|---------|
|   Total  |                       |    0    |    73   |
|----------|-----------------------|---------|---------|

Memories:
N/A

* Register list:
+------------------+--------+
|                  |   FF   |
+------------------+--------+
|     k_reg_107    |   15   |
|temp3_read_reg_122|   32   |
| zext_ln38_reg_114|   64   |
+------------------+--------+
|       Total      |   111  |
+------------------+--------+

* Multiplexer (MUX) list: 
|--------|------|------|------|--------|
|  Comp  |  Pin | Size |  BW  | S x BW |
|--------|------|------|------|--------|
|  Total |      |      |      |    0   |
|--------|------|------|------|--------|



* Summary:
+-----------+--------+--------+
|           |   FF   |   LUT  |
+-----------+--------+--------+
|  Function |    0   |   73   |
|   Memory  |    -   |    -   |
|Multiplexer|    -   |    -   |
|  Register |   111  |    -   |
+-----------+--------+--------+
|   Total   |   111  |   73   |
+-----------+--------+--------+
