#-----------------------------------------------------------
# xsim v2021.2 (64-bit)
# SW Build 3367213 on Tue Oct 19 02:48:09 MDT 2021
# IP Build 3369179 on Thu Oct 21 08:25:16 MDT 2021
# Start of session at: Sat Oct  8 17:52:28 2022
# Process ID: 17932
# Current directory: D:/Labs/3sem/FPGA/lab1_z1/lab1_z1/lab1_z1/solution2/sim/verilog
# Command line: xsim.exe -mode tcl -source {xsim.dir/lab1_z1/xsim_script.tcl}
# Log file: D:/Labs/3sem/FPGA/lab1_z1/lab1_z1/lab1_z1/solution2/sim/verilog/xsim.log
# Journal file: D:/Labs/3sem/FPGA/lab1_z1/lab1_z1/lab1_z1/solution2/sim/verilog\xsim.jou
# Running On: DESKTOP-D9BK5M4, OS: Windows, CPU Frequency: 2304 MHz, CPU Physical cores: 8, Host memory: 34046 MB
#-----------------------------------------------------------
source xsim.dir/lab1_z1/xsim_script.tcl
# xsim {lab1_z1} -view {{lab1_z1_dataflow_ana.wcfg}} -tclbatch {lab1_z1.tcl} -protoinst {lab1_z1.protoinst}
INFO: [Wavedata 42-565] Reading protoinst file lab1_z1.protoinst
INFO: [Wavedata 42-564]   Found protocol instance at /apatb_lab1_z1_top/AESL_inst_lab1_z1//AESL_inst_lab1_z1_activity
WARNING: [Wavedata 42-559] Protocol instance "/apatb_lab1_z1_top/AESL_inst_lab1_z1//AESL_inst_lab1_z1_activity" was created but is non-functional for the following reason(s):
Couldn't find port object "ap_clk" for protocol analyzer port "AP_CLK".
Couldn't find port object "ap_rst" for protocol analyzer port "AP_RESET".
Protocol instance has no valid analyzer.  Please configure the protocol instance again.

Time resolution is 1 ps
open_wave_config lab1_z1_dataflow_ana.wcfg
WARNING: [Wavedata 42-572] Protocol instance "/apatb_lab1_z1_top/AESL_inst_lab1_z1/AESL_inst_lab1_z1_activity" is non-functional for the following reason(s):
Protocol instance has no valid analyzer.  Please configure the protocol instance again.

WARNING: [Wavedata 42-572] Protocol instance "/apatb_lab1_z1_top/AESL_inst_lab1_z1/AESL_inst_lab1_z1_activity" is non-functional for the following reason(s):
Protocol instance has no valid analyzer.  Please configure the protocol instance again.

source lab1_z1.tcl
## log_wave -r /
WARNING: [Simtcl 6-197] One or more HDL objects could not be logged because of object type or size limitations.  To see details please rerun the command with -verbose (-v).
## set designtopgroup [add_wave_group "Design Top Signals"]
## set coutputgroup [add_wave_group "C Outputs" -into $designtopgroup]
## set return_group [add_wave_group return(axi_slave) -into $coutputgroup]
## add_wave /apatb_lab1_z1_top/AESL_inst_lab1_z1/ap_return -into $return_group -radix hex
## add_wave /apatb_lab1_z1_top/AESL_inst_lab1_z1/ap_local_deadlock -into $return_group -radix hex
## add_wave /apatb_lab1_z1_top/AESL_inst_lab1_z1/ap_local_block -into $return_group -radix hex
## set cinputgroup [add_wave_group "C Inputs" -into $designtopgroup]
## set return_group [add_wave_group return(wire) -into $cinputgroup]
## add_wave /apatb_lab1_z1_top/AESL_inst_lab1_z1/d -into $return_group -radix hex
## add_wave /apatb_lab1_z1_top/AESL_inst_lab1_z1/c -into $return_group -radix hex
## add_wave /apatb_lab1_z1_top/AESL_inst_lab1_z1/b -into $return_group -radix hex
## add_wave /apatb_lab1_z1_top/AESL_inst_lab1_z1/a -into $return_group -radix hex
## set blocksiggroup [add_wave_group "Block-level IO Handshake" -into $designtopgroup]
## add_wave /apatb_lab1_z1_top/AESL_inst_lab1_z1/ap_start -into $blocksiggroup
## add_wave /apatb_lab1_z1_top/AESL_inst_lab1_z1/ap_done -into $blocksiggroup
## add_wave /apatb_lab1_z1_top/AESL_inst_lab1_z1/ap_idle -into $blocksiggroup
## add_wave /apatb_lab1_z1_top/AESL_inst_lab1_z1/ap_ready -into $blocksiggroup
## set resetgroup [add_wave_group "Reset" -into $designtopgroup]
## set clockgroup [add_wave_group "Clock" -into $designtopgroup]
## set testbenchgroup [add_wave_group "Test Bench Signals"]
## set tbinternalsiggroup [add_wave_group "Internal Signals" -into $testbenchgroup]
## set tb_simstatus_group [add_wave_group "Simulation Status" -into $tbinternalsiggroup]
## set tb_portdepth_group [add_wave_group "Port Depth" -into $tbinternalsiggroup]
## add_wave /apatb_lab1_z1_top/AUTOTB_TRANSACTION_NUM -into $tb_simstatus_group -radix hex
## add_wave /apatb_lab1_z1_top/ready_cnt -into $tb_simstatus_group -radix hex
## add_wave /apatb_lab1_z1_top/done_cnt -into $tb_simstatus_group -radix hex
## add_wave /apatb_lab1_z1_top/LENGTH_a -into $tb_portdepth_group -radix hex
## add_wave /apatb_lab1_z1_top/LENGTH_b -into $tb_portdepth_group -radix hex
## add_wave /apatb_lab1_z1_top/LENGTH_c -into $tb_portdepth_group -radix hex
## add_wave /apatb_lab1_z1_top/LENGTH_d -into $tb_portdepth_group -radix hex
## add_wave /apatb_lab1_z1_top/LENGTH_ap_return -into $tb_portdepth_group -radix hex
## set tbcoutputgroup [add_wave_group "C Outputs" -into $testbenchgroup]
## set tb_return_group [add_wave_group return(axi_slave) -into $tbcoutputgroup]
## add_wave /apatb_lab1_z1_top/ap_return -into $tb_return_group -radix hex
## add_wave /apatb_lab1_z1_top/ap_local_deadlock -into $tb_return_group -radix hex
## add_wave /apatb_lab1_z1_top/ap_local_block -into $tb_return_group -radix hex
## set tbcinputgroup [add_wave_group "C Inputs" -into $testbenchgroup]
## set tb_return_group [add_wave_group return(wire) -into $tbcinputgroup]
## add_wave /apatb_lab1_z1_top/d -into $tb_return_group -radix hex
## add_wave /apatb_lab1_z1_top/c -into $tb_return_group -radix hex
## add_wave /apatb_lab1_z1_top/b -into $tb_return_group -radix hex
## add_wave /apatb_lab1_z1_top/a -into $tb_return_group -radix hex
## save_wave_config lab1_z1.wcfg
## run all
////////////////////////////////////////////////////////////////////////////////////
// Inter-Transaction Progress: Completed Transaction / Total Transaction
// Intra-Transaction Progress: Measured Latency / Latency Estimation * 100%
//
// RTL Simulation : "Inter-Transaction Progress" ["Intra-Transaction Progress"] @ "Simulation Time"
////////////////////////////////////////////////////////////////////////////////////
// RTL Simulation : 0 / 3 [n/a] @ "125000"
// RTL Simulation : 1 / 3 [n/a] @ "145000"
// RTL Simulation : 2 / 3 [n/a] @ "155000"
// RTL Simulation : 3 / 3 [n/a] @ "165000"
////////////////////////////////////////////////////////////////////////////////////
$finish called at time : 225 ns : File "D:/Labs/3sem/FPGA/lab1_z1/lab1_z1/lab1_z1/solution2/sim/verilog/lab1_z1.autotb.v" Line 435
## quit
INFO: [Common 17-206] Exiting xsim at Sat Oct  8 17:52:32 2022...
