==============================================================
Vitis HLS - High-Level Synthesis from C, C++ and OpenCL v2021.2 (64-bit)
Copyright 1986-2021 Xilinx, Inc. All Rights Reserved.
==============================================================
INFO: [HLS 200-1505] Using default flow_target 'vivado'
INFO: [HLS 200-1510] Running: set_directive_top -name lab3_z2 lab3_z2 
INFO: [HLS 200-1510] Running: set_directive_pipeline -off lab3_z2 
INFO: [HLS 200-1510] Running: set_directive_interface -mode ap_fifo lab3_z2 in_Mass 
INFO: [HLS 200-1510] Running: set_part xa7a12tcsg325-1Q 
INFO: [HLS 200-1510] Running: create_clock -period 8 -name clk 
INFO: [SYN 201-201] Setting up clock 'clk' with a period of 8ns.
INFO: [HLS 200-1510] Running: set_clock_uncertainty 1 
INFO: [SYN 201-201] Setting up clock 'clk' with an uncertainty of 1ns.
INFO: [HLS 200-1510] Running: csynth_design 
INFO: [HLS 200-111] Finished File checks and directory preparation: CPU user time: 0 seconds. CPU system time: 0 seconds. Elapsed time: 0.012 seconds; current allocated memory: 1.075 GB.
INFO: [HLS 200-10] Analyzing design file './lab3_z2/source/lab3_z2.c' ... 
INFO: [HLS 200-111] Finished Source Code Analysis and Preprocessing: CPU user time: 0 seconds. CPU system time: 0 seconds. Elapsed time: 0.619 seconds; current allocated memory: 1.075 GB.
INFO: [HLS 200-777] Using interface defaults for 'Vivado' flow target.
INFO: [HLS 214-284] Auto array partition mode is set into default.
INFO: [HLS 214-270] Starting automatic array partition analysis...
INFO: [HLS 200-111] Finished Compiling Optimization and Transform: CPU user time: 0 seconds. CPU system time: 0 seconds. Elapsed time: 3.42 seconds; current allocated memory: 1.075 GB.
INFO: [HLS 200-111] Finished Checking Pragmas: CPU user time: 0 seconds. CPU system time: 0 seconds. Elapsed time: 0.002 seconds; current allocated memory: 1.075 GB.
INFO: [HLS 200-10] Starting code transformations ...
INFO: [HLS 200-111] Finished Standard Transforms: CPU user time: 0 seconds. CPU system time: 0 seconds. Elapsed time: 0.013 seconds; current allocated memory: 1.075 GB.
INFO: [HLS 200-10] Checking synthesizability ...
INFO: [HLS 200-111] Finished Checking Synthesizability: CPU user time: 0 seconds. CPU system time: 0 seconds. Elapsed time: 0.013 seconds; current allocated memory: 1.075 GB.
INFO: [HLS 200-111] Finished Loop, function and other optimizations: CPU user time: 0 seconds. CPU system time: 0 seconds. Elapsed time: 0.027 seconds; current allocated memory: 1.075 GB.
INFO: [HLS 200-111] Finished Architecture Synthesis: CPU user time: 0 seconds. CPU system time: 0 seconds. Elapsed time: 0.016 seconds; current allocated memory: 1.075 GB.
INFO: [HLS 200-10] Starting hardware synthesis ...
INFO: [HLS 200-10] Synthesizing 'lab3_z2' ...
INFO: [HLS 200-10] ----------------------------------------------------------------
INFO: [HLS 200-42] -- Implementing module 'lab3_z2' 
INFO: [HLS 200-10] ----------------------------------------------------------------
INFO: [SCHED 204-11] Starting scheduling ...
INFO: [SCHED 204-11] Finished scheduling.
INFO: [HLS 200-111] Finished Scheduling: CPU user time: 0 seconds. CPU system time: 0 seconds. Elapsed time: 0.104 seconds; current allocated memory: 1.075 GB.
INFO: [BIND 205-100] Starting micro-architecture generation ...
INFO: [BIND 205-101] Performing variable lifetime analysis.
INFO: [BIND 205-101] Exploring resource sharing.
INFO: [BIND 205-101] Binding ...
INFO: [BIND 205-100] Finished micro-architecture generation.
INFO: [HLS 200-111] Finished Binding: CPU user time: 0 seconds. CPU system time: 0 seconds. Elapsed time: 0.045 seconds; current allocated memory: 1.075 GB.
INFO: [HLS 200-10] ----------------------------------------------------------------
INFO: [HLS 200-10] -- Generating RTL for module 'lab3_z2' 
INFO: [HLS 200-10] ----------------------------------------------------------------
INFO: [RTGEN 206-500] Setting interface mode on port 'lab3_z2/inA_ar' to 'ap_memory'.
INFO: [RTGEN 206-500] Setting interface mode on port 'lab3_z2/out_ar' to 'ap_memory'.
INFO: [RTGEN 206-500] Setting interface mode on function 'lab3_z2' to 'ap_ctrl_hs'.
INFO: [RTGEN 206-100] Finished creating RTL model for 'lab3_z2'.
INFO: [HLS 200-111] Finished Creating RTL model: CPU user time: 0 seconds. CPU system time: 0 seconds. Elapsed ==============================================================
Vitis HLS - High-Level Synthesis from C, C++ and OpenCL v2021.2 (64-bit)
Copyright 1986-2021 Xilinx, Inc. All Rights Reserved.
==============================================================
INFO: [SYN 201-201] Setting up clock 'clk' with a period of 8ns.
INFO: [SYN 201-201] Setting up clock 'clk' with an uncertainty of 1ns.
INFO: [HLS 200-1611] Setting target device to 'xa7a12t-csg325-1Q'
INFO: [HLS 200-1505] Using flow_target 'vivado'
INFO: [HLS 200-1510] Running: set_part xa7a12t-csg325-1Q 
INFO: [HLS 200-1510] Running: create_clock -period 8 -name clk 
INFO: [HLS 200-1510] Running: set_clock_uncertainty 1 
INFO: [HLS 200-1510] Running: set_directive_top -name lab3_z2 lab3_z2 
INFO: [HLS 200-1510] Running: set_directive_pipeline -off lab3_z2 
INFO: [HLS 200-1510] Running: set_directive_interface -mode ap_fifo lab3_z2 in_Mass 
INFO: [HLS 200-1510] Running: csim_design -clean -quiet 
INFO: [SIM 211-2] *************** CSIM start ***************
INFO: [SIM 211-4] CSIM will launch GCC as the compiler.
INFO: [SIM 211-1] CSim done with 0 errors.
INFO: [SIM 211-3] *************** CSIM finish ***************
INFO: [HLS 200-111] Finished Command csim_design CPU user time: 1 seconds. CPU system time: 0 seconds. Elapsed time: 11.058 seconds; current allocated memory: 219.043 MB.
INFO: [HLS 200-112] Total CPU user time: 2 seconds. Total CPU system time: 1 seconds. Total elapsed time: 12.156 seconds; peak allocated memory: 1.076 GB.
==============================================================
Vitis HLS - High-Level Synthesis from C, C++ and OpenCL v2021.2 (64-bit)
Copyright 1986-2021 Xilinx, Inc. All Rights Reserved.
==============================================================
INFO: [SYN 201-201] Setting up clock 'clk' with a period of 8ns.
INFO: [SYN 201-201] Setting up clock 'clk' with an uncertainty of 1ns.
INFO: [HLS 200-1611] Setting target device to 'xa7a12t-csg325-1Q'
INFO: [HLS 200-1505] Using flow_target 'vivado'
INFO: [HLS 200-1510] Running: set_part xa7a12t-csg325-1Q 
INFO: [HLS 200-1510] Running: create_clock -period 8 -name clk 
INFO: [HLS 200-1510] Running: set_clock_uncertainty 1 
INFO: [HLS 200-1510] Running: set_directive_top -name lab3_z2 lab3_z2 
INFO: [HLS 200-1510] Running: set_directive_pipeline -off lab3_z2 
INFO: [HLS 200-1510] Running: set_directive_interface -mode ap_fifo lab3_z2 in_Mass 
INFO: [HLS 200-1510] Running: csim_design -clean -quiet 
INFO: [SIM 211-2] *************** CSIM start ***************
INFO: [SIM 211-4] CSIM will launch GCC as the compiler.
ERROR: [SIM 211-100] 'csim_design' failed: nonzero return value.
INFO: [SIM 211-3] *************** CSIM finish ***************
INFO: [HLS 200-111] Finished Command csim_design CPU user time: 1 seconds. CPU system time: 0 seconds. Elapsed time: 10.987 seconds; current allocated memory: 246.312 MB.
INFO: [HLS 200-112] Total CPU user time: 2 seconds. Total CPU system time: 1 seconds. Total elapsed time: 11.969 seconds; peak allocated memory: 1.076 GB.
==============================================================
Vitis HLS - High-Level Synthesis from C, C++ and OpenCL v2021.2 (64-bit)
Copyright 1986-2021 Xilinx, Inc. All Rights Reserved.
==============================================================
INFO: [SYN 201-201] Setting up clock 'clk' with a period of 8ns.
INFO: [SYN 201-201] Setting up clock 'clk' with an uncertainty of 1ns.
INFO: [HLS 200-1611] Setting target device to 'xa7a12t-csg325-1Q'
INFO: [HLS 200-1505] Using flow_target 'vivado'
INFO: [HLS 200-1510] Running: set_part xa7a12t-csg325-1Q 
INFO: [HLS 200-1510] Running: create_clock -period 8 -name clk 
INFO: [HLS 200-1510] Running: set_clock_uncertainty 1 
INFO: [HLS 200-1510] Running: set_directive_top -name lab3_z2 lab3_z2 
INFO: [HLS 200-1510] Running: set_directive_pipeline -off lab3_z2 
INFO: [HLS 200-1510] Running: set_directive_interface -mode ap_fifo lab3_z2 in_Mass 
INFO: [HLS 200-1510] Running: csim_design -clean -quiet 
INFO: [SIM 211-2] *************** CSIM start ***************
INFO: [SIM 211-4] CSIM will launch GCC as the compiler.
INFO: [SIM 211-1] CSim done with 0 errors.
INFO: [SIM 211-3] *************** CSIM finish ***************
INFO: [HLS 200-111] Finished Command csim_design CPU user time: 1 seconds. CPU system time: 0 seconds. Elapsed time: 11.007 seconds; current allocated memory: 251.730 MB.
INFO: [HLS 200-112] Total CPU user time: 2 seconds. Total CPU system time: 1 seconds. Total elapsed time: 11.978 seconds; peak allocated memory: 1.076 GB.
==============================================================
Vitis HLS - High-Level Synthesis from C, C++ and OpenCL v2021.2 (64-bit)
Copyright 1986-2021 Xilinx, Inc. All Rights Reserved.
==============================================================
INFO: [SYN 201-201] Setting up clock 'clk' with a period of 8ns.
INFO: [SYN 201-201] Setting up clock 'clk' with an uncertainty of 1ns.
INFO: [HLS 200-1611] Setting target device to 'xa7a12t-csg325-1Q'
INFO: [HLS 200-1505] Using flow_target 'vivado'
INFO: [HLS 200-1510] Running: set_part xa7a12t-csg325-1Q 
INFO: [HLS 200-1510] Running: create_clock -period 8 -name clk 
INFO: [HLS 200-1510] Running: set_clock_uncertainty 1 
INFO: [HLS 200-1510] Running: set_directive_top -name lab3_z2 lab3_z2 
INFO: [HLS 200-1510] Running: set_directive_pipeline -off lab3_z2 
INFO: [HLS 200-1510] Running: set_directive_interface -mode ap_fifo lab3_z2 in_Mass 
INFO: [HLS 200-1510] Running: csim_design -clean -quiet 
INFO: [SIM 211-2] *************** CSIM start ***************
INFO: [SIM 211-4] CSIM will launch GCC as the compiler.
ERROR: [SIM 211-100] 'csim_design' failed: nonzero return value.
INFO: [SIM 211-3] *************** CSIM finish ***************
INFO: [HLS 200-111] Finished Command csim_design CPU user time: 1 seconds. CPU system time: 0 seconds. Elapsed time: 10.911 seconds; current allocated memory: 246.754 MB.
INFO: [HLS 200-112] Total CPU user time: 2 seconds. Total CPU system time: 1 seconds. Total elapsed time: 11.867 seconds; peak allocated memory: 1.076 GB.
==============================================================
Vitis HLS - High-Level Synthesis from C, C++ and OpenCL v2021.2 (64-bit)
Copyright 1986-2021 Xilinx, Inc. All Rights Reserved.
==============================================================
INFO: [SYN 201-201] Setting up clock 'clk' with a period of 8ns.
INFO: [SYN 201-201] Setting up clock 'clk' with an uncertainty of 1ns.
INFO: [HLS 200-1611] Setting target device to 'xa7a12t-csg325-1Q'
INFO: [HLS 200-1505] Using flow_target 'vivado'
INFO: [HLS 200-1510] Running: set_part xa7a12t-csg325-1Q 
INFO: [HLS 200-1510] Running: create_clock -period 8 -name clk 
INFO: [HLS 200-1510] Running: set_clock_uncertainty 1 
INFO: [HLS 200-1510] Running: set_directive_top -name lab3_z2 lab3_z2 
INFO: [HLS 200-1510] Running: set_directive_pipeline -off lab3_z2 
INFO: [HLS 200-1510] Running: set_directive_interface -mode ap_fifo lab3_z2 in_Mass 
INFO: [HLS 200-1510] Running: csim_design -clean -quiet 
INFO: [SIM 211-2] *************** CSIM start ***************
INFO: [SIM 211-4] CSIM will launch GCC as the compiler.
ERROR: [SIM 211-100] 'csim_design' failed: nonzero return value.
INFO: [SIM 211-3] *************** CSIM finish ***************
INFO: [HLS 200-111] Finished Command csim_design CPU user time: 1 seconds. CPU system time: 0 seconds. Elapsed time: 10.816 seconds; current allocated memory: 261.617 MB.
INFO: [HLS 200-112] Total CPU user time: 2 seconds. Total CPU system time: 1 seconds. Total elapsed time: 11.781 seconds; peak allocated memory: 1.075 GB.
==============================================================
Vitis HLS - High-Level Synthesis from C, C++ and OpenCL v2021.2 (64-bit)
Copyright 1986-2021 Xilinx, Inc. All Rights Reserved.
==============================================================
INFO: [SYN 201-201] Setting up clock 'clk' with a period of 8ns.
INFO: [SYN 201-201] Setting up clock 'clk' with an uncertainty of 1ns.
INFO: [HLS 200-1611] Setting target device to 'xa7a12t-csg325-1Q'
INFO: [HLS 200-1505] Using flow_target 'vivado'
INFO: [HLS 200-1510] Running: set_part xa7a12t-csg325-1Q 
INFO: [HLS 200-1510] Running: create_clock -period 8 -name clk 
INFO: [HLS 200-1510] Running: set_clock_uncertainty 1 
INFO: [HLS 200-1510] Running: set_directive_top -name lab3_z2 lab3_z2 
INFO: [HLS 200-1510] Running: set_directive_pipeline -off lab3_z2 
INFO: [HLS 200-1510] Running: set_directive_interface -mode ap_fifo lab3_z2 in_Mass 
INFO: [HLS 200-1510] Running: csim_design -clean -quiet 
INFO: [SIM 211-2] *************** CSIM start ***************
INFO: [SIM 211-4] CSIM will launch GCC as the compiler.
ERROR: [SIM 211-100] 'csim_design' failed: nonzero return value.
INFO: [SIM 211-3] *************** CSIM finish ***************
INFO: [HLS 200-111] Finished Command csim_design CPU user time: 1 seconds. CPU system time: 0 seconds. Elapsed time: 10.858 seconds; current allocated memory: 248.629 MB.
INFO: [HLS 200-112] Total CPU user time: 2 seconds. Total CPU system time: 1 seconds. Total elapsed time: 11.822 seconds; peak allocated memory: 1.076 GB.
==============================================================
Vitis HLS - High-Level Synthesis from C, C++ and OpenCL v2021.2 (64-bit)
Copyright 1986-2021 Xilinx, Inc. All Rights Reserved.
==============================================================
INFO: [SYN 201-201] Setting up clock 'clk' with a period of 8ns.
INFO: [SYN 201-201] Setting up clock 'clk' with an uncertainty of 1ns.
INFO: [HLS 200-1611] Setting target device to 'xa7a12t-csg325-1Q'
INFO: [HLS 200-1505] Using flow_target 'vivado'
INFO: [HLS 200-1510] Running: set_part xa7a12t-csg325-1Q 
INFO: [HLS 200-1510] Running: create_clock -period 8 -name clk 
INFO: [HLS 200-1510] Running: set_clock_uncertainty 1 
INFO: [HLS 200-1510] Running: set_directive_top -name lab3_z2 lab3_z2 
INFO: [HLS 200-1510] Running: set_directive_pipeline -off lab3_z2 
INFO: [HLS 200-1510] Running: set_directive_interface -mode ap_fifo lab3_z2 in_Mass 
INFO: [HLS 200-1510] Running: csim_design -clean -quiet 
INFO: [SIM 211-2] *************** CSIM start ***************
INFO: [SIM 211-4] CSIM will launch GCC as the compiler.
ERROR: [SIM 211-100] 'csim_design' failed: nonzero return value.
INFO: [SIM 211-3] *************** CSIM finish ***************
INFO: [HLS 200-111] Finished Command csim_design CPU user time: 1 seconds. CPU system time: 0 seconds. Elapsed time: 10.943 seconds; current allocated memory: 255.754 MB.
INFO: [HLS 200-112] Total CPU user time: 2 seconds. Total CPU system time: 1 seconds. Total elapsed time: 11.898 seconds; peak allocated memory: 1.076 GB.
==============================================================
Vitis HLS - High-Level Synthesis from C, C++ and OpenCL v2021.2 (64-bit)
Copyright 1986-2021 Xilinx, Inc. All Rights Reserved.
==============================================================
INFO: [SYN 201-201] Setting up clock 'clk' with a period of 8ns.
INFO: [SYN 201-201] Setting up clock 'clk' with an uncertainty of 1ns.
INFO: [HLS 200-1611] Setting target device to 'xa7a12t-csg325-1Q'
INFO: [HLS 200-1505] Using flow_target 'vivado'
INFO: [HLS 200-1510] Running: set_part xa7a12t-csg325-1Q 
INFO: [HLS 200-1510] Running: create_clock -period 8 -name clk 
INFO: [HLS 200-1510] Running: set_clock_uncertainty 1 
INFO: [HLS 200-1510] Running: set_directive_top -name lab3_z2 lab3_z2 
INFO: [HLS 200-1510] Running: set_directive_pipeline -off lab3_z2 
INFO: [HLS 200-1510] Running: set_directive_interface -mode ap_fifo lab3_z2 in_Mass 
INFO: [HLS 200-1510] Running: csim_design -clean -quiet 
INFO: [SIM 211-2] *************** CSIM start ***************
INFO: [SIM 211-4] CSIM will launch GCC as the compiler.
ERROR: [SIM 211-100] 'csim_design' failed: nonzero return value.
INFO: [SIM 211-3] *************** CSIM finish ***************
INFO: [HLS 200-111] Finished Command csim_design CPU user time: 1 seconds. CPU system time: 0 seconds. Elapsed time: 10.848 seconds; current allocated memory: 251.344 MB.
INFO: [HLS 200-112] Total CPU user time: 2 seconds. Total CPU system time: 1 seconds. Total elapsed time: 11.794 seconds; peak allocated memory: 1.076 GB.
==============================================================
Vitis HLS - High-Level Synthesis from C, C++ and OpenCL v2021.2 (64-bit)
Copyright 1986-2021 Xilinx, Inc. All Rights Reserved.
==============================================================
INFO: [SYN 201-201] Setting up clock 'clk' with a period of 8ns.
INFO: [SYN 201-201] Setting up clock 'clk' with an uncertainty of 1ns.
INFO: [HLS 200-1611] Setting target device to 'xa7a12t-csg325-1Q'
INFO: [HLS 200-1505] Using flow_target 'vivado'
INFO: [HLS 200-1510] Running: set_part xa7a12t-csg325-1Q 
INFO: [HLS 200-1510] Running: create_clock -period 8 -name clk 
INFO: [HLS 200-1510] Running: set_clock_uncertainty 1 
INFO: [HLS 200-1510] Running: set_directive_top -name lab3_z2 lab3_z2 
INFO: [HLS 200-1510] Running: set_directive_pipeline -off lab3_z2 
INFO: [HLS 200-1510] Running: set_directive_interface -mode ap_fifo lab3_z2 in_Mass 
INFO: [HLS 200-1510] Running: csim_design -clean -quiet 
INFO: [SIM 211-2] *************** CSIM start ***************
INFO: [SIM 211-4] CSIM will launch GCC as the compiler.
ERROR: [SIM 211-100] 'csim_design' failed: nonzero return value.
INFO: [SIM 211-3] *************** CSIM finish ***************
INFO: [HLS 200-111] Finished Command csim_design CPU user time: 1 seconds. CPU system time: 0 seconds. Elapsed time: 10.685 seconds; current allocated memory: 246.652 MB.
INFO: [HLS 200-112] Total CPU user time: 2 seconds. Total CPU system time: 1 seconds. Total elapsed time: 11.667 seconds; peak allocated memory: 1.075 GB.
==============================================================
Vitis HLS - High-Level Synthesis from C, C++ and OpenCL v2021.2 (64-bit)
Copyright 1986-2021 Xilinx, Inc. All Rights Reserved.
==============================================================
INFO: [SYN 201-201] Setting up clock 'clk' with a period of 8ns.
INFO: [SYN 201-201] Setting up clock 'clk' with an uncertainty of 1ns.
INFO: [HLS 200-1611] Setting target device to 'xa7a12t-csg325-1Q'
INFO: [HLS 200-1505] Using flow_target 'vivado'
INFO: [HLS 200-1510] Running: set_part xa7a12t-csg325-1Q 
INFO: [HLS 200-1510] Running: create_clock -period 8 -name clk 
INFO: [HLS 200-1510] Running: set_clock_uncertainty 1 
INFO: [HLS 200-1510] Running: set_directive_top -name lab3_z2 lab3_z2 
INFO: [HLS 200-1510] Running: set_directive_pipeline -off lab3_z2 
INFO: [HLS 200-1510] Running: set_directive_interface -mode ap_fifo lab3_z2 in_Mass 
INFO: [HLS 200-1510] Running: csim_design -clean -quiet 
INFO: [SIM 211-2] *************** CSIM start ***************
INFO: [SIM 211-4] CSIM will launch GCC as the compiler.
ERROR: [SIM 211-100] 'csim_design' failed: nonzero return value.
INFO: [SIM 211-3] *************** CSIM finish ***************
INFO: [HLS 200-111] Finished Command csim_design CPU user time: 1 seconds. CPU system time: 0 seconds. Elapsed time: 10.722 seconds; current allocated memory: 249.930 MB.
INFO: [HLS 200-112] Total CPU user time: 2 seconds. Total CPU system time: 1 seconds. Total elapsed time: 11.668 seconds; peak allocated memory: 1.076 GB.
==============================================================
Vitis HLS - High-Level Synthesis from C, C++ and OpenCL v2021.2 (64-bit)
Copyright 1986-2021 Xilinx, Inc. All Rights Reserved.
==============================================================
INFO: [SYN 201-201] Setting up clock 'clk' with a period of 8ns.
INFO: [SYN 201-201] Setting up clock 'clk' with an uncertainty of 1ns.
INFO: [HLS 200-1611] Setting target device to 'xa7a12t-csg325-1Q'
INFO: [HLS 200-1505] Using flow_target 'vivado'
INFO: [HLS 200-1510] Running: set_part xa7a12t-csg325-1Q 
INFO: [HLS 200-1510] Running: create_clock -period 8 -name clk 
INFO: [HLS 200-1510] Running: set_clock_uncertainty 1 
INFO: [HLS 200-1510] Running: set_directive_top -name lab3_z2 lab3_z2 
INFO: [HLS 200-1510] Running: set_directive_pipeline -off lab3_z2 
INFO: [HLS 200-1510] Running: set_directive_interface -mode ap_fifo lab3_z2 in_Mass 
INFO: [HLS 200-1510] Running: csim_design -clean -quiet 
INFO: [SIM 211-2] *************** CSIM start ***************
INFO: [SIM 211-4] CSIM will launch GCC as the compiler.
ERROR: [SIM 211-100] 'csim_design' failed: nonzero return value.
INFO: [SIM 211-3] *************** CSIM finish ***************
INFO: [HLS 200-111] Finished Command csim_design CPU user time: 1 seconds. CPU system time: 0 seconds. Elapsed time: 10.659 seconds; current allocated memory: 254.086 MB.
INFO: [HLS 200-112] Total CPU user time: 2 seconds. Total CPU system time: 1 seconds. Total elapsed time: 11.615 seconds; peak allocated memory: 1.076 GB.
==============================================================
Vitis HLS - High-Level Synthesis from C, C++ and OpenCL v2021.2 (64-bit)
Copyright 1986-2021 Xilinx, Inc. All Rights Reserved.
==============================================================
INFO: [SYN 201-201] Setting up clock 'clk' with a period of 8ns.
INFO: [SYN 201-201] Setting up clock 'clk' with an uncertainty of 1ns.
INFO: [HLS 200-1611] Setting target device to 'xa7a12t-csg325-1Q'
INFO: [HLS 200-1505] Using flow_target 'vivado'
INFO: [HLS 200-1510] Running: set_part xa7a12t-csg325-1Q 
INFO: [HLS 200-1510] Running: create_clock -period 8 -name clk 
INFO: [HLS 200-1510] Running: set_clock_uncertainty 1 
INFO: [HLS 200-1510] Running: set_directive_top -name lab3_z2 lab3_z2 
INFO: [HLS 200-1510] Running: set_directive_pipeline -off lab3_z2 
INFO: [HLS 200-1510] Running: set_directive_interface -mode ap_fifo lab3_z2 in_Mass 
INFO: [HLS 200-1510] Running: csim_design -clean -quiet 
INFO: [SIM 211-2] *************** CSIM start ***************
INFO: [SIM 211-4] CSIM will launch GCC as the compiler.
ERROR: [SIM 211-100] 'csim_design' failed: nonzero return value.
INFO: [SIM 211-3] *************** CSIM finish ***************
INFO: [HLS 200-111] Finished Command csim_design CPU user time: 1 seconds. CPU system time: 0 seconds. Elapsed time: 10.662 seconds; current allocated memory: 258.957 MB.
INFO: [HLS 200-112] Total CPU user time: 2 seconds. Total CPU system time: 1 seconds. Total elapsed time: 11.612 seconds; peak allocated memory: 1.075 GB.
==============================================================
Vitis HLS - High-Level Synthesis from C, C++ and OpenCL v2021.2 (64-bit)
Copyright 1986-2021 Xilinx, Inc. All Rights Reserved.
==============================================================
INFO: [SYN 201-201] Setting up clock 'clk' with a period of 8ns.
INFO: [SYN 201-201] Setting up clock 'clk' with an uncertainty of 1ns.
INFO: [HLS 200-1611] Setting target device to 'xa7a12t-csg325-1Q'
INFO: [HLS 200-1505] Using flow_target 'vivado'
INFO: [HLS 200-1510] Running: set_part xa7a12t-csg325-1Q 
INFO: [HLS 200-1510] Running: create_clock -period 8 -name clk 
INFO: [HLS 200-1510] Running: set_clock_uncertainty 1 
INFO: [HLS 200-1510] Running: set_directive_top -name lab3_z2 lab3_z2 
INFO: [HLS 200-1510] Running: set_directive_pipeline -off lab3_z2 
INFO: [HLS 200-1510] Running: set_directive_interface -mode ap_fifo lab3_z2 in_Mass 
INFO: [HLS 200-1510] Running: csim_design -clean -quiet 
INFO: [SIM 211-2] *************** CSIM start ***************
INFO: [SIM 211-4] CSIM will launch GCC as the compiler.
ERROR: [SIM 211-100] 'csim_design' failed: nonzero return value.
INFO: [SIM 211-3] *************** CSIM finish ***************
INFO: [HLS 200-111] Finished Command csim_design CPU user time: 1 seconds. CPU system time: 0 seconds. Elapsed time: 10.795 seconds; current allocated memory: 245.344 MB.
INFO: [HLS 200-112] Total CPU user time: 2 seconds. Total CPU system time: 1 seconds. Total elapsed time: 11.733 seconds; peak allocated memory: 1.075 GB.
==============================================================
Vitis HLS - High-Level Synthesis from C, C++ and OpenCL v2021.2 (64-bit)
Copyright 1986-2021 Xilinx, Inc. All Rights Reserved.
==============================================================
INFO: [SYN 201-201] Setting up clock 'clk' with a period of 8ns.
INFO: [SYN 201-201] Setting up clock 'clk' with an uncertainty of 1ns.
INFO: [HLS 200-1611] Setting target device to 'xa7a12t-csg325-1Q'
INFO: [HLS 200-1505] Using flow_target 'vivado'
INFO: [HLS 200-1510] Running: set_part xa7a12t-csg325-1Q 
INFO: [HLS 200-1510] Running: create_clock -period 8 -name clk 
INFO: [HLS 200-1510] Running: set_clock_uncertainty 1 
INFO: [HLS 200-1510] Running: set_directive_top -name lab3_z2 lab3_z2 
INFO: [HLS 200-1510] Running: set_directive_pipeline -off lab3_z2 
INFO: [HLS 200-1510] Running: set_directive_interface -mode ap_fifo lab3_z2 in_Mass 
INFO: [HLS 200-1510] Running: csim_design -clean -quiet 
INFO: [SIM 211-2] *************** CSIM start ***************
INFO: [SIM 211-4] CSIM will launch GCC as the compiler.
ERROR: [SIM 211-100] 'csim_design' failed: nonzero return value.
INFO: [SIM 211-3] *************** CSIM finish ***************
INFO: [HLS 200-111] Finished Command csim_design CPU user time: 1 seconds. CPU system time: 0 seconds. Elapsed time: 10.875 seconds; current allocated memory: 198.805 MB.
INFO: [HLS 200-112] Total CPU user time: 2 seconds. Total CPU system time: 1 seconds. Total elapsed time: 11.892 seconds; peak allocated memory: 1.076 GB.
==============================================================
Vitis HLS - High-Level Synthesis from C, C++ and OpenCL v2021.2 (64-bit)
Copyright 1986-2021 Xilinx, Inc. All Rights Reserved.
==============================================================
INFO: [SYN 201-201] Setting up clock 'clk' with a period of 8ns.
INFO: [SYN 201-201] Setting up clock 'clk' with an uncertainty of 1ns.
INFO: [HLS 200-1611] Setting target device to 'xa7a12t-csg325-1Q'
INFO: [HLS 200-1505] Using flow_target 'vivado'
INFO: [HLS 200-1510] Running: set_part xa7a12t-csg325-1Q 
INFO: [HLS 200-1510] Running: create_clock -period 8 -name clk 
INFO: [HLS 200-1510] Running: set_clock_uncertainty 1 
INFO: [HLS 200-1510] Running: set_directive_top -name lab3_z2 lab3_z2 
INFO: [HLS 200-1510] Running: set_directive_pipeline -off lab3_z2 
INFO: [HLS 200-1510] Running: set_directive_interface -mode ap_fifo lab3_z2 in_Mass 
INFO: [HLS 200-1510] Running: csim_design -clean -quiet 
INFO: [SIM 211-2] *************** CSIM start ***************
INFO: [SIM 211-4] CSIM will launch GCC as the compiler.
ERROR: [SIM 211-100] 'csim_design' failed: nonzero return value.
INFO: [SIM 211-3] *************** CSIM finish ***************
INFO: [HLS 200-111] Finished Command csim_design CPU user time: 1 seconds. CPU system time: 0 seconds. Elapsed time: 10.771 seconds; current allocated memory: 252.344 MB.
INFO: [HLS 200-112] Total CPU user time: 2 seconds. Total CPU system time: 1 seconds. Total elapsed time: 11.715 seconds; peak allocated memory: 1.075 GB.
==============================================================
Vitis HLS - High-Level Synthesis from C, C++ and OpenCL v2021.2 (64-bit)
Copyright 1986-2021 Xilinx, Inc. All Rights Reserved.
==============================================================
INFO: [SYN 201-201] Setting up clock 'clk' with a period of 8ns.
INFO: [SYN 201-201] Setting up clock 'clk' with an uncertainty of 1ns.
INFO: [HLS 200-1611] Setting target device to 'xa7a12t-csg325-1Q'
INFO: [HLS 200-1505] Using flow_target 'vivado'
INFO: [HLS 200-1510] Running: set_part xa7a12t-csg325-1Q 
INFO: [HLS 200-1510] Running: create_clock -period 8 -name clk 
INFO: [HLS 200-1510] Running: set_clock_uncertainty 1 
INFO: [HLS 200-1510] Running: set_directive_top -name lab3_z2 lab3_z2 
INFO: [HLS 200-1510] Running: set_directive_pipeline -off lab3_z2 
INFO: [HLS 200-1510] Running: set_directive_interface -mode ap_fifo lab3_z2 in_Mass 
INFO: [HLS 200-1510] Running: csim_design -clean -quiet 
INFO: [SIM 211-2] *************** CSIM start ***************
INFO: [SIM 211-4] CSIM will launch GCC as the compiler.
ERROR: [SIM 211-100] 'csim_design' failed: nonzero return value.
INFO: [SIM 211-3] *************** CSIM finish ***************
INFO: [HLS 200-111] Finished Command csim_design CPU user time: 1 seconds. CPU system time: 0 seconds. Elapsed time: 10.868 seconds; current allocated memory: 248.645 MB.
INFO: [HLS 200-112] Total CPU user time: 2 seconds. Total CPU system time: 1 seconds. Total elapsed time: 11.813 seconds; peak allocated memory: 1.076 GB.
==============================================================
Vitis HLS - High-Level Synthesis from C, C++ and OpenCL v2021.2 (64-bit)
Copyright 1986-2021 Xilinx, Inc. All Rights Reserved.
==============================================================
INFO: [SYN 201-201] Setting up clock 'clk' with a period of 8ns.
INFO: [SYN 201-201] Setting up clock 'clk' with an uncertainty of 1ns.
INFO: [HLS 200-1611] Setting target device to 'xa7a12t-csg325-1Q'
INFO: [HLS 200-1505] Using flow_target 'vivado'
INFO: [HLS 200-1510] Running: set_part xa7a12t-csg325-1Q 
INFO: [HLS 200-1510] Running: create_clock -period 8 -name clk 
INFO: [HLS 200-1510] Running: set_clock_uncertainty 1 
INFO: [HLS 200-1510] Running: set_directive_top -name lab3_z2 lab3_z2 
INFO: [HLS 200-1510] Running: set_directive_pipeline -off lab3_z2 
INFO: [HLS 200-1510] Running: set_directive_interface -mode ap_fifo lab3_z2 in_Mass 
INFO: [HLS 200-1510] Running: csim_design -clean -quiet 
INFO: [SIM 211-2] *************** CSIM start ***************
INFO: [SIM 211-4] CSIM will launch GCC as the compiler.
INFO: [SIM 211-1] CSim done with 0 errors.
INFO: [SIM 211-3] *************** CSIM finish ***************
INFO: [HLS 200-111] Finished Command csim_design CPU user time: 1 seconds. CPU system time: 0 seconds. Elapsed time: 10.979 seconds; current allocated memory: 265.258 MB.
INFO: [HLS 200-112] Total CPU user time: 2 seconds. Total CPU system time: 1 seconds. Total elapsed time: 11.951 seconds; peak allocated memory: 1.076 GB.
==============================================================
Vitis HLS - High-Level Synthesis from C, C++ and OpenCL v2021.2 (64-bit)
Copyright 1986-2021 Xilinx, Inc. All Rights Reserved.
==============================================================
INFO: [SYN 201-201] Setting up clock 'clk' with a period of 8ns.
INFO: [SYN 201-201] Setting up clock 'clk' with an uncertainty of 1ns.
INFO: [HLS 200-1611] Setting target device to 'xa7a12t-csg325-1Q'
INFO: [HLS 200-1505] Using flow_target 'vivado'
INFO: [HLS 200-1510] Running: set_part xa7a12t-csg325-1Q 
INFO: [HLS 200-1510] Running: create_clock -period 8 -name clk 
INFO: [HLS 200-1510] Running: set_clock_uncertainty 1 
INFO: [HLS 200-1510] Running: set_directive_top -name lab3_z2 lab3_z2 
INFO: [HLS 200-1510] Running: set_directive_pipeline -off lab3_z2 
INFO: [HLS 200-1510] Running: set_directive_interface -mode ap_fifo lab3_z2 in_Mass 
INFO: [HLS 200-1510] Running: csim_design -clean -quiet 
INFO: [SIM 211-2] *************** CSIM start ***************
INFO: [SIM 211-4] CSIM will launch GCC as the compiler.
INFO: [SIM 211-1] CSim done with 0 errors.
INFO: [SIM 211-3] *************** CSIM finish ***************
INFO: [HLS 200-111] Finished Command csim_design CPU user time: 1 seconds. CPU system time: 0 seconds. Elapsed time: 10.881 seconds; current allocated memory: 257.242 MB.
INFO: [HLS 200-112] Total CPU user time: 2 seconds. Total CPU system time: 1 seconds. Total elapsed time: 11.822 seconds; peak allocated memory: 1.076 GB.
==============================================================
Vitis HLS - High-Level Synthesis from C, C++ and OpenCL v2021.2 (64-bit)
Copyright 1986-2021 Xilinx, Inc. All Rights Reserved.
==============================================================
INFO: [SYN 201-201] Setting up clock 'clk' with a period of 8ns.
INFO: [SYN 201-201] Setting up clock 'clk' with an uncertainty of 1ns.
INFO: [HLS 200-1611] Setting target device to 'xa7a12t-csg325-1Q'
INFO: [HLS 200-1505] Using flow_target 'vivado'
INFO: [HLS 200-1510] Running: set_part xa7a12t-csg325-1Q 
INFO: [HLS 200-1510] Running: create_clock -period 8 -name clk 
INFO: [HLS 200-1510] Running: set_clock_uncertainty 1 
INFO: [HLS 200-1510] Running: set_directive_top -name lab3_z2 lab3_z2 
INFO: [HLS 200-1510] Running: set_directive_pipeline -off lab3_z2 
INFO: [HLS 200-1510] Running: set_directive_interface -mode ap_fifo lab3_z2 in_Mass 
INFO: [HLS 200-1510] Running: csim_design -clean -quiet 
INFO: [SIM 211-2] *************** CSIM start ***************
INFO: [SIM 211-4] CSIM will launch GCC as the compiler.
INFO: [SIM 211-1] CSim done with 0 errors.
INFO: [SIM 211-3] *************** CSIM finish ***************
INFO: [HLS 200-111] Finished Command csim_design CPU user time: 1 seconds. CPU system time: 0 seconds. Elapsed time: 10.948 seconds; current allocated memory: 251.684 MB.
INFO: [HLS 200-112] Total CPU user time: 2 seconds. Total CPU system time: 1 seconds. Total elapsed time: 11.898 seconds; peak allocated memory: 1.075 GB.
==============================================================
Vitis HLS - High-Level Synthesis from C, C++ and OpenCL v2021.2 (64-bit)
Copyright 1986-2021 Xilinx, Inc. All Rights Reserved.
==============================================================
INFO: [SYN 201-201] Setting up clock 'clk' with a period of 8ns.
INFO: [SYN 201-201] Setting up clock 'clk' with an uncertainty of 1ns.
INFO: [HLS 200-1611] Setting target device to 'xa7a12t-csg325-1Q'
INFO: [HLS 200-1505] Using flow_target 'vivado'
INFO: [HLS 200-1510] Running: set_part xa7a12t-csg325-1Q 
INFO: [HLS 200-1510] Running: create_clock -period 8 -name clk 
INFO: [HLS 200-1510] Running: set_clock_uncertainty 1 
INFO: [HLS 200-1510] Running: set_directive_top -name lab3_z2 lab3_z2 
INFO: [HLS 200-1510] Running: set_directive_pipeline -off lab3_z2 
INFO: [HLS 200-1510] Running: set_directive_interface -mode ap_fifo lab3_z2 in_Mass 
INFO: [HLS 200-1510] Running: csim_design -clean -quiet 
INFO: [SIM 211-2] *************** CSIM start ***************
INFO: [SIM 211-4] CSIM will launch GCC as the compiler.
INFO: [SIM 211-1] CSim done with 0 errors.
INFO: [SIM 211-3] *************** CSIM finish ***************
INFO: [HLS 200-111] Finished Command csim_design CPU user time: 1 seconds. CPU system time: 0 seconds. Elapsed time: 10.989 seconds; current allocated memory: 246.395 MB.
INFO: [HLS 200-112] Total CPU user time: 2 seconds. Total CPU system time: 1 seconds. Total elapsed time: 11.985 seconds; peak allocated memory: 1.076 GB.
==============================================================
Vitis HLS - High-Level Synthesis from C, C++ and OpenCL v2021.2 (64-bit)
Copyright 1986-2021 Xilinx, Inc. All Rights Reserved.
==============================================================
INFO: [SYN 201-201] Setting up clock 'clk' with a period of 8ns.
INFO: [SYN 201-201] Setting up clock 'clk' with an uncertainty of 1ns.
INFO: [HLS 200-1611] Setting target device to 'xa7a12t-csg325-1Q'
INFO: [HLS 200-1505] Using flow_target 'vivado'
INFO: [HLS 200-1510] Running: set_part xa7a12t-csg325-1Q 
INFO: [HLS 200-1510] Running: create_clock -period 8 -name clk 
INFO: [HLS 200-1510] Running: set_clock_uncertainty 1 
INFO: [HLS 200-1510] Running: set_directive_top -name lab3_z2 lab3_z2 
INFO: [HLS 200-1510] Running: set_directive_pipeline -off lab3_z2 
INFO: [HLS 200-1510] Running: set_directive_interface -mode ap_fifo lab3_z2 in_Mass 
INFO: [HLS 200-1510] Running: csim_design -clean -quiet 
INFO: [SIM 211-2] *************** CSIM start ***************
INFO: [SIM 211-4] CSIM will launch GCC as the compiler.
INFO: [SIM 211-1] CSim done with 0 errors.
INFO: [SIM 211-3] *************** CSIM finish ***************
INFO: [HLS 200-111] Finished Command csim_design CPU user time: 1 seconds. CPU system time: 0 seconds. Elapsed time: 11.567 seconds; current allocated memory: 241.461 MB.
INFO: [HLS 200-112] Total CPU user time: 2 seconds. Total CPU system time: 1 seconds. Total elapsed time: 12.578 seconds; peak allocated memory: 1.076 GB.
==============================================================
Vitis HLS - High-Level Synthesis from C, C++ and OpenCL v2021.2 (64-bit)
Copyright 1986-2021 Xilinx, Inc. All Rights Reserved.
==============================================================
INFO: [SYN 201-201] Setting up clock 'clk' with a period of 8ns.
INFO: [SYN 201-201] Setting up clock 'clk' with an uncertainty of 1ns.
INFO: [HLS 200-1611] Setting target device to 'xa7a12t-csg325-1Q'
INFO: [HLS 200-1505] Using flow_target 'vivado'
INFO: [HLS 200-1510] Running: set_part xa7a12t-csg325-1Q 
INFO: [HLS 200-1510] Running: create_clock -period 8 -name clk 
INFO: [HLS 200-1510] Running: set_clock_uncertainty 1 
INFO: [HLS 200-1510] Running: set_directive_top -name lab3_z2 lab3_z2 
INFO: [HLS 200-1510] Running: set_directive_pipeline -off lab3_z2 
INFO: [HLS 200-1510] Running: set_directive_interface -mode ap_fifo lab3_z2 in_Mass 
INFO: [HLS 200-1510] Running: csim_design -clean -quiet 
INFO: [SIM 211-2] *************** CSIM start ***************
INFO: [SIM 211-4] CSIM will launch GCC as the compiler.
INFO: [SIM 211-1] CSim done with 0 errors.
INFO: [SIM 211-3] *************** CSIM finish ***************
INFO: [HLS 200-111] Finished Command csim_design CPU user time: 1 seconds. CPU system time: 0 seconds. Elapsed time: 11.948 seconds; current allocated memory: 242.199 MB.
INFO: [HLS 200-112] Total CPU user time: 2 seconds. Total CPU system time: 1 seconds. Total elapsed time: 13.028 seconds; peak allocated memory: 1.076 GB.
==============================================================
Vitis HLS - High-Level Synthesis from C, C++ and OpenCL v2021.2 (64-bit)
Copyright 1986-2021 Xilinx, Inc. All Rights Reserved.
==============================================================
INFO: [SYN 201-201] Setting up clock 'clk' with a period of 8ns.
INFO: [SYN 201-201] Setting up clock 'clk' with an uncertainty of 1ns.
INFO: [HLS 200-1611] Setting target device to 'xa7a12t-csg325-1Q'
INFO: [HLS 200-1505] Using flow_target 'vivado'
INFO: [HLS 200-1510] Running: set_part xa7a12t-csg325-1Q 
INFO: [HLS 200-1510] Running: create_clock -period 8 -name clk 
INFO: [HLS 200-1510] Running: set_clock_uncertainty 1 
INFO: [HLS 200-1510] Running: set_directive_top -name lab3_z2 lab3_z2 
INFO: [HLS 200-1510] Running: set_directive_pipeline -off lab3_z2 
INFO: [HLS 200-1510] Running: set_directive_interface -mode ap_fifo lab3_z2 in_Mass 
INFO: [HLS 200-1510] Running: csynth_design 
INFO: [HLS 200-111] Finished File checks and directory preparation: CPU user time: 0 seconds. CPU system time: 0 seconds. Elapsed time: 0.007 seconds; current allocated memory: 854.840 MB.
INFO: [HLS 200-10] Analyzing design file './lab3_z2/source/lab3_z2.c' ... 
INFO: [HLS 200-111] Finished Source Code Analysis and Preprocessing: CPU user time: 0 seconds. CPU system time: 0 seconds. Elapsed time: 0.627 seconds; current allocated memory: 1.076 GB.
INFO: [HLS 200-777] Using interface defaults for 'Vivado' flow target.
INFO: [HLS 214-284] Auto array partition mode is set into default.
INFO: [HLS 214-270] Starting automatic array partition analysis...
INFO: [HLS 200-111] Finished Compiling Optimization and Transform: CPU user time: 1 seconds. CPU system time: 0 seconds. Elapsed time: 3.445 seconds; current allocated memory: 1.076 GB.
INFO: [HLS 200-111] Finished Checking Pragmas: CPU user time: 0 seconds. CPU system time: 0 seconds. Elapsed time: 0.001 seconds; current allocated memory: 1.076 GB.
INFO: [HLS 200-10] Starting code transformations ...
INFO: [HLS 200-111] Finished Standard Transforms: CPU user time: 0 seconds. CPU system time: 0 seconds. Elapsed time: 0.013 seconds; current allocated memory: 1.076 GB.
INFO: [HLS 200-10] Checking synthesizability ...
INFO: [HLS 200-111] Finished Checking Synthesizability: CPU user time: 0 seconds. CPU system time: 0 seconds. Elapsed time: 0.012 seconds; current allocated memory: 1.076 GB.
INFO: [HLS 200-111] Finished Loop, function and other optimizations: CPU user time: 0 seconds. CPU system time: 0 seconds. Elapsed time: 0.079 seconds; current allocated memory: 1.076 GB.
INFO: [HLS 200-111] Finished Architecture Synthesis: CPU user time: 0 seconds. CPU system time: 0 seconds. Elapsed time: 0.022 seconds; current allocated memory: 1.076 GB.
INFO: [HLS 200-10] Starting hardware synthesis ...
INFO: [HLS 200-10] Synthesizing 'lab3_z2' ...
INFO: [HLS 200-10] ----------------------------------------------------------------
INFO: [HLS 200-42] -- Implementing module 'lab3_z2' 
INFO: [HLS 200-10] ----------------------------------------------------------------
INFO: [SCHED 204-11] Starting scheduling ...
INFO: [SCHED 204-11] Finished scheduling.
INFO: [HLS 200-111] Finished Scheduling: CPU user time: 0 seconds. CPU system time: 0 seconds. Elapsed time: 0.111 seconds; current allocated memory: 1.076 GB.
INFO: [BIND 205-100] Starting micro-architecture generation ...
INFO: [BIND 205-101] Performing variable lifetime analysis.
INFO: [BIND 205-101] Exploring resource sharing.
INFO: [BIND 205-101] Binding ...
INFO: [BIND 205-100] Finished micro-architecture generation.
INFO: [HLS 200-111] Finished Binding: CPU user time: 0 seconds. CPU system time: 0 seconds. Elapsed time: 0.038 seconds; current allocated memory: 1.076 GB.
INFO: [HLS 200-10] ----------------------------------------------------------------
INFO: [HLS 200-10] -- Generating RTL for module 'lab3_z2' 
INFO: [HLS 200-10] ----------------------------------------------------------------
INFO: [RTGEN 206-500] Setting interface mode on port 'lab3_z2/inA_ar' to 'ap_memory'.
INFO: [RTGEN 206-500] Setting interface mode on port 'lab3_z2/out_ar' to 'ap_memory'.
INFO: [RTGEN 206-500] Setting interface mode on function 'lab3_z2' to 'ap_ctrl_hs'.
INFO: [RTGEN 206-100] Finished creating RTL model for 'lab3_z2'.
INFO: [HLS 200-111] Finished Creating RTL model: CPU user time: 0 seconds. CPU system time: 0 seconds. Elapsed time: 0.058 seconds; current allocated memory: 1.076 GB.
INFO: [HLS 200-111] Finished Generating all RTL models: CPU user time: 1 seconds. CPU system time: 0 seconds. Elapsed time: 0.268 seconds; current allocated memory: 1.076 GB.
INFO: [HLS 200-111] Finished Updating report files: CPU user time: 0 seconds. CPU system time: 0 seconds. Elapsed time: 0.182 seconds; current allocated memory: 1.076 GB.
INFO: [VHDL 208-304] Generating VHDL RTL for lab3_z2.
INFO: [VLOG 209-307] Generating Verilog RTL for lab3_z2.
INFO: [HLS 200-790] **** Loop Constraint Status: All loop constraints were satisfied.
INFO: [HLS 200-789] **** Estimated Fmax: 155.04 MHz
INFO: [HLS 200-111] Finished Command csynth_design CPU user time: 2 seconds. CPU system time: 0 seconds. Elapsed time: 4.914 seconds; current allocated memory: 253.652 MB.
INFO: [HLS 200-112] Total CPU user time: 3 seconds. Total CPU system time: 1 seconds. Total elapsed time: 5.944 seconds; peak allocated memory: 1.076 GB.
==============================================================
Vitis HLS - High-Level Synthesis from C, C++ and OpenCL v2021.2 (64-bit)
Copyright 1986-2021 Xilinx, Inc. All Rights Reserved.
==============================================================
INFO: [SYN 201-201] Setting up clock 'clk' with a period of 8ns.
INFO: [SYN 201-201] Setting up clock 'clk' with an uncertainty of 1ns.
INFO: [HLS 200-1611] Setting target device to 'xa7a12t-csg325-1Q'
INFO: [HLS 200-1505] Using flow_target 'vivado'
INFO: [HLS 200-1510] Running: set_part xa7a12t-csg325-1Q 
INFO: [HLS 200-1510] Running: create_clock -period 8 -name clk 
INFO: [HLS 200-1510] Running: set_clock_uncertainty 1 
INFO: [HLS 200-1510] Running: set_directive_top -name lab3_z2 lab3_z2 
INFO: [HLS 200-1510] Running: set_directive_pipeline -off lab3_z2 
INFO: [HLS 200-1510] Running: set_directive_interface -mode ap_fifo lab3_z2 in_Mass 
INFO: [HLS 200-1510] Running: cosim_design -trace_level all 
INFO: [COSIM 212-47] Using XSIM for RTL simulation.
INFO: [COSIM 212-14] Instrumenting C test bench ...
INFO: [COSIM 212-302] Starting C TB testing ... 
INFO: [COSIM 212-333] Generating C post check test bench ...
INFO: [COSIM 212-12] Generating RTL test bench ...
INFO: [COSIM 212-1] *** C/RTL co-simulation file generation completed. ***
INFO: [COSIM 212-323] Starting verilog simulation. 
INFO: [COSIM 212-15] Starting XSIM ...
INFO: [COSIM 212-316] Starting C post checking ...
INFO: [COSIM 212-1000] *** C/RTL co-simulation finished: PASS ***
INFO: [HLS 200-111] Finished Command cosim_design CPU user time: 1 seconds. CPU system time: 0 seconds. Elapsed time: 21.107 seconds; current allocated memory: 217.102 MB.
INFO: [HLS 200-112] Total CPU user time: 2 seconds. Total CPU system time: 1 seconds. Total elapsed time: 22.156 seconds; peak allocated memory: 1.078 GB.
==============================================================
Vitis HLS - High-Level Synthesis from C, C++ and OpenCL v2021.2 (64-bit)
Copyright 1986-2021 Xilinx, Inc. All Rights Reserved.
==============================================================
INFO: [SYN 201-201] Setting up clock 'clk' with a period of 8ns.
INFO: [SYN 201-201] Setting up clock 'clk' with an uncertainty of 1ns.
INFO: [HLS 200-1611] Setting target device to 'xa7a12t-csg325-1Q'
INFO: [HLS 200-1505] Using flow_target 'vivado'
INFO: [HLS 200-1510] Running: set_part xa7a12t-csg325-1Q 
INFO: [HLS 200-1510] Running: create_clock -period 8 -name clk 
INFO: [HLS 200-1510] Running: set_clock_uncertainty 1 
INFO: [HLS 200-1510] Running: set_directive_top -name lab3_z2 lab3_z2 
INFO: [HLS 200-1510] Running: set_directive_pipeline -off lab3_z2 
INFO: [HLS 200-1510] Running: set_directive_interface -mode ap_fifo lab3_z2 in_Mass 
INFO: [HLS 200-1510] Running: csim_design -clean -quiet 
INFO: [SIM 211-2] *************** CSIM start ***************
INFO: [SIM 211-4] CSIM will launch GCC as the compiler.
INFO: [SIM 211-1] CSim done with 0 errors.
INFO: [SIM 211-3] *************** CSIM finish ***************
INFO: [HLS 200-111] Finished Command csim_design CPU user time: 1 seconds. CPU system time: 0 seconds. Elapsed time: 12.197 seconds; current allocated memory: 229.895 MB.
INFO: [HLS 200-112] Total CPU user time: 2 seconds. Total CPU system time: 1 seconds. Total elapsed time: 13.215 seconds; peak allocated memory: 1.075 GB.
==============================================================
Vitis HLS - High-Level Synthesis from C, C++ and OpenCL v2021.2 (64-bit)
Copyright 1986-2021 Xilinx, Inc. All Rights Reserved.
==============================================================
INFO: [SYN 201-201] Setting up clock 'clk' with a period of 8ns.
INFO: [SYN 201-201] Setting up clock 'clk' with an uncertainty of 1ns.
INFO: [HLS 200-1611] Setting target device to 'xa7a12t-csg325-1Q'
INFO: [HLS 200-1505] Using flow_target 'vivado'
INFO: [HLS 200-1510] Running: set_part xa7a12t-csg325-1Q 
INFO: [HLS 200-1510] Running: create_clock -period 8 -name clk 
INFO: [HLS 200-1510] Running: set_clock_uncertainty 1 
INFO: [HLS 200-1510] Running: set_directive_top -name lab3_z2 lab3_z2 
INFO: [HLS 200-1510] Running: set_directive_pipeline -off lab3_z2 
INFO: [HLS 200-1510] Running: set_directive_interface -mode ap_fifo lab3_z2 in_Mass 
INFO: [HLS 200-1510] Running: csynth_design 
INFO: [HLS 200-111] Finished File checks and directory preparation: CPU user time: 0 seconds. CPU system time: 0 seconds. Elapsed time: 0.008 seconds; current allocated memory: 859.188 MB.
INFO: [HLS 200-10] Analyzing design file './lab3_z2/source/lab3_z2.c' ... 
INFO: [HLS 200-111] Finished Source Code Analysis and Preprocessing: CPU user time: 0 seconds. CPU system time: 0 seconds. Elapsed time: 0.592 seconds; current allocated memory: 1.076 GB.
INFO: [HLS 200-777] Using interface defaults for 'Vivado' flow target.
INFO: [HLS 214-284] Auto array partition mode is set into default.
INFO: [HLS 214-270] Starting automatic array partition analysis...
INFO: [HLS 200-111] Finished Compiling Optimization and Transform: CPU user time: 1 seconds. CPU system time: 0 seconds. Elapsed time: 3.243 seconds; current allocated memory: 1.076 GB.
INFO: [HLS 200-111] Finished Checking Pragmas: CPU user time: 0 seconds. CPU system time: 0 seconds. Elapsed time: 0.001 seconds; current allocated memory: 1.076 GB.
INFO: [HLS 200-10] Starting code transformations ...
INFO: [HLS 200-111] Finished Standard Transforms: CPU user time: 0 seconds. CPU system time: 0 seconds. Elapsed time: 0.012 seconds; current allocated memory: 1.076 GB.
INFO: [HLS 200-10] Checking synthesizability ...
INFO: [HLS 200-111] Finished Checking Synthesizability: CPU user time: 0 seconds. CPU system time: 0 seconds. Elapsed time: 0.012 seconds; current allocated memory: 1.076 GB.
INFO: [HLS 200-111] Finished Loop, function and other optimizations: CPU user time: 0 seconds. CPU system time: 0 seconds. Elapsed time: 0.064 seconds; current allocated memory: 1.076 GB.
INFO: [HLS 200-111] Finished Architecture Synthesis: CPU user time: 0 seconds. CPU system time: 0 seconds. Elapsed time: 0.015 seconds; current allocated memory: 1.076 GB.
INFO: [HLS 200-10] Starting hardware synthesis ...
INFO: [HLS 200-10] Synthesizing 'lab3_z2' ...
INFO: [HLS 200-10] ----------------------------------------------------------------
INFO: [HLS 200-42] -- Implementing module 'lab3_z2' 
INFO: [HLS 200-10] ----------------------------------------------------------------
INFO: [SCHED 204-11] Starting scheduling ...
INFO: [SCHED 204-11] Finished scheduling.
INFO: [HLS 200-111] Finished Scheduling: CPU user time: 0 seconds. CPU system time: 0 seconds. Elapsed time: 0.105 seconds; current allocated memory: 1.076 GB.
INFO: [BIND 205-100] Starting micro-architecture generation ...
INFO: [BIND 205-101] Performing variable lifetime analysis.
INFO: [BIND 205-101] Exploring resource sharing.
INFO: [BIND 205-101] Binding ...
INFO: [BIND 205-100] Finished micro-architecture generation.
INFO: [HLS 200-111] Finished Binding: CPU user time: 0 seconds. CPU system time: 0 seconds. Elapsed time: 0.036 seconds; current allocated memory: 1.076 GB.
INFO: [HLS 200-10] ----------------------------------------------------------------
INFO: [HLS 200-10] -- Generating RTL for module 'lab3_z2' 
INFO: [HLS 200-10] ----------------------------------------------------------------
INFO: [RTGEN 206-500] Setting interface mode on port 'lab3_z2/inA_ar' to 'ap_memory'.
INFO: [RTGEN 206-500] Setting interface mode on port 'lab3_z2/out_ar' to 'ap_memory'.
INFO: [RTGEN 206-500] Setting interface mode on function 'lab3_z2' to 'ap_ctrl_hs'.
INFO: [RTGEN 206-100] Finished creating RTL model for 'lab3_z2'.
INFO: [HLS 200-111] Finished Creating RTL model: CPU user time: 0 seconds. CPU system time: 0 seconds. Elapsed time: 0.04 seconds; current allocated memory: 1.076 GB.
INFO: [HLS 200-111] Finished Generating all RTL models: CPU user time: 0 seconds. CPU system time: 0 seconds. Elapsed time: 0.187 seconds; current allocated memory: 1.076 GB.
INFO: [HLS 200-111] Finished Updating report files: CPU user time: 1 seconds. CPU system time: 0 seconds. Elapsed time: 0.204 seconds; current allocated memory: 1.076 GB.
INFO: [VHDL 208-304] Generating VHDL RTL for lab3_z2.
INFO: [VLOG 209-307] Generating Verilog RTL for lab3_z2.
INFO: [HLS 200-790] **** Loop Constraint Status: All loop constraints were satisfied.
INFO: [HLS 200-789] **** Estimated Fmax: 153.52 MHz
INFO: [HLS 200-111] Finished Command csynth_design CPU user time: 2 seconds. CPU system time: 0 seconds. Elapsed time: 4.571 seconds; current allocated memory: 249.773 MB.
INFO: [HLS 200-112] Total CPU user time: 3 seconds. Total CPU system time: 1 seconds. Total elapsed time: 5.619 seconds; peak allocated memory: 1.076 GB.
==============================================================
Vitis HLS - High-Level Synthesis from C, C++ and OpenCL v2021.2 (64-bit)
Copyright 1986-2021 Xilinx, Inc. All Rights Reserved.
==============================================================
INFO: [SYN 201-201] Setting up clock 'clk' with a period of 8ns.
INFO: [SYN 201-201] Setting up clock 'clk' with an uncertainty of 1ns.
INFO: [HLS 200-1611] Setting target device to 'xa7a12t-csg325-1Q'
INFO: [HLS 200-1505] Using flow_target 'vivado'
INFO: [HLS 200-1510] Running: set_part xa7a12t-csg325-1Q 
INFO: [HLS 200-1510] Running: create_clock -period 8 -name clk 
INFO: [HLS 200-1510] Running: set_clock_uncertainty 1 
INFO: [HLS 200-1510] Running: set_directive_top -name lab3_z2 lab3_z2 
INFO: [HLS 200-1510] Running: set_directive_pipeline -off lab3_z2 
INFO: [HLS 200-1510] Running: set_directive_interface -mode ap_fifo lab3_z2 in_Mass 
INFO: [HLS 200-1510] Running: cosim_design -trace_level all 
INFO: [COSIM 212-47] Using XSIM for RTL simulation.
INFO: [COSIM 212-14] Instrumenting C test bench ...
INFO: [COSIM 212-302] Starting C TB testing ... 
INFO: [COSIM 212-333] Generating C post check test bench ...
INFO: [COSIM 212-12] Generating RTL test bench ...
INFO: [COSIM 212-1] *** C/RTL co-simulation file generation completed. ***
INFO: [COSIM 212-323] Starting verilog simulation. 
INFO: [COSIM 212-15] Starting XSIM ...
INFO: [COSIM 212-316] Starting C post checking ...
INFO: [COSIM 212-1000] *** C/RTL co-simulation finished: PASS ***
INFO: [HLS 200-111] Finished Command cosim_design CPU user time: 2 seconds. CPU system time: 0 seconds. Elapsed time: 26.067 seconds; current allocated memory: 239.781 MB.
INFO: [HLS 200-112] Total CPU user time: 3 seconds. Total CPU system time: 1 seconds. Total elapsed time: 27.14 seconds; peak allocated memory: 1.078 GB.
