

================================================================
== Vitis HLS Report for 'dct_Pipeline_WR_Loop_Row_WR_Loop_Col'
================================================================
* Date:           Thu Sep 22 16:03:30 2022

* Version:        2021.2 (Build 3367213 on Tue Oct 19 02:48:09 MDT 2021)
* Project:        dct_prj
* Solution:       solution1 (Vivado IP Flow Target)
* Product family: zynquplus
* Target device:  xczu7ev-ffvc1156-2-e


================================================================
== Performance Estimates
================================================================
+ Timing: 
    * Summary: 
    +--------+----------+----------+------------+
    |  Clock |  Target  | Estimated| Uncertainty|
    +--------+----------+----------+------------+
    |ap_clk  |  10.00 ns|  3.206 ns|     2.70 ns|
    +--------+----------+----------+------------+

+ Latency: 
    * Summary: 
    +---------+---------+----------+----------+-----+-----+---------+
    |  Latency (cycles) |  Latency (absolute) |  Interval | Pipeline|
    |   min   |   max   |    min   |    max   | min | max |   Type  |
    +---------+---------+----------+----------+-----+-----+---------+
    |       66|       66|  0.660 us|  0.660 us|   66|   66|       no|
    +---------+---------+----------+----------+-----+-----+---------+

    + Detail: 
        * Instance: 
        N/A

        * Loop: 
        +---------------------------+---------+---------+----------+-----------+-----------+------+----------+
        |                           |  Latency (cycles) | Iteration|  Initiation Interval  | Trip |          |
        |         Loop Name         |   min   |   max   |  Latency |  achieved |   target  | Count| Pipelined|
        +---------------------------+---------+---------+----------+-----------+-----------+------+----------+
        |- WR_Loop_Row_WR_Loop_Col  |       64|       64|         2|          1|          1|    64|       yes|
        +---------------------------+---------+---------+----------+-----------+-----------+------+----------+



================================================================
== Utilization Estimates
================================================================
* Summary: 
+-----------------+---------+------+--------+--------+-----+
|       Name      | BRAM_18K|  DSP |   FF   |   LUT  | URAM|
+-----------------+---------+------+--------+--------+-----+
|DSP              |        -|     -|       -|       -|    -|
|Expression       |        -|     -|       0|      81|    -|
|FIFO             |        -|     -|       -|       -|    -|
|Instance         |        -|     -|       -|       -|    -|
|Memory           |        -|     -|       -|       -|    -|
|Multiplexer      |        -|     -|       -|      72|    -|
|Register         |        -|     -|      24|       -|    -|
+-----------------+---------+------+--------+--------+-----+
|Total            |        0|     0|      24|     153|    0|
+-----------------+---------+------+--------+--------+-----+
|Available        |      624|  1728|  460800|  230400|   96|
+-----------------+---------+------+--------+--------+-----+
|Utilization (%)  |        0|     0|      ~0|      ~0|    0|
+-----------------+---------+------+--------+--------+-----+

+ Detail: 
    * Instance: 
    N/A

    * DSP: 
    N/A

    * Memory: 
    N/A

    * FIFO: 
    N/A

    * Expression: 
    +-------------------------+----------+----+---+----+------------+------------+
    |      Variable Name      | Operation| DSP| FF| LUT| Bitwidth P0| Bitwidth P1|
    +-------------------------+----------+----+---+----+------------+------------+
    |add_ln71_1_fu_111_p2     |         +|   0|  0|  14|           7|           1|
    |add_ln71_fu_123_p2       |         +|   0|  0|  12|           4|           1|
    |add_ln73_fu_178_p2       |         +|   0|  0|  12|           4|           1|
    |add_ln74_fu_167_p2       |         +|   0|  0|  13|           6|           6|
    |icmp_ln71_fu_105_p2      |      icmp|   0|  0|  11|           7|           8|
    |icmp_ln73_fu_129_p2      |      icmp|   0|  0|   9|           4|           5|
    |select_ln71_1_fu_143_p3  |    select|   0|  0|   4|           1|           4|
    |select_ln71_fu_135_p3    |    select|   0|  0|   4|           1|           1|
    |ap_enable_pp0            |       xor|   0|  0|   2|           1|           2|
    +-------------------------+----------+----+---+----+------------+------------+
    |Total                    |          |   0|  0|  81|          35|          29|
    +-------------------------+----------+----+---+----+------------+------------+

    * Multiplexer: 
    +----------------------------------------+----+-----------+-----+-----------+
    |                  Name                  | LUT| Input Size| Bits| Total Bits|
    +----------------------------------------+----+-----------+-----+-----------+
    |ap_done_int                             |   9|          2|    1|          2|
    |ap_enable_reg_pp0_iter1                 |   9|          2|    1|          2|
    |ap_sig_allocacmp_c_load                 |   9|          2|    4|          8|
    |ap_sig_allocacmp_indvar_flatten58_load  |   9|          2|    7|         14|
    |ap_sig_allocacmp_r_load                 |   9|          2|    4|          8|
    |c_fu_48                                 |   9|          2|    4|          8|
    |indvar_flatten58_fu_56                  |   9|          2|    7|         14|
    |r_fu_52                                 |   9|          2|    4|          8|
    +----------------------------------------+----+-----------+-----+-----------+
    |Total                                   |  72|         16|   32|         64|
    +----------------------------------------+----+-----------+-----+-----------+

    * Register: 
    +-------------------------+---+----+-----+-----------+
    |           Name          | FF| LUT| Bits| Const Bits|
    +-------------------------+---+----+-----+-----------+
    |ap_CS_fsm                |  1|   0|    1|          0|
    |ap_done_reg              |  1|   0|    1|          0|
    |ap_enable_reg_pp0_iter1  |  1|   0|    1|          0|
    |c_fu_48                  |  4|   0|    4|          0|
    |indvar_flatten58_fu_56   |  7|   0|    7|          0|
    |r_fu_52                  |  4|   0|    4|          0|
    |zext_ln74_1_reg_223      |  6|   0|   64|         58|
    +-------------------------+---+----+-----+-----------+
    |Total                    | 24|   0|   82|         58|
    +-------------------------+---+----+-----+-----------+



================================================================
== Interface
================================================================
* Summary: 
+---------------------+-----+-----+------------+--------------------------------------+--------------+
|      RTL Ports      | Dir | Bits|  Protocol  |             Source Object            |    C Type    |
+---------------------+-----+-----+------------+--------------------------------------+--------------+
|ap_clk               |   in|    1|  ap_ctrl_hs|  dct_Pipeline_WR_Loop_Row_WR_Loop_Col|  return value|
|ap_rst               |   in|    1|  ap_ctrl_hs|  dct_Pipeline_WR_Loop_Row_WR_Loop_Col|  return value|
|ap_start             |   in|    1|  ap_ctrl_hs|  dct_Pipeline_WR_Loop_Row_WR_Loop_Col|  return value|
|ap_done              |  out|    1|  ap_ctrl_hs|  dct_Pipeline_WR_Loop_Row_WR_Loop_Col|  return value|
|ap_idle              |  out|    1|  ap_ctrl_hs|  dct_Pipeline_WR_Loop_Row_WR_Loop_Col|  return value|
|ap_ready             |  out|    1|  ap_ctrl_hs|  dct_Pipeline_WR_Loop_Row_WR_Loop_Col|  return value|
|buf_2d_out_address0  |  out|    6|   ap_memory|                            buf_2d_out|         array|
|buf_2d_out_ce0       |  out|    1|   ap_memory|                            buf_2d_out|         array|
|buf_2d_out_q0        |   in|   16|   ap_memory|                            buf_2d_out|         array|
|output_r_address0    |  out|    6|   ap_memory|                              output_r|         array|
|output_r_ce0         |  out|    1|   ap_memory|                              output_r|         array|
|output_r_we0         |  out|    1|   ap_memory|                              output_r|         array|
|output_r_d0          |  out|   16|   ap_memory|                              output_r|         array|
+---------------------+-----+-----+------------+--------------------------------------+--------------+

