#-----------------------------------------------------------
# xsim v2021.2 (64-bit)
# SW Build 3367213 on Tue Oct 19 02:48:09 MDT 2021
# IP Build 3369179 on Thu Oct 21 08:25:16 MDT 2021
# Start of session at: Tue Oct 18 01:20:56 2022
# Process ID: 16376
# Current directory: D:/Labs/3sem/FPGA/lab2_z0/lab2_z0/lab2_z0_ex/ex_sol3/sim/verilog
# Command line: xsim.exe -mode tcl -source {xsim.dir/lab2_z0/xsim_script.tcl}
# Log file: D:/Labs/3sem/FPGA/lab2_z0/lab2_z0/lab2_z0_ex/ex_sol3/sim/verilog/xsim.log
# Journal file: D:/Labs/3sem/FPGA/lab2_z0/lab2_z0/lab2_z0_ex/ex_sol3/sim/verilog\xsim.jou
# Running On: DESKTOP-D9BK5M4, OS: Windows, CPU Frequency: 2304 MHz, CPU Physical cores: 8, Host memory: 34046 MB
#-----------------------------------------------------------
source xsim.dir/lab2_z0/xsim_script.tcl
# xsim {lab2_z0} -view {{lab2_z0_dataflow_ana.wcfg}} -tclbatch {lab2_z0.tcl} -protoinst {lab2_z0.protoinst}
INFO: [Wavedata 42-565] Reading protoinst file lab2_z0.protoinst
INFO: [Wavedata 42-564]   Found protocol instance at /apatb_lab2_z0_top/AESL_inst_lab2_z0//AESL_inst_lab2_z0_activity
Time resolution is 1 ps
open_wave_config lab2_z0_dataflow_ana.wcfg
source lab2_z0.tcl
## log_wave -r /
WARNING: [Simtcl 6-197] One or more HDL objects could not be logged because of object type or size limitations.  To see details please rerun the command with -verbose (-v).
## set designtopgroup [add_wave_group "Design Top Signals"]
## set coutputgroup [add_wave_group "C Outputs" -into $designtopgroup]
## set return_group [add_wave_group return(axi_slave) -into $coutputgroup]
## add_wave /apatb_lab2_z0_top/AESL_inst_lab2_z0/res_d0 -into $return_group -radix hex
## add_wave /apatb_lab2_z0_top/AESL_inst_lab2_z0/res_we0 -into $return_group -color #ffff00 -radix hex
## add_wave /apatb_lab2_z0_top/AESL_inst_lab2_z0/res_ce0 -into $return_group -color #ffff00 -radix hex
## add_wave /apatb_lab2_z0_top/AESL_inst_lab2_z0/res_address0 -into $return_group -radix hex
## add_wave /apatb_lab2_z0_top/AESL_inst_lab2_z0/ap_local_deadlock -into $return_group -radix hex
## add_wave /apatb_lab2_z0_top/AESL_inst_lab2_z0/ap_local_block -into $return_group -radix hex
## set cinputgroup [add_wave_group "C Inputs" -into $designtopgroup]
## set return_group [add_wave_group return(memory) -into $cinputgroup]
## add_wave /apatb_lab2_z0_top/AESL_inst_lab2_z0/in_b_q0 -into $return_group -radix hex
## add_wave /apatb_lab2_z0_top/AESL_inst_lab2_z0/in_b_ce0 -into $return_group -color #ffff00 -radix hex
## add_wave /apatb_lab2_z0_top/AESL_inst_lab2_z0/in_b_address0 -into $return_group -radix hex
## add_wave /apatb_lab2_z0_top/AESL_inst_lab2_z0/in_a_q0 -into $return_group -radix hex
## add_wave /apatb_lab2_z0_top/AESL_inst_lab2_z0/in_a_ce0 -into $return_group -color #ffff00 -radix hex
## add_wave /apatb_lab2_z0_top/AESL_inst_lab2_z0/in_a_address0 -into $return_group -radix hex
## set blocksiggroup [add_wave_group "Block-level IO Handshake" -into $designtopgroup]
## add_wave /apatb_lab2_z0_top/AESL_inst_lab2_z0/ap_start -into $blocksiggroup
## add_wave /apatb_lab2_z0_top/AESL_inst_lab2_z0/ap_done -into $blocksiggroup
## add_wave /apatb_lab2_z0_top/AESL_inst_lab2_z0/ap_idle -into $blocksiggroup
## add_wave /apatb_lab2_z0_top/AESL_inst_lab2_z0/ap_ready -into $blocksiggroup
## set resetgroup [add_wave_group "Reset" -into $designtopgroup]
## add_wave /apatb_lab2_z0_top/AESL_inst_lab2_z0/ap_rst -into $resetgroup
## set clockgroup [add_wave_group "Clock" -into $designtopgroup]
## add_wave /apatb_lab2_z0_top/AESL_inst_lab2_z0/ap_clk -into $clockgroup
## set testbenchgroup [add_wave_group "Test Bench Signals"]
## set tbinternalsiggroup [add_wave_group "Internal Signals" -into $testbenchgroup]
## set tb_simstatus_group [add_wave_group "Simulation Status" -into $tbinternalsiggroup]
## set tb_portdepth_group [add_wave_group "Port Depth" -into $tbinternalsiggroup]
## add_wave /apatb_lab2_z0_top/AUTOTB_TRANSACTION_NUM -into $tb_simstatus_group -radix hex
## add_wave /apatb_lab2_z0_top/ready_cnt -into $tb_simstatus_group -radix hex
## add_wave /apatb_lab2_z0_top/done_cnt -into $tb_simstatus_group -radix hex
## add_wave /apatb_lab2_z0_top/LENGTH_in_a -into $tb_portdepth_group -radix hex
## add_wave /apatb_lab2_z0_top/LENGTH_in_b -into $tb_portdepth_group -radix hex
## add_wave /apatb_lab2_z0_top/LENGTH_res -into $tb_portdepth_group -radix hex
## set tbcoutputgroup [add_wave_group "C Outputs" -into $testbenchgroup]
## set tb_return_group [add_wave_group return(axi_slave) -into $tbcoutputgroup]
## add_wave /apatb_lab2_z0_top/res_d0 -into $tb_return_group -radix hex
## add_wave /apatb_lab2_z0_top/res_we0 -into $tb_return_group -color #ffff00 -radix hex
## add_wave /apatb_lab2_z0_top/res_ce0 -into $tb_return_group -color #ffff00 -radix hex
## add_wave /apatb_lab2_z0_top/res_address0 -into $tb_return_group -radix hex
## add_wave /apatb_lab2_z0_top/ap_local_deadlock -into $tb_return_group -radix hex
## add_wave /apatb_lab2_z0_top/ap_local_block -into $tb_return_group -radix hex
## set tbcinputgroup [add_wave_group "C Inputs" -into $testbenchgroup]
## set tb_return_group [add_wave_group return(memory) -into $tbcinputgroup]
## add_wave /apatb_lab2_z0_top/in_b_q0 -into $tb_return_group -radix hex
## add_wave /apatb_lab2_z0_top/in_b_ce0 -into $tb_return_group -color #ffff00 -radix hex
## add_wave /apatb_lab2_z0_top/in_b_address0 -into $tb_return_group -radix hex
## add_wave /apatb_lab2_z0_top/in_a_q0 -into $tb_return_group -radix hex
## add_wave /apatb_lab2_z0_top/in_a_ce0 -into $tb_return_group -color #ffff00 -radix hex
## add_wave /apatb_lab2_z0_top/in_a_address0 -into $tb_return_group -radix hex
## save_wave_config lab2_z0.wcfg
## run all
////////////////////////////////////////////////////////////////////////////////////
// Inter-Transaction Progress: Completed Transaction / Total Transaction
// Intra-Transaction Progress: Measured Latency / Latency Estimation * 100%
//
// RTL Simulation : "Inter-Transaction Progress" ["Intra-Transaction Progress"] @ "Simulation Time"
////////////////////////////////////////////////////////////////////////////////////
// RTL Simulation : 0 / 3 [0.00%] @ "116000"
// RTL Simulation : 1 / 3 [100.00%] @ "200000"
// RTL Simulation : 2 / 3 [100.00%] @ "277000"
// RTL Simulation : 3 / 3 [100.00%] @ "354000"
////////////////////////////////////////////////////////////////////////////////////
$finish called at time : 395500 ps : File "D:/Labs/3sem/FPGA/lab2_z0/lab2_z0/lab2_z0_ex/ex_sol3/sim/verilog/lab2_z0.autotb.v" Line 322
## quit
INFO: [Common 17-206] Exiting xsim at Tue Oct 18 01:20:58 2022...
