

================================================================
== Vitis HLS Report for 'lab2_z1'
================================================================
* Date:           Tue Oct 18 15:48:03 2022

* Version:        2021.2 (Build 3367213 on Tue Oct 19 02:48:09 MDT 2021)
* Project:        lab2_z1
* Solution:       ex_sol2 (Vivado IP Flow Target)
* Product family: artix7
* Target device:  xa7a12t-csg325-1Q


================================================================
== Performance Estimates
================================================================
+ Timing: 
    * Summary: 
    +------+---------+----------+------------+
    | Clock|  Target | Estimated| Uncertainty|
    +------+---------+----------+------------+
    |clk   |  8.00 ns|  6.860 ns|     1.00 ns|
    +------+---------+----------+------------+

+ Latency: 
    * Summary: 
    +---------+---------+----------+----------+-----+-----+---------+
    |  Latency (cycles) |  Latency (absolute) |  Interval | Pipeline|
    |   min   |   max   |    min   |    max   | min | max |   Type  |
    +---------+---------+----------+----------+-----+-----+---------+
    |        1|       37|  8.000 ns|  0.296 us|    2|   38|       no|
    +---------+---------+----------+----------+-----+-----+---------+

    + Detail: 
        * Instance: 
        N/A

        * Loop: 
        +------------------+---------+---------+----------+-----------+-----------+--------+----------+
        |                  |  Latency (cycles) | Iteration|  Initiation Interval  |  Trip  |          |
        |     Loop Name    |   min   |   max   |  Latency |  achieved |   target  |  Count | Pipelined|
        +------------------+---------+---------+----------+-----------+-----------+--------+----------+
        |- VITIS_LOOP_6_1  |        0|       36|         3|          -|          -|  0 ~ 12|        no|
        +------------------+---------+---------+----------+-----------+-----------+--------+----------+

============================================================
+ Verbose Summary: Synthesis Manager
============================================================
InlineROM: 1
ExposeGlobal: 0
============================================================
+ Verbose Summary: CDFG Model
============================================================
IsTopModel: 1
ResetActiveHigh: 1
IsCombinational: 0
IsDatapathOnly: 0
HasWiredReturn: 1
HasMFsm: 0
HasVarLatency: 1
IsPipeline: 0
IsRtlPipelined: 0
IsInstanceOverlapped: 0
IsDontTouch: 0
HasImplIP: 0
IsGatedGlobalClock: 0


============================================================
+ Verbose Summary: Schedule
============================================================
* Number of FSM states : 4
* Pipeline : 0
* Dataflow Pipeline: 0

* FSM state transitions: 
1 --> 2 
2 --> 3 
3 --> 4 
4 --> 2 

* FSM state operations: 

State 1 <SV = 0> <Delay = 1.61>
ST_1 : Operation 5 [1/1] (0.00ns)   --->   "%res = alloca i32 1"   --->   Operation 5 'alloca' 'res' <Predicate = true> <Delay = 0.00>
ST_1 : Operation 6 [1/1] (0.00ns)   --->   "%i = alloca i32 1"   --->   Operation 6 'alloca' 'i' <Predicate = true> <Delay = 0.00>
ST_1 : Operation 7 [1/1] (0.00ns)   --->   "%specbitsmap_ln0 = specbitsmap void @_ssdm_op_SpecBitsMap, i32 0"   --->   Operation 7 'specbitsmap' 'specbitsmap_ln0' <Predicate = true> <Delay = 0.00>
ST_1 : Operation 8 [1/1] (0.00ns)   --->   "%spectopmodule_ln0 = spectopmodule void @_ssdm_op_SpecTopModule, void @empty_1"   --->   Operation 8 'spectopmodule' 'spectopmodule_ln0' <Predicate = true> <Delay = 0.00>
ST_1 : Operation 9 [1/1] (0.00ns)   --->   "%specbitsmap_ln0 = specbitsmap void @_ssdm_op_SpecBitsMap, i16 %in_r"   --->   Operation 9 'specbitsmap' 'specbitsmap_ln0' <Predicate = true> <Delay = 0.00>
ST_1 : Operation 10 [1/1] (0.00ns)   --->   "%specinterface_ln0 = specinterface void @_ssdm_op_SpecInterface, i16 %in_r, void @empty, i32 0, i32 0, void @empty_0, i32 0, i32 0, void @empty_0, void @empty_0, void @empty_0, i32 0, i32 0, i32 0, i32 0, void @empty_0, void @empty_0"   --->   Operation 10 'specinterface' 'specinterface_ln0' <Predicate = true> <Delay = 0.00>
ST_1 : Operation 11 [1/1] (0.00ns)   --->   "%in_r_read = read i16 @_ssdm_op_Read.ap_auto.i16, i16 %in_r" [./source/lab2_z1.c:3]   --->   Operation 11 'read' 'in_r_read' <Predicate = true> <Delay = 0.00>
ST_1 : Operation 12 [1/1] (0.00ns)   --->   "%sext_ln6 = sext i16 %in_r_read" [./source/lab2_z1.c:6]   --->   Operation 12 'sext' 'sext_ln6' <Predicate = true> <Delay = 0.00>
ST_1 : Operation 13 [1/1] (1.61ns)   --->   "%store_ln6 = store i16 1, i16 %i" [./source/lab2_z1.c:6]   --->   Operation 13 'store' 'store_ln6' <Predicate = true> <Delay = 1.61>
ST_1 : Operation 14 [1/1] (1.61ns)   --->   "%store_ln6 = store i32 1, i32 %res" [./source/lab2_z1.c:6]   --->   Operation 14 'store' 'store_ln6' <Predicate = true> <Delay = 1.61>
ST_1 : Operation 15 [1/1] (0.00ns)   --->   "%br_ln6 = br void" [./source/lab2_z1.c:6]   --->   Operation 15 'br' 'br_ln6' <Predicate = true> <Delay = 0.00>

State 2 <SV = 1> <Delay = 6.86>
ST_2 : Operation 16 [1/1] (0.00ns)   --->   "%i_2 = load i16 %i" [./source/lab2_z1.c:6]   --->   Operation 16 'load' 'i_2' <Predicate = true> <Delay = 0.00>
ST_2 : Operation 17 [1/1] (0.00ns)   --->   "%zext_ln6 = zext i16 %i_2" [./source/lab2_z1.c:6]   --->   Operation 17 'zext' 'zext_ln6' <Predicate = true> <Delay = 0.00>
ST_2 : Operation 18 [1/1] (0.00ns)   --->   "%zext_ln6_1 = zext i16 %i_2" [./source/lab2_z1.c:6]   --->   Operation 18 'zext' 'zext_ln6_1' <Predicate = true> <Delay = 0.00>
ST_2 : Operation 19 [1/1] (2.38ns)   --->   "%icmp_ln6 = icmp_sgt  i17 %zext_ln6_1, i17 %sext_ln6" [./source/lab2_z1.c:6]   --->   Operation 19 'icmp' 'icmp_ln6' <Predicate = true> <Delay = 2.38> <CoreInst = "Cmp">   --->   Core 9 'Cmp' <Latency = 0> <II = 1> <Delay = 2.38> <FuncUnit> <Opcode : 'icmp'> <InPorts = 2> <OutPorts = 1>
ST_2 : Operation 20 [1/1] (0.00ns)   --->   "%br_ln6 = br i1 %icmp_ln6, void %.split, void %._crit_edge.loopexit" [./source/lab2_z1.c:6]   --->   Operation 20 'br' 'br_ln6' <Predicate = true> <Delay = 0.00>
ST_2 : Operation 21 [1/1] (0.00ns)   --->   "%res_load = load i32 %res" [./source/lab2_z1.c:10]   --->   Operation 21 'load' 'res_load' <Predicate = (!icmp_ln6)> <Delay = 0.00>
ST_2 : Operation 22 [2/2] (6.86ns)   --->   "%res_1 = mul i32 %zext_ln6, i32 %res_load" [./source/lab2_z1.c:10]   --->   Operation 22 'mul' 'res_1' <Predicate = (!icmp_ln6)> <Delay = 6.86> <CoreInst = "Multiplier">   --->   Core 3 'Multiplier' <Latency = 1> <II = 1> <Delay = 6.86> <FuncUnit> <Opcode : 'mul'> <InPorts = 2> <OutPorts = 1>
ST_2 : Operation 23 [1/1] (2.14ns)   --->   "%i_3 = add i16 %i_2, i16 1" [./source/lab2_z1.c:6]   --->   Operation 23 'add' 'i_3' <Predicate = (!icmp_ln6)> <Delay = 2.14> <CoreInst = "Adder">   --->   Core 1 'Adder' <Latency = 0> <II = 1> <Delay = 2.14> <FuncUnit> <Opcode : 'add' 'sub'> <InPorts = 2> <OutPorts = 1>
ST_2 : Operation 24 [1/1] (1.61ns)   --->   "%store_ln6 = store i16 %i_3, i16 %i" [./source/lab2_z1.c:6]   --->   Operation 24 'store' 'store_ln6' <Predicate = (!icmp_ln6)> <Delay = 1.61>
ST_2 : Operation 25 [1/1] (0.00ns)   --->   "%res_load_1 = load i32 %res" [./source/lab2_z1.c:12]   --->   Operation 25 'load' 'res_load_1' <Predicate = (icmp_ln6)> <Delay = 0.00>
ST_2 : Operation 26 [1/1] (0.00ns)   --->   "%ret_ln12 = ret i32 %res_load_1" [./source/lab2_z1.c:12]   --->   Operation 26 'ret' 'ret_ln12' <Predicate = (icmp_ln6)> <Delay = 0.00>

State 3 <SV = 2> <Delay = 6.86>
ST_3 : Operation 27 [1/2] (6.86ns)   --->   "%res_1 = mul i32 %zext_ln6, i32 %res_load" [./source/lab2_z1.c:10]   --->   Operation 27 'mul' 'res_1' <Predicate = true> <Delay = 6.86> <CoreInst = "Multiplier">   --->   Core 3 'Multiplier' <Latency = 1> <II = 1> <Delay = 6.86> <FuncUnit> <Opcode : 'mul'> <InPorts = 2> <OutPorts = 1>

State 4 <SV = 3> <Delay = 1.61>
ST_4 : Operation 28 [1/1] (0.00ns)   --->   "%speclooptripcount_ln5 = speclooptripcount void @_ssdm_op_SpecLoopTripCount, i64 0, i64 12, i64 6" [./source/lab2_z1.c:5]   --->   Operation 28 'speclooptripcount' 'speclooptripcount_ln5' <Predicate = true> <Delay = 0.00>
ST_4 : Operation 29 [1/1] (0.00ns)   --->   "%specloopname_ln5 = specloopname void @_ssdm_op_SpecLoopName, void @empty_2" [./source/lab2_z1.c:5]   --->   Operation 29 'specloopname' 'specloopname_ln5' <Predicate = true> <Delay = 0.00>
ST_4 : Operation 30 [1/1] (1.61ns)   --->   "%store_ln10 = store i32 %res_1, i32 %res" [./source/lab2_z1.c:10]   --->   Operation 30 'store' 'store_ln10' <Predicate = true> <Delay = 1.61>
ST_4 : Operation 31 [1/1] (0.00ns)   --->   "%br_ln0 = br void"   --->   Operation 31 'br' 'br_ln0' <Predicate = true> <Delay = 0.00>


============================================================
+ Verbose Summary: Timing violations
============================================================
Target clock period: 8ns, clock uncertainty: 1ns.

 <State 1>: 1.61ns
The critical path consists of the following:
	'alloca' operation ('i') [3]  (0 ns)
	'store' operation ('store_ln6', ./source/lab2_z1.c:6) of constant 1 on local variable 'i' [10]  (1.61 ns)

 <State 2>: 6.86ns
The critical path consists of the following:
	'load' operation ('i', ./source/lab2_z1.c:6) on local variable 'i' [14]  (0 ns)
	'mul' operation ('res', ./source/lab2_z1.c:10) [23]  (6.86 ns)

 <State 3>: 6.86ns
The critical path consists of the following:
	'mul' operation ('res', ./source/lab2_z1.c:10) [23]  (6.86 ns)

 <State 4>: 1.61ns
The critical path consists of the following:
	'store' operation ('store_ln10', ./source/lab2_z1.c:10) of variable 'res', ./source/lab2_z1.c:10 on local variable 'res' [26]  (1.61 ns)


============================================================
+ Verbose Summary: Binding
============================================================
N/A
* FSMD analyzer results:
  - Output states:
 - Input state : 
  - Chain level:
	State 1
	State 2
	State 3
	State 4


============================================================
+ Verbose Summary: Datapath Resource usage 
============================================================
N/A
