

================================================================
== Vitis HLS Report for 'lab3_z2'
================================================================
* Date:           Wed Nov 23 07:39:29 2022

* Version:        2021.2 (Build 3367213 on Tue Oct 19 02:48:09 MDT 2021)
* Project:        lab3_z2
* Solution:       sol1 (Vivado IP Flow Target)
* Product family: artix7
* Target device:  xa7a12t-csg325-1Q


================================================================
== Performance Estimates
================================================================
+ Timing: 
    * Summary: 
    +------+---------+----------+------------+
    | Clock|  Target | Estimated| Uncertainty|
    +------+---------+----------+------------+
    |clk   |  8.00 ns|  6.757 ns|     1.00 ns|
    +------+---------+----------+------------+

+ Latency: 
    * Summary: 
    +---------+---------+----------+----------+-------+-------+---------+
    |  Latency (cycles) |  Latency (absolute) |    Interval   | Pipeline|
    |   min   |   max   |    min   |    max   |  min  |  max  |   Type  |
    +---------+---------+----------+----------+-------+-------+---------+
    |    65537|    65537|  0.524 ms|  0.524 ms|  65538|  65538|       no|
    +---------+---------+----------+----------+-------+-------+---------+

    + Detail: 
        * Instance: 
        N/A

        * Loop: 
        +------------------+---------+---------+----------+-----------+-----------+-------+----------+
        |                  |  Latency (cycles) | Iteration|  Initiation Interval  |  Trip |          |
        |     Loop Name    |   min   |   max   |  Latency |  achieved |   target  | Count | Pipelined|
        +------------------+---------+---------+----------+-----------+-----------+-------+----------+
        |- VITIS_LOOP_7_1  |    65536|    65536|         4|          -|          -|  16384|        no|
        +------------------+---------+---------+----------+-----------+-----------+-------+----------+

============================================================
+ Verbose Summary: Synthesis Manager
============================================================
InlineROM: 1
ExposeGlobal: 0
============================================================
+ Verbose Summary: CDFG Model
============================================================
IsTopModel: 1
ResetActiveHigh: 1
IsCombinational: 0
IsDatapathOnly: 0
HasWiredReturn: 1
HasMFsm: 0
HasVarLatency: 1
IsPipeline: 0
IsRtlPipelined: 0
IsInstanceOverlapped: 0
IsDontTouch: 0
HasImplIP: 0
IsGatedGlobalClock: 0


============================================================
+ Verbose Summary: Schedule
============================================================
* Number of FSM states : 5
* Pipeline : 0
* Dataflow Pipeline: 0

* FSM state transitions: 
1 --> 2 
2 --> 3 
3 --> 4 
4 --> 5 
5 --> 2 

* FSM state operations: 

State 1 <SV = 0> <Delay = 1.61>
ST_1 : Operation 6 [1/1] (0.00ns)   --->   "%i = alloca i32 1"   --->   Operation 6 'alloca' 'i' <Predicate = true> <Delay = 0.00>
ST_1 : Operation 7 [1/1] (0.00ns)   --->   "%spectopmodule_ln0 = spectopmodule void @_ssdm_op_SpecTopModule, void @empty_2"   --->   Operation 7 'spectopmodule' 'spectopmodule_ln0' <Predicate = true> <Delay = 0.00>
ST_1 : Operation 8 [1/1] (0.00ns)   --->   "%specinterface_ln0 = specinterface void @_ssdm_op_SpecInterface, i16 %inA_ar, void @empty_0, i32 0, i32 0, void @empty, i32 0, i32 0, void @empty, void @empty, void @empty, i32 0, i32 0, i32 0, i32 0, void @empty, void @empty"   --->   Operation 8 'specinterface' 'specinterface_ln0' <Predicate = true> <Delay = 0.00>
ST_1 : Operation 9 [1/1] (0.00ns)   --->   "%specbitsmap_ln0 = specbitsmap void @_ssdm_op_SpecBitsMap, i16 %inA_ar"   --->   Operation 9 'specbitsmap' 'specbitsmap_ln0' <Predicate = true> <Delay = 0.00>
ST_1 : Operation 10 [1/1] (0.00ns)   --->   "%specinterface_ln0 = specinterface void @_ssdm_op_SpecInterface, i16 %out_ar, void @empty_1, i32 0, i32 0, void @empty, i32 4294967295, i32 0, void @empty, void @empty, void @empty, i32 0, i32 0, i32 0, i32 0, void @empty, void @empty"   --->   Operation 10 'specinterface' 'specinterface_ln0' <Predicate = true> <Delay = 0.00>
ST_1 : Operation 11 [1/1] (0.00ns)   --->   "%specbitsmap_ln0 = specbitsmap void @_ssdm_op_SpecBitsMap, i16 %out_ar"   --->   Operation 11 'specbitsmap' 'specbitsmap_ln0' <Predicate = true> <Delay = 0.00>
ST_1 : Operation 12 [1/1] (1.61ns)   --->   "%store_ln7 = store i15 0, i15 %i" [./source/lab3_z2.c:7]   --->   Operation 12 'store' 'store_ln7' <Predicate = true> <Delay = 1.61>
ST_1 : Operation 13 [1/1] (0.00ns)   --->   "%br_ln7 = br void" [./source/lab3_z2.c:7]   --->   Operation 13 'br' 'br_ln7' <Predicate = true> <Delay = 0.00>

State 2 <SV = 1> <Delay = 3.87>
ST_2 : Operation 14 [1/1] (0.00ns)   --->   "%i_1 = load i15 %i" [./source/lab3_z2.c:7]   --->   Operation 14 'load' 'i_1' <Predicate = true> <Delay = 0.00>
ST_2 : Operation 15 [1/1] (2.26ns)   --->   "%icmp_ln7 = icmp_eq  i15 %i_1, i15 16384" [./source/lab3_z2.c:7]   --->   Operation 15 'icmp' 'icmp_ln7' <Predicate = true> <Delay = 2.26> <CoreInst = "Cmp">   --->   Core 9 'Cmp' <Latency = 0> <II = 1> <Delay = 2.26> <FuncUnit> <Opcode : 'icmp'> <InPorts = 2> <OutPorts = 1>
ST_2 : Operation 16 [1/1] (0.00ns)   --->   "%empty = speclooptripcount i32 @_ssdm_op_SpecLoopTripCount, i64 16384, i64 16384, i64 16384"   --->   Operation 16 'speclooptripcount' 'empty' <Predicate = true> <Delay = 0.00>
ST_2 : Operation 17 [1/1] (2.14ns)   --->   "%add_ln7 = add i15 %i_1, i15 1" [./source/lab3_z2.c:7]   --->   Operation 17 'add' 'add_ln7' <Predicate = true> <Delay = 2.14> <CoreInst = "Adder">   --->   Core 1 'Adder' <Latency = 0> <II = 1> <Delay = 2.14> <FuncUnit> <Opcode : 'add' 'sub'> <InPorts = 2> <OutPorts = 1>
ST_2 : Operation 18 [1/1] (0.00ns)   --->   "%br_ln7 = br i1 %icmp_ln7, void %.split, void" [./source/lab3_z2.c:7]   --->   Operation 18 'br' 'br_ln7' <Predicate = true> <Delay = 0.00>
ST_2 : Operation 19 [1/1] (1.61ns)   --->   "%store_ln7 = store i15 %add_ln7, i15 %i" [./source/lab3_z2.c:7]   --->   Operation 19 'store' 'store_ln7' <Predicate = (!icmp_ln7)> <Delay = 1.61>
ST_2 : Operation 20 [1/1] (0.00ns)   --->   "%ret_ln13 = ret" [./source/lab3_z2.c:13]   --->   Operation 20 'ret' 'ret_ln13' <Predicate = (icmp_ln7)> <Delay = 0.00>

State 3 <SV = 2> <Delay = 6.75>
ST_3 : Operation 21 [1/1] (3.50ns)   --->   "%temp = read i16 @_ssdm_op_Read.ap_fifo.volatile.i16P0A, i16 %inA_ar" [./source/lab3_z2.c:10]   --->   Operation 21 'read' 'temp' <Predicate = true> <Delay = 3.50> <CoreInst = "FIFO">   --->   Core 78 'FIFO' <Latency = 0> <II = 1> <Delay = 3.56> <Storage> <Opcode : 'read' 'write' 'nbread' 'nbwrite'> <Ports = 0> <Width = 16> <Depth = -1> <FIFO>
ST_3 : Operation 22 [1/1] (0.00ns)   --->   "%zext_ln11 = zext i16 %temp" [./source/lab3_z2.c:11]   --->   Operation 22 'zext' 'zext_ln11' <Predicate = true> <Delay = 0.00>
ST_3 : Operation 23 [1/1] (0.00ns)   --->   "%out_ar_addr = getelementptr i16 %out_ar, i64 0, i64 %zext_ln11" [./source/lab3_z2.c:11]   --->   Operation 23 'getelementptr' 'out_ar_addr' <Predicate = true> <Delay = 0.00>
ST_3 : Operation 24 [2/2] (3.25ns)   --->   "%out_ar_load = load i14 %out_ar_addr" [./source/lab3_z2.c:11]   --->   Operation 24 'load' 'out_ar_load' <Predicate = true> <Delay = 3.25> <CoreInst = "RAM">   --->   Core 82 'RAM' <Latency = 1> <II = 1> <Delay = 3.25> <Storage> <Opcode : 'load' 'store'> <Ports = 2> <Width = 16> <Depth = 16384> <RAM>

State 4 <SV = 3> <Delay = 3.25>
ST_4 : Operation 25 [1/2] (3.25ns)   --->   "%out_ar_load = load i14 %out_ar_addr" [./source/lab3_z2.c:11]   --->   Operation 25 'load' 'out_ar_load' <Predicate = true> <Delay = 3.25> <CoreInst = "RAM">   --->   Core 82 'RAM' <Latency = 1> <II = 1> <Delay = 3.25> <Storage> <Opcode : 'load' 'store'> <Ports = 2> <Width = 16> <Depth = 16384> <RAM>

State 5 <SV = 4> <Delay = 5.40>
ST_5 : Operation 26 [1/1] (0.00ns)   --->   "%specloopname_ln5 = specloopname void @_ssdm_op_SpecLoopName, void @empty_3" [./source/lab3_z2.c:5]   --->   Operation 26 'specloopname' 'specloopname_ln5' <Predicate = true> <Delay = 0.00>
ST_5 : Operation 27 [1/1] (2.14ns)   --->   "%add_ln11 = add i16 %out_ar_load, i16 1" [./source/lab3_z2.c:11]   --->   Operation 27 'add' 'add_ln11' <Predicate = true> <Delay = 2.14> <CoreInst = "Adder">   --->   Core 1 'Adder' <Latency = 0> <II = 1> <Delay = 2.14> <FuncUnit> <Opcode : 'add' 'sub'> <InPorts = 2> <OutPorts = 1>
ST_5 : Operation 28 [1/1] (3.25ns)   --->   "%store_ln11 = store i16 %add_ln11, i14 %out_ar_addr" [./source/lab3_z2.c:11]   --->   Operation 28 'store' 'store_ln11' <Predicate = true> <Delay = 3.25> <CoreInst = "RAM">   --->   Core 82 'RAM' <Latency = 1> <II = 1> <Delay = 3.25> <Storage> <Opcode : 'load' 'store'> <Ports = 2> <Width = 16> <Depth = 16384> <RAM>
ST_5 : Operation 29 [1/1] (0.00ns)   --->   "%br_ln0 = br void"   --->   Operation 29 'br' 'br_ln0' <Predicate = true> <Delay = 0.00>


============================================================
+ Verbose Summary: Binding
============================================================
STG Binding: 
---------------- STG Properties BEGIN ----------------
- Is combinational: 0
- Is one-state seq: 0
- Is datapath-only: 0
- Is pipelined: 0
- Is top level: 1
Port [ Return ] is wired: 1; IO mode=ap_ctrl_hs:ce=0
Port [ inA_ar]:  wired=1; compound=1; hidden=0; nouse=0; global=0; static=0; extern=0; dir=0; type=3; pingpong=0; private_global=0; IO mode=ap_fifo:ce=0
Port [ out_ar]:  wired=1; compound=1; hidden=0; nouse=0; global=0; static=0; extern=0; dir=2; type=1; pingpong=0; private_global=0; MemPort=[23]; IO mode=ap_memory:ce=0
---------------- STG Properties END ------------------

---------------- Datapath Model BEGIN ----------------

<LifeTime>
<method=bitvector/>
i                 (alloca           ) [ 011111]
spectopmodule_ln0 (spectopmodule    ) [ 000000]
specinterface_ln0 (specinterface    ) [ 000000]
specbitsmap_ln0   (specbitsmap      ) [ 000000]
specinterface_ln0 (specinterface    ) [ 000000]
specbitsmap_ln0   (specbitsmap      ) [ 000000]
store_ln7         (store            ) [ 000000]
br_ln7            (br               ) [ 000000]
i_1               (load             ) [ 000000]
icmp_ln7          (icmp             ) [ 001111]
empty             (speclooptripcount) [ 000000]
add_ln7           (add              ) [ 000000]
br_ln7            (br               ) [ 000000]
store_ln7         (store            ) [ 000000]
ret_ln13          (ret              ) [ 000000]
temp              (read             ) [ 000000]
zext_ln11         (zext             ) [ 000000]
out_ar_addr       (getelementptr    ) [ 000011]
out_ar_load       (load             ) [ 000001]
specloopname_ln5  (specloopname     ) [ 000000]
add_ln11          (add              ) [ 000000]
store_ln11        (store            ) [ 000000]
br_ln0            (br               ) [ 000000]
</LifeTime>

<model>

<comp_list>
<comp id="0" class="1000" name="inA_ar">
<pin_list>
<pin id="1" dir="1" index="0" bw="1" slack="0"/>
</pin_list>
<bind>
<StgValue><ssdm name="inA_ar"/></StgValue>
</bind>
</comp>

<comp id="2" class="1000" name="out_ar">
<pin_list>
<pin id="3" dir="1" index="0" bw="1" slack="0"/>
</pin_list>
<bind>
<StgValue><ssdm name="out_ar"/><MemPortTyVec>2 3 </MemPortTyVec>
</StgValue>
</bind>
</comp>

<comp id="4" class="1001" name="const_4">
<pin_list>
<pin id="5" dir="1" index="0" bw="1" slack="0"/>
</pin_list>
<bind>
<StgValue><ssdm name=""/></StgValue>
</bind>
</comp>

<comp id="6" class="1001" name="const_6">
<pin_list>
<pin id="7" dir="1" index="0" bw="1" slack="2147483647"/>
</pin_list>
<bind>
<StgValue><ssdm name="_ssdm_op_SpecTopModule"/></StgValue>
</bind>
</comp>

<comp id="8" class="1001" name="const_8">
<pin_list>
<pin id="9" dir="1" index="0" bw="1" slack="2147483647"/>
</pin_list>
<bind>
<StgValue><ssdm name="empty_2"/></StgValue>
</bind>
</comp>

<comp id="10" class="1001" name="const_10">
<pin_list>
<pin id="11" dir="1" index="0" bw="1" slack="2147483647"/>
</pin_list>
<bind>
<StgValue><ssdm name="_ssdm_op_SpecInterface"/></StgValue>
</bind>
</comp>

<comp id="12" class="1001" name="const_12">
<pin_list>
<pin id="13" dir="1" index="0" bw="1" slack="2147483647"/>
</pin_list>
<bind>
<StgValue><ssdm name="empty_0"/></StgValue>
</bind>
</comp>

<comp id="14" class="1001" name="const_14">
<pin_list>
<pin id="15" dir="1" index="0" bw="1" slack="2147483647"/>
</pin_list>
<bind>
<StgValue><ssdm name=""/></StgValue>
</bind>
</comp>

<comp id="16" class="1001" name="const_16">
<pin_list>
<pin id="17" dir="1" index="0" bw="1" slack="2147483647"/>
</pin_list>
<bind>
<StgValue><ssdm name="empty"/></StgValue>
</bind>
</comp>

<comp id="18" class="1001" name="const_18">
<pin_list>
<pin id="19" dir="1" index="0" bw="1" slack="2147483647"/>
</pin_list>
<bind>
<StgValue><ssdm name="_ssdm_op_SpecBitsMap"/></StgValue>
</bind>
</comp>

<comp id="20" class="1001" name="const_20">
<pin_list>
<pin id="21" dir="1" index="0" bw="1" slack="2147483647"/>
</pin_list>
<bind>
<StgValue><ssdm name="empty_1"/></StgValue>
</bind>
</comp>

<comp id="22" class="1001" name="const_22">
<pin_list>
<pin id="23" dir="1" index="0" bw="1" slack="2147483647"/>
</pin_list>
<bind>
<StgValue><ssdm name=""/></StgValue>
</bind>
</comp>

<comp id="24" class="1001" name="const_24">
<pin_list>
<pin id="25" dir="1" index="0" bw="1" slack="0"/>
</pin_list>
<bind>
<StgValue><ssdm name=""/></StgValue>
</bind>
</comp>

<comp id="26" class="1001" name="const_26">
<pin_list>
<pin id="27" dir="1" index="0" bw="1" slack="0"/>
</pin_list>
<bind>
<StgValue><ssdm name=""/></StgValue>
</bind>
</comp>

<comp id="28" class="1001" name="const_28">
<pin_list>
<pin id="29" dir="1" index="0" bw="1" slack="2147483647"/>
</pin_list>
<bind>
<StgValue><ssdm name="_ssdm_op_SpecLoopTripCount"/></StgValue>
</bind>
</comp>

<comp id="30" class="1001" name="const_30">
<pin_list>
<pin id="31" dir="1" index="0" bw="1" slack="2147483647"/>
</pin_list>
<bind>
<StgValue><ssdm name=""/></StgValue>
</bind>
</comp>

<comp id="32" class="1001" name="const_32">
<pin_list>
<pin id="33" dir="1" index="0" bw="1" slack="0"/>
</pin_list>
<bind>
<StgValue><ssdm name=""/></StgValue>
</bind>
</comp>

<comp id="34" class="1001" name="const_34">
<pin_list>
<pin id="35" dir="1" index="0" bw="1" slack="0"/>
</pin_list>
<bind>
<StgValue><ssdm name="_ssdm_op_Read.ap_fifo.volatile.i16P0A"/></StgValue>
</bind>
</comp>

<comp id="36" class="1001" name="const_36">
<pin_list>
<pin id="37" dir="1" index="0" bw="1" slack="0"/>
</pin_list>
<bind>
<StgValue><ssdm name=""/></StgValue>
</bind>
</comp>

<comp id="38" class="1001" name="const_38">
<pin_list>
<pin id="39" dir="1" index="0" bw="1" slack="2147483647"/>
</pin_list>
<bind>
<StgValue><ssdm name="_ssdm_op_SpecLoopName"/></StgValue>
</bind>
</comp>

<comp id="40" class="1001" name="const_40">
<pin_list>
<pin id="41" dir="1" index="0" bw="1" slack="2147483647"/>
</pin_list>
<bind>
<StgValue><ssdm name="empty_3"/></StgValue>
</bind>
</comp>

<comp id="42" class="1001" name="const_42">
<pin_list>
<pin id="43" dir="1" index="0" bw="1" slack="0"/>
</pin_list>
<bind>
<StgValue><ssdm name=""/></StgValue>
</bind>
</comp>

<comp id="44" class="1004" name="i_fu_44">
<pin_list>
<pin id="45" dir="0" index="0" bw="1" slack="0"/>
<pin id="46" dir="1" index="1" bw="15" slack="0"/>
</pin_list>
<bind>
<opcode="alloca(26) " fcode="alloca"/>
<opset="i/1 "/>
</bind>
</comp>

<comp id="48" class="1004" name="temp_read_fu_48">
<pin_list>
<pin id="49" dir="0" index="0" bw="16" slack="0"/>
<pin id="50" dir="0" index="1" bw="16" slack="0"/>
<pin id="51" dir="1" index="2" bw="16" slack="0"/>
</pin_list>
<bind>
<opcode="read(1150) " fcode="read"/>
<opset="temp/3 "/>
</bind>
</comp>

<comp id="54" class="1004" name="out_ar_addr_gep_fu_54">
<pin_list>
<pin id="55" dir="0" index="0" bw="16" slack="0"/>
<pin id="56" dir="0" index="1" bw="1" slack="0"/>
<pin id="57" dir="0" index="2" bw="16" slack="0"/>
<pin id="58" dir="1" index="3" bw="14" slack="0"/>
</pin_list>
<bind>
<opcode="getelementptr(29) " fcode="getelementptr"/>
<opset="out_ar_addr/3 "/>
</bind>
</comp>

<comp id="61" class="1004" name="grp_access_fu_61">
<pin_list>
<pin id="62" dir="0" index="0" bw="14" slack="0"/>
<pin id="63" dir="0" index="1" bw="16" slack="0"/>
<pin id="64" dir="0" index="2" bw="0" slack="2147483647"/>
<pin id="65" dir="1" index="3" bw="16" slack="1"/>
</pin_list>
<bind>
<opcode="load(27) store(28) " fcode="store"/>
<opset="out_ar_load/3 store_ln11/5 "/>
</bind>
</comp>

<comp id="67" class="1004" name="store_ln7_store_fu_67">
<pin_list>
<pin id="68" dir="0" index="0" bw="1" slack="0"/>
<pin id="69" dir="0" index="1" bw="15" slack="0"/>
<pin id="70" dir="1" index="2" bw="0" slack="2147483647"/>
</pin_list>
<bind>
<opcode="store(28) " fcode="store"/>
<opset="store_ln7/1 "/>
</bind>
</comp>

<comp id="72" class="1004" name="i_1_load_fu_72">
<pin_list>
<pin id="73" dir="0" index="0" bw="15" slack="1"/>
<pin id="74" dir="1" index="1" bw="15" slack="0"/>
</pin_list>
<bind>
<opcode="load(27) " fcode="load"/>
<opset="i_1/2 "/>
</bind>
</comp>

<comp id="75" class="1004" name="icmp_ln7_fu_75">
<pin_list>
<pin id="76" dir="0" index="0" bw="15" slack="0"/>
<pin id="77" dir="0" index="1" bw="15" slack="0"/>
<pin id="78" dir="1" index="2" bw="1" slack="2147483647"/>
</pin_list>
<bind>
<opcode="icmp(45) " fcode="icmp"/>
<opset="icmp_ln7/2 "/>
</bind>
</comp>

<comp id="81" class="1004" name="add_ln7_fu_81">
<pin_list>
<pin id="82" dir="0" index="0" bw="15" slack="0"/>
<pin id="83" dir="0" index="1" bw="1" slack="0"/>
<pin id="84" dir="1" index="2" bw="15" slack="0"/>
</pin_list>
<bind>
<opcode="add(8) " fcode="add"/>
<opset="add_ln7/2 "/>
</bind>
</comp>

<comp id="87" class="1004" name="store_ln7_store_fu_87">
<pin_list>
<pin id="88" dir="0" index="0" bw="15" slack="0"/>
<pin id="89" dir="0" index="1" bw="15" slack="1"/>
<pin id="90" dir="1" index="2" bw="0" slack="2147483647"/>
</pin_list>
<bind>
<opcode="store(28) " fcode="store"/>
<opset="store_ln7/2 "/>
</bind>
</comp>

<comp id="92" class="1004" name="zext_ln11_fu_92">
<pin_list>
<pin id="93" dir="0" index="0" bw="16" slack="0"/>
<pin id="94" dir="1" index="1" bw="64" slack="0"/>
</pin_list>
<bind>
<opcode="zext(34) " fcode="zext"/>
<opset="zext_ln11/3 "/>
</bind>
</comp>

<comp id="97" class="1004" name="add_ln11_fu_97">
<pin_list>
<pin id="98" dir="0" index="0" bw="16" slack="1"/>
<pin id="99" dir="0" index="1" bw="1" slack="0"/>
<pin id="100" dir="1" index="2" bw="16" slack="0"/>
</pin_list>
<bind>
<opcode="add(8) " fcode="add"/>
<opset="add_ln11/5 "/>
</bind>
</comp>

<comp id="103" class="1005" name="i_reg_103">
<pin_list>
<pin id="104" dir="0" index="0" bw="15" slack="0"/>
<pin id="105" dir="1" index="1" bw="15" slack="0"/>
</pin_list>
<bind>
<opset="i "/>
</bind>
</comp>

<comp id="113" class="1005" name="out_ar_addr_reg_113">
<pin_list>
<pin id="114" dir="0" index="0" bw="14" slack="1"/>
<pin id="115" dir="1" index="1" bw="14" slack="1"/>
</pin_list>
<bind>
<opset="out_ar_addr "/>
</bind>
</comp>

<comp id="118" class="1005" name="out_ar_load_reg_118">
<pin_list>
<pin id="119" dir="0" index="0" bw="16" slack="1"/>
<pin id="120" dir="1" index="1" bw="16" slack="1"/>
</pin_list>
<bind>
<opset="out_ar_load "/>
</bind>
</comp>

</comp_list>

<net_list>
<net id="47"><net_src comp="4" pin="0"/><net_sink comp="44" pin=0"/></net>

<net id="52"><net_src comp="34" pin="0"/><net_sink comp="48" pin=0"/></net>

<net id="53"><net_src comp="0" pin="0"/><net_sink comp="48" pin=1"/></net>

<net id="59"><net_src comp="2" pin="0"/><net_sink comp="54" pin=0"/></net>

<net id="60"><net_src comp="36" pin="0"/><net_sink comp="54" pin=1"/></net>

<net id="66"><net_src comp="54" pin="3"/><net_sink comp="61" pin=0"/></net>

<net id="71"><net_src comp="24" pin="0"/><net_sink comp="67" pin=0"/></net>

<net id="79"><net_src comp="72" pin="1"/><net_sink comp="75" pin=0"/></net>

<net id="80"><net_src comp="26" pin="0"/><net_sink comp="75" pin=1"/></net>

<net id="85"><net_src comp="72" pin="1"/><net_sink comp="81" pin=0"/></net>

<net id="86"><net_src comp="32" pin="0"/><net_sink comp="81" pin=1"/></net>

<net id="91"><net_src comp="81" pin="2"/><net_sink comp="87" pin=0"/></net>

<net id="95"><net_src comp="48" pin="2"/><net_sink comp="92" pin=0"/></net>

<net id="96"><net_src comp="92" pin="1"/><net_sink comp="54" pin=2"/></net>

<net id="101"><net_src comp="42" pin="0"/><net_sink comp="97" pin=1"/></net>

<net id="102"><net_src comp="97" pin="2"/><net_sink comp="61" pin=1"/></net>

<net id="106"><net_src comp="44" pin="1"/><net_sink comp="103" pin=0"/></net>

<net id="107"><net_src comp="103" pin="1"/><net_sink comp="67" pin=1"/></net>

<net id="108"><net_src comp="103" pin="1"/><net_sink comp="72" pin=0"/></net>

<net id="109"><net_src comp="103" pin="1"/><net_sink comp="87" pin=1"/></net>

<net id="116"><net_src comp="54" pin="3"/><net_sink comp="113" pin=0"/></net>

<net id="117"><net_src comp="113" pin="1"/><net_sink comp="61" pin=0"/></net>

<net id="121"><net_src comp="61" pin="3"/><net_sink comp="118" pin=0"/></net>

<net id="122"><net_src comp="118" pin="1"/><net_sink comp="97" pin=0"/></net>

</net_list>

</model> 
---------------- Datapath Model END ------------------

* FSMD analyzer results:
  - Output states:
	Port: out_ar | {5 }
 - Input state : 
	Port: lab3_z2 : inA_ar | {3 }
	Port: lab3_z2 : out_ar | {3 4 }
  - Chain level:
	State 1
		store_ln7 : 1
	State 2
		icmp_ln7 : 1
		add_ln7 : 1
		br_ln7 : 2
		store_ln7 : 2
	State 3
		out_ar_addr : 1
		out_ar_load : 2
	State 4
	State 5
		store_ln11 : 1


============================================================
+ Verbose Summary: Datapath Resource usage 
============================================================

* Functional unit list:
|----------|-----------------|---------|---------|
| Operation| Functional Unit |    FF   |   LUT   |
|----------|-----------------|---------|---------|
|    add   |  add_ln7_fu_81  |    0    |    22   |
|          |  add_ln11_fu_97 |    0    |    23   |
|----------|-----------------|---------|---------|
|   icmp   |  icmp_ln7_fu_75 |    0    |    12   |
|----------|-----------------|---------|---------|
|   read   | temp_read_fu_48 |    0    |    0    |
|----------|-----------------|---------|---------|
|   zext   | zext_ln11_fu_92 |    0    |    0    |
|----------|-----------------|---------|---------|
|   Total  |                 |    0    |    57   |
|----------|-----------------|---------|---------|

Memories:
N/A

* Register list:
+-------------------+--------+
|                   |   FF   |
+-------------------+--------+
|     i_reg_103     |   15   |
|out_ar_addr_reg_113|   14   |
|out_ar_load_reg_118|   16   |
+-------------------+--------+
|       Total       |   45   |
+-------------------+--------+

* Multiplexer (MUX) list: 
|------------------|------|------|------|--------||---------||---------|
|       Comp       |  Pin | Size |  BW  | S x BW ||  Delay  ||   LUT   |
|------------------|------|------|------|--------||---------||---------|
| grp_access_fu_61 |  p0  |   2  |  14  |   28   ||    9    |
|------------------|------|------|------|--------||---------||---------|
|       Total      |      |      |      |   28   ||   1.61  ||    9    |
|------------------|------|------|------|--------||---------||---------|



* Summary:
+-----------+--------+--------+--------+
|           |  Delay |   FF   |   LUT  |
+-----------+--------+--------+--------+
|  Function |    -   |    0   |   57   |
|   Memory  |    -   |    -   |    -   |
|Multiplexer|    1   |    -   |    9   |
|  Register |    -   |   45   |    -   |
+-----------+--------+--------+--------+
|   Total   |    1   |   45   |   66   |
+-----------+--------+--------+--------+
