

================================================================
== Vitis HLS Report for 'Loop_Loop3_proc'
================================================================
* Date:           Sun Dec 11 11:13:38 2022

* Version:        2021.2 (Build 3367213 on Tue Oct 19 02:48:09 MDT 2021)
* Project:        lab5_z1
* Solution:       sol5_pingpong (Vivado IP Flow Target)
* Product family: artix7
* Target device:  xa7a12t-csg325-1Q


================================================================
== Performance Estimates
================================================================
+ Timing: 
    * Summary: 
    +------+----------+----------+------------+
    | Clock|  Target  | Estimated| Uncertainty|
    +------+----------+----------+------------+
    |clk   |  10.00 ns|  5.959 ns|     1.00 ns|
    +------+----------+----------+------------+

+ Latency: 
    * Summary: 
    +---------+---------+----------+----------+-------+-------+---------+
    |  Latency (cycles) |  Latency (absolute) |    Interval   | Pipeline|
    |   min   |   max   |    min   |    max   |  min  |  max  |   Type  |
    +---------+---------+----------+----------+-------+-------+---------+
    |    49153|    49153|  0.492 ms|  0.492 ms|  49153|  49153|       no|
    +---------+---------+----------+----------+-------+-------+---------+

    + Detail: 
        * Instance: 
        N/A

        * Loop: 
        +----------+---------+---------+----------+-----------+-----------+-------+----------+
        |          |  Latency (cycles) | Iteration|  Initiation Interval  |  Trip |          |
        | Loop Name|   min   |   max   |  Latency |  achieved |   target  | Count | Pipelined|
        +----------+---------+---------+----------+-----------+-----------+-------+----------+
        |- Loop3   |    49152|    49152|         3|          -|          -|  16384|        no|
        +----------+---------+---------+----------+-----------+-----------+-------+----------+



================================================================
== Utilization Estimates
================================================================
* Summary: 
+-----------------+---------+----+-------+------+-----+
|       Name      | BRAM_18K| DSP|   FF  |  LUT | URAM|
+-----------------+---------+----+-------+------+-----+
|DSP              |        -|   -|      -|     -|    -|
|Expression       |        -|   -|      0|    76|    -|
|FIFO             |        -|   -|      -|     -|    -|
|Instance         |        -|   -|      -|     -|    -|
|Memory           |        -|   -|      -|     -|    -|
|Multiplexer      |        -|   -|      -|    39|    -|
|Register         |        -|   -|     67|     -|    -|
+-----------------+---------+----+-------+------+-----+
|Total            |        0|   0|     67|   115|    0|
+-----------------+---------+----+-------+------+-----+
|Available        |       40|  40|  16000|  8000|    0|
+-----------------+---------+----+-------+------+-----+
|Utilization (%)  |        0|   0|     ~0|     1|    0|
+-----------------+---------+----+-------+------+-----+

+ Detail: 
    * Instance: 
    N/A

    * DSP: 
    N/A

    * Memory: 
    N/A

    * FIFO: 
    N/A

    * Expression: 
    +--------------------+----------+----+---+----+------------+------------+
    |    Variable Name   | Operation| DSP| FF| LUT| Bitwidth P0| Bitwidth P1|
    +--------------------+----------+----+---+----+------------+------------+
    |add_ln38_fu_83_p2   |         +|   0|  0|  22|          15|           1|
    |data_out2_d0        |         +|   0|  0|  39|          32|          32|
    |icmp_ln38_fu_77_p2  |      icmp|   0|  0|  13|          15|          16|
    |ap_block_state1     |        or|   0|  0|   2|           1|           1|
    +--------------------+----------+----+---+----+------------+------------+
    |Total               |          |   0|  0|  76|          63|          50|
    +--------------------+----------+----+---+----+------------+------------+

    * Multiplexer: 
    +-----------+----+-----------+-----+-----------+
    |    Name   | LUT| Input Size| Bits| Total Bits|
    +-----------+----+-----------+-----+-----------+
    |ap_NS_fsm  |  21|          5|    1|          5|
    |ap_done    |   9|          2|    1|          2|
    |k_fu_34    |   9|          2|   15|         30|
    +-----------+----+-----------+-----+-----------+
    |Total      |  39|          9|   17|         37|
    +-----------+----+-----------+-----+-----------+

    * Register: 
    +--------------------+----+----+-----+-----------+
    |        Name        | FF | LUT| Bits| Const Bits|
    +--------------------+----+----+-----+-----------+
    |ap_CS_fsm           |   4|   0|    4|          0|
    |ap_done_reg         |   1|   0|    1|          0|
    |k_fu_34             |  15|   0|   15|          0|
    |temp3_load_reg_125  |  32|   0|   32|          0|
    |zext_ln38_reg_112   |  15|   0|   64|         49|
    +--------------------+----+----+-----+-----------+
    |Total               |  67|   0|  116|         49|
    +--------------------+----+----+-----+-----------+



================================================================
== Interface
================================================================
* Summary: 
+--------------------+-----+-----+------------+-----------------+--------------+
|      RTL Ports     | Dir | Bits|  Protocol  |  Source Object  |    C Type    |
+--------------------+-----+-----+------------+-----------------+--------------+
|ap_clk              |   in|    1|  ap_ctrl_hs|  Loop_Loop3_proc|  return value|
|ap_rst              |   in|    1|  ap_ctrl_hs|  Loop_Loop3_proc|  return value|
|ap_start            |   in|    1|  ap_ctrl_hs|  Loop_Loop3_proc|  return value|
|ap_done             |  out|    1|  ap_ctrl_hs|  Loop_Loop3_proc|  return value|
|ap_continue         |   in|    1|  ap_ctrl_hs|  Loop_Loop3_proc|  return value|
|ap_idle             |  out|    1|  ap_ctrl_hs|  Loop_Loop3_proc|  return value|
|ap_ready            |  out|    1|  ap_ctrl_hs|  Loop_Loop3_proc|  return value|
|temp3_address0      |  out|   14|   ap_memory|            temp3|         array|
|temp3_ce0           |  out|    1|   ap_memory|            temp3|         array|
|temp3_q0            |   in|   32|   ap_memory|            temp3|         array|
|data_out2_address0  |  out|   14|   ap_memory|        data_out2|         array|
|data_out2_ce0       |  out|    1|   ap_memory|        data_out2|         array|
|data_out2_we0       |  out|    1|   ap_memory|        data_out2|         array|
|data_out2_d0        |  out|   32|   ap_memory|        data_out2|         array|
+--------------------+-----+-----+------------+-----------------+--------------+

