==============================================================
Vitis HLS - High-Level Synthesis from C, C++ and OpenCL v2021.2 (64-bit)
Copyright 1986-2021 Xilinx, Inc. All Rights Reserved.
==============================================================
INFO: [SYN 201-201] Setting up clock 'default' with a period of 10ns.
INFO: [SYN 201-201] Setting up clock 'default' with an uncertainty of 1ns.
INFO: [HLS 200-1611] Setting target device to 'xa7a12t-csg325-1Q'
INFO: [HLS 200-1505] Using flow_target 'vivado'
INFO: [HLS 200-1510] Running: set_part xa7a12t-csg325-1Q 
INFO: [HLS 200-1510] Running: create_clock -period 10 -name default 
INFO: [HLS 200-1510] Running: set_clock_uncertainty 1 
INFO: [HLS 200-1510] Running: set_directive_top -name lab1_z1 lab1_z1 
INFO: [HLS 200-1510] Running: csynth_design 
INFO: [HLS 200-111] Finished File checks and directory preparation: CPU user time: 0 seconds. CPU system time: 0 seconds. Elapsed time: 0.009 seconds; current allocated memory: 868.926 MB.
INFO: [HLS 200-10] Analyzing design file 'source/lab1_z1.c' ... 
INFO: [HLS 200-111] Finished Source Code Analysis and Preprocessing: CPU user time: 0 seconds. CPU system time: 0 seconds. Elapsed time: 0.462 seconds; current allocated memory: 1.076 GB.
INFO: [HLS 200-777] Using interface defaults for 'Vivado' flow target.
INFO: [HLS 214-284] Auto array partition mode is set into default.
INFO: [HLS 214-270] Starting automatic array partition analysis...
INFO: [HLS 200-111] Finished Compiling Optimization and Transform: CPU user time: 1 seconds. CPU system time: 0 seconds. Elapsed time: 3.259 seconds; current allocated memory: 1.076 GB.
INFO: [HLS 200-111] Finished Checking Pragmas: CPU user time: 0 seconds. CPU system time: 0 seconds. Elapsed time: 0.001 seconds; current allocated memory: 1.076 GB.
INFO: [HLS 200-10] Starting code transformations ...
INFO: [HLS 200-111] Finished Standard Transforms: CPU user time: 0 seconds. CPU system time: 0 seconds. Elapsed time: 0.011 seconds; current allocated memory: 1.076 GB.
INFO: [HLS 200-10] Checking synthesizability ...
INFO: [HLS 200-111] Finished Checking Synthesizability: CPU user time: 0 seconds. CPU system time: 0 seconds. Elapsed time: 0.012 seconds; current allocated memory: 1.076 GB.
INFO: [HLS 200-111] Finished Loop, function and other optimizations: CPU user time: 0 seconds. CPU system time: 0 seconds. Elapsed time: 0.07 seconds; current allocated memory: 1.076 GB.
INFO: [HLS 200-111] Finished Architecture Synthesis: CPU user time: 0 seconds. CPU system time: 0 seconds. Elapsed time: 0.013 seconds; current allocated memory: 1.076 GB.
INFO: [HLS 200-10] Starting hardware synthesis ...
INFO: [HLS 200-10] Synthesizing 'lab1_z1' ...
INFO: [HLS 200-10] ----------------------------------------------------------------
INFO: [HLS 200-42] -- Implementing module 'lab1_z1' 
INFO: [HLS 200-10] ----------------------------------------------------------------
INFO: [SCHED 204-11] Starting scheduling ...
INFO: [SCHED 204-11] Finished scheduling.
INFO: [HLS 200-111] Finished Scheduling: CPU user time: 0 seconds. CPU system time: 0 seconds. Elapsed time: 0.08 seconds; current allocated memory: 1.076 GB.
INFO: [BIND 205-100] Starting micro-architecture generation ...
INFO: [BIND 205-101] Performing variable lifetime analysis.
INFO: [BIND 205-101] Exploring resource sharing.
INFO: [BIND 205-101] Binding ...
INFO: [BIND 205-100] Finished micro-architecture generation.
INFO: [HLS 200-111] Finished Binding: CPU user time: 0 seconds. CPU system time: 0 seconds. Elapsed time: 0.032 seconds; current allocated memory: 1.076 GB.
INFO: [HLS 200-10] ----------------------------------------------------------------
INFO: [HLS 200-10] -- Generating RTL for module 'lab1_z1' 
INFO: [HLS 200-10] ----------------------------------------------------------------
INFO: [RTGEN 206-500] Setting interface mode on port 'lab1_z1/a' to 'ap_none'.
INFO: [RTGEN 206-500] Setting interface mode on port 'lab1_z1/b' to 'ap_none'.
INFO: [RTGEN 206-500] Setting interface mode on port 'lab1_z1/c' to 'ap_none'.
INFO: [RTGEN 206-500] Setting interface mode on port 'lab1_z1/d' to 'ap_none'.
INFO: [RTGEN 206-500] Setting interface mode on function 'lab1_z1' to 'ap_ctrl_hs'.
INFO: [RTGEN 206-100] Finished creating RTL model for 'lab1_z1'.
INFO: [HLS 200-111] Finished Creating RTL model: CPU user time: 0 seconds. CPU system time: 0 seconds. Elapsed time: 0.047 seconds; current allocated memory: 1.076 GB.
INFO: [HLS 200-111] Finished Generating all RTL models: CPU user time: 0 seconds. CPU system time: 0 seconds. Elapsed time: 0.169 seconds; current allocated memory: 1.076 GB.
INFO: [HLS 200-111] Finished Updating report files: CPU user time: 1 seconds. CPU system time: 0 seconds. Elapsed time: 0.179 seconds; current allocated memory: 1.076 GB.
INFO: [VHDL 208-304] Generating VHDL RTL for lab1_z1.
INFO: [VLOG 209-307] Generating Verilog RTL for lab1_z1.
INFO: [HLS 200-789] **** Estimated Fmax: 160.22 MHz
INFO: [HLS 200-111] Finished Command csynth_design CPU user time: 2 seconds. CPU system time: 0 seconds. Elapsed time: 4.388 seconds; current allocated memory: 241.395 MB.
INFO: [HLS 200-112] Total CPU user time: 3 seconds. Total CPU system time: 1 seconds. Total elapsed time: 5.424 seconds; peak allocated memory: 1.076 GB.
==============================================================
Vitis HLS - High-Level Synthesis from C, C++ and OpenCL v2021.2 (64-bit)
Copyright 1986-2021 Xilinx, Inc. All Rights Reserved.
==============================================================
INFO: [SYN 201-201] Setting up clock 'default' with a period of 10ns.
INFO: [SYN 201-201] Setting up clock 'default' with an uncertainty of 1ns.
INFO: [HLS 200-1611] Setting target device to 'xa7a12t-csg325-1Q'
INFO: [HLS 200-1505] Using flow_target 'vivado'
INFO: [HLS 200-1510] Running: set_part xa7a12t-csg325-1Q 
INFO: [HLS 200-1510] Running: create_clock -period 10 -name default 
INFO: [HLS 200-1510] Running: set_clock_uncertainty 1 
INFO: [HLS 200-1510] Running: set_directive_top -name lab1_z1 lab1_z1 
INFO: [HLS 200-1510] Running: cosim_design -trace_level all 
INFO: [COSIM 212-47] Using XSIM for RTL simulation.
INFO: [COSIM 212-14] Instrumenting C test bench ...
INFO: [COSIM 212-302] Starting C TB testing ... 
INFO: [COSIM 212-333] Generating C post check test bench ...
INFO: [COSIM 212-12] Generating RTL test bench ...
INFO: [COSIM 212-1] *** C/RTL co-simulation file generation completed. ***
INFO: [COSIM 212-323] Starting verilog simulation. 
INFO: [COSIM 212-15] Starting XSIM ...
INFO: [COSIM 212-316] Starting C post checking ...
INFO: [COSIM 212-1000] *** C/RTL co-simulation finished: PASS ***
INFO: [COSIM 212-210] Design is translated to an combinational logic. II and Latency will be marked as all 0.
INFO: [HLS 200-111] Finished Command cosim_design CPU user time: 1 seconds. CPU system time: 0 seconds. Elapsed time: 19.408 seconds; current allocated memory: 270.191 MB.
INFO: [HLS 200-112] Total CPU user time: 2 seconds. Total CPU system time: 1 seconds. Total elapsed time: 20.418 seconds; peak allocated memory: 1.078 GB.
==============================================================
Vitis HLS - High-Level Synthesis from C, C++ and OpenCL v2021.2 (64-bit)
Copyright 1986-2021 Xilinx, Inc. All Rights Reserved.
==============================================================
INFO: [SYN 201-201] Setting up clock 'default' with a period of 10ns.
INFO: [SYN 201-201] Setting up clock 'default' with an uncertainty of 1ns.
INFO: [HLS 200-1611] Setting target device to 'xa7a12t-csg325-1Q'
INFO: [HLS 200-1505] Using flow_target 'vivado'
INFO: [HLS 200-1510] Running: set_part xa7a12t-csg325-1Q 
INFO: [HLS 200-1510] Running: create_clock -period 10 -name default 
INFO: [HLS 200-1510] Running: set_clock_uncertainty 1 
INFO: [HLS 200-1510] Running: set_directive_top -name lab1_z1 lab1_z1 
INFO: [HLS 200-1510] Running: csim_design -quiet 
INFO: [SIM 211-2] *************** CSIM start ***************
INFO: [SIM 211-4] CSIM will launch GCC as the compiler.
INFO: [SIM 211-1] CSim done with 0 errors.
INFO: [SIM 211-3] *************** CSIM finish ***************
INFO: [HLS 200-111] Finished Command csim_design CPU user time: 2 seconds. CPU system time: 0 seconds. Elapsed time: 11.589 seconds; current allocated memory: 751.246 MB.
INFO: [HLS 200-112] Total CPU user time: 2 seconds. Total CPU system time: 1 seconds. Total elapsed time: 12.804 seconds; peak allocated memory: 1.076 GB.
==============================================================
Vitis HLS - High-Level Synthesis from C, C++ and OpenCL v2021.2 (64-bit)
Copyright 1986-2021 Xilinx, Inc. All Rights Reserved.
==============================================================
INFO: [SYN 201-201] Setting up clock 'default' with a period of 10ns.
INFO: [SYN 201-201] Setting up clock 'default' with an uncertainty of 1ns.
INFO: [HLS 200-1611] Setting target device to 'xa7a12t-csg325-1Q'
INFO: [HLS 200-1505] Using flow_target 'vivado'
INFO: [HLS 200-1510] Running: set_part xa7a12t-csg325-1Q 
INFO: [HLS 200-1510] Running: create_clock -period 10 -name default 
INFO: [HLS 200-1510] Running: set_clock_uncertainty 1 
INFO: [HLS 200-1510] Running: set_directive_top -name lab1_z1 lab1_z1 
INFO: [HLS 200-1510] Running: csynth_design 
INFO: [HLS 200-111] Finished File checks and directory preparation: CPU user time: 0 seconds. CPU system time: 0 seconds. Elapsed time: 0.008 seconds; current allocated memory: 864.230 MB.
INFO: [HLS 200-10] Analyzing design file 'source/lab1_z1.c' ... 
INFO: [HLS 200-111] Finished Source Code Analysis and Preprocessing: CPU user time: 1 seconds. CPU system time: 0 seconds. Elapsed time: 0.871 seconds; current allocated memory: 1.076 GB.
INFO: [HLS 200-777] Using interface defaults for 'Vivado' flow target.
INFO: [HLS 214-284] Auto array partition mode is set into default.
INFO: [HLS 214-270] Starting automatic array partition analysis...
INFO: [HLS 200-111] Finished Compiling Optimization and Transform: CPU user time: 0 seconds. CPU system time: 0 seconds. Elapsed time: 3.392 seconds; current allocated memory: 1.076 GB.
INFO: [HLS 200-111] Finished Checking Pragmas: CPU user time: 0 seconds. CPU system time: 0 seconds. Elapsed time: 0.001 seconds; current allocated memory: 1.076 GB.
INFO: [HLS 200-10] Starting code transformations ...
INFO: [HLS 200-111] Finished Standard Transforms: CPU user time: 0 seconds. CPU system time: 0 seconds. Elapsed time: 0.092 seconds; current allocated memory: 1.076 GB.
INFO: [HLS 200-10] Checking synthesizability ...
INFO: [HLS 200-111] Finished Checking Synthesizability: CPU user time: 0 seconds. CPU system time: 0 seconds. Elapsed time: 0.021 seconds; current allocated memory: 1.076 GB.
INFO: [HLS 200-111] Finished Loop, function and other optimizations: CPU user time: 0 seconds. CPU system time: 0 seconds. Elapsed time: 0.072 seconds; current allocated memory: 1.076 GB.
INFO: [HLS 200-111] Finished Architecture Synthesis: CPU user time: 0 seconds. CPU system time: 0 seconds. Elapsed time: 0.023 seconds; current allocated memory: 1.076 GB.
INFO: [HLS 200-10] Starting hardware synthesis ...
INFO: [HLS 200-10] Synthesizing 'lab1_z1' ...
INFO: [HLS 200-10] ----------------------------------------------------------------
INFO: [HLS 200-42] -- Implementing module 'lab1_z1' 
INFO: [HLS 200-10] ----------------------------------------------------------------
INFO: [SCHED 204-11] Starting scheduling ...
INFO: [SCHED 204-11] Finished scheduling.
INFO: [HLS 200-111] Finished Scheduling: CPU user time: 0 seconds. CPU system time: 0 seconds. Elapsed time: 0.105 seconds; current allocated memory: 1.076 GB.
INFO: [BIND 205-100] Starting micro-architecture generation ...
INFO: [BIND 205-101] Performing variable lifetime analysis.
INFO: [BIND 205-101] Exploring resource sharing.
INFO: [BIND 205-101] Binding ...
INFO: [BIND 205-100] Finished micro-architecture generation.
INFO: [HLS 200-111] Finished Binding: CPU user time: 0 seconds. CPU system time: 0 seconds. Elapsed time: 0.031 seconds; current allocated memory: 1.076 GB.
INFO: [HLS 200-10] ----------------------------------------------------------------
INFO: [HLS 200-10] -- Generating RTL for module 'lab1_z1' 
INFO: [HLS 200-10] ----------------------------------------------------------------
INFO: [RTGEN 206-500] Setting interface mode on port 'lab1_z1/a' to 'ap_none'.
INFO: [RTGEN 206-500] Setting interface mode on port 'lab1_z1/b' to 'ap_none'.
INFO: [RTGEN 206-500] Setting interface mode on port 'lab1_z1/c' to 'ap_none'.
INFO: [RTGEN 206-500] Setting interface mode on port 'lab1_z1/d' to 'ap_none'.
INFO: [RTGEN 206-500] Setting interface mode on function 'lab1_z1' to 'ap_ctrl_hs'.
INFO: [RTGEN 206-100] Finished creating RTL model for 'lab1_z1'.
INFO: [HLS 200-111] Finished Creating RTL model: CPU user time: 0 seconds. CPU system time: 0 seconds. Elapsed time: 0.054 seconds; current allocated memory: 1.076 GB.
INFO: [HLS 200-111] Finished Generating all RTL models: CPU user time: 0 seconds. CPU system time: 0 seconds. Elapsed time: 0.172 seconds; current allocated memory: 1.076 GB.
INFO: [HLS 200-111] Finished Updating report files: CPU user time: 0 seconds. CPU system time: 0 seconds. Elapsed time: 0.177 seconds; current allocated memory: 1.076 GB.
INFO: [VHDL 208-304] Generating VHDL RTL for lab1_z1.
INFO: [VLOG 209-307] Generating Verilog RTL for lab1_z1.
INFO: [HLS 200-789] **** Estimated Fmax: 160.22 MHz
INFO: [HLS 200-111] Finished Command csynth_design CPU user time: 1 seconds. CPU system time: 0 seconds. Elapsed time: 5.05 seconds; current allocated memory: 246.352 MB.
INFO: [HLS 200-112] Total CPU user time: 2 seconds. Total CPU system time: 1 seconds. Total elapsed time: 5.989 seconds; peak allocated memory: 1.076 GB.
==============================================================
Vitis HLS - High-Level Synthesis from C, C++ and OpenCL v2021.2 (64-bit)
Copyright 1986-2021 Xilinx, Inc. All Rights Reserved.
==============================================================
INFO: [SYN 201-201] Setting up clock 'default' with a period of 10ns.
INFO: [SYN 201-201] Setting up clock 'default' with an uncertainty of 1ns.
INFO: [HLS 200-1611] Setting target device to 'xa7a12t-csg325-1Q'
INFO: [HLS 200-1505] Using flow_target 'vivado'
INFO: [HLS 200-1510] Running: set_part xa7a12t-csg325-1Q 
INFO: [HLS 200-1510] Running: create_clock -period 10 -name default 
INFO: [HLS 200-1510] Running: set_clock_uncertainty 1 
INFO: [HLS 200-1510] Running: set_directive_top -name lab1_z1 lab1_z1 
INFO: [HLS 200-1510] Running: cosim_design -trace_level all 
INFO: [COSIM 212-47] Using XSIM for RTL simulation.
INFO: [COSIM 212-14] Instrumenting C test bench ...
INFO: [COSIM 212-302] Starting C TB testing ... 
INFO: [COSIM 212-333] Generating C post check test bench ...
INFO: [COSIM 212-12] Generating RTL test bench ...
INFO: [COSIM 212-1] *** C/RTL co-simulation file generation completed. ***
INFO: [COSIM 212-323] Starting verilog simulation. 
INFO: [COSIM 212-15] Starting XSIM ...
INFO: [COSIM 212-316] Starting C post checking ...
INFO: [COSIM 212-1000] *** C/RTL co-simulation finished: PASS ***
INFO: [COSIM 212-210] Design is translated to an combinational logic. II and Latency will be marked as all 0.
INFO: [HLS 200-111] Finished Command cosim_design CPU user time: 2 seconds. CPU system time: 0 seconds. Elapsed time: 29.749 seconds; current allocated memory: 143.363 MB.
INFO: [HLS 200-112] Total CPU user time: 3 seconds. Total CPU system time: 1 seconds. Total elapsed time: 31.052 seconds; peak allocated memory: 1.078 GB.
