

================================================================
== Vitis HLS Report for 'lab1_z1'
================================================================
* Date:           Fri Oct  7 12:38:41 2022

* Version:        2021.2 (Build 3367213 on Tue Oct 19 02:48:09 MDT 2021)
* Project:        lab1_z1
* Solution:       solution2 (Vivado IP Flow Target)
* Product family: artix7
* Target device:  xa7a12t-csg325-1Q


================================================================
== Performance Estimates
================================================================
+ Timing: 
    * Summary: 
    +--------+----------+----------+------------+
    |  Clock |  Target  | Estimated| Uncertainty|
    +--------+----------+----------+------------+
    |ap_clk  |  10.00 ns|  6.241 ns|     1.00 ns|
    +--------+----------+----------+------------+

+ Latency: 
    * Summary: 
    +---------+---------+----------+----------+-----+-----+---------+
    |  Latency (cycles) |  Latency (absolute) |  Interval | Pipeline|
    |   min   |   max   |    min   |    max   | min | max |   Type  |
    +---------+---------+----------+----------+-----+-----+---------+
    |        0|        0|      0 ns|      0 ns|    1|    1|       no|
    +---------+---------+----------+----------+-----+-----+---------+

    + Detail: 
        * Instance: 
        N/A

        * Loop: 
        N/A



================================================================
== Utilization Estimates
================================================================
* Summary: 
+-----------------+---------+----+-------+------+-----+
|       Name      | BRAM_18K| DSP|   FF  |  LUT | URAM|
+-----------------+---------+----+-------+------+-----+
|DSP              |        -|   -|      -|     -|    -|
|Expression       |        -|   -|      0|    60|    -|
|FIFO             |        -|   -|      -|     -|    -|
|Instance         |        -|   -|      -|     -|    -|
|Memory           |        -|   -|      -|     -|    -|
|Multiplexer      |        -|   -|      -|     -|    -|
|Register         |        -|   -|      -|     -|    -|
+-----------------+---------+----+-------+------+-----+
|Total            |        0|   0|      0|    60|    0|
+-----------------+---------+----+-------+------+-----+
|Available        |       40|  40|  16000|  8000|    0|
+-----------------+---------+----+-------+------+-----+
|Utilization (%)  |        0|   0|      0|    ~0|    0|
+-----------------+---------+----+-------+------+-----+

+ Detail: 
    * Instance: 
    N/A

    * DSP: 
    N/A

    * Memory: 
    N/A

    * FIFO: 
    N/A

    * Expression: 
    +--------------------+----------+----+---+----+------------+------------+
    |    Variable Name   | Operation| DSP| FF| LUT| Bitwidth P0| Bitwidth P1|
    +--------------------+----------+----+---+----+------------+------------+
    |add_ln5_1_fu_74_p2  |         +|   0|  0|  18|          18|          18|
    |add_ln5_fu_64_p2    |         +|   0|  0|  24|          17|          17|
    |y_fu_80_p2          |         -|   0|  0|  18|          18|          18|
    +--------------------+----------+----+---+----+------------+------------+
    |Total               |          |   0|  0|  60|          53|          53|
    +--------------------+----------+----+---+----+------------+------------+

    * Multiplexer: 
    N/A

    * Register: 
    N/A



================================================================
== Interface
================================================================
* Summary: 
+-------------------+-----+-----+------------+--------------+--------------+
|     RTL Ports     | Dir | Bits|  Protocol  | Source Object|    C Type    |
+-------------------+-----+-----+------------+--------------+--------------+
|ap_local_block     |  out|    1|  ap_ctrl_hs|       lab1_z1|  return value|
|ap_local_deadlock  |  out|    1|  ap_ctrl_hs|       lab1_z1|  return value|
|ap_start           |   in|    1|  ap_ctrl_hs|       lab1_z1|  return value|
|ap_done            |  out|    1|  ap_ctrl_hs|       lab1_z1|  return value|
|ap_idle            |  out|    1|  ap_ctrl_hs|       lab1_z1|  return value|
|ap_ready           |  out|    1|  ap_ctrl_hs|       lab1_z1|  return value|
|ap_return          |  out|   32|  ap_ctrl_hs|       lab1_z1|  return value|
|a                  |   in|   16|     ap_none|             a|        scalar|
|b                  |   in|   16|     ap_none|             b|        scalar|
|c                  |   in|   16|     ap_none|             c|        scalar|
|d                  |   in|   16|     ap_none|             d|        scalar|
+-------------------+-----+-----+------------+--------------+--------------+

