   Build using "C:/Programs/Xilinx/Vitis_HLS/2021.2/tps/win64/msys64/mingw64/bin/g++"
   Compiling apatb_lab2_z0.cpp
   Compiling (apcc) lab2_z0.c_pre.c.tb.c
INFO: [HLS 200-10] Running 'C:/Programs/Xilinx/VITIS_~1/2021.2/bin/unwrapped/win64.o/apcc.exe'
INFO: [HLS 200-10] For user 'danil' on host 'desktop-d9bk5m4' (Windows NT_amd64 version 6.2) on Tue Oct 18 01:21:08 +0300 2022
INFO: [HLS 200-10] In directory 'D:/Labs/3sem/FPGA/lab2_z0/lab2_z0/lab2_z0_ex/ex_sol4/sim/wrapc'
clang: warning: argument unused during compilation: '-fno-builtin-isinf'
clang: warning: argument unused during compilation: '-fno-builtin-isnan'
INFO: [APCC 202-3] Tmp directory is apcc_db
INFO: [APCC 202-1] APCC is done.
INFO: [HLS 200-112] Total CPU user time: 0 seconds. Total CPU system time: 0 seconds. Total elapsed time: 2.449 seconds; peak allocated memory: 2.297 MB.
   Compiling (apcc) lab2_z0_test.c_pre.c.tb.c
INFO: [HLS 200-10] Running 'C:/Programs/Xilinx/VITIS_~1/2021.2/bin/unwrapped/win64.o/apcc.exe'
INFO: [HLS 200-10] For user 'danil' on host 'desktop-d9bk5m4' (Windows NT_amd64 version 6.2) on Tue Oct 18 01:21:13 +0300 2022
INFO: [HLS 200-10] In directory 'D:/Labs/3sem/FPGA/lab2_z0/lab2_z0/lab2_z0_ex/ex_sol4/sim/wrapc'
clang: warning: argument unused during compilation: '-fno-builtin-isinf'
clang: warning: argument unused during compilation: '-fno-builtin-isnan'
INFO: [APCC 202-3] Tmp directory is apcc_db
INFO: [APCC 202-1] APCC is done.
INFO: [HLS 200-112] Total CPU user time: 0 seconds. Total CPU system time: 0 seconds. Total elapsed time: 2.481 seconds; peak allocated memory: 2.254 MB.
   Compiling apatb_lab2_z0_ir.ll
   Generating cosim.tv.exe
